#
# There is insufficient memory for the Java Runtime Environment to continue.
# Native memory allocation (malloc) failed to allocate 2293936 bytes for Chunk::new
# Possible reasons:
#   The system is out of physical RAM or swap space
#   The process is running with CompressedOops enabled, and the Java Heap may be blocking the growth of the native heap
# Possible solutions:
#   Reduce memory load on the system
#   Increase physical memory or swap space
#   Check if swap backing store is full
#   Decrease Java heap size (-Xmx/-Xms)
#   Decrease number of Java threads
#   Decrease Java thread stack sizes (-Xss)
#   Set larger code cache with -XX:ReservedCodeCacheSize=
#   JVM is running with Unscaled Compressed Oops mode in which the Java heap is
#     placed in the first 4GB address space. The Java Heap base address is the
#     maximum limit for the native heap growth. Please use -XX:HeapBaseMinAddress
#     to set the Java Heap base and to place the Java Heap above 4GB virtual address.
# This output file may be truncated or incomplete.
#
#  Out of Memory Error (./src/hotspot/share/memory/arena.cpp:197), pid=13596, tid=21292
#
# JRE version: OpenJDK Runtime Environment (11.0.12+7) (build 11.0.12+7-b1504.28-7817840)
# Java VM: OpenJDK 64-Bit Server VM (11.0.12+7-b1504.28-7817840, mixed mode, tiered, compressed oops, g1 gc, windows-amd64)
# No core dump will be written. Minidumps are not enabled by default on client versions of Windows
#

---------------  S U M M A R Y ------------

Command Line: --add-opens=java.base/java.util=ALL-UNNAMED --add-opens=java.base/java.lang=ALL-UNNAMED --add-opens=java.base/java.lang.invoke=ALL-UNNAMED --add-opens=java.base/java.util=ALL-UNNAMED --add-opens=java.prefs/java.util.prefs=ALL-UNNAMED --add-opens=java.prefs/java.util.prefs=ALL-UNNAMED --add-opens=java.base/java.nio.charset=ALL-UNNAMED --add-opens=java.base/java.net=ALL-UNNAMED --add-opens=java.base/java.util.concurrent.atomic=ALL-UNNAMED -Xmx2048m -Dfile.encoding=UTF-8 -Duser.country=RU -Duser.language=ru -Duser.variant org.gradle.launcher.daemon.bootstrap.GradleDaemon 7.3.3

Host: AMD Ryzen 5 3600 6-Core Processor              , 12 cores, 7G,  Windows 10 , 64 bit Build 22000 (10.0.22000.708)
Time: Thu Jul 14 14:02:54 2022 RTZ 2 (зима) elapsed time: 7.518538 seconds (0d 0h 0m 7s)

---------------  T H R E A D  ---------------

Current thread (0x000001861e437000):  JavaThread "C2 CompilerThread1" daemon [_thread_in_native, id=21292, stack(0x0000005449e00000,0x0000005449f00000)]


Current CompileTask:
C2:   7518 9568       4       org.gradle.api.internal.artifacts.transform.ConsumerProvidedVariantFinder::matchAttributes (68 bytes)

Stack: [0x0000005449e00000,0x0000005449f00000]
Native frames: (J=compiled Java code, j=interpreted, Vv=VM code, C=native code)
V  [jvm.dll+0x5fbcea]
V  [jvm.dll+0x731905]
V  [jvm.dll+0x732f1d]
V  [jvm.dll+0x7335d3]
V  [jvm.dll+0x247bf8]
V  [jvm.dll+0xc018c]
V  [jvm.dll+0xc06cc]
V  [jvm.dll+0x35b2db]
V  [jvm.dll+0x19d0bc]
V  [jvm.dll+0x20070e]
V  [jvm.dll+0x1ff794]
V  [jvm.dll+0x18868c]
V  [jvm.dll+0x20e0d7]
V  [jvm.dll+0x20c901]
V  [jvm.dll+0x6f9b7f]
V  [jvm.dll+0x6f26a5]
V  [jvm.dll+0x5fabf6]
C  [ucrtbase.dll+0x26c0c]
C  [KERNEL32.DLL+0x154e0]
C  [ntdll.dll+0x485b]


---------------  P R O C E S S  ---------------

Threads class SMR info:
_java_thread_list=0x000001861dc46200, length=186, elements={
0x000001867fd3c800, 0x000001861a6e9000, 0x000001861a6f6000, 0x000001861a70e000,
0x000001861a70f000, 0x000001861a710000, 0x000001861a711800, 0x000001861b03e800,
0x000001861b086800, 0x000001861b1d9800, 0x000001861d42e000, 0x000001861b40d000,
0x000001861b2a2000, 0x000001861e30a800, 0x000001861d2d0000, 0x000001861cbbc000,
0x000001861d288000, 0x000001861e437000, 0x000001861dcdf800, 0x000001861d46c800,
0x000001861e587800, 0x000001861e588800, 0x000001861e586000, 0x000001861e586800,
0x000001861da18000, 0x000001861da1d000, 0x000001861da1b800, 0x000001861da1a800,
0x000001861da19800, 0x000001861da1c000, 0x000001861da17000, 0x000001861ea9a000,
0x000001861da1e800, 0x000001861da19000, 0x000001861da20000, 0x000001861da25000,
0x000001861da21000, 0x000001861da1f800, 0x000001861da26000, 0x000001861da22000,
0x000001861da23800, 0x0000018621c6a800, 0x0000018621c6e000, 0x0000018621c6f000,
0x0000018621c6f800, 0x0000018621c6c800, 0x0000018621c6a000, 0x0000018621c70800,
0x0000018621c6d000, 0x0000018621c6b800, 0x0000018621c74800, 0x0000018621c72000,
0x0000018621c73000, 0x0000018621c76000, 0x0000018621c73800, 0x0000018621c71000,
0x0000018621c75800, 0x0000018621c77000, 0x0000018621c78000, 0x0000018621c78800,
0x0000018621b9e800, 0x0000018621b9c000, 0x0000018621b9f000, 0x0000018621b9c800,
0x0000018621b9b000, 0x0000018621b9d800, 0x0000018621ba0000, 0x0000018621ba0800,
0x0000018621ba1800, 0x000001862211f800, 0x0000018622122000, 0x000001862211e800,
0x000001862211c800, 0x0000018622120800, 0x000001862211e000, 0x0000018622123000,
0x0000018622121000, 0x000001862211d000, 0x0000018622126000, 0x0000018622127000,
0x0000018622127800, 0x0000018622129800, 0x0000018622128800, 0x0000018622123800,
0x000001862212a000, 0x0000018622124800, 0x000001862212b000, 0x0000018622125800,
0x00000186213f8800, 0x00000186213f7800, 0x00000186213f6800, 0x00000186213f4800,
0x00000186213f9000, 0x00000186213fa000, 0x00000186213fb000, 0x00000186213f5000,
0x00000186213fb800, 0x00000186213f6000, 0x00000186213ff800, 0x00000186213ff000,
0x00000186213fc800, 0x00000186213fe000, 0x0000018621403000, 0x0000018621400800,
0x00000186213fd800, 0x0000018621401800, 0x0000018621402000, 0x0000018621a16000,
0x0000018621a16800, 0x0000018621a14800, 0x0000018621a1a000, 0x0000018621a18800,
0x0000018621a19000, 0x0000018621a17800, 0x0000018621a1b000, 0x0000018621a15000,
0x0000018621a20800, 0x0000018621a21800, 0x0000018621a1e000, 0x0000018621a1b800,
0x0000018621a1f000, 0x0000018621a22000, 0x0000018621a1c800, 0x0000018621a1f800,
0x0000018621a23000, 0x0000018621a1d800, 0x000001861eb84000, 0x000001861eb85800,
0x000001861eb84800, 0x000001861eb86800, 0x000001861eb83000, 0x000001861eb89800,
0x000001861eb8b000, 0x000001861eb87000, 0x000001861eb8a800, 0x000001861eb8c000,
0x000001861eb8d000, 0x000001861eb8d800, 0x000001861eb88000, 0x000001861eb8e800,
0x000001861eb89000, 0x000001861eb8f800, 0x000001861eb91000, 0x000001861eb92000,
0x000001861eb90000, 0x00000186221df000, 0x00000186221e4800, 0x00000186221e2000,
0x00000186221e1800, 0x00000186221df800, 0x00000186221e0800, 0x00000186221e7000,
0x00000186221e8800, 0x00000186221e3800, 0x00000186221e8000, 0x00000186221e5800,
0x00000186221e3000, 0x00000186221e9800, 0x00000186221ea000, 0x00000186221eb000,
0x00000186221ec000, 0x00000186221e6000, 0x00000186221ec800, 0x00000186221ed800,
0x0000018621a76000, 0x0000018621a76800, 0x0000018621a77800, 0x0000018621a7a000,
0x0000018621a79000, 0x0000018621a74800, 0x0000018621a7b000, 0x0000018621a75000,
0x0000018621a81800, 0x0000018621a7b800, 0x0000018621a82000, 0x0000018621a7c800,
0x0000018621a83000, 0x0000018621a7d800, 0x0000018621a7f800, 0x0000018621a80800,
0x0000018621a7e000, 0x0000018621a7f000, 0x0000018624d58800, 0x0000018624d59800,
0x0000018624d57800, 0x0000018624d5a000
}

Java Threads: ( => current thread )
  0x000001867fd3c800 JavaThread "main" [_thread_blocked, id=6288, stack(0x0000005448400000,0x0000005448500000)]
  0x000001861a6e9000 JavaThread "Reference Handler" daemon [_thread_blocked, id=20924, stack(0x0000005448b00000,0x0000005448c00000)]
  0x000001861a6f6000 JavaThread "Finalizer" daemon [_thread_blocked, id=17628, stack(0x0000005448c00000,0x0000005448d00000)]
  0x000001861a70e000 JavaThread "Signal Dispatcher" daemon [_thread_blocked, id=16156, stack(0x0000005448d00000,0x0000005448e00000)]
  0x000001861a70f000 JavaThread "Attach Listener" daemon [_thread_blocked, id=12960, stack(0x0000005448e00000,0x0000005448f00000)]
  0x000001861a710000 JavaThread "Service Thread" daemon [_thread_blocked, id=18588, stack(0x0000005448f00000,0x0000005449000000)]
  0x000001861a711800 JavaThread "C2 CompilerThread0" daemon [_thread_in_native, id=6260, stack(0x0000005449000000,0x0000005449100000)]
  0x000001861b03e800 JavaThread "C1 CompilerThread0" daemon [_thread_blocked, id=22432, stack(0x0000005449100000,0x0000005449200000)]
  0x000001861b086800 JavaThread "Sweeper thread" daemon [_thread_blocked, id=8840, stack(0x0000005449200000,0x0000005449300000)]
  0x000001861b1d9800 JavaThread "Common-Cleaner" daemon [_thread_blocked, id=14352, stack(0x0000005449300000,0x0000005449400000)]
  0x000001861d42e000 JavaThread "Daemon health stats" [_thread_blocked, id=22396, stack(0x0000005449900000,0x0000005449a00000)]
  0x000001861b40d000 JavaThread "Incoming local TCP Connector on port 56785" [_thread_in_native, id=19064, stack(0x0000005449500000,0x0000005449600000)]
  0x000001861b2a2000 JavaThread "Daemon periodic checks" [_thread_blocked, id=19004, stack(0x0000005449600000,0x0000005449700000)]
  0x000001861e30a800 JavaThread "Daemon" [_thread_blocked, id=16248, stack(0x0000005449a00000,0x0000005449b00000)]
  0x000001861d2d0000 JavaThread "Handler for socket connection from /127.0.0.1:56785 to /127.0.0.1:56786" [_thread_in_native, id=17796, stack(0x0000005449b00000,0x0000005449c00000)]
  0x000001861cbbc000 JavaThread "Cancel handler" [_thread_blocked, id=15248, stack(0x0000005449c00000,0x0000005449d00000)]
  0x000001861d288000 JavaThread "Daemon worker" [_thread_blocked, id=6296, stack(0x0000005449d00000,0x0000005449e00000)]
=>0x000001861e437000 JavaThread "C2 CompilerThread1" daemon [_thread_in_native, id=21292, stack(0x0000005449e00000,0x0000005449f00000)]
  0x000001861dcdf800 JavaThread "Asynchronous log dispatcher for DefaultDaemonConnection: socket connection from /127.0.0.1:56785 to /127.0.0.1:56786" [_thread_blocked, id=15332, stack(0x0000005449f00000,0x000000544a000000)]
  0x000001861d46c800 JavaThread "Stdin handler" [_thread_blocked, id=22192, stack(0x000000544a000000,0x000000544a100000)]
  0x000001861e587800 JavaThread "Daemon client event forwarder" [_thread_blocked, id=12196, stack(0x000000544a100000,0x000000544a200000)]
  0x000001861e588800 JavaThread "Cache worker for journal cache (C:\Users\datico\.gradle\caches\journal-1)" [_thread_blocked, id=3200, stack(0x000000544a900000,0x000000544aa00000)]
  0x000001861e586000 JavaThread "File lock request listener" [_thread_in_native, id=8628, stack(0x000000544aa00000,0x000000544ab00000)]
  0x000001861e586800 JavaThread "Cache worker for file hash cache (C:\Users\datico\.gradle\caches\7.3.3\fileHashes)" [_thread_blocked, id=14548, stack(0x000000544ab00000,0x000000544ac00000)]
  0x000001861da18000 JavaThread "Cache worker for file hash cache (C:\Users\datico\AndroidStudioProjects\MoneyManager2\.gradle\7.3.3\fileHashes)" [_thread_blocked, id=3104, stack(0x000000544ae00000,0x000000544af00000)]
  0x000001861da1d000 JavaThread "File watcher server" daemon [_thread_in_native, id=1280, stack(0x000000544af00000,0x000000544b000000)]
  0x000001861da1b800 JavaThread "File watcher consumer" daemon [_thread_blocked, id=5080, stack(0x000000544b000000,0x000000544b100000)]
  0x000001861da1a800 JavaThread "Cache worker for checksums cache (C:\Users\datico\AndroidStudioProjects\MoneyManager2\.gradle\7.3.3\checksums)" [_thread_blocked, id=20276, stack(0x000000544b100000,0x000000544b200000)]
  0x000001861da19800 JavaThread "Cache worker for cache directory md-supplier (C:\Users\datico\.gradle\caches\7.3.3\md-supplier)" [_thread_blocked, id=21984, stack(0x000000544b200000,0x000000544b300000)]
  0x000001861da1c000 JavaThread "Cache worker for cache directory md-rule (C:\Users\datico\.gradle\caches\7.3.3\md-rule)" [_thread_blocked, id=6316, stack(0x000000544b300000,0x000000544b400000)]
  0x000001861da17000 JavaThread "Cache worker for execution history cache (C:\Users\datico\.gradle\caches\7.3.3\executionHistory)" [_thread_blocked, id=15940, stack(0x000000544b400000,0x000000544b500000)]
  0x000001861ea9a000 JavaThread "C2 CompilerThread2" daemon [_thread_in_native, id=12412, stack(0x000000544b500000,0x000000544b600000)]
  0x000001861da1e800 JavaThread "jar transforms" [_thread_blocked, id=21152, stack(0x000000544b600000,0x000000544b700000)]
  0x000001861da19000 JavaThread "Cache worker for file content cache (C:\Users\datico\.gradle\caches\7.3.3\fileContent)" [_thread_blocked, id=7076, stack(0x000000544b700000,0x000000544b800000)]
  0x000001861da20000 JavaThread "jar transforms Thread 2" [_thread_blocked, id=4572, stack(0x000000544b800000,0x000000544b900000)]
  0x000001861da25000 JavaThread "Cache worker for dependencies-accessors (C:\Users\datico\AndroidStudioProjects\MoneyManager2\.gradle\7.3.3\dependencies-accessors)" [_thread_blocked, id=19704, stack(0x000000544b900000,0x000000544ba00000)]
  0x000001861da21000 JavaThread "jar transforms Thread 3" [_thread_blocked, id=20516, stack(0x000000544ba00000,0x000000544bb00000)]
  0x000001861da1f800 JavaThread "Cache worker for Build Output Cleanup Cache (C:\Users\datico\AndroidStudioProjects\MoneyManager2\.gradle\buildOutputCleanup)" [_thread_blocked, id=21240, stack(0x000000544bb00000,0x000000544bc00000)]
  0x000001861da26000 JavaThread "Unconstrained build operations" [_thread_blocked, id=21132, stack(0x000000544bc00000,0x000000544bd00000)]
  0x000001861da22000 JavaThread "Unconstrained build operations Thread 2" [_thread_blocked, id=11600, stack(0x000000544bd00000,0x000000544be00000)]
  0x000001861da23800 JavaThread "Unconstrained build operations Thread 3" [_thread_blocked, id=12488, stack(0x000000544be00000,0x000000544bf00000)]
  0x0000018621c6a800 JavaThread "Unconstrained build operations Thread 4" [_thread_blocked, id=17392, stack(0x000000544bf00000,0x000000544c000000)]
  0x0000018621c6e000 JavaThread "Unconstrained build operations Thread 5" [_thread_blocked, id=21412, stack(0x000000544c000000,0x000000544c100000)]
  0x0000018621c6f000 JavaThread "Unconstrained build operations Thread 6" [_thread_blocked, id=18232, stack(0x000000544c100000,0x000000544c200000)]
  0x0000018621c6f800 JavaThread "Unconstrained build operations Thread 7" [_thread_blocked, id=18016, stack(0x000000544c200000,0x000000544c300000)]
  0x0000018621c6c800 JavaThread "Unconstrained build operations Thread 8" [_thread_blocked, id=17044, stack(0x000000544c300000,0x000000544c400000)]
  0x0000018621c6a000 JavaThread "Unconstrained build operations Thread 9" [_thread_blocked, id=3904, stack(0x000000544c400000,0x000000544c500000)]
  0x0000018621c70800 JavaThread "Unconstrained build operations Thread 10" [_thread_blocked, id=15872, stack(0x000000544c500000,0x000000544c600000)]
  0x0000018621c6d000 JavaThread "Unconstrained build operations Thread 11" [_thread_blocked, id=8996, stack(0x000000544c600000,0x000000544c700000)]
  0x0000018621c6b800 JavaThread "Unconstrained build operations Thread 12" [_thread_blocked, id=19684, stack(0x000000544c700000,0x000000544c800000)]
  0x0000018621c74800 JavaThread "Unconstrained build operations Thread 13" [_thread_blocked, id=11440, stack(0x000000544c800000,0x000000544c900000)]
  0x0000018621c72000 JavaThread "Unconstrained build operations Thread 14" [_thread_blocked, id=19480, stack(0x000000544c900000,0x000000544ca00000)]
  0x0000018621c73000 JavaThread "Unconstrained build operations Thread 15" [_thread_blocked, id=20696, stack(0x000000544ca00000,0x000000544cb00000)]
  0x0000018621c76000 JavaThread "Unconstrained build operations Thread 16" [_thread_blocked, id=22068, stack(0x000000544cb00000,0x000000544cc00000)]
  0x0000018621c73800 JavaThread "Unconstrained build operations Thread 17" [_thread_blocked, id=21736, stack(0x000000544cc00000,0x000000544cd00000)]
  0x0000018621c71000 JavaThread "Unconstrained build operations Thread 18" [_thread_blocked, id=7392, stack(0x000000544cd00000,0x000000544ce00000)]
  0x0000018621c75800 JavaThread "Unconstrained build operations Thread 19" [_thread_blocked, id=20660, stack(0x000000544ce00000,0x000000544cf00000)]
  0x0000018621c77000 JavaThread "Unconstrained build operations Thread 20" [_thread_blocked, id=20404, stack(0x000000544cf00000,0x000000544d000000)]
  0x0000018621c78000 JavaThread "Unconstrained build operations Thread 21" [_thread_blocked, id=18396, stack(0x000000544d000000,0x000000544d100000)]
  0x0000018621c78800 JavaThread "Unconstrained build operations Thread 22" [_thread_blocked, id=21684, stack(0x000000544d100000,0x000000544d200000)]
  0x0000018621b9e800 JavaThread "Unconstrained build operations Thread 23" [_thread_blocked, id=8836, stack(0x000000544d200000,0x000000544d300000)]
  0x0000018621b9c000 JavaThread "Unconstrained build operations Thread 24" [_thread_blocked, id=17608, stack(0x000000544d300000,0x000000544d400000)]
  0x0000018621b9f000 JavaThread "Unconstrained build operations Thread 25" [_thread_blocked, id=21612, stack(0x000000544d400000,0x000000544d500000)]
  0x0000018621b9c800 JavaThread "Unconstrained build operations Thread 26" [_thread_blocked, id=20632, stack(0x000000544d500000,0x000000544d600000)]
  0x0000018621b9b000 JavaThread "Unconstrained build operations Thread 27" [_thread_blocked, id=9692, stack(0x000000544d600000,0x000000544d700000)]
  0x0000018621b9d800 JavaThread "Unconstrained build operations Thread 28" [_thread_blocked, id=2924, stack(0x000000544d700000,0x000000544d800000)]
  0x0000018621ba0000 JavaThread "Unconstrained build operations Thread 29" [_thread_blocked, id=11012, stack(0x000000544d800000,0x000000544d900000)]
  0x0000018621ba0800 JavaThread "Unconstrained build operations Thread 30" [_thread_blocked, id=8712, stack(0x000000544d900000,0x000000544da00000)]
  0x0000018621ba1800 JavaThread "Unconstrained build operations Thread 31" [_thread_blocked, id=14368, stack(0x000000544da00000,0x000000544db00000)]
  0x000001862211f800 JavaThread "Unconstrained build operations Thread 32" [_thread_blocked, id=19016, stack(0x000000544db00000,0x000000544dc00000)]
  0x0000018622122000 JavaThread "Unconstrained build operations Thread 33" [_thread_blocked, id=10932, stack(0x000000544dc00000,0x000000544dd00000)]
  0x000001862211e800 JavaThread "Unconstrained build operations Thread 34" [_thread_blocked, id=12540, stack(0x000000544dd00000,0x000000544de00000)]
  0x000001862211c800 JavaThread "Unconstrained build operations Thread 35" [_thread_blocked, id=15012, stack(0x000000544de00000,0x000000544df00000)]
  0x0000018622120800 JavaThread "Unconstrained build operations Thread 36" [_thread_blocked, id=17868, stack(0x000000544df00000,0x000000544e000000)]
  0x000001862211e000 JavaThread "Unconstrained build operations Thread 37" [_thread_blocked, id=18584, stack(0x000000544e000000,0x000000544e100000)]
  0x0000018622123000 JavaThread "Unconstrained build operations Thread 38" [_thread_blocked, id=9452, stack(0x000000544e100000,0x000000544e200000)]
  0x0000018622121000 JavaThread "Unconstrained build operations Thread 39" [_thread_blocked, id=22048, stack(0x000000544e200000,0x000000544e300000)]
  0x000001862211d000 JavaThread "Unconstrained build operations Thread 40" [_thread_blocked, id=2408, stack(0x000000544e300000,0x000000544e400000)]
  0x0000018622126000 JavaThread "Unconstrained build operations Thread 41" [_thread_blocked, id=11716, stack(0x000000544e400000,0x000000544e500000)]
  0x0000018622127000 JavaThread "Unconstrained build operations Thread 42" [_thread_blocked, id=12404, stack(0x000000544e500000,0x000000544e600000)]
  0x0000018622127800 JavaThread "Unconstrained build operations Thread 43" [_thread_blocked, id=16504, stack(0x000000544e600000,0x000000544e700000)]
  0x0000018622129800 JavaThread "Unconstrained build operations Thread 44" [_thread_blocked, id=19152, stack(0x000000544e700000,0x000000544e800000)]
  0x0000018622128800 JavaThread "Unconstrained build operations Thread 45" [_thread_blocked, id=6536, stack(0x000000544e800000,0x000000544e900000)]
  0x0000018622123800 JavaThread "Unconstrained build operations Thread 46" [_thread_blocked, id=17792, stack(0x000000544e900000,0x000000544ea00000)]
  0x000001862212a000 JavaThread "Unconstrained build operations Thread 47" [_thread_blocked, id=14684, stack(0x000000544ea00000,0x000000544eb00000)]
  0x0000018622124800 JavaThread "Unconstrained build operations Thread 48" [_thread_blocked, id=10460, stack(0x000000544eb00000,0x000000544ec00000)]
  0x000001862212b000 JavaThread "Unconstrained build operations Thread 49" [_thread_blocked, id=18284, stack(0x000000544ec00000,0x000000544ed00000)]
  0x0000018622125800 JavaThread "Unconstrained build operations Thread 50" [_thread_blocked, id=18320, stack(0x000000544ed00000,0x000000544ee00000)]
  0x00000186213f8800 JavaThread "Unconstrained build operations Thread 51" [_thread_blocked, id=8784, stack(0x000000544ee00000,0x000000544ef00000)]
  0x00000186213f7800 JavaThread "Unconstrained build operations Thread 52" [_thread_blocked, id=17904, stack(0x000000544ef00000,0x000000544f000000)]
  0x00000186213f6800 JavaThread "Unconstrained build operations Thread 53" [_thread_blocked, id=10528, stack(0x000000544f000000,0x000000544f100000)]
  0x00000186213f4800 JavaThread "Unconstrained build operations Thread 54" [_thread_blocked, id=17900, stack(0x000000544f100000,0x000000544f200000)]
  0x00000186213f9000 JavaThread "Unconstrained build operations Thread 55" [_thread_blocked, id=3184, stack(0x000000544f200000,0x000000544f300000)]
  0x00000186213fa000 JavaThread "Unconstrained build operations Thread 56" [_thread_blocked, id=4972, stack(0x000000544f300000,0x000000544f400000)]
  0x00000186213fb000 JavaThread "Unconstrained build operations Thread 57" [_thread_blocked, id=6660, stack(0x000000544f400000,0x000000544f500000)]
  0x00000186213f5000 JavaThread "Unconstrained build operations Thread 58" [_thread_blocked, id=5352, stack(0x000000544f500000,0x000000544f600000)]
  0x00000186213fb800 JavaThread "Unconstrained build operations Thread 59" [_thread_blocked, id=15280, stack(0x000000544f600000,0x000000544f700000)]
  0x00000186213f6000 JavaThread "Unconstrained build operations Thread 60" [_thread_blocked, id=7548, stack(0x000000544f700000,0x000000544f800000)]
  0x00000186213ff800 JavaThread "Unconstrained build operations Thread 61" [_thread_blocked, id=20956, stack(0x000000544f800000,0x000000544f900000)]
  0x00000186213ff000 JavaThread "Unconstrained build operations Thread 62" [_thread_blocked, id=21924, stack(0x000000544f900000,0x000000544fa00000)]
  0x00000186213fc800 JavaThread "Unconstrained build operations Thread 63" [_thread_blocked, id=21640, stack(0x000000544fa00000,0x000000544fb00000)]
  0x00000186213fe000 JavaThread "Unconstrained build operations Thread 64" [_thread_blocked, id=21356, stack(0x000000544fb00000,0x000000544fc00000)]
  0x0000018621403000 JavaThread "Unconstrained build operations Thread 65" [_thread_blocked, id=12696, stack(0x000000544fc00000,0x000000544fd00000)]
  0x0000018621400800 JavaThread "Unconstrained build operations Thread 66" [_thread_blocked, id=17604, stack(0x000000544fd00000,0x000000544fe00000)]
  0x00000186213fd800 JavaThread "Unconstrained build operations Thread 67" [_thread_blocked, id=22492, stack(0x000000544fe00000,0x000000544ff00000)]
  0x0000018621401800 JavaThread "Unconstrained build operations Thread 68" [_thread_blocked, id=17664, stack(0x000000544ff00000,0x0000005450000000)]
  0x0000018621402000 JavaThread "Unconstrained build operations Thread 69" [_thread_blocked, id=15240, stack(0x0000005450000000,0x0000005450100000)]
  0x0000018621a16000 JavaThread "Unconstrained build operations Thread 70" [_thread_blocked, id=21860, stack(0x0000005450100000,0x0000005450200000)]
  0x0000018621a16800 JavaThread "Unconstrained build operations Thread 71" [_thread_blocked, id=19780, stack(0x0000005450200000,0x0000005450300000)]
  0x0000018621a14800 JavaThread "Unconstrained build operations Thread 72" [_thread_blocked, id=20712, stack(0x0000005450300000,0x0000005450400000)]
  0x0000018621a1a000 JavaThread "Unconstrained build operations Thread 73" [_thread_blocked, id=21424, stack(0x0000005450400000,0x0000005450500000)]
  0x0000018621a18800 JavaThread "Unconstrained build operations Thread 74" [_thread_blocked, id=11248, stack(0x0000005450500000,0x0000005450600000)]
  0x0000018621a19000 JavaThread "Unconstrained build operations Thread 75" [_thread_blocked, id=6440, stack(0x0000005450600000,0x0000005450700000)]
  0x0000018621a17800 JavaThread "Unconstrained build operations Thread 76" [_thread_blocked, id=21544, stack(0x0000005450700000,0x0000005450800000)]
  0x0000018621a1b000 JavaThread "Unconstrained build operations Thread 77" [_thread_blocked, id=17924, stack(0x0000005450800000,0x0000005450900000)]
  0x0000018621a15000 JavaThread "Unconstrained build operations Thread 78" [_thread_blocked, id=11192, stack(0x0000005450900000,0x0000005450a00000)]
  0x0000018621a20800 JavaThread "Unconstrained build operations Thread 79" [_thread_blocked, id=7340, stack(0x0000005450a00000,0x0000005450b00000)]
  0x0000018621a21800 JavaThread "Unconstrained build operations Thread 80" [_thread_blocked, id=7672, stack(0x0000005450b00000,0x0000005450c00000)]
  0x0000018621a1e000 JavaThread "Unconstrained build operations Thread 81" [_thread_blocked, id=17744, stack(0x0000005450c00000,0x0000005450d00000)]
  0x0000018621a1b800 JavaThread "Unconstrained build operations Thread 82" [_thread_blocked, id=6796, stack(0x0000005450d00000,0x0000005450e00000)]
  0x0000018621a1f000 JavaThread "Unconstrained build operations Thread 83" [_thread_blocked, id=12300, stack(0x0000005450e00000,0x0000005450f00000)]
  0x0000018621a22000 JavaThread "Unconstrained build operations Thread 84" [_thread_blocked, id=7008, stack(0x0000005450f00000,0x0000005451000000)]
  0x0000018621a1c800 JavaThread "Unconstrained build operations Thread 85" [_thread_blocked, id=21656, stack(0x0000005451000000,0x0000005451100000)]
  0x0000018621a1f800 JavaThread "Unconstrained build operations Thread 86" [_thread_blocked, id=21680, stack(0x0000005451100000,0x0000005451200000)]
  0x0000018621a23000 JavaThread "Unconstrained build operations Thread 87" [_thread_blocked, id=20796, stack(0x0000005451200000,0x0000005451300000)]
  0x0000018621a1d800 JavaThread "Unconstrained build operations Thread 88" [_thread_blocked, id=20468, stack(0x0000005451300000,0x0000005451400000)]
  0x000001861eb84000 JavaThread "Unconstrained build operations Thread 89" [_thread_blocked, id=21996, stack(0x0000005451400000,0x0000005451500000)]
  0x000001861eb85800 JavaThread "Unconstrained build operations Thread 90" [_thread_blocked, id=21204, stack(0x0000005451500000,0x0000005451600000)]
  0x000001861eb84800 JavaThread "Unconstrained build operations Thread 91" [_thread_blocked, id=4636, stack(0x0000005451600000,0x0000005451700000)]
  0x000001861eb86800 JavaThread "Unconstrained build operations Thread 92" [_thread_blocked, id=11808, stack(0x0000005451700000,0x0000005451800000)]
  0x000001861eb83000 JavaThread "Unconstrained build operations Thread 93" [_thread_blocked, id=12560, stack(0x0000005451800000,0x0000005451900000)]
  0x000001861eb89800 JavaThread "Unconstrained build operations Thread 94" [_thread_blocked, id=6504, stack(0x0000005451900000,0x0000005451a00000)]
  0x000001861eb8b000 JavaThread "Unconstrained build operations Thread 95" [_thread_blocked, id=2636, stack(0x0000005451a00000,0x0000005451b00000)]
  0x000001861eb87000 JavaThread "Unconstrained build operations Thread 96" [_thread_blocked, id=17436, stack(0x0000005451b00000,0x0000005451c00000)]
  0x000001861eb8a800 JavaThread "Unconstrained build operations Thread 97" [_thread_blocked, id=22300, stack(0x0000005451c00000,0x0000005451d00000)]
  0x000001861eb8c000 JavaThread "Unconstrained build operations Thread 98" [_thread_blocked, id=19440, stack(0x0000005451d00000,0x0000005451e00000)]
  0x000001861eb8d000 JavaThread "Unconstrained build operations Thread 99" [_thread_blocked, id=8760, stack(0x0000005451e00000,0x0000005451f00000)]
  0x000001861eb8d800 JavaThread "Unconstrained build operations Thread 100" [_thread_blocked, id=3516, stack(0x0000005451f00000,0x0000005452000000)]
  0x000001861eb88000 JavaThread "Unconstrained build operations Thread 101" [_thread_blocked, id=21932, stack(0x0000005452000000,0x0000005452100000)]
  0x000001861eb8e800 JavaThread "Unconstrained build operations Thread 102" [_thread_blocked, id=18568, stack(0x0000005452100000,0x0000005452200000)]
  0x000001861eb89000 JavaThread "Unconstrained build operations Thread 103" [_thread_blocked, id=21200, stack(0x0000005452200000,0x0000005452300000)]
  0x000001861eb8f800 JavaThread "Unconstrained build operations Thread 104" [_thread_blocked, id=21756, stack(0x0000005452300000,0x0000005452400000)]
  0x000001861eb91000 JavaThread "Unconstrained build operations Thread 105" [_thread_blocked, id=20800, stack(0x0000005452400000,0x0000005452500000)]
  0x000001861eb92000 JavaThread "Unconstrained build operations Thread 106" [_thread_blocked, id=21244, stack(0x0000005452500000,0x0000005452600000)]
  0x000001861eb90000 JavaThread "Unconstrained build operations Thread 107" [_thread_blocked, id=4284, stack(0x0000005452600000,0x0000005452700000)]
  0x00000186221df000 JavaThread "Unconstrained build operations Thread 108" [_thread_blocked, id=10148, stack(0x0000005452700000,0x0000005452800000)]
  0x00000186221e4800 JavaThread "Unconstrained build operations Thread 109" [_thread_blocked, id=20384, stack(0x0000005452800000,0x0000005452900000)]
  0x00000186221e2000 JavaThread "Unconstrained build operations Thread 110" [_thread_blocked, id=9560, stack(0x0000005452900000,0x0000005452a00000)]
  0x00000186221e1800 JavaThread "Unconstrained build operations Thread 111" [_thread_blocked, id=22272, stack(0x0000005452a00000,0x0000005452b00000)]
  0x00000186221df800 JavaThread "Unconstrained build operations Thread 112" [_thread_blocked, id=6692, stack(0x0000005452b00000,0x0000005452c00000)]
  0x00000186221e0800 JavaThread "Unconstrained build operations Thread 113" [_thread_blocked, id=1480, stack(0x0000005452c00000,0x0000005452d00000)]
  0x00000186221e7000 JavaThread "Unconstrained build operations Thread 114" [_thread_blocked, id=6844, stack(0x0000005452d00000,0x0000005452e00000)]
  0x00000186221e8800 JavaThread "Unconstrained build operations Thread 115" [_thread_blocked, id=12588, stack(0x0000005452e00000,0x0000005452f00000)]
  0x00000186221e3800 JavaThread "Unconstrained build operations Thread 116" [_thread_blocked, id=11844, stack(0x0000005452f00000,0x0000005453000000)]
  0x00000186221e8000 JavaThread "Unconstrained build operations Thread 117" [_thread_blocked, id=13060, stack(0x0000005453000000,0x0000005453100000)]
  0x00000186221e5800 JavaThread "Unconstrained build operations Thread 118" [_thread_blocked, id=5988, stack(0x0000005453100000,0x0000005453200000)]
  0x00000186221e3000 JavaThread "Unconstrained build operations Thread 119" [_thread_blocked, id=20296, stack(0x0000005453200000,0x0000005453300000)]
  0x00000186221e9800 JavaThread "Unconstrained build operations Thread 120" [_thread_blocked, id=7372, stack(0x0000005453300000,0x0000005453400000)]
  0x00000186221ea000 JavaThread "jar transforms Thread 4" [_thread_blocked, id=21324, stack(0x0000005453400000,0x0000005453500000)]
  0x00000186221eb000 JavaThread "jar transforms Thread 5" [_thread_blocked, id=13736, stack(0x0000005453500000,0x0000005453600000)]
  0x00000186221ec000 JavaThread "jar transforms Thread 6" [_thread_blocked, id=20100, stack(0x0000005453600000,0x0000005453700000)]
  0x00000186221e6000 JavaThread "jar transforms Thread 7" [_thread_blocked, id=21856, stack(0x0000005453700000,0x0000005453800000)]
  0x00000186221ec800 JavaThread "jar transforms Thread 8" [_thread_blocked, id=22376, stack(0x0000005453800000,0x0000005453900000)]
  0x00000186221ed800 JavaThread "jar transforms Thread 9" [_thread_blocked, id=12524, stack(0x0000005453900000,0x0000005453a00000)]
  0x0000018621a76000 JavaThread "jar transforms Thread 10" [_thread_blocked, id=6708, stack(0x0000005453a00000,0x0000005453b00000)]
  0x0000018621a76800 JavaThread "jar transforms Thread 11" [_thread_blocked, id=6924, stack(0x0000005453b00000,0x0000005453c00000)]
  0x0000018621a77800 JavaThread "jar transforms Thread 12" [_thread_blocked, id=340, stack(0x0000005453c00000,0x0000005453d00000)]
  0x0000018621a7a000 JavaThread "Memory manager" [_thread_blocked, id=7360, stack(0x0000005453d00000,0x0000005453e00000)]
  0x0000018621a79000 JavaThread "build event listener" [_thread_blocked, id=21976, stack(0x0000005453e00000,0x0000005453f00000)]
  0x0000018621a74800 JavaThread "Execution worker for ':'" [_thread_blocked, id=7500, stack(0x0000005453f00000,0x0000005454000000)]
  0x0000018621a7b000 JavaThread "Execution worker for ':' Thread 2" [_thread_blocked, id=12428, stack(0x0000005454000000,0x0000005454100000)]
  0x0000018621a75000 JavaThread "Execution worker for ':' Thread 3" [_thread_blocked, id=17244, stack(0x0000005454100000,0x0000005454200000)]
  0x0000018621a81800 JavaThread "Execution worker for ':' Thread 4" [_thread_blocked, id=6324, stack(0x0000005454200000,0x0000005454300000)]
  0x0000018621a7b800 JavaThread "Execution worker for ':' Thread 5" [_thread_blocked, id=19540, stack(0x0000005454300000,0x0000005454400000)]
  0x0000018621a82000 JavaThread "Execution worker for ':' Thread 6" [_thread_blocked, id=21596, stack(0x0000005454400000,0x0000005454500000)]
  0x0000018621a7c800 JavaThread "Execution worker for ':' Thread 7" [_thread_blocked, id=21716, stack(0x0000005454500000,0x0000005454600000)]
  0x0000018621a83000 JavaThread "Execution worker for ':' Thread 8" [_thread_blocked, id=19232, stack(0x0000005454600000,0x0000005454700000)]
  0x0000018621a7d800 JavaThread "Execution worker for ':' Thread 9" [_thread_blocked, id=9800, stack(0x0000005454700000,0x0000005454800000)]
  0x0000018621a7f800 JavaThread "Execution worker for ':' Thread 10" [_thread_blocked, id=21536, stack(0x0000005454800000,0x0000005454900000)]
  0x0000018621a80800 JavaThread "Execution worker for ':' Thread 11" [_thread_blocked, id=5768, stack(0x0000005454900000,0x0000005454a00000)]
  0x0000018621a7e000 JavaThread "Cache worker for execution history cache (C:\Users\datico\AndroidStudioProjects\MoneyManager2\.gradle\7.3.3\executionHistory)" [_thread_blocked, id=21552, stack(0x0000005454a00000,0x0000005454b00000)]
  0x0000018621a7f000 JavaThread "WorkerExecutor Queue" [_thread_blocked, id=8036, stack(0x0000005454b00000,0x0000005454c00000)]
  0x0000018624d58800 JavaThread "WorkerExecutor Queue Thread 2" [_thread_blocked, id=13904, stack(0x0000005454c00000,0x0000005454d00000)]
  0x0000018624d59800 JavaThread "WorkerExecutor Queue Thread 3" [_thread_blocked, id=20996, stack(0x0000005454d00000,0x0000005454e00000)]
  0x0000018624d57800 JavaThread "WorkerExecutor Queue Thread 4" [_thread_blocked, id=2984, stack(0x0000005454e00000,0x0000005454f00000)]
  0x0000018624d5a000 JavaThread "pool-3-thread-1" [_thread_blocked, id=20768, stack(0x0000005454f00000,0x0000005455000000)]

Other Threads:
  0x000001861a6e6000 VMThread "VM Thread" [stack: 0x0000005448a00000,0x0000005448b00000] [id=16336]
  0x000001861b1ed000 WatcherThread [stack: 0x0000005449400000,0x0000005449500000] [id=14748]
  0x000001867fd54000 GCTaskThread "GC Thread#0" [stack: 0x0000005448500000,0x0000005448600000] [id=20432]
  0x000001861b6ed000 GCTaskThread "GC Thread#1" [stack: 0x0000005449700000,0x0000005449800000] [id=5788]
  0x000001861c085000 GCTaskThread "GC Thread#2" [stack: 0x0000005449800000,0x0000005449900000] [id=332]
  0x000001861c90c000 GCTaskThread "GC Thread#3" [stack: 0x000000544a200000,0x000000544a300000] [id=9804]
  0x000001861d407000 GCTaskThread "GC Thread#4" [stack: 0x000000544a300000,0x000000544a400000] [id=19500]
  0x000001861dc2f800 GCTaskThread "GC Thread#5" [stack: 0x000000544a400000,0x000000544a500000] [id=20560]
  0x000001861dc30000 GCTaskThread "GC Thread#6" [stack: 0x000000544a500000,0x000000544a600000] [id=22028]
  0x000001861d9c0000 GCTaskThread "GC Thread#7" [stack: 0x000000544a600000,0x000000544a700000] [id=18288]
  0x000001861d9c0800 GCTaskThread "GC Thread#8" [stack: 0x000000544a700000,0x000000544a800000] [id=22508]
  0x000001861d3e0800 GCTaskThread "GC Thread#9" [stack: 0x000000544a800000,0x000000544a900000] [id=7800]
  0x000001867fd89000 ConcurrentGCThread "G1 Main Marker" [stack: 0x0000005448600000,0x0000005448700000] [id=21776]
  0x000001867fd8b000 ConcurrentGCThread "G1 Conc#0" [stack: 0x0000005448700000,0x0000005448800000] [id=6800]
  0x000001861cbad800 ConcurrentGCThread "G1 Conc#1" [stack: 0x000000544ac00000,0x000000544ad00000] [id=20352]
  0x000001861e47a000 ConcurrentGCThread "G1 Conc#2" [stack: 0x000000544ad00000,0x000000544ae00000] [id=9040]
  0x000001867fe1e000 ConcurrentGCThread "G1 Refine#0" [stack: 0x0000005448800000,0x0000005448900000] [id=22188]
  0x000001861a538800 ConcurrentGCThread "G1 Young RemSet Sampling" [stack: 0x0000005448900000,0x0000005448a00000] [id=19132]

Threads with active compile tasks:
C2 CompilerThread0   7533 9920       4       java.util.LinkedHashMap$LinkedEntrySet::iterator (12 bytes)
C1 CompilerThread0   7533 10061       3       com.android.tools.r8.graph.S0::d0 (37 bytes)
C2 CompilerThread1   7533 9568       4       org.gradle.api.internal.artifacts.transform.ConsumerProvidedVariantFinder::matchAttributes (68 bytes)
C2 CompilerThread2   7533 10045       4       com.android.tools.r8.graph.r0::d0 (34 bytes)

VM state:not at safepoint (normal execution)

VM Mutex/Monitor currently owned by a thread: None

Heap address: 0x0000000080000000, size: 2048 MB, Compressed Oops mode: 32-bit
Narrow klass base: 0x0000000000000000, Narrow klass shift: 3
Compressed class space size: 1073741824 Address: 0x0000000100000000

Heap:
 garbage-first heap   total 157696K, used 120790K [0x0000000080000000, 0x0000000100000000)
  region size 1024K, 40 young (40960K), 8 survivors (8192K)
 Metaspace       used 90135K, capacity 92338K, committed 93100K, reserved 1130496K
  class space    used 11757K, capacity 12562K, committed 12800K, reserved 1048576K
Heap Regions: E=young(eden), S=young(survivor), O=old, HS=humongous(starts), HC=humongous(continues), CS=collection set, F=free, A=archive, TAMS=top-at-mark-start (previous, next)
|   0|0x0000000080000000, 0x0000000080100000, 0x0000000080100000|100%| O|  |TAMS 0x0000000080100000, 0x0000000080000000| Untracked 
|   1|0x0000000080100000, 0x0000000080200000, 0x0000000080200000|100%| O|  |TAMS 0x0000000080200000, 0x0000000080100000| Untracked 
|   2|0x0000000080200000, 0x0000000080300000, 0x0000000080300000|100%| O|  |TAMS 0x0000000080300000, 0x0000000080200000| Untracked 
|   3|0x0000000080300000, 0x0000000080400000, 0x0000000080400000|100%|HS|  |TAMS 0x0000000080400000, 0x0000000080300000| Complete 
|   4|0x0000000080400000, 0x0000000080500000, 0x0000000080500000|100%|HC|  |TAMS 0x0000000080500000, 0x0000000080400000| Complete 
|   5|0x0000000080500000, 0x0000000080600000, 0x0000000080600000|100%|HC|  |TAMS 0x0000000080600000, 0x0000000080500000| Complete 
|   6|0x0000000080600000, 0x0000000080700000, 0x0000000080700000|100%| O|  |TAMS 0x0000000080700000, 0x0000000080600000| Untracked 
|   7|0x0000000080700000, 0x0000000080800000, 0x0000000080800000|100%| O|  |TAMS 0x0000000080800000, 0x0000000080700000| Untracked 
|   8|0x0000000080800000, 0x0000000080900000, 0x0000000080900000|100%| O|  |TAMS 0x0000000080900000, 0x0000000080800000| Untracked 
|   9|0x0000000080900000, 0x0000000080a00000, 0x0000000080a00000|100%| O|  |TAMS 0x0000000080a00000, 0x0000000080900000| Untracked 
|  10|0x0000000080a00000, 0x0000000080b00000, 0x0000000080b00000|100%| O|  |TAMS 0x0000000080b00000, 0x0000000080a00000| Untracked 
|  11|0x0000000080b00000, 0x0000000080c00000, 0x0000000080c00000|100%| O|  |TAMS 0x0000000080c00000, 0x0000000080b00000| Untracked 
|  12|0x0000000080c00000, 0x0000000080d00000, 0x0000000080d00000|100%| O|  |TAMS 0x0000000080d00000, 0x0000000080c00000| Untracked 
|  13|0x0000000080d00000, 0x0000000080e00000, 0x0000000080e00000|100%| O|  |TAMS 0x0000000080e00000, 0x0000000080d00000| Untracked 
|  14|0x0000000080e00000, 0x0000000080f00000, 0x0000000080f00000|100%| O|  |TAMS 0x0000000080f00000, 0x0000000080e00000| Untracked 
|  15|0x0000000080f00000, 0x0000000081000000, 0x0000000081000000|100%| O|  |TAMS 0x0000000081000000, 0x0000000080f00000| Untracked 
|  16|0x0000000081000000, 0x0000000081100000, 0x0000000081100000|100%| O|  |TAMS 0x0000000081100000, 0x0000000081000000| Untracked 
|  17|0x0000000081100000, 0x0000000081200000, 0x0000000081200000|100%|HS|  |TAMS 0x0000000081200000, 0x0000000081100000| Complete 
|  18|0x0000000081200000, 0x0000000081300000, 0x0000000081300000|100%| O|  |TAMS 0x0000000081300000, 0x0000000081200000| Untracked 
|  19|0x0000000081300000, 0x0000000081400000, 0x0000000081400000|100%| O|  |TAMS 0x0000000081400000, 0x0000000081300000| Untracked 
|  20|0x0000000081400000, 0x0000000081500000, 0x0000000081500000|100%| O|  |TAMS 0x0000000081500000, 0x0000000081400000| Untracked 
|  21|0x0000000081500000, 0x0000000081600000, 0x0000000081600000|100%| O|  |TAMS 0x0000000081600000, 0x0000000081500000| Untracked 
|  22|0x0000000081600000, 0x0000000081700000, 0x0000000081700000|100%| O|  |TAMS 0x0000000081700000, 0x0000000081600000| Untracked 
|  23|0x0000000081700000, 0x0000000081800000, 0x0000000081800000|100%| O|  |TAMS 0x0000000081800000, 0x0000000081700000| Untracked 
|  24|0x0000000081800000, 0x0000000081900000, 0x0000000081900000|100%| O|  |TAMS 0x0000000081900000, 0x0000000081800000| Untracked 
|  25|0x0000000081900000, 0x0000000081a00000, 0x0000000081a00000|100%| O|  |TAMS 0x0000000081a00000, 0x0000000081900000| Untracked 
|  26|0x0000000081a00000, 0x0000000081b00000, 0x0000000081b00000|100%| O|  |TAMS 0x0000000081b00000, 0x0000000081a00000| Untracked 
|  27|0x0000000081b00000, 0x0000000081c00000, 0x0000000081c00000|100%| O|  |TAMS 0x0000000081c00000, 0x0000000081b00000| Untracked 
|  28|0x0000000081c00000, 0x0000000081d00000, 0x0000000081d00000|100%|HS|  |TAMS 0x0000000081d00000, 0x0000000081c00000| Complete 
|  29|0x0000000081d00000, 0x0000000081e00000, 0x0000000081e00000|100%|HS|  |TAMS 0x0000000081e00000, 0x0000000081d00000| Complete 
|  30|0x0000000081e00000, 0x0000000081f00000, 0x0000000081f00000|100%|HC|  |TAMS 0x0000000081f00000, 0x0000000081e00000| Complete 
|  31|0x0000000081f00000, 0x0000000082000000, 0x0000000082000000|100%| O|  |TAMS 0x0000000082000000, 0x0000000081f00000| Untracked 
|  32|0x0000000082000000, 0x0000000082100000, 0x0000000082100000|100%| O|  |TAMS 0x0000000082100000, 0x0000000082000000| Untracked 
|  33|0x0000000082100000, 0x0000000082200000, 0x0000000082200000|100%| O|  |TAMS 0x0000000082200000, 0x0000000082100000| Untracked 
|  34|0x0000000082200000, 0x0000000082300000, 0x0000000082300000|100%| O|  |TAMS 0x0000000082300000, 0x0000000082200000| Untracked 
|  35|0x0000000082300000, 0x0000000082400000, 0x0000000082400000|100%| O|  |TAMS 0x0000000082400000, 0x0000000082300000| Untracked 
|  36|0x0000000082400000, 0x0000000082500000, 0x0000000082500000|100%| O|  |TAMS 0x0000000082500000, 0x0000000082400000| Untracked 
|  37|0x0000000082500000, 0x0000000082600000, 0x0000000082600000|100%| O|  |TAMS 0x0000000082600000, 0x0000000082500000| Untracked 
|  38|0x0000000082600000, 0x0000000082700000, 0x0000000082700000|100%| O|  |TAMS 0x0000000082700000, 0x0000000082600000| Untracked 
|  39|0x0000000082700000, 0x0000000082800000, 0x0000000082800000|100%| O|  |TAMS 0x0000000082800000, 0x0000000082700000| Untracked 
|  40|0x0000000082800000, 0x0000000082900000, 0x0000000082900000|100%| O|  |TAMS 0x0000000082900000, 0x0000000082800000| Untracked 
|  41|0x0000000082900000, 0x0000000082a00000, 0x0000000082a00000|100%| O|  |TAMS 0x0000000082a00000, 0x0000000082900000| Untracked 
|  42|0x0000000082a00000, 0x0000000082b00000, 0x0000000082b00000|100%| O|  |TAMS 0x0000000082b00000, 0x0000000082a00000| Untracked 
|  43|0x0000000082b00000, 0x0000000082c00000, 0x0000000082c00000|100%| O|  |TAMS 0x0000000082c00000, 0x0000000082b00000| Untracked 
|  44|0x0000000082c00000, 0x0000000082d00000, 0x0000000082d00000|100%| O|  |TAMS 0x0000000082d00000, 0x0000000082c00000| Untracked 
|  45|0x0000000082d00000, 0x0000000082e00000, 0x0000000082e00000|100%| O|  |TAMS 0x0000000082e00000, 0x0000000082d00000| Untracked 
|  46|0x0000000082e00000, 0x0000000082f00000, 0x0000000082f00000|100%| O|  |TAMS 0x0000000082f00000, 0x0000000082e00000| Untracked 
|  47|0x0000000082f00000, 0x0000000083000000, 0x0000000083000000|100%| O|  |TAMS 0x0000000083000000, 0x0000000082f00000| Untracked 
|  48|0x0000000083000000, 0x0000000083100000, 0x0000000083100000|100%| O|  |TAMS 0x0000000083100000, 0x0000000083000000| Untracked 
|  49|0x0000000083100000, 0x0000000083200000, 0x0000000083200000|100%| O|  |TAMS 0x0000000083200000, 0x0000000083100000| Untracked 
|  50|0x0000000083200000, 0x0000000083300000, 0x0000000083300000|100%| O|  |TAMS 0x0000000083300000, 0x0000000083200000| Untracked 
|  51|0x0000000083300000, 0x0000000083400000, 0x0000000083400000|100%| O|  |TAMS 0x0000000083400000, 0x0000000083300000| Untracked 
|  52|0x0000000083400000, 0x0000000083500000, 0x0000000083500000|100%| O|  |TAMS 0x0000000083500000, 0x0000000083400000| Untracked 
|  53|0x0000000083500000, 0x0000000083600000, 0x0000000083600000|100%| O|  |TAMS 0x0000000083600000, 0x0000000083500000| Untracked 
|  54|0x0000000083600000, 0x0000000083700000, 0x0000000083700000|100%| O|  |TAMS 0x0000000083700000, 0x0000000083600000| Untracked 
|  55|0x0000000083700000, 0x0000000083800000, 0x0000000083800000|100%| O|  |TAMS 0x0000000083800000, 0x0000000083700000| Untracked 
|  56|0x0000000083800000, 0x0000000083900000, 0x0000000083900000|100%| O|  |TAMS 0x0000000083900000, 0x0000000083800000| Untracked 
|  57|0x0000000083900000, 0x0000000083a00000, 0x0000000083a00000|100%| O|  |TAMS 0x0000000083a00000, 0x0000000083900000| Untracked 
|  58|0x0000000083a00000, 0x0000000083b00000, 0x0000000083b00000|100%| O|  |TAMS 0x0000000083b00000, 0x0000000083a00000| Untracked 
|  59|0x0000000083b00000, 0x0000000083c00000, 0x0000000083c00000|100%| O|  |TAMS 0x0000000083c00000, 0x0000000083b00000| Untracked 
|  60|0x0000000083c00000, 0x0000000083d00000, 0x0000000083d00000|100%| O|  |TAMS 0x0000000083d00000, 0x0000000083c00000| Untracked 
|  61|0x0000000083d00000, 0x0000000083e00000, 0x0000000083e00000|100%| O|  |TAMS 0x0000000083e00000, 0x0000000083d00000| Untracked 
|  62|0x0000000083e00000, 0x0000000083f00000, 0x0000000083f00000|100%| O|  |TAMS 0x0000000083f00000, 0x0000000083e00000| Untracked 
|  63|0x0000000083f00000, 0x0000000084000000, 0x0000000084000000|100%|HS|  |TAMS 0x0000000084000000, 0x0000000083f00000| Complete 
|  64|0x0000000084000000, 0x0000000084100000, 0x0000000084100000|100%|HC|  |TAMS 0x0000000084100000, 0x0000000084000000| Complete 
|  65|0x0000000084100000, 0x0000000084200000, 0x0000000084200000|100%|HS|  |TAMS 0x0000000084200000, 0x0000000084100000| Complete 
|  66|0x0000000084200000, 0x0000000084300000, 0x0000000084300000|100%|HS|  |TAMS 0x0000000084300000, 0x0000000084200000| Complete 
|  67|0x0000000084300000, 0x0000000084400000, 0x0000000084400000|100%|HS|  |TAMS 0x0000000084400000, 0x0000000084300000| Complete 
|  68|0x0000000084400000, 0x0000000084500000, 0x0000000084500000|100%|HS|  |TAMS 0x0000000084500000, 0x0000000084400000| Complete 
|  69|0x0000000084500000, 0x0000000084600000, 0x0000000084600000|100%|HC|  |TAMS 0x0000000084600000, 0x0000000084500000| Complete 
|  70|0x0000000084600000, 0x0000000084700000, 0x0000000084700000|100%| O|  |TAMS 0x0000000084700000, 0x0000000084600000| Untracked 
|  71|0x0000000084700000, 0x0000000084800000, 0x0000000084800000|100%| O|  |TAMS 0x0000000084800000, 0x0000000084700000| Untracked 
|  72|0x0000000084800000, 0x0000000084900000, 0x0000000084900000|100%| O|  |TAMS 0x0000000084900000, 0x0000000084800000| Untracked 
|  73|0x0000000084900000, 0x0000000084a00000, 0x0000000084a00000|100%| O|  |TAMS 0x0000000084a00000, 0x0000000084900000| Untracked 
|  74|0x0000000084a00000, 0x0000000084b00000, 0x0000000084b00000|100%|HS|  |TAMS 0x0000000084a00000, 0x0000000084a00000| Complete 
|  75|0x0000000084b00000, 0x0000000084c00000, 0x0000000084c00000|100%|HC|  |TAMS 0x0000000084b00000, 0x0000000084b00000| Complete 
|  76|0x0000000084c00000, 0x0000000084d00000, 0x0000000084d00000|100%|HS|  |TAMS 0x0000000084c00000, 0x0000000084c00000| Complete 
|  77|0x0000000084d00000, 0x0000000084e00000, 0x0000000084e00000|100%|HS|  |TAMS 0x0000000084d00000, 0x0000000084d00000| Complete 
|  78|0x0000000084e00000, 0x0000000084f00000, 0x0000000084f00000|100%|HS|  |TAMS 0x0000000084e00000, 0x0000000084e00000| Complete 
|  79|0x0000000084f00000, 0x0000000085000000, 0x0000000085000000|100%|HS|  |TAMS 0x0000000084f00000, 0x0000000084f00000| Complete 
|  80|0x0000000085000000, 0x0000000085000000, 0x0000000085100000|  0%| F|  |TAMS 0x0000000085000000, 0x0000000085000000| Untracked 
|  81|0x0000000085100000, 0x0000000085100000, 0x0000000085200000|  0%| F|  |TAMS 0x0000000085100000, 0x0000000085100000| Untracked 
|  82|0x0000000085200000, 0x0000000085200000, 0x0000000085300000|  0%| F|  |TAMS 0x0000000085200000, 0x0000000085200000| Untracked 
|  83|0x0000000085300000, 0x0000000085300000, 0x0000000085400000|  0%| F|  |TAMS 0x0000000085300000, 0x0000000085300000| Untracked 
|  84|0x0000000085400000, 0x0000000085400000, 0x0000000085500000|  0%| F|  |TAMS 0x0000000085400000, 0x0000000085400000| Untracked 
|  85|0x0000000085500000, 0x0000000085500000, 0x0000000085600000|  0%| F|  |TAMS 0x0000000085500000, 0x0000000085500000| Untracked 
|  86|0x0000000085600000, 0x0000000085600000, 0x0000000085700000|  0%| F|  |TAMS 0x0000000085600000, 0x0000000085600000| Untracked 
|  87|0x0000000085700000, 0x0000000085700000, 0x0000000085800000|  0%| F|  |TAMS 0x0000000085700000, 0x0000000085700000| Untracked 
|  88|0x0000000085800000, 0x00000000858f59e0, 0x0000000085900000| 95%| S|CS|TAMS 0x0000000085800000, 0x0000000085800000| Complete 
|  89|0x0000000085900000, 0x0000000085900000, 0x0000000085a00000|  0%| F|  |TAMS 0x0000000085900000, 0x0000000085900000| Untracked 
|  90|0x0000000085a00000, 0x0000000085a00000, 0x0000000085b00000|  0%| F|  |TAMS 0x0000000085a00000, 0x0000000085a00000| Untracked 
|  91|0x0000000085b00000, 0x0000000085c00000, 0x0000000085c00000|100%| S|CS|TAMS 0x0000000085b00000, 0x0000000085b00000| Complete 
|  92|0x0000000085c00000, 0x0000000085d00000, 0x0000000085d00000|100%| S|CS|TAMS 0x0000000085c00000, 0x0000000085c00000| Complete 
|  93|0x0000000085d00000, 0x0000000085d00000, 0x0000000085e00000|  0%| F|  |TAMS 0x0000000085d00000, 0x0000000085d00000| Untracked 
|  94|0x0000000085e00000, 0x0000000085e00000, 0x0000000085f00000|  0%| F|  |TAMS 0x0000000085e00000, 0x0000000085e00000| Untracked 
|  95|0x0000000085f00000, 0x0000000085f00000, 0x0000000086000000|  0%| F|  |TAMS 0x0000000085f00000, 0x0000000085f00000| Untracked 
|  96|0x0000000086000000, 0x0000000086100000, 0x0000000086100000|100%| S|CS|TAMS 0x0000000086000000, 0x0000000086000000| Complete 
|  97|0x0000000086100000, 0x0000000086200000, 0x0000000086200000|100%| S|CS|TAMS 0x0000000086100000, 0x0000000086100000| Complete 
|  98|0x0000000086200000, 0x0000000086300000, 0x0000000086300000|100%| S|CS|TAMS 0x0000000086200000, 0x0000000086200000| Complete 
|  99|0x0000000086300000, 0x0000000086400000, 0x0000000086400000|100%| S|CS|TAMS 0x0000000086300000, 0x0000000086300000| Complete 
| 100|0x0000000086400000, 0x0000000086500000, 0x0000000086500000|100%| S|CS|TAMS 0x0000000086400000, 0x0000000086400000| Complete 
| 101|0x0000000086500000, 0x0000000086500000, 0x0000000086600000|  0%| F|  |TAMS 0x0000000086500000, 0x0000000086500000| Untracked 
| 102|0x0000000086600000, 0x0000000086600000, 0x0000000086700000|  0%| F|  |TAMS 0x0000000086600000, 0x0000000086600000| Untracked 
| 103|0x0000000086700000, 0x0000000086700000, 0x0000000086800000|  0%| F|  |TAMS 0x0000000086700000, 0x0000000086700000| Untracked 
| 104|0x0000000086800000, 0x0000000086800000, 0x0000000086900000|  0%| F|  |TAMS 0x0000000086800000, 0x0000000086800000| Untracked 
| 105|0x0000000086900000, 0x0000000086900000, 0x0000000086a00000|  0%| F|  |TAMS 0x0000000086900000, 0x0000000086900000| Untracked 
| 106|0x0000000086a00000, 0x0000000086a00000, 0x0000000086b00000|  0%| F|  |TAMS 0x0000000086a00000, 0x0000000086a00000| Untracked 
| 107|0x0000000086b00000, 0x0000000086b00000, 0x0000000086c00000|  0%| F|  |TAMS 0x0000000086b00000, 0x0000000086b00000| Untracked 
| 108|0x0000000086c00000, 0x0000000086c00000, 0x0000000086d00000|  0%| F|  |TAMS 0x0000000086c00000, 0x0000000086c00000| Untracked 
| 109|0x0000000086d00000, 0x0000000086d00000, 0x0000000086e00000|  0%| F|  |TAMS 0x0000000086d00000, 0x0000000086d00000| Untracked 
| 110|0x0000000086e00000, 0x0000000086e00000, 0x0000000086f00000|  0%| F|  |TAMS 0x0000000086e00000, 0x0000000086e00000| Untracked 
| 111|0x0000000086f00000, 0x0000000086f00000, 0x0000000087000000|  0%| F|  |TAMS 0x0000000086f00000, 0x0000000086f00000| Untracked 
| 112|0x0000000087000000, 0x0000000087000000, 0x0000000087100000|  0%| F|  |TAMS 0x0000000087000000, 0x0000000087000000| Untracked 
| 113|0x0000000087100000, 0x0000000087100000, 0x0000000087200000|  0%| F|  |TAMS 0x0000000087100000, 0x0000000087100000| Untracked 
| 114|0x0000000087200000, 0x0000000087200000, 0x0000000087300000|  0%| F|  |TAMS 0x0000000087200000, 0x0000000087200000| Untracked 
| 115|0x0000000087300000, 0x0000000087300000, 0x0000000087400000|  0%| F|  |TAMS 0x0000000087300000, 0x0000000087300000| Untracked 
| 116|0x0000000087400000, 0x0000000087400000, 0x0000000087500000|  0%| F|  |TAMS 0x0000000087400000, 0x0000000087400000| Untracked 
| 117|0x0000000087500000, 0x0000000087500000, 0x0000000087600000|  0%| F|  |TAMS 0x0000000087500000, 0x0000000087500000| Untracked 
| 118|0x0000000087600000, 0x0000000087600000, 0x0000000087700000|  0%| F|  |TAMS 0x0000000087600000, 0x0000000087600000| Untracked 
| 119|0x0000000087700000, 0x0000000087700000, 0x0000000087800000|  0%| F|  |TAMS 0x0000000087700000, 0x0000000087700000| Untracked 
| 120|0x0000000087800000, 0x0000000087800000, 0x0000000087900000|  0%| F|  |TAMS 0x0000000087800000, 0x0000000087800000| Untracked 
| 121|0x0000000087900000, 0x0000000087970138, 0x0000000087a00000| 43%| E|  |TAMS 0x0000000087900000, 0x0000000087900000| Complete 
| 122|0x0000000087a00000, 0x0000000087b00000, 0x0000000087b00000|100%| E|  |TAMS 0x0000000087a00000, 0x0000000087a00000| Complete 
| 123|0x0000000087b00000, 0x0000000087c00000, 0x0000000087c00000|100%| E|CS|TAMS 0x0000000087b00000, 0x0000000087b00000| Complete 
| 124|0x0000000087c00000, 0x0000000087d00000, 0x0000000087d00000|100%| E|CS|TAMS 0x0000000087c00000, 0x0000000087c00000| Complete 
| 125|0x0000000087d00000, 0x0000000087e00000, 0x0000000087e00000|100%| E|CS|TAMS 0x0000000087d00000, 0x0000000087d00000| Complete 
| 126|0x0000000087e00000, 0x0000000087f00000, 0x0000000087f00000|100%| E|CS|TAMS 0x0000000087e00000, 0x0000000087e00000| Complete 
| 127|0x0000000087f00000, 0x0000000088000000, 0x0000000088000000|100%| E|CS|TAMS 0x0000000087f00000, 0x0000000087f00000| Complete 
| 128|0x0000000088000000, 0x0000000088100000, 0x0000000088100000|100%| E|CS|TAMS 0x0000000088000000, 0x0000000088000000| Complete 
| 129|0x0000000088100000, 0x0000000088200000, 0x0000000088200000|100%| E|CS|TAMS 0x0000000088100000, 0x0000000088100000| Complete 
| 130|0x0000000088200000, 0x0000000088300000, 0x0000000088300000|100%| E|CS|TAMS 0x0000000088200000, 0x0000000088200000| Complete 
| 131|0x0000000088300000, 0x0000000088400000, 0x0000000088400000|100%| E|CS|TAMS 0x0000000088300000, 0x0000000088300000| Complete 
| 132|0x0000000088400000, 0x0000000088500000, 0x0000000088500000|100%| E|CS|TAMS 0x0000000088400000, 0x0000000088400000| Complete 
| 133|0x0000000088500000, 0x0000000088600000, 0x0000000088600000|100%| E|CS|TAMS 0x0000000088500000, 0x0000000088500000| Complete 
| 134|0x0000000088600000, 0x0000000088700000, 0x0000000088700000|100%| E|CS|TAMS 0x0000000088600000, 0x0000000088600000| Complete 
| 135|0x0000000088700000, 0x0000000088800000, 0x0000000088800000|100%| E|CS|TAMS 0x0000000088700000, 0x0000000088700000| Complete 
| 136|0x0000000088800000, 0x0000000088900000, 0x0000000088900000|100%| E|CS|TAMS 0x0000000088800000, 0x0000000088800000| Complete 
| 137|0x0000000088900000, 0x0000000088a00000, 0x0000000088a00000|100%| E|CS|TAMS 0x0000000088900000, 0x0000000088900000| Complete 
| 138|0x0000000088a00000, 0x0000000088b00000, 0x0000000088b00000|100%| E|CS|TAMS 0x0000000088a00000, 0x0000000088a00000| Complete 
| 139|0x0000000088b00000, 0x0000000088c00000, 0x0000000088c00000|100%| E|CS|TAMS 0x0000000088b00000, 0x0000000088b00000| Complete 
| 140|0x0000000088c00000, 0x0000000088d00000, 0x0000000088d00000|100%| E|CS|TAMS 0x0000000088c00000, 0x0000000088c00000| Complete 
| 141|0x0000000088d00000, 0x0000000088e00000, 0x0000000088e00000|100%| E|CS|TAMS 0x0000000088d00000, 0x0000000088d00000| Complete 
| 142|0x0000000088e00000, 0x0000000088f00000, 0x0000000088f00000|100%| E|CS|TAMS 0x0000000088e00000, 0x0000000088e00000| Complete 
| 143|0x0000000088f00000, 0x0000000089000000, 0x0000000089000000|100%| E|CS|TAMS 0x0000000088f00000, 0x0000000088f00000| Complete 
| 144|0x0000000089000000, 0x0000000089100000, 0x0000000089100000|100%| E|CS|TAMS 0x0000000089000000, 0x0000000089000000| Complete 
| 145|0x0000000089100000, 0x0000000089200000, 0x0000000089200000|100%| E|CS|TAMS 0x0000000089100000, 0x0000000089100000| Complete 
| 146|0x0000000089200000, 0x0000000089300000, 0x0000000089300000|100%| E|CS|TAMS 0x0000000089200000, 0x0000000089200000| Complete 
| 147|0x0000000089300000, 0x0000000089400000, 0x0000000089400000|100%| E|CS|TAMS 0x0000000089300000, 0x0000000089300000| Complete 
| 148|0x0000000089400000, 0x0000000089500000, 0x0000000089500000|100%| E|CS|TAMS 0x0000000089400000, 0x0000000089400000| Complete 
| 149|0x0000000089500000, 0x0000000089600000, 0x0000000089600000|100%| E|CS|TAMS 0x0000000089500000, 0x0000000089500000| Complete 
| 150|0x0000000089600000, 0x0000000089700000, 0x0000000089700000|100%| E|CS|TAMS 0x0000000089600000, 0x0000000089600000| Complete 
| 151|0x0000000089700000, 0x0000000089800000, 0x0000000089800000|100%| E|CS|TAMS 0x0000000089700000, 0x0000000089700000| Complete 
| 152|0x0000000089800000, 0x0000000089900000, 0x0000000089900000|100%| E|CS|TAMS 0x0000000089800000, 0x0000000089800000| Complete 
| 153|0x0000000089900000, 0x0000000089a00000, 0x0000000089a00000|100%| E|CS|TAMS 0x0000000089900000, 0x0000000089900000| Complete 

Card table byte_map: [0x0000018613270000,0x0000018613670000] _byte_map_base: 0x0000018612e70000

Marking Bits (Prev, Next): (CMBitMap*) 0x000001867fd801e0, (CMBitMap*) 0x000001867fd801a8
 Prev Bits: [0x0000018615a70000, 0x0000018617a70000)
 Next Bits: [0x0000018613a70000, 0x0000018615a70000)

Polling page: 0x000001867dcd0000

Metaspace:

Usage:
  Non-class:     77.91 MB capacity,    76.55 MB ( 98%) used,     1.11 MB (  1%) free+waste,   251.25 KB ( <1%) overhead. 
      Class:     12.27 MB capacity,    11.48 MB ( 94%) used,   689.12 KB (  5%) free+waste,   112.94 KB ( <1%) overhead. 
       Both:     90.17 MB capacity,    88.04 MB ( 98%) used,     1.78 MB (  2%) free+waste,   364.19 KB ( <1%) overhead. 

Virtual space:
  Non-class space:       80.00 MB reserved,      78.42 MB ( 98%) committed 
      Class space:        1.00 GB reserved,      12.50 MB (  1%) committed 
             Both:        1.08 GB reserved,      90.92 MB (  8%) committed 

Chunk freelists:
   Non-Class:  332.00 KB
       Class:  174.00 KB
        Both:  506.00 KB

MaxMetaspaceSize: 17179869184.00 GB
CompressedClassSpaceSize: 1.00 GB
Initial GC threshold: 20.80 MB
Current GC threshold: 150.49 MB
CDS: off

CodeHeap 'non-profiled nmethods': size=120000Kb used=6130Kb max_used=6130Kb free=113869Kb
 bounds [0x000001860b500000, 0x000001860bb00000, 0x0000018612a30000]
CodeHeap 'profiled nmethods': size=120000Kb used=21704Kb max_used=21704Kb free=98295Kb
 bounds [0x0000018603fd0000, 0x0000018605510000, 0x000001860b500000]
CodeHeap 'non-nmethods': size=5760Kb used=2392Kb max_used=2420Kb free=3368Kb
 bounds [0x0000018603a30000, 0x0000018603cb0000, 0x0000018603fd0000]
 total_blobs=10954 nmethods=10047 adapters=819
 compilation: enabled
              stopped_count=0, restarted_count=0
 full_count=0

Compilation events (20 events):
Event: 7.499 Thread 0x000001861b03e800 10024       2       com.android.tools.r8.internal.aA::a (125 bytes)
Event: 7.499 Thread 0x000001861b03e800 nmethod 10024 0x00000186054fb290 code [0x00000186054fb460, 0x00000186054fb7c8]
Event: 7.499 Thread 0x000001861b03e800 10025       2       com.android.tools.r8.internal.aA::a (78 bytes)
Event: 7.500 Thread 0x000001861b03e800 nmethod 10025 0x00000186054fb990 code [0x00000186054fbb60, 0x00000186054fbe58]
Event: 7.500 Thread 0x000001861b03e800 10036       2       com.android.tools.r8.graph.S0::g (62 bytes)
Event: 7.500 Thread 0x000001861b03e800 nmethod 10036 0x00000186054fbf90 code [0x00000186054fc180, 0x00000186054fc4e8]
Event: 7.501 Thread 0x000001861ea9a000 nmethod 9976 0x000001860baefd10 code [0x000001860baeff40, 0x000001860baf1890]
Event: 7.501 Thread 0x000001861ea9a000 10018   !   4       com.android.tools.r8.graph.d1::j0 (91 bytes)
Event: 7.504 Thread 0x000001861a711800 nmethod 9994% 0x000001860baf2390 code [0x000001860baf2540, 0x000001860baf29d8]
Event: 7.504 Thread 0x000001861a711800 10016       4       com.android.tools.r8.dex.j::g (49 bytes)
Event: 7.506 Thread 0x000001861b03e800 10038       2       java.lang.CharacterDataLatin1::digit (32 bytes)
Event: 7.506 Thread 0x000001861b03e800 nmethod 10038 0x00000186054fc710 code [0x00000186054fc8c0, 0x00000186054fca38]
Event: 7.506 Thread 0x000001861a711800 nmethod 10016 0x000001860baf2c90 code [0x000001860baf2e40, 0x000001860baf3058]
Event: 7.506 Thread 0x000001861a711800 10037       4       com.android.tools.r8.graph.d1::a (258 bytes)
Event: 7.508 Thread 0x000001861b03e800 10039       2       com.android.tools.r8.graph.f1::equals (37 bytes)
Event: 7.508 Thread 0x000001861b03e800 nmethod 10039 0x00000186054fcb10 code [0x00000186054fccc0, 0x00000186054fce88]
Event: 7.508 Thread 0x000001861b03e800 10040       2       com.android.tools.r8.graph.a1::g (62 bytes)
Event: 7.508 Thread 0x000001861b03e800 nmethod 10040 0x00000186054fcf90 code [0x00000186054fd180, 0x00000186054fd4c8]
Event: 7.510 Thread 0x000001861a711800 nmethod 10037 0x000001860baf3210 code [0x000001860baf33c0, 0x000001860baf3818]
Event: 7.510 Thread 0x000001861a711800 9995   !   4       com.android.tools.r8.graph.d1::i0 (89 bytes)

GC Heap History (20 events):
Event: 3.381 GC heap before
{Heap before GC invocations=8 (full 0):
 garbage-first heap   total 131072K, used 93799K [0x0000000080000000, 0x0000000100000000)
  region size 1024K, 73 young (74752K), 9 survivors (9216K)
 Metaspace       used 46246K, capacity 47351K, committed 47616K, reserved 1091584K
  class space    used 5957K, capacity 6358K, committed 6400K, reserved 1048576K
}
Event: 3.386 GC heap after
{Heap after GC invocations=9 (full 0):
 garbage-first heap   total 157696K, used 30127K [0x0000000080000000, 0x0000000100000000)
  region size 1024K, 3 young (3072K), 3 survivors (3072K)
 Metaspace       used 46246K, capacity 47351K, committed 47616K, reserved 1091584K
  class space    used 5957K, capacity 6358K, committed 6400K, reserved 1048576K
}
Event: 3.867 GC heap before
{Heap before GC invocations=9 (full 0):
 garbage-first heap   total 157696K, used 113071K [0x0000000080000000, 0x0000000100000000)
  region size 1024K, 81 young (82944K), 3 survivors (3072K)
 Metaspace       used 49204K, capacity 50512K, committed 50688K, reserved 1093632K
  class space    used 6326K, capacity 6800K, committed 6912K, reserved 1048576K
}
Event: 3.871 GC heap after
{Heap after GC invocations=10 (full 0):
 garbage-first heap   total 157696K, used 42694K [0x0000000080000000, 0x0000000100000000)
  region size 1024K, 11 young (11264K), 11 survivors (11264K)
 Metaspace       used 49204K, capacity 50512K, committed 50688K, reserved 1093632K
  class space    used 6326K, capacity 6800K, committed 6912K, reserved 1048576K
}
Event: 4.449 GC heap before
{Heap before GC invocations=10 (full 0):
 garbage-first heap   total 157696K, used 106182K [0x0000000080000000, 0x0000000100000000)
  region size 1024K, 74 young (75776K), 11 survivors (11264K)
 Metaspace       used 58402K, capacity 59865K, committed 59948K, reserved 1101824K
  class space    used 7465K, capacity 8037K, committed 8064K, reserved 1048576K
}
Event: 4.460 GC heap after
{Heap after GC invocations=11 (full 0):
 garbage-first heap   total 157696K, used 45294K [0x0000000080000000, 0x0000000100000000)
  region size 1024K, 3 young (3072K), 3 survivors (3072K)
 Metaspace       used 58402K, capacity 59865K, committed 59948K, reserved 1101824K
  class space    used 7465K, capacity 8037K, committed 8064K, reserved 1048576K
}
Event: 5.034 GC heap before
{Heap before GC invocations=12 (full 0):
 garbage-first heap   total 157696K, used 116974K [0x0000000080000000, 0x0000000100000000)
  region size 1024K, 73 young (74752K), 3 survivors (3072K)
 Metaspace       used 65145K, capacity 66652K, committed 66732K, reserved 1107968K
  class space    used 8328K, capacity 8942K, committed 8960K, reserved 1048576K
}
Event: 5.040 GC heap after
{Heap after GC invocations=13 (full 0):
 garbage-first heap   total 157696K, used 50422K [0x0000000080000000, 0x0000000100000000)
  region size 1024K, 8 young (8192K), 8 survivors (8192K)
 Metaspace       used 65145K, capacity 66652K, committed 66732K, reserved 1107968K
  class space    used 8328K, capacity 8942K, committed 8960K, reserved 1048576K
}
Event: 5.579 GC heap before
{Heap before GC invocations=14 (full 0):
 garbage-first heap   total 157696K, used 120054K [0x0000000080000000, 0x0000000100000000)
  region size 1024K, 76 young (77824K), 8 survivors (8192K)
 Metaspace       used 69986K, capacity 71551K, committed 71980K, reserved 1112064K
  class space    used 9118K, capacity 9717K, committed 9856K, reserved 1048576K
}
Event: 5.584 GC heap after
{Heap after GC invocations=15 (full 0):
 garbage-first heap   total 157696K, used 55475K [0x0000000080000000, 0x0000000100000000)
  region size 1024K, 6 young (6144K), 6 survivors (6144K)
 Metaspace       used 69986K, capacity 71551K, committed 71980K, reserved 1112064K
  class space    used 9118K, capacity 9717K, committed 9856K, reserved 1048576K
}
Event: 6.151 GC heap before
{Heap before GC invocations=15 (full 0):
 garbage-first heap   total 157696K, used 122035K [0x0000000080000000, 0x0000000100000000)
  region size 1024K, 71 young (72704K), 6 survivors (6144K)
 Metaspace       used 75717K, capacity 77466K, committed 77612K, reserved 1116160K
  class space    used 9964K, capacity 10616K, committed 10624K, reserved 1048576K
}
Event: 6.156 GC heap after
{Heap after GC invocations=16 (full 0):
 garbage-first heap   total 157696K, used 59606K [0x0000000080000000, 0x0000000100000000)
  region size 1024K, 5 young (5120K), 5 survivors (5120K)
 Metaspace       used 75717K, capacity 77466K, committed 77612K, reserved 1116160K
  class space    used 9964K, capacity 10616K, committed 10624K, reserved 1048576K
}
Event: 6.676 GC heap before
{Heap before GC invocations=16 (full 0):
 garbage-first heap   total 157696K, used 123094K [0x0000000080000000, 0x0000000100000000)
  region size 1024K, 68 young (69632K), 5 survivors (5120K)
 Metaspace       used 80996K, capacity 83102K, committed 83244K, reserved 1120256K
  class space    used 10762K, capacity 11598K, committed 11648K, reserved 1048576K
}
Event: 6.682 GC heap after
{Heap after GC invocations=17 (full 0):
 garbage-first heap   total 157696K, used 64096K [0x0000000080000000, 0x0000000100000000)
  region size 1024K, 9 young (9216K), 9 survivors (9216K)
 Metaspace       used 80996K, capacity 83102K, committed 83244K, reserved 1120256K
  class space    used 10762K, capacity 11598K, committed 11648K, reserved 1048576K
}
Event: 6.991 GC heap before
{Heap before GC invocations=17 (full 0):
 garbage-first heap   total 157696K, used 125536K [0x0000000080000000, 0x0000000100000000)
  region size 1024K, 70 young (71680K), 9 survivors (9216K)
 Metaspace       used 81989K, capacity 84240K, committed 84396K, reserved 1122304K
  class space    used 10845K, capacity 11713K, committed 11776K, reserved 1048576K
}
Event: 6.997 GC heap after
{Heap after GC invocations=18 (full 0):
 garbage-first heap   total 157696K, used 68456K [0x0000000080000000, 0x0000000100000000)
  region size 1024K, 9 young (9216K), 9 survivors (9216K)
 Metaspace       used 81989K, capacity 84240K, committed 84396K, reserved 1122304K
  class space    used 10845K, capacity 11713K, committed 11776K, reserved 1048576K
}
Event: 7.186 GC heap before
{Heap before GC invocations=18 (full 0):
 garbage-first heap   total 157696K, used 126824K [0x0000000080000000, 0x0000000100000000)
  region size 1024K, 67 young (68608K), 9 survivors (9216K)
 Metaspace       used 84318K, capacity 86627K, committed 86956K, reserved 1124352K
  class space    used 11083K, capacity 11958K, committed 12032K, reserved 1048576K
}
Event: 7.192 GC heap after
{Heap after GC invocations=19 (full 0):
 garbage-first heap   total 157696K, used 71691K [0x0000000080000000, 0x0000000100000000)
  region size 1024K, 8 young (8192K), 8 survivors (8192K)
 Metaspace       used 84318K, capacity 86627K, committed 86956K, reserved 1124352K
  class space    used 11083K, capacity 11958K, committed 12032K, reserved 1048576K
}
Event: 7.387 GC heap before
{Heap before GC invocations=19 (full 0):
 garbage-first heap   total 157696K, used 131083K [0x0000000080000000, 0x0000000100000000)
  region size 1024K, 61 young (62464K), 8 survivors (8192K)
 Metaspace       used 89470K, capacity 91797K, committed 91948K, reserved 1128448K
  class space    used 11738K, capacity 12595K, committed 12672K, reserved 1048576K
}
Event: 7.393 GC heap after
{Heap after GC invocations=20 (full 0):
 garbage-first heap   total 157696K, used 83926K [0x0000000080000000, 0x0000000100000000)
  region size 1024K, 8 young (8192K), 8 survivors (8192K)
 Metaspace       used 89470K, capacity 91797K, committed 91948K, reserved 1128448K
  class space    used 11738K, capacity 12595K, committed 12672K, reserved 1048576K
}

Deoptimization events (20 events):
Event: 7.486 Thread 0x0000018624d57800 DEOPT PACKING pc=0x00000186054ebb43 sp=0x0000005454efd620
Event: 7.486 Thread 0x0000018624d57800 DEOPT UNPACKING pc=0x0000018603a7a95e sp=0x0000005454efcb60 mode 0
Event: 7.486 Thread 0x0000018624d57800 DEOPT PACKING pc=0x00000186054ebb43 sp=0x0000005454efd620
Event: 7.486 Thread 0x0000018624d57800 DEOPT UNPACKING pc=0x0000018603a7a95e sp=0x0000005454efcb60 mode 0
Event: 7.487 Thread 0x0000018624d57800 DEOPT PACKING pc=0x00000186053e34f6 sp=0x0000005454efd5d0
Event: 7.487 Thread 0x0000018624d57800 DEOPT UNPACKING pc=0x0000018603a7a95e sp=0x0000005454efcaf0 mode 0
Event: 7.492 Thread 0x0000018624d57800 DEOPT PACKING pc=0x00000186053e34d5 sp=0x0000005454efd5d0
Event: 7.492 Thread 0x0000018624d57800 DEOPT UNPACKING pc=0x0000018603a7a95e sp=0x0000005454efcaf0 mode 0
Event: 7.495 Thread 0x0000018624d57800 DEOPT PACKING pc=0x00000186053e34d5 sp=0x0000005454efd5b0
Event: 7.495 Thread 0x0000018624d57800 DEOPT UNPACKING pc=0x0000018603a7a95e sp=0x0000005454efcad0 mode 0
Event: 7.505 Thread 0x0000018624d57800 DEOPT PACKING pc=0x00000186054272fe sp=0x0000005454efd680
Event: 7.505 Thread 0x0000018624d57800 DEOPT UNPACKING pc=0x0000018603a7a95e sp=0x0000005454efcaf8 mode 0
Event: 7.507 Thread 0x0000018624d57800 DEOPT PACKING pc=0x00000186054272fe sp=0x0000005454efd5d0
Event: 7.507 Thread 0x0000018624d57800 DEOPT UNPACKING pc=0x0000018603a7a95e sp=0x0000005454efca48 mode 0
Event: 7.507 Thread 0x0000018624d57800 DEOPT PACKING pc=0x00000186054272fe sp=0x0000005454efd5d0
Event: 7.507 Thread 0x0000018624d57800 DEOPT UNPACKING pc=0x0000018603a7a95e sp=0x0000005454efca48 mode 0
Event: 7.507 Thread 0x0000018624d57800 DEOPT PACKING pc=0x00000186054272fe sp=0x0000005454efd5d0
Event: 7.507 Thread 0x0000018624d57800 DEOPT UNPACKING pc=0x0000018603a7a95e sp=0x0000005454efca48 mode 0
Event: 7.508 Thread 0x0000018624d57800 DEOPT PACKING pc=0x00000186054272fe sp=0x0000005454efd5d0
Event: 7.508 Thread 0x0000018624d57800 DEOPT UNPACKING pc=0x0000018603a7a95e sp=0x0000005454efca48 mode 0

Classes redefined (0 events):
No events

Internal exceptions (20 events):
Event: 6.884 Thread 0x0000018621a80800 Exception <a 'java/lang/NoSuchMethodError'{0x000000008719a4a8}: <clinit>> (0x000000008719a4a8) thrown at [./src/hotspot/share/prims/jni.cpp, line 1365]
Event: 6.884 Thread 0x0000018621a80800 Exception <a 'java/lang/NoSuchMethodError'{0x000000008719b6e0}: <clinit>> (0x000000008719b6e0) thrown at [./src/hotspot/share/prims/jni.cpp, line 1365]
Event: 7.014 Thread 0x0000018621a80800 Exception <a 'sun/nio/fs/WindowsException'{0x00000000898d9730}> (0x00000000898d9730) thrown at [./src/hotspot/share/prims/jni.cpp, line 615]
Event: 7.014 Thread 0x0000018621a80800 Exception <a 'sun/nio/fs/WindowsException'{0x00000000898da5f8}> (0x00000000898da5f8) thrown at [./src/hotspot/share/prims/jni.cpp, line 615]
Event: 7.014 Thread 0x0000018621a80800 Exception <a 'sun/nio/fs/WindowsException'{0x00000000898daa40}> (0x00000000898daa40) thrown at [./src/hotspot/share/prims/jni.cpp, line 615]
Event: 7.014 Thread 0x0000018621a80800 Exception <a 'sun/nio/fs/WindowsException'{0x00000000898db8e8}> (0x00000000898db8e8) thrown at [./src/hotspot/share/prims/jni.cpp, line 615]
Event: 7.014 Thread 0x0000018621a80800 Exception <a 'sun/nio/fs/WindowsException'{0x00000000898dbc48}> (0x00000000898dbc48) thrown at [./src/hotspot/share/prims/jni.cpp, line 615]
Event: 7.015 Thread 0x0000018621a80800 Exception <a 'sun/nio/fs/WindowsException'{0x00000000898dcb08}> (0x00000000898dcb08) thrown at [./src/hotspot/share/prims/jni.cpp, line 615]
Event: 7.015 Thread 0x0000018621a80800 Exception <a 'sun/nio/fs/WindowsException'{0x00000000898dce08}> (0x00000000898dce08) thrown at [./src/hotspot/share/prims/jni.cpp, line 615]
Event: 7.015 Thread 0x0000018621a80800 Exception <a 'sun/nio/fs/WindowsException'{0x00000000898ddc98}> (0x00000000898ddc98) thrown at [./src/hotspot/share/prims/jni.cpp, line 615]
Event: 7.027 Thread 0x0000018621a80800 Exception <a 'java/lang/NoSuchMethodError'{0x0000000089665030}: <clinit>> (0x0000000089665030) thrown at [./src/hotspot/share/prims/jni.cpp, line 1365]
Event: 7.030 Thread 0x0000018621a80800 Exception <a 'java/lang/NoSuchMethodError'{0x0000000089698af8}: <clinit>> (0x0000000089698af8) thrown at [./src/hotspot/share/prims/jni.cpp, line 1365]
Event: 7.032 Thread 0x0000018621a80800 Exception <a 'java/lang/NoSuchMethodError'{0x00000000896cbe48}: <clinit>> (0x00000000896cbe48) thrown at [./src/hotspot/share/prims/jni.cpp, line 1365]
Event: 7.032 Thread 0x0000018621a80800 Exception <a 'java/lang/NoSuchMethodError'{0x00000000896de5c0}: <clinit>> (0x00000000896de5c0) thrown at [./src/hotspot/share/prims/jni.cpp, line 1365]
Event: 7.119 Thread 0x0000018621a7b000 Exception <a 'java/lang/NoSuchMethodError'{0x0000000087c4d5d8}: 'int java.lang.invoke.DirectMethodHandle$Holder.invokeSpecial(java.lang.Object, java.lang.Object, java.lang.Object, java.lang.Object, java.lang.Object)'> (0x0000000087c4d5d8) thrown at [./src/hotspot/share/interpreter/linkResolver.cpp, line 773]
Event: 7.149 Thread 0x000001861da22000 Implicit null exception at 0x000001860ba94178 to 0x000001860ba94810
Event: 7.235 Thread 0x0000018621c71000 Implicit null exception at 0x000001860bab208e to 0x000001860bab27d0
Event: 7.235 Thread 0x0000018621c78800 Implicit null exception at 0x000001860bab208e to 0x000001860bab27d0
Event: 7.297 Thread 0x0000018624d57800 Exception <a 'sun/nio/fs/WindowsException'{0x0000000087a84648}> (0x0000000087a84648) thrown at [./src/hotspot/share/prims/jni.cpp, line 615]
Event: 7.406 Thread 0x0000018624d57800 Exception <a 'java/lang/NoSuchMethodError'{0x000000008970df68}: 'java.lang.Object java.lang.invoke.DirectMethodHandle$Holder.invokeStaticInit(java.lang.Object, java.lang.Object, java.lang.Object, java.lang.Object, java.lang.Object, java.lang.Object, java.lang.Object, java.lang.Object, java.lang.Object, java.lang.Object, java.lang.Object, java.lang.Object, java.lang.Object, java.lang.Object, java.lang.Object, java.lang.Object, java.lang.Object, java.lang.Object, int, java.lang.Object, java.lang.Object)'> (0

Events (20 events):
Event: 7.492 loading class java/util/concurrent/Executors$DelegatedExecutorService
Event: 7.492 loading class java/util/concurrent/Executors$DelegatedExecutorService done
Event: 7.492 loading class java/util/concurrent/Executors$DelegatedScheduledExecutorService done
Event: 7.492 loading class com/android/build/gradle/internal/services/Aapt2DaemonManagerMaintainer$firstDaemonStarted$1
Event: 7.492 loading class com/android/build/gradle/internal/services/Aapt2DaemonManagerMaintainer$firstDaemonStarted$1 done
Event: 7.493 Thread 0x0000018624d5a000 Thread added: 0x0000018624d5a000
Event: 7.493 loading class com/android/build/gradle/internal/services/Aapt2DaemonManagerMaintainer$firstDaemonStarted$2
Event: 7.493 loading class com/android/build/gradle/internal/services/Aapt2DaemonManagerMaintainer$firstDaemonStarted$2 done
Event: 7.493 loading class com/android/builder/internal/aapt/v2/Aapt2DaemonManager$LeasedAaptDaemon
Event: 7.493 loading class com/android/builder/internal/aapt/v2/Aapt2DaemonManager$LeasedAaptDaemon done
Event: 7.493 loading class com/android/builder/internal/aapt/v2/Aapt2DaemonManager$leaseDaemon$1
Event: 7.493 loading class com/android/builder/internal/aapt/v2/Aapt2DaemonManager$leaseDaemon$1 done
Event: 7.493 loading class com/android/builder/internal/aapt/v2/Aapt2Daemon$WhenMappings
Event: 7.493 loading class com/android/builder/internal/aapt/v2/Aapt2Daemon$WhenMappings done
Event: 7.494 loading class com/android/builder/internal/aapt/v2/Aapt2DaemonImpl$WaitForReadyOnStdOut
Event: 7.494 loading class com/android/builder/internal/aapt/v2/Aapt2DaemonImpl$WaitForReadyOnStdOut done
Event: 7.494 loading class java/lang/ProcessBuilder
Event: 7.494 loading class java/lang/ProcessBuilder done
Event: 7.494 loading class java/lang/ProcessImpl
Event: 7.495 loading class java/lang/ProcessImpl done


Dynamic libraries:
0x00007ff6ed730000 - 0x00007ff6ed73a000 	C:\Program Files\Android\Android Studio\jre\bin\java.exe
0x00007ffe4dc00000 - 0x00007ffe4de09000 	C:\Windows\SYSTEM32\ntdll.dll
0x00007ffe4d170000 - 0x00007ffe4d22d000 	C:\Windows\System32\KERNEL32.DLL
0x00007ffe4b5f0000 - 0x00007ffe4b969000 	C:\Windows\System32\KERNELBASE.dll
0x00007ffe4b970000 - 0x00007ffe4ba81000 	C:\Windows\System32\ucrtbase.dll
0x00007ffe33b30000 - 0x00007ffe33b47000 	C:\Program Files\Android\Android Studio\jre\bin\VCRUNTIME140.dll
0x00007ffe31e10000 - 0x00007ffe31e29000 	C:\Program Files\Android\Android Studio\jre\bin\jli.dll
0x00007ffe4c0f0000 - 0x00007ffe4c29c000 	C:\Windows\System32\USER32.dll
0x00007ffe3e850000 - 0x00007ffe3eaf5000 	C:\Windows\WinSxS\amd64_microsoft.windows.common-controls_6595b64144ccf1df_6.0.22000.120_none_9d947278b86cc467\COMCTL32.dll
0x00007ffe4b270000 - 0x00007ffe4b296000 	C:\Windows\System32\win32u.dll
0x00007ffe4d0b0000 - 0x00007ffe4d153000 	C:\Windows\System32\msvcrt.dll
0x00007ffe4c4b0000 - 0x00007ffe4c4d9000 	C:\Windows\System32\GDI32.dll
0x00007ffe4b150000 - 0x00007ffe4b262000 	C:\Windows\System32\gdi32full.dll
0x00007ffe4b490000 - 0x00007ffe4b52d000 	C:\Windows\System32\msvcp_win.dll
0x00007ffe4bce0000 - 0x00007ffe4bd11000 	C:\Windows\System32\IMM32.DLL
0x00007ffe2b460000 - 0x00007ffe2b4fd000 	C:\Program Files\Android\Android Studio\jre\bin\msvcp140.dll
0x00007ffde3050000 - 0x00007ffde3b35000 	C:\Program Files\Android\Android Studio\jre\bin\server\jvm.dll
0x00007ffe4ba90000 - 0x00007ffe4bb3e000 	C:\Windows\System32\ADVAPI32.dll
0x00007ffe4bd20000 - 0x00007ffe4bdbe000 	C:\Windows\System32\sechost.dll
0x00007ffe4be50000 - 0x00007ffe4bf70000 	C:\Windows\System32\RPCRT4.dll
0x00007ffe4d3f0000 - 0x00007ffe4d3f8000 	C:\Windows\System32\PSAPI.DLL
0x00007ffe31450000 - 0x00007ffe31459000 	C:\Windows\SYSTEM32\WSOCK32.dll
0x00007ffe45830000 - 0x00007ffe45863000 	C:\Windows\SYSTEM32\WINMM.dll
0x00007ffe44b40000 - 0x00007ffe44b4a000 	C:\Windows\SYSTEM32\VERSION.dll
0x00007ffe4d040000 - 0x00007ffe4d0af000 	C:\Windows\System32\WS2_32.dll
0x00007ffe4a2d0000 - 0x00007ffe4a2e8000 	C:\Windows\SYSTEM32\kernel.appcore.dll
0x00007ffe264f0000 - 0x00007ffe26501000 	C:\Program Files\Android\Android Studio\jre\bin\verify.dll
0x00007ffe3ae00000 - 0x00007ffe3b021000 	C:\Windows\SYSTEM32\DBGHELP.DLL
0x00007ffe37470000 - 0x00007ffe374a1000 	C:\Windows\SYSTEM32\dbgcore.DLL
0x00007ffe4b410000 - 0x00007ffe4b48f000 	C:\Windows\System32\bcryptPrimitives.dll
0x00007ffe20d10000 - 0x00007ffe20d39000 	C:\Program Files\Android\Android Studio\jre\bin\java.dll
0x00007ffe2ff60000 - 0x00007ffe2ff6b000 	C:\Program Files\Android\Android Studio\jre\bin\jimage.dll
0x00007ffe25900000 - 0x00007ffe25918000 	C:\Program Files\Android\Android Studio\jre\bin\zip.dll
0x00007ffe4d400000 - 0x00007ffe4dbb8000 	C:\Windows\System32\SHELL32.dll
0x00007ffe49260000 - 0x00007ffe49ac8000 	C:\Windows\SYSTEM32\windows.storage.dll
0x00007ffe4cb40000 - 0x00007ffe4ceb9000 	C:\Windows\System32\combase.dll
0x00007ffe490f0000 - 0x00007ffe49256000 	C:\Windows\SYSTEM32\wintypes.dll
0x00007ffe4cec0000 - 0x00007ffe4cfaa000 	C:\Windows\System32\SHCORE.dll
0x00007ffe4bfe0000 - 0x00007ffe4c03d000 	C:\Windows\System32\shlwapi.dll
0x00007ffe4b010000 - 0x00007ffe4b031000 	C:\Windows\SYSTEM32\profapi.dll
0x00007ffe22180000 - 0x00007ffe2219a000 	C:\Program Files\Android\Android Studio\jre\bin\net.dll
0x00007ffe45870000 - 0x00007ffe4597c000 	C:\Windows\SYSTEM32\WINHTTP.dll
0x00007ffe4a700000 - 0x00007ffe4a767000 	C:\Windows\system32\mswsock.dll
0x00007ffe20df0000 - 0x00007ffe20e04000 	C:\Program Files\Android\Android Studio\jre\bin\nio.dll
0x00007ffe27780000 - 0x00007ffe277a7000 	C:\Users\datico\.gradle\native\e1d6ef7f7dcc3fd88c89a11ec53ec762bb8ba0a96d01ffa2cd45eb1d1d8dd5c5\windows-amd64\native-platform.dll
0x00007ffe27920000 - 0x00007ffe27a64000 	C:\Users\datico\.gradle\native\5664cfc778a61ccfe75a443a1ab52a65af34e5dc3c78e0209fed803814484fcb\windows-amd64\native-platform-file-events.dll
0x00007ffe2feb0000 - 0x00007ffe2feba000 	C:\Program Files\Android\Android Studio\jre\bin\management.dll
0x00007ffe2fa60000 - 0x00007ffe2fa6d000 	C:\Program Files\Android\Android Studio\jre\bin\management_ext.dll
0x00007ffe4a940000 - 0x00007ffe4a958000 	C:\Windows\SYSTEM32\CRYPTSP.dll
0x00007ffe4a230000 - 0x00007ffe4a265000 	C:\Windows\system32\rsaenh.dll
0x00007ffe4a7f0000 - 0x00007ffe4a819000 	C:\Windows\SYSTEM32\USERENV.dll
0x00007ffe4aac0000 - 0x00007ffe4aae7000 	C:\Windows\SYSTEM32\bcrypt.dll
0x00007ffe4a960000 - 0x00007ffe4a96c000 	C:\Windows\SYSTEM32\CRYPTBASE.dll
0x00007ffe49e00000 - 0x00007ffe49e2d000 	C:\Windows\SYSTEM32\IPHLPAPI.DLL
0x00007ffe4c4e0000 - 0x00007ffe4c4e9000 	C:\Windows\System32\NSI.dll
0x00007ffe45700000 - 0x00007ffe45719000 	C:\Windows\SYSTEM32\dhcpcsvc6.DLL
0x00007ffe463a0000 - 0x00007ffe463be000 	C:\Windows\SYSTEM32\dhcpcsvc.DLL
0x00007ffe49e70000 - 0x00007ffe49f58000 	C:\Windows\SYSTEM32\DNSAPI.dll

dbghelp: loaded successfully - version: 4.0.5 - missing functions: none
symbol engine: initialized successfully - sym options: 0x614 - pdb path: .;C:\Program Files\Android\Android Studio\jre\bin;C:\Windows\SYSTEM32;C:\Windows\WinSxS\amd64_microsoft.windows.common-controls_6595b64144ccf1df_6.0.22000.120_none_9d947278b86cc467;C:\Program Files\Android\Android Studio\jre\bin\server;C:\Users\datico\.gradle\native\e1d6ef7f7dcc3fd88c89a11ec53ec762bb8ba0a96d01ffa2cd45eb1d1d8dd5c5\windows-amd64;C:\Users\datico\.gradle\native\5664cfc778a61ccfe75a443a1ab52a65af34e5dc3c78e0209fed803814484fcb\windows-amd64

VM Arguments:
jvm_args: --add-opens=java.base/java.util=ALL-UNNAMED --add-opens=java.base/java.lang=ALL-UNNAMED --add-opens=java.base/java.lang.invoke=ALL-UNNAMED --add-opens=java.base/java.util=ALL-UNNAMED --add-opens=java.prefs/java.util.prefs=ALL-UNNAMED --add-opens=java.prefs/java.util.prefs=ALL-UNNAMED --add-opens=java.base/java.nio.charset=ALL-UNNAMED --add-opens=java.base/java.net=ALL-UNNAMED --add-opens=java.base/java.util.concurrent.atomic=ALL-UNNAMED -Xmx2048m -Dfile.encoding=UTF-8 -Duser.country=RU -Duser.language=ru -Duser.variant 
java_command: org.gradle.launcher.daemon.bootstrap.GradleDaemon 7.3.3
java_class_path (initial): C:\Users\datico\.gradle\wrapper\dists\gradle-7.3.3-bin\6a41zxkdtcxs8rphpq6y0069z\gradle-7.3.3\lib\gradle-launcher-7.3.3.jar
Launcher Type: SUN_STANDARD

[Global flags]
     intx CICompilerCount                          = 4                                         {product} {ergonomic}
     uint ConcGCThreads                            = 3                                         {product} {ergonomic}
     uint G1ConcRefinementThreads                  = 10                                        {product} {ergonomic}
   size_t G1HeapRegionSize                         = 1048576                                   {product} {ergonomic}
    uintx GCDrainStackTargetSize                   = 64                                        {product} {ergonomic}
   size_t InitialHeapSize                          = 134217728                                 {product} {ergonomic}
   size_t MarkStackSize                            = 4194304                                   {product} {ergonomic}
   size_t MaxHeapSize                              = 2147483648                                {product} {command line}
   size_t MaxNewSize                               = 1287651328                                {product} {ergonomic}
   size_t MinHeapDeltaBytes                        = 1048576                                   {product} {ergonomic}
    uintx NonNMethodCodeHeapSize                   = 5836300                                {pd product} {ergonomic}
    uintx NonProfiledCodeHeapSize                  = 122910970                              {pd product} {ergonomic}
    uintx ProfiledCodeHeapSize                     = 122910970                              {pd product} {ergonomic}
    uintx ReservedCodeCacheSize                    = 251658240                              {pd product} {ergonomic}
     bool SegmentedCodeCache                       = true                                      {product} {ergonomic}
     bool UseCompressedClassPointers               = true                                 {lp64_product} {ergonomic}
     bool UseCompressedOops                        = true                                 {lp64_product} {ergonomic}
     bool UseG1GC                                  = true                                      {product} {ergonomic}
     bool UseLargePagesIndividualAllocation        = false                                  {pd product} {ergonomic}

Logging:
Log output configuration:
 #0: stdout all=warning uptime,level,tags
 #1: stderr all=off uptime,level,tags

Environment Variables:
PATH=C:\Windows\system32;C:\Windows;C:\Windows\System32\Wbem;C:\Windows\System32\WindowsPowerShell\v1.0\;C:\Windows\System32\OpenSSH\;C:\Program Files\NVIDIA Corporation\NVIDIA NvDLISR;C:\Program Files (x86)\NVIDIA Corporation\PhysX\Common;C:\Users\datico\AppData\Local\Microsoft\WindowsApps;
USERNAME=datico
OS=Windows_NT
PROCESSOR_IDENTIFIER=AMD64 Family 23 Model 113 Stepping 0, AuthenticAMD



---------------  S Y S T E M  ---------------

OS: Windows 10 , 64 bit Build 22000 (10.0.22000.708)
OS uptime: 3 days 21:22 hours

CPU:total 12 (initial active 12) (12 cores per cpu, 2 threads per core) family 23 model 113 stepping 0 microcode 0x0, cmov, cx8, fxsr, mmx, sse, sse2, sse3, ssse3, sse4.1, sse4.2, popcnt, avx, avx2, aes, clmul, mmxext, 3dnowpref, lzcnt, sse4a, ht, tsc, tscinvbit, tscinv, bmi1, bmi2, adx, sha, fma

Memory: 4k page, system-wide physical 8140M (889M free)
TotalPageFile size 22357M (AvailPageFile size 5M)
current process WorkingSet (physical memory assigned to process): 436M, peak: 439M
current process commit charge ("private bytes"): 478M, peak: 481M

vm_info: OpenJDK 64-Bit Server VM (11.0.12+7-b1504.28-7817840) for windows-amd64 JRE (11.0.12+7-b1504.28-7817840), built on Oct 13 2021 22:12:33 by "builder" with MS VC++ 14.0 (VS2015)

END.
