#
# There is insufficient memory for the Java Runtime Environment to continue.
# Native memory allocation (malloc) failed to allocate 1283536 bytes for Chunk::new
# Possible reasons:
#   The system is out of physical RAM or swap space
#   The process is running with CompressedOops enabled, and the Java Heap may be blocking the growth of the native heap
# Possible solutions:
#   Reduce memory load on the system
#   Increase physical memory or swap space
#   Check if swap backing store is full
#   Decrease Java heap size (-Xmx/-Xms)
#   Decrease number of Java threads
#   Decrease Java thread stack sizes (-Xss)
#   Set larger code cache with -XX:ReservedCodeCacheSize=
#   JVM is running with Unscaled Compressed Oops mode in which the Java heap is
#     placed in the first 4GB address space. The Java Heap base address is the
#     maximum limit for the native heap growth. Please use -XX:HeapBaseMinAddress
#     to set the Java Heap base and to place the Java Heap above 4GB virtual address.
# This output file may be truncated or incomplete.
#
#  Out of Memory Error (./src/hotspot/share/memory/arena.cpp:197), pid=21368, tid=16708
#
# JRE version: OpenJDK Runtime Environment (11.0.12+7) (build 11.0.12+7-b1504.28-7817840)
# Java VM: OpenJDK 64-Bit Server VM (11.0.12+7-b1504.28-7817840, mixed mode, tiered, compressed oops, g1 gc, windows-amd64)
# No core dump will be written. Minidumps are not enabled by default on client versions of Windows
#

---------------  S U M M A R Y ------------

Command Line: --add-opens=java.base/java.util=ALL-UNNAMED --add-opens=java.base/java.lang=ALL-UNNAMED --add-opens=java.base/java.lang.invoke=ALL-UNNAMED --add-opens=java.base/java.util=ALL-UNNAMED --add-opens=java.prefs/java.util.prefs=ALL-UNNAMED --add-opens=java.prefs/java.util.prefs=ALL-UNNAMED --add-opens=java.base/java.nio.charset=ALL-UNNAMED --add-opens=java.base/java.net=ALL-UNNAMED --add-opens=java.base/java.util.concurrent.atomic=ALL-UNNAMED -Xmx2048m -Dfile.encoding=UTF-8 -Duser.country=RU -Duser.language=ru -Duser.variant org.gradle.launcher.daemon.bootstrap.GradleDaemon 7.3.3

Host: AMD Ryzen 5 3600 6-Core Processor              , 12 cores, 7G,  Windows 10 , 64 bit Build 22000 (10.0.22000.708)
Time: Thu Jul 14 14:01:50 2022 RTZ 2 (зима) elapsed time: 8.271730 seconds (0d 0h 0m 8s)

---------------  T H R E A D  ---------------

Current thread (0x00000236f06e2800):  JavaThread "C2 CompilerThread0" daemon [_thread_in_native, id=16708, stack(0x0000007921000000,0x0000007921100000)]


Current CompileTask:
C2:   8271 10094 %     4       org.gradle.internal.instantiation.generator.AbstractClassGenerator::inspectType @ 207 (560 bytes)

Stack: [0x0000007921000000,0x0000007921100000]
Native frames: (J=compiled Java code, j=interpreted, Vv=VM code, C=native code)
V  [jvm.dll+0x5fbcea]
V  [jvm.dll+0x731905]
V  [jvm.dll+0x732f1d]
V  [jvm.dll+0x7335d3]
V  [jvm.dll+0x247bf8]
V  [jvm.dll+0xc018c]
V  [jvm.dll+0xc06cc]
V  [jvm.dll+0x2bcc04]
V  [jvm.dll+0x5113a8]
V  [jvm.dll+0x208303]
V  [jvm.dll+0x201fe0]
V  [jvm.dll+0x1ff71f]
V  [jvm.dll+0x18868c]
V  [jvm.dll+0x20e0d7]
V  [jvm.dll+0x20c901]
V  [jvm.dll+0x6f9b7f]
V  [jvm.dll+0x6f26a5]
V  [jvm.dll+0x5fabf6]
C  [ucrtbase.dll+0x26c0c]
C  [KERNEL32.DLL+0x154e0]
C  [ntdll.dll+0x485b]


---------------  P R O C E S S  ---------------

Threads class SMR info:
_java_thread_list=0x00000236fbe32600, length=195, elements={
0x00000236d4c9b800, 0x00000236efd8a800, 0x00000236efd97800, 0x00000236efdaa800,
0x00000236efdab800, 0x00000236efdaf000, 0x00000236f06e2800, 0x00000236f06ed800,
0x00000236efdb1000, 0x00000236f08a2000, 0x00000236f1fde000, 0x00000236f097d000,
0x00000236f2fb0000, 0x00000236f315c800, 0x00000236f27ed800, 0x00000236f0e17000,
0x00000236f2239800, 0x00000236f33c4000, 0x00000236f17f1000, 0x00000236f3680800,
0x00000236f2b4e800, 0x00000236f2b4d800, 0x00000236f2b4f800, 0x00000236f2b4d000,
0x00000236f2b53800, 0x00000236f2b51000, 0x00000236f2b52000, 0x00000236f2b50000,
0x00000236f2b52800, 0x00000236f5e63800, 0x00000236f5e66800, 0x00000236f5e68000,
0x00000236f5e69000, 0x00000236f5e66000, 0x00000236f5e6a000, 0x00000236f5e64000,
0x00000236f5e6e800, 0x00000236f5e6c800, 0x00000236f5e6f800, 0x00000236f5e70800,
0x00000236f5e6e000, 0x00000236f5e6a800, 0x00000236f5e71000, 0x00000236f5e6d000,
0x00000236f5e6b800, 0x00000236f5e72000, 0x00000236f5c72800, 0x00000236f5c73800,
0x00000236f5c74800, 0x00000236f5c71000, 0x00000236f5c72000, 0x00000236f5c77800,
0x00000236f5c7a000, 0x00000236f5c7b000, 0x00000236f5c76000, 0x00000236f5c78800,
0x00000236f5c75000, 0x00000236f5c7b800, 0x00000236f5c7c800, 0x00000236f5c79800,
0x00000236f5c77000, 0x00000236f5c7d800, 0x00000236f5c80000, 0x00000236f5c7e000,
0x00000236f5c7f000, 0x00000236f7871800, 0x00000236f7878000, 0x00000236f7872000,
0x00000236f7873800, 0x00000236f7878800, 0x00000236f7874800, 0x00000236f7876000,
0x00000236f7875800, 0x00000236f7873000, 0x00000236f7877000, 0x00000236f787b000,
0x00000236f787c000, 0x00000236f787c800, 0x00000236f787d800, 0x00000236f7879800,
0x00000236f787e800, 0x00000236f7880000, 0x00000236f787f000, 0x00000236f787a000,
0x00000236f62c8000, 0x00000236f62c5000, 0x00000236f62c6800, 0x00000236f62c7800,
0x00000236f62c9000, 0x00000236f62c3800, 0x00000236f62c4000, 0x00000236f62ca000,
0x00000236f62ca800, 0x00000236f62cb800, 0x00000236f62c6000, 0x00000236f62d1000,
0x00000236f62cf800, 0x00000236f62d2000, 0x00000236f62ce000, 0x00000236f62cd000,
0x00000236f62cc800, 0x00000236f62ce800, 0x00000236f62d0800, 0x00000236f3fa8800,
0x00000236f3fad000, 0x00000236f3faa000, 0x00000236f3fae000, 0x00000236f3faa800,
0x00000236f3faf000, 0x00000236f3fab800, 0x00000236f3fa9000, 0x00000236f3fac800,
0x00000236f3fb5800, 0x00000236f3fb2000, 0x00000236f3faf800, 0x00000236f3fb3800,
0x00000236f3fb6000, 0x00000236f3fb4800, 0x00000236f3fb3000, 0x00000236f3fb0800,
0x00000236f3fb7000, 0x00000236f3fb1000, 0x00000236f62b5000, 0x00000236f62b7800,
0x00000236f62b5800, 0x00000236f62b3800, 0x00000236f62b6800, 0x00000236f62b8000,
0x00000236f62b4000, 0x00000236f62bc800, 0x00000236f62b9000, 0x00000236f62be000,
0x00000236f62bd000, 0x00000236f62be800, 0x00000236f62ba800, 0x00000236f62bf800,
0x00000236f62ba000, 0x00000236f62c0800, 0x00000236f62c1000, 0x00000236f62bb800,
0x00000236f62c2000, 0x00000236f796c800, 0x00000236f7969000, 0x00000236f796a000,
0x00000236f796b000, 0x00000236f7966800, 0x00000236f796b800, 0x00000236f796d000,
0x00000236f7967800, 0x00000236f796e000, 0x00000236f7968800, 0x00000236f796f000,
0x00000236f7975800, 0x00000236f7974000, 0x00000236f7972000, 0x00000236f796f800,
0x00000236f7973000, 0x00000236f7970800, 0x00000236f7971800, 0x00000236f7974800,
0x00000236f449e800, 0x00000236f4499800, 0x00000236f449b800, 0x00000236f449c000,
0x00000236f449a800, 0x00000236f4499000, 0x00000236f449f800, 0x00000236f44a1000,
0x00000236f44a2800, 0x00000236f44a3800, 0x00000236f449e000, 0x00000236f44a4800,
0x00000236f44a5000, 0x00000236f44a7000, 0x00000236f44a6000, 0x00000236f44a7800,
0x00000236f63af000, 0x00000236f63ac800, 0x00000236f63b0000, 0x00000236f63ab800,
0x00000236f63ab000, 0x00000236f63ae000, 0x00000236f63b0800, 0x00000236f63b1800,
0x00000236f63ad800, 0x00000236f63b6800, 0x00000236f63b7000, 0x00000236f63b8000,
0x00000236f63b4800, 0x00000236f63b2000, 0x00000236f63b9000, 0x00000236f63b5800,
0x00000236f63b3000, 0x00000236f63b9800, 0x00000236f63b4000
}

Java Threads: ( => current thread )
  0x00000236d4c9b800 JavaThread "main" [_thread_blocked, id=22204, stack(0x0000007920400000,0x0000007920500000)]
  0x00000236efd8a800 JavaThread "Reference Handler" daemon [_thread_blocked, id=3064, stack(0x0000007920b00000,0x0000007920c00000)]
  0x00000236efd97800 JavaThread "Finalizer" daemon [_thread_blocked, id=16024, stack(0x0000007920c00000,0x0000007920d00000)]
  0x00000236efdaa800 JavaThread "Signal Dispatcher" daemon [_thread_blocked, id=11832, stack(0x0000007920d00000,0x0000007920e00000)]
  0x00000236efdab800 JavaThread "Attach Listener" daemon [_thread_blocked, id=17388, stack(0x0000007920e00000,0x0000007920f00000)]
  0x00000236efdaf000 JavaThread "Service Thread" daemon [_thread_blocked, id=12172, stack(0x0000007920f00000,0x0000007921000000)]
=>0x00000236f06e2800 JavaThread "C2 CompilerThread0" daemon [_thread_in_native, id=16708, stack(0x0000007921000000,0x0000007921100000)]
  0x00000236f06ed800 JavaThread "C1 CompilerThread0" daemon [_thread_in_native, id=10288, stack(0x0000007921100000,0x0000007921200000)]
  0x00000236efdb1000 JavaThread "Sweeper thread" daemon [_thread_blocked, id=15568, stack(0x0000007921200000,0x0000007921300000)]
  0x00000236f08a2000 JavaThread "Common-Cleaner" daemon [_thread_blocked, id=2340, stack(0x0000007921300000,0x0000007921400000)]
  0x00000236f1fde000 JavaThread "Daemon health stats" [_thread_blocked, id=22452, stack(0x0000007921900000,0x0000007921a00000)]
  0x00000236f097d000 JavaThread "Incoming local TCP Connector on port 56549" [_thread_in_native, id=8376, stack(0x0000007921500000,0x0000007921600000)]
  0x00000236f2fb0000 JavaThread "Daemon periodic checks" [_thread_blocked, id=17884, stack(0x0000007921600000,0x0000007921700000)]
  0x00000236f315c800 JavaThread "Daemon" [_thread_blocked, id=13668, stack(0x0000007921a00000,0x0000007921b00000)]
  0x00000236f27ed800 JavaThread "Handler for socket connection from /127.0.0.1:56549 to /127.0.0.1:56552" [_thread_in_native, id=3120, stack(0x0000007921b00000,0x0000007921c00000)]
  0x00000236f0e17000 JavaThread "Cancel handler" [_thread_blocked, id=9368, stack(0x0000007921c00000,0x0000007921d00000)]
  0x00000236f2239800 JavaThread "Daemon worker" [_thread_blocked, id=11480, stack(0x0000007921d00000,0x0000007921e00000)]
  0x00000236f33c4000 JavaThread "C2 CompilerThread1" daemon [_thread_in_native, id=20096, stack(0x0000007921e00000,0x0000007921f00000)]
  0x00000236f17f1000 JavaThread "Asynchronous log dispatcher for DefaultDaemonConnection: socket connection from /127.0.0.1:56549 to /127.0.0.1:56552" [_thread_blocked, id=10660, stack(0x0000007921f00000,0x0000007922000000)]
  0x00000236f3680800 JavaThread "Stdin handler" [_thread_blocked, id=17184, stack(0x0000007922000000,0x0000007922100000)]
  0x00000236f2b4e800 JavaThread "Daemon client event forwarder" [_thread_blocked, id=1060, stack(0x0000007922100000,0x0000007922200000)]
  0x00000236f2b4d800 JavaThread "Cache worker for journal cache (C:\Users\datico\.gradle\caches\journal-1)" [_thread_blocked, id=7072, stack(0x0000007922900000,0x0000007922a00000)]
  0x00000236f2b4f800 JavaThread "File lock request listener" [_thread_in_native, id=5772, stack(0x0000007922a00000,0x0000007922b00000)]
  0x00000236f2b4d000 JavaThread "Cache worker for file hash cache (C:\Users\datico\.gradle\caches\7.3.3\fileHashes)" [_thread_blocked, id=8356, stack(0x0000007922b00000,0x0000007922c00000)]
  0x00000236f2b53800 JavaThread "Cache worker for file hash cache (C:\Users\datico\AndroidStudioProjects\MoneyManager2\.gradle\7.3.3\fileHashes)" [_thread_blocked, id=4676, stack(0x0000007922e00000,0x0000007922f00000)]
  0x00000236f2b51000 JavaThread "File watcher server" daemon [_thread_in_native, id=1524, stack(0x0000007922f00000,0x0000007923000000)]
  0x00000236f2b52000 JavaThread "File watcher consumer" daemon [_thread_blocked, id=21900, stack(0x0000007923000000,0x0000007923100000)]
  0x00000236f2b50000 JavaThread "Cache worker for checksums cache (C:\Users\datico\AndroidStudioProjects\MoneyManager2\.gradle\7.3.3\checksums)" [_thread_blocked, id=18684, stack(0x0000007923100000,0x0000007923200000)]
  0x00000236f2b52800 JavaThread "Cache worker for cache directory md-supplier (C:\Users\datico\.gradle\caches\7.3.3\md-supplier)" [_thread_blocked, id=17656, stack(0x0000007923200000,0x0000007923300000)]
  0x00000236f5e63800 JavaThread "Cache worker for cache directory md-rule (C:\Users\datico\.gradle\caches\7.3.3\md-rule)" [_thread_blocked, id=14204, stack(0x0000007923300000,0x0000007923400000)]
  0x00000236f5e66800 JavaThread "Cache worker for execution history cache (C:\Users\datico\.gradle\caches\7.3.3\executionHistory)" [_thread_blocked, id=20216, stack(0x0000007923400000,0x0000007923500000)]
  0x00000236f5e68000 JavaThread "jar transforms" [_thread_blocked, id=5128, stack(0x0000007923500000,0x0000007923600000)]
  0x00000236f5e69000 JavaThread "Cache worker for file content cache (C:\Users\datico\.gradle\caches\7.3.3\fileContent)" [_thread_blocked, id=15164, stack(0x0000007923600000,0x0000007923700000)]
  0x00000236f5e66000 JavaThread "jar transforms Thread 2" [_thread_blocked, id=16188, stack(0x0000007923700000,0x0000007923800000)]
  0x00000236f5e6a000 JavaThread "Cache worker for dependencies-accessors (C:\Users\datico\AndroidStudioProjects\MoneyManager2\.gradle\7.3.3\dependencies-accessors)" [_thread_blocked, id=12824, stack(0x0000007923800000,0x0000007923900000)]
  0x00000236f5e64000 JavaThread "jar transforms Thread 3" [_thread_blocked, id=16640, stack(0x0000007923900000,0x0000007923a00000)]
  0x00000236f5e6e800 JavaThread "Cache worker for Build Output Cleanup Cache (C:\Users\datico\AndroidStudioProjects\MoneyManager2\.gradle\buildOutputCleanup)" [_thread_blocked, id=13936, stack(0x0000007923a00000,0x0000007923b00000)]
  0x00000236f5e6c800 JavaThread "Unconstrained build operations" [_thread_blocked, id=1688, stack(0x0000007923b00000,0x0000007923c00000)]
  0x00000236f5e6f800 JavaThread "Unconstrained build operations Thread 2" [_thread_blocked, id=12712, stack(0x0000007923c00000,0x0000007923d00000)]
  0x00000236f5e70800 JavaThread "Unconstrained build operations Thread 3" [_thread_blocked, id=7876, stack(0x0000007923d00000,0x0000007923e00000)]
  0x00000236f5e6e000 JavaThread "Unconstrained build operations Thread 4" [_thread_blocked, id=14164, stack(0x0000007923e00000,0x0000007923f00000)]
  0x00000236f5e6a800 JavaThread "Unconstrained build operations Thread 5" [_thread_blocked, id=8164, stack(0x0000007923f00000,0x0000007924000000)]
  0x00000236f5e71000 JavaThread "Unconstrained build operations Thread 6" [_thread_blocked, id=21212, stack(0x0000007924000000,0x0000007924100000)]
  0x00000236f5e6d000 JavaThread "Unconstrained build operations Thread 7" [_thread_blocked, id=17804, stack(0x0000007924100000,0x0000007924200000)]
  0x00000236f5e6b800 JavaThread "Unconstrained build operations Thread 8" [_thread_blocked, id=11240, stack(0x0000007924200000,0x0000007924300000)]
  0x00000236f5e72000 JavaThread "Unconstrained build operations Thread 9" [_thread_blocked, id=8380, stack(0x0000007924300000,0x0000007924400000)]
  0x00000236f5c72800 JavaThread "Unconstrained build operations Thread 10" [_thread_blocked, id=16656, stack(0x0000007924400000,0x0000007924500000)]
  0x00000236f5c73800 JavaThread "Unconstrained build operations Thread 11" [_thread_blocked, id=9020, stack(0x0000007924500000,0x0000007924600000)]
  0x00000236f5c74800 JavaThread "Unconstrained build operations Thread 12" [_thread_blocked, id=19976, stack(0x0000007924600000,0x0000007924700000)]
  0x00000236f5c71000 JavaThread "Unconstrained build operations Thread 13" [_thread_blocked, id=9364, stack(0x0000007924700000,0x0000007924800000)]
  0x00000236f5c72000 JavaThread "Unconstrained build operations Thread 14" [_thread_blocked, id=18464, stack(0x0000007924800000,0x0000007924900000)]
  0x00000236f5c77800 JavaThread "Unconstrained build operations Thread 15" [_thread_blocked, id=5816, stack(0x0000007924900000,0x0000007924a00000)]
  0x00000236f5c7a000 JavaThread "Unconstrained build operations Thread 16" [_thread_blocked, id=8928, stack(0x0000007924a00000,0x0000007924b00000)]
  0x00000236f5c7b000 JavaThread "Unconstrained build operations Thread 17" [_thread_blocked, id=6548, stack(0x0000007924b00000,0x0000007924c00000)]
  0x00000236f5c76000 JavaThread "Unconstrained build operations Thread 18" [_thread_blocked, id=19148, stack(0x0000007924c00000,0x0000007924d00000)]
  0x00000236f5c78800 JavaThread "Unconstrained build operations Thread 19" [_thread_blocked, id=2484, stack(0x0000007924d00000,0x0000007924e00000)]
  0x00000236f5c75000 JavaThread "Unconstrained build operations Thread 20" [_thread_blocked, id=11224, stack(0x0000007924e00000,0x0000007924f00000)]
  0x00000236f5c7b800 JavaThread "Unconstrained build operations Thread 21" [_thread_blocked, id=14940, stack(0x0000007924f00000,0x0000007925000000)]
  0x00000236f5c7c800 JavaThread "Unconstrained build operations Thread 22" [_thread_blocked, id=1240, stack(0x0000007925000000,0x0000007925100000)]
  0x00000236f5c79800 JavaThread "Unconstrained build operations Thread 23" [_thread_blocked, id=21492, stack(0x0000007925100000,0x0000007925200000)]
  0x00000236f5c77000 JavaThread "Unconstrained build operations Thread 24" [_thread_blocked, id=15228, stack(0x0000007925200000,0x0000007925300000)]
  0x00000236f5c7d800 JavaThread "Unconstrained build operations Thread 25" [_thread_blocked, id=19812, stack(0x0000007925300000,0x0000007925400000)]
  0x00000236f5c80000 JavaThread "Unconstrained build operations Thread 26" [_thread_blocked, id=18072, stack(0x0000007925400000,0x0000007925500000)]
  0x00000236f5c7e000 JavaThread "Unconstrained build operations Thread 27" [_thread_blocked, id=15740, stack(0x0000007925500000,0x0000007925600000)]
  0x00000236f5c7f000 JavaThread "Unconstrained build operations Thread 28" [_thread_blocked, id=13636, stack(0x0000007925600000,0x0000007925700000)]
  0x00000236f7871800 JavaThread "Unconstrained build operations Thread 29" [_thread_blocked, id=14408, stack(0x0000007925700000,0x0000007925800000)]
  0x00000236f7878000 JavaThread "Unconstrained build operations Thread 30" [_thread_blocked, id=15356, stack(0x0000007925800000,0x0000007925900000)]
  0x00000236f7872000 JavaThread "Unconstrained build operations Thread 31" [_thread_blocked, id=9052, stack(0x0000007925900000,0x0000007925a00000)]
  0x00000236f7873800 JavaThread "Unconstrained build operations Thread 32" [_thread_blocked, id=7244, stack(0x0000007925a00000,0x0000007925b00000)]
  0x00000236f7878800 JavaThread "Unconstrained build operations Thread 33" [_thread_blocked, id=8228, stack(0x0000007925b00000,0x0000007925c00000)]
  0x00000236f7874800 JavaThread "Unconstrained build operations Thread 34" [_thread_blocked, id=2328, stack(0x0000007925c00000,0x0000007925d00000)]
  0x00000236f7876000 JavaThread "Unconstrained build operations Thread 35" [_thread_blocked, id=8676, stack(0x0000007925d00000,0x0000007925e00000)]
  0x00000236f7875800 JavaThread "Unconstrained build operations Thread 36" [_thread_blocked, id=15988, stack(0x0000007925e00000,0x0000007925f00000)]
  0x00000236f7873000 JavaThread "Unconstrained build operations Thread 37" [_thread_blocked, id=16788, stack(0x0000007925f00000,0x0000007926000000)]
  0x00000236f7877000 JavaThread "Unconstrained build operations Thread 38" [_thread_blocked, id=21332, stack(0x0000007926000000,0x0000007926100000)]
  0x00000236f787b000 JavaThread "Unconstrained build operations Thread 39" [_thread_blocked, id=13764, stack(0x0000007926100000,0x0000007926200000)]
  0x00000236f787c000 JavaThread "Unconstrained build operations Thread 40" [_thread_blocked, id=10592, stack(0x0000007926200000,0x0000007926300000)]
  0x00000236f787c800 JavaThread "Unconstrained build operations Thread 41" [_thread_blocked, id=16236, stack(0x0000007926300000,0x0000007926400000)]
  0x00000236f787d800 JavaThread "Unconstrained build operations Thread 42" [_thread_blocked, id=7644, stack(0x0000007926400000,0x0000007926500000)]
  0x00000236f7879800 JavaThread "Unconstrained build operations Thread 43" [_thread_blocked, id=15396, stack(0x0000007926500000,0x0000007926600000)]
  0x00000236f787e800 JavaThread "Unconstrained build operations Thread 44" [_thread_blocked, id=13836, stack(0x0000007926600000,0x0000007926700000)]
  0x00000236f7880000 JavaThread "Unconstrained build operations Thread 45" [_thread_blocked, id=21692, stack(0x0000007926700000,0x0000007926800000)]
  0x00000236f787f000 JavaThread "Unconstrained build operations Thread 46" [_thread_blocked, id=7992, stack(0x0000007926800000,0x0000007926900000)]
  0x00000236f787a000 JavaThread "Unconstrained build operations Thread 47" [_thread_blocked, id=22280, stack(0x0000007926900000,0x0000007926a00000)]
  0x00000236f62c8000 JavaThread "Unconstrained build operations Thread 48" [_thread_blocked, id=16436, stack(0x0000007926a00000,0x0000007926b00000)]
  0x00000236f62c5000 JavaThread "Unconstrained build operations Thread 49" [_thread_blocked, id=4692, stack(0x0000007926b00000,0x0000007926c00000)]
  0x00000236f62c6800 JavaThread "Unconstrained build operations Thread 50" [_thread_blocked, id=3688, stack(0x0000007926c00000,0x0000007926d00000)]
  0x00000236f62c7800 JavaThread "Unconstrained build operations Thread 51" [_thread_blocked, id=14308, stack(0x0000007926d00000,0x0000007926e00000)]
  0x00000236f62c9000 JavaThread "Unconstrained build operations Thread 52" [_thread_blocked, id=5960, stack(0x0000007926e00000,0x0000007926f00000)]
  0x00000236f62c3800 JavaThread "Unconstrained build operations Thread 53" [_thread_blocked, id=18096, stack(0x0000007926f00000,0x0000007927000000)]
  0x00000236f62c4000 JavaThread "Unconstrained build operations Thread 54" [_thread_blocked, id=20084, stack(0x0000007927000000,0x0000007927100000)]
  0x00000236f62ca000 JavaThread "Unconstrained build operations Thread 55" [_thread_blocked, id=18292, stack(0x0000007927100000,0x0000007927200000)]
  0x00000236f62ca800 JavaThread "Unconstrained build operations Thread 56" [_thread_blocked, id=16348, stack(0x0000007927200000,0x0000007927300000)]
  0x00000236f62cb800 JavaThread "Unconstrained build operations Thread 57" [_thread_blocked, id=5460, stack(0x0000007927300000,0x0000007927400000)]
  0x00000236f62c6000 JavaThread "Unconstrained build operations Thread 58" [_thread_blocked, id=5876, stack(0x0000007927400000,0x0000007927500000)]
  0x00000236f62d1000 JavaThread "Unconstrained build operations Thread 59" [_thread_blocked, id=20592, stack(0x0000007927500000,0x0000007927600000)]
  0x00000236f62cf800 JavaThread "Unconstrained build operations Thread 60" [_thread_blocked, id=19536, stack(0x0000007927600000,0x0000007927700000)]
  0x00000236f62d2000 JavaThread "Unconstrained build operations Thread 61" [_thread_blocked, id=2840, stack(0x0000007927700000,0x0000007927800000)]
  0x00000236f62ce000 JavaThread "Unconstrained build operations Thread 62" [_thread_blocked, id=19460, stack(0x0000007927800000,0x0000007927900000)]
  0x00000236f62cd000 JavaThread "Unconstrained build operations Thread 63" [_thread_blocked, id=9348, stack(0x0000007927900000,0x0000007927a00000)]
  0x00000236f62cc800 JavaThread "Unconstrained build operations Thread 64" [_thread_blocked, id=4724, stack(0x0000007927a00000,0x0000007927b00000)]
  0x00000236f62ce800 JavaThread "Unconstrained build operations Thread 65" [_thread_blocked, id=1344, stack(0x0000007927b00000,0x0000007927c00000)]
  0x00000236f62d0800 JavaThread "Unconstrained build operations Thread 66" [_thread_blocked, id=5396, stack(0x0000007927c00000,0x0000007927d00000)]
  0x00000236f3fa8800 JavaThread "Unconstrained build operations Thread 67" [_thread_blocked, id=20184, stack(0x0000007927d00000,0x0000007927e00000)]
  0x00000236f3fad000 JavaThread "Unconstrained build operations Thread 68" [_thread_blocked, id=18268, stack(0x0000007927e00000,0x0000007927f00000)]
  0x00000236f3faa000 JavaThread "Unconstrained build operations Thread 69" [_thread_blocked, id=22456, stack(0x0000007927f00000,0x0000007928000000)]
  0x00000236f3fae000 JavaThread "Unconstrained build operations Thread 70" [_thread_blocked, id=11128, stack(0x0000007928000000,0x0000007928100000)]
  0x00000236f3faa800 JavaThread "Unconstrained build operations Thread 71" [_thread_blocked, id=22408, stack(0x0000007928100000,0x0000007928200000)]
  0x00000236f3faf000 JavaThread "Unconstrained build operations Thread 72" [_thread_blocked, id=15756, stack(0x0000007928200000,0x0000007928300000)]
  0x00000236f3fab800 JavaThread "Unconstrained build operations Thread 73" [_thread_blocked, id=19672, stack(0x0000007928300000,0x0000007928400000)]
  0x00000236f3fa9000 JavaThread "Unconstrained build operations Thread 74" [_thread_blocked, id=13116, stack(0x0000007928400000,0x0000007928500000)]
  0x00000236f3fac800 JavaThread "Unconstrained build operations Thread 75" [_thread_blocked, id=19804, stack(0x0000007928500000,0x0000007928600000)]
  0x00000236f3fb5800 JavaThread "Unconstrained build operations Thread 76" [_thread_blocked, id=13412, stack(0x0000007928600000,0x0000007928700000)]
  0x00000236f3fb2000 JavaThread "Unconstrained build operations Thread 77" [_thread_blocked, id=14424, stack(0x0000007928700000,0x0000007928800000)]
  0x00000236f3faf800 JavaThread "Unconstrained build operations Thread 78" [_thread_blocked, id=22064, stack(0x0000007928800000,0x0000007928900000)]
  0x00000236f3fb3800 JavaThread "Unconstrained build operations Thread 79" [_thread_blocked, id=21448, stack(0x0000007928900000,0x0000007928a00000)]
  0x00000236f3fb6000 JavaThread "Unconstrained build operations Thread 80" [_thread_blocked, id=21216, stack(0x0000007928a00000,0x0000007928b00000)]
  0x00000236f3fb4800 JavaThread "Unconstrained build operations Thread 81" [_thread_blocked, id=9432, stack(0x0000007928b00000,0x0000007928c00000)]
  0x00000236f3fb3000 JavaThread "Unconstrained build operations Thread 82" [_thread_blocked, id=20792, stack(0x0000007928c00000,0x0000007928d00000)]
  0x00000236f3fb0800 JavaThread "Unconstrained build operations Thread 83" [_thread_blocked, id=22344, stack(0x0000007928d00000,0x0000007928e00000)]
  0x00000236f3fb7000 JavaThread "Unconstrained build operations Thread 84" [_thread_blocked, id=5696, stack(0x0000007928e00000,0x0000007928f00000)]
  0x00000236f3fb1000 JavaThread "Unconstrained build operations Thread 85" [_thread_blocked, id=3852, stack(0x0000007928f00000,0x0000007929000000)]
  0x00000236f62b5000 JavaThread "Unconstrained build operations Thread 86" [_thread_blocked, id=7568, stack(0x0000007929000000,0x0000007929100000)]
  0x00000236f62b7800 JavaThread "Unconstrained build operations Thread 87" [_thread_blocked, id=21468, stack(0x0000007929100000,0x0000007929200000)]
  0x00000236f62b5800 JavaThread "Unconstrained build operations Thread 88" [_thread_blocked, id=20564, stack(0x0000007929200000,0x0000007929300000)]
  0x00000236f62b3800 JavaThread "Unconstrained build operations Thread 89" [_thread_blocked, id=13424, stack(0x0000007929300000,0x0000007929400000)]
  0x00000236f62b6800 JavaThread "Unconstrained build operations Thread 90" [_thread_blocked, id=20060, stack(0x0000007929400000,0x0000007929500000)]
  0x00000236f62b8000 JavaThread "Unconstrained build operations Thread 91" [_thread_blocked, id=16512, stack(0x0000007929500000,0x0000007929600000)]
  0x00000236f62b4000 JavaThread "Unconstrained build operations Thread 92" [_thread_blocked, id=3228, stack(0x0000007929600000,0x0000007929700000)]
  0x00000236f62bc800 JavaThread "Unconstrained build operations Thread 93" [_thread_blocked, id=17040, stack(0x0000007929700000,0x0000007929800000)]
  0x00000236f62b9000 JavaThread "Unconstrained build operations Thread 94" [_thread_blocked, id=5060, stack(0x0000007929800000,0x0000007929900000)]
  0x00000236f62be000 JavaThread "Unconstrained build operations Thread 95" [_thread_blocked, id=3676, stack(0x0000007929900000,0x0000007929a00000)]
  0x00000236f62bd000 JavaThread "Unconstrained build operations Thread 96" [_thread_blocked, id=21848, stack(0x0000007929a00000,0x0000007929b00000)]
  0x00000236f62be800 JavaThread "Unconstrained build operations Thread 97" [_thread_blocked, id=12380, stack(0x0000007929b00000,0x0000007929c00000)]
  0x00000236f62ba800 JavaThread "Unconstrained build operations Thread 98" [_thread_blocked, id=10884, stack(0x0000007929c00000,0x0000007929d00000)]
  0x00000236f62bf800 JavaThread "Unconstrained build operations Thread 99" [_thread_blocked, id=15808, stack(0x0000007929d00000,0x0000007929e00000)]
  0x00000236f62ba000 JavaThread "Unconstrained build operations Thread 100" [_thread_blocked, id=11668, stack(0x0000007929e00000,0x0000007929f00000)]
  0x00000236f62c0800 JavaThread "Unconstrained build operations Thread 101" [_thread_blocked, id=3136, stack(0x0000007929f00000,0x000000792a000000)]
  0x00000236f62c1000 JavaThread "Unconstrained build operations Thread 102" [_thread_blocked, id=2200, stack(0x000000792a000000,0x000000792a100000)]
  0x00000236f62bb800 JavaThread "Unconstrained build operations Thread 103" [_thread_blocked, id=13756, stack(0x000000792a100000,0x000000792a200000)]
  0x00000236f62c2000 JavaThread "Unconstrained build operations Thread 104" [_thread_blocked, id=17624, stack(0x000000792a200000,0x000000792a300000)]
  0x00000236f796c800 JavaThread "Unconstrained build operations Thread 105" [_thread_blocked, id=20764, stack(0x000000792a300000,0x000000792a400000)]
  0x00000236f7969000 JavaThread "Unconstrained build operations Thread 106" [_thread_blocked, id=17532, stack(0x000000792a400000,0x000000792a500000)]
  0x00000236f796a000 JavaThread "Unconstrained build operations Thread 107" [_thread_blocked, id=8140, stack(0x000000792a500000,0x000000792a600000)]
  0x00000236f796b000 JavaThread "Unconstrained build operations Thread 108" [_thread_blocked, id=12216, stack(0x000000792a600000,0x000000792a700000)]
  0x00000236f7966800 JavaThread "Unconstrained build operations Thread 109" [_thread_blocked, id=18736, stack(0x000000792a700000,0x000000792a800000)]
  0x00000236f796b800 JavaThread "Unconstrained build operations Thread 110" [_thread_blocked, id=3168, stack(0x000000792a800000,0x000000792a900000)]
  0x00000236f796d000 JavaThread "Unconstrained build operations Thread 111" [_thread_blocked, id=21668, stack(0x000000792a900000,0x000000792aa00000)]
  0x00000236f7967800 JavaThread "Unconstrained build operations Thread 112" [_thread_blocked, id=5964, stack(0x000000792aa00000,0x000000792ab00000)]
  0x00000236f796e000 JavaThread "Unconstrained build operations Thread 113" [_thread_blocked, id=21580, stack(0x000000792ab00000,0x000000792ac00000)]
  0x00000236f7968800 JavaThread "Unconstrained build operations Thread 114" [_thread_blocked, id=13304, stack(0x000000792ac00000,0x000000792ad00000)]
  0x00000236f796f000 JavaThread "Unconstrained build operations Thread 115" [_thread_blocked, id=9996, stack(0x000000792ad00000,0x000000792ae00000)]
  0x00000236f7975800 JavaThread "Unconstrained build operations Thread 116" [_thread_blocked, id=21484, stack(0x000000792ae00000,0x000000792af00000)]
  0x00000236f7974000 JavaThread "Unconstrained build operations Thread 117" [_thread_blocked, id=17140, stack(0x000000792af00000,0x000000792b000000)]
  0x00000236f7972000 JavaThread "Unconstrained build operations Thread 118" [_thread_blocked, id=7820, stack(0x000000792b000000,0x000000792b100000)]
  0x00000236f796f800 JavaThread "Unconstrained build operations Thread 119" [_thread_blocked, id=21408, stack(0x000000792b100000,0x000000792b200000)]
  0x00000236f7973000 JavaThread "Unconstrained build operations Thread 120" [_thread_blocked, id=7408, stack(0x000000792b200000,0x000000792b300000)]
  0x00000236f7970800 JavaThread "jar transforms Thread 4" [_thread_blocked, id=5280, stack(0x000000792b300000,0x000000792b400000)]
  0x00000236f7971800 JavaThread "jar transforms Thread 5" [_thread_blocked, id=21880, stack(0x000000792b400000,0x000000792b500000)]
  0x00000236f7974800 JavaThread "jar transforms Thread 6" [_thread_blocked, id=1632, stack(0x000000792b500000,0x000000792b600000)]
  0x00000236f449e800 JavaThread "jar transforms Thread 7" [_thread_blocked, id=21564, stack(0x000000792b600000,0x000000792b700000)]
  0x00000236f4499800 JavaThread "jar transforms Thread 8" [_thread_blocked, id=1764, stack(0x000000792b700000,0x000000792b800000)]
  0x00000236f449b800 JavaThread "jar transforms Thread 9" [_thread_blocked, id=19240, stack(0x000000792b800000,0x000000792b900000)]
  0x00000236f449c000 JavaThread "jar transforms Thread 10" [_thread_blocked, id=22496, stack(0x000000792b900000,0x000000792ba00000)]
  0x00000236f449a800 JavaThread "jar transforms Thread 11" [_thread_blocked, id=19968, stack(0x000000792ba00000,0x000000792bb00000)]
  0x00000236f4499000 JavaThread "jar transforms Thread 12" [_thread_blocked, id=19988, stack(0x000000792bb00000,0x000000792bc00000)]
  0x00000236f449f800 JavaThread "Memory manager" [_thread_blocked, id=20492, stack(0x000000792bc00000,0x000000792bd00000)]
  0x00000236f44a1000 JavaThread "build event listener" [_thread_blocked, id=19576, stack(0x000000792bd00000,0x000000792be00000)]
  0x00000236f44a2800 JavaThread "Execution worker for ':'" [_thread_blocked, id=20212, stack(0x000000792be00000,0x000000792bf00000)]
  0x00000236f44a3800 JavaThread "Execution worker for ':' Thread 2" [_thread_blocked, id=21528, stack(0x000000792bf00000,0x000000792c000000)]
  0x00000236f449e000 JavaThread "Execution worker for ':' Thread 3" [_thread_blocked, id=21672, stack(0x000000792c000000,0x000000792c100000)]
  0x00000236f44a4800 JavaThread "Execution worker for ':' Thread 4" [_thread_blocked, id=14000, stack(0x000000792c100000,0x000000792c200000)]
  0x00000236f44a5000 JavaThread "Execution worker for ':' Thread 5" [_thread_blocked, id=22108, stack(0x000000792c200000,0x000000792c300000)]
  0x00000236f44a7000 JavaThread "Execution worker for ':' Thread 6" [_thread_blocked, id=13780, stack(0x000000792c300000,0x000000792c400000)]
  0x00000236f44a6000 JavaThread "Execution worker for ':' Thread 7" [_thread_blocked, id=22368, stack(0x000000792c400000,0x000000792c500000)]
  0x00000236f44a7800 JavaThread "Execution worker for ':' Thread 8" [_thread_blocked, id=14916, stack(0x000000792c500000,0x000000792c600000)]
  0x00000236f63af000 JavaThread "Execution worker for ':' Thread 9" [_thread_blocked, id=17200, stack(0x000000792c600000,0x000000792c700000)]
  0x00000236f63ac800 JavaThread "Execution worker for ':' Thread 10" [_thread_blocked, id=21884, stack(0x000000792c700000,0x000000792c800000)]
  0x00000236f63b0000 JavaThread "Execution worker for ':' Thread 11" [_thread_blocked, id=12948, stack(0x000000792c800000,0x000000792c900000)]
  0x00000236f63ab800 JavaThread "Cache worker for execution history cache (C:\Users\datico\AndroidStudioProjects\MoneyManager2\.gradle\7.3.3\executionHistory)" [_thread_blocked, id=16012, stack(0x000000792c900000,0x000000792ca00000)]
  0x00000236f63ab000 JavaThread "WorkerExecutor Queue" [_thread_blocked, id=21016, stack(0x000000792ca00000,0x000000792cb00000)]
  0x00000236f63ae000 JavaThread "WorkerExecutor Queue Thread 2" [_thread_blocked, id=21116, stack(0x000000792cb00000,0x000000792cc00000)]
  0x00000236f63b0800 JavaThread "WorkerExecutor Queue Thread 3" [_thread_blocked, id=11812, stack(0x000000792cc00000,0x000000792cd00000)]
  0x00000236f63b1800 JavaThread "WorkerExecutor Queue Thread 4" [_thread_blocked, id=22112, stack(0x000000792cd00000,0x000000792ce00000)]
  0x00000236f63ad800 JavaThread "WorkerExecutor Queue Thread 5" [_thread_in_vm, id=3928, stack(0x000000792ce00000,0x000000792cf00000)]
  0x00000236f63b6800 JavaThread "WorkerExecutor Queue Thread 6" [_thread_blocked, id=16696, stack(0x000000792cf00000,0x000000792d000000)]
  0x00000236f63b7000 JavaThread "WorkerExecutor Queue Thread 7" [_thread_blocked, id=2448, stack(0x000000792d000000,0x000000792d100000)]
  0x00000236f63b8000 JavaThread "WorkerExecutor Queue Thread 8" [_thread_blocked, id=17420, stack(0x000000792d100000,0x000000792d200000)]
  0x00000236f63b4800 JavaThread "WorkerExecutor Queue Thread 9" [_thread_blocked, id=22100, stack(0x000000792d200000,0x000000792d300000)]
  0x00000236f63b2000 JavaThread "WorkerExecutor Queue Thread 10" [_thread_blocked, id=4644, stack(0x000000792d300000,0x000000792d400000)]
  0x00000236f63b9000 JavaThread "WorkerExecutor Queue Thread 11" [_thread_blocked, id=22052, stack(0x000000792d400000,0x000000792d500000)]
  0x00000236f63b5800 JavaThread "WorkerExecutor Queue Thread 12" [_thread_blocked, id=7312, stack(0x000000792d500000,0x000000792d600000)]
  0x00000236f63b3000 JavaThread "pool-3-thread-1" [_thread_blocked, id=22340, stack(0x000000792d600000,0x000000792d700000)]
  0x00000236f63b9800 JavaThread "stderr" [_thread_in_native, id=5524, stack(0x000000792d700000,0x000000792d800000)]
  0x00000236f63b4000 JavaThread "stdout" [_thread_in_native, id=12284, stack(0x000000792d800000,0x000000792d900000)]

Other Threads:
  0x00000236efd87800 VMThread "VM Thread" [stack: 0x0000007920a00000,0x0000007920b00000] [id=5452]
  0x00000236f08ae800 WatcherThread [stack: 0x0000007921400000,0x0000007921500000] [id=15812]
  0x00000236d4cb6800 GCTaskThread "GC Thread#0" [stack: 0x0000007920500000,0x0000007920600000] [id=15152]
  0x00000236f0fbe800 GCTaskThread "GC Thread#1" [stack: 0x0000007921700000,0x0000007921800000] [id=2792]
  0x00000236f0efe800 GCTaskThread "GC Thread#2" [stack: 0x0000007921800000,0x0000007921900000] [id=15724]
  0x00000236f329e800 GCTaskThread "GC Thread#3" [stack: 0x0000007922200000,0x0000007922300000] [id=8024]
  0x00000236f1b60000 GCTaskThread "GC Thread#4" [stack: 0x0000007922300000,0x0000007922400000] [id=12120]
  0x00000236f2b0a000 GCTaskThread "GC Thread#5" [stack: 0x0000007922400000,0x0000007922500000] [id=8828]
  0x00000236f2fab800 GCTaskThread "GC Thread#6" [stack: 0x0000007922500000,0x0000007922600000] [id=1544]
  0x00000236f1ccb000 GCTaskThread "GC Thread#7" [stack: 0x0000007922600000,0x0000007922700000] [id=11336]
  0x00000236f350b800 GCTaskThread "GC Thread#8" [stack: 0x0000007922700000,0x0000007922800000] [id=18580]
  0x00000236f1e27000 GCTaskThread "GC Thread#9" [stack: 0x0000007922800000,0x0000007922900000] [id=10524]
  0x00000236d4ce6800 ConcurrentGCThread "G1 Main Marker" [stack: 0x0000007920600000,0x0000007920700000] [id=644]
  0x00000236d4ce9800 ConcurrentGCThread "G1 Conc#0" [stack: 0x0000007920700000,0x0000007920800000] [id=14268]
  0x00000236f2a2a000 ConcurrentGCThread "G1 Conc#1" [stack: 0x0000007922c00000,0x0000007922d00000] [id=16972]
  0x00000236f2885800 ConcurrentGCThread "G1 Conc#2" [stack: 0x0000007922d00000,0x0000007922e00000] [id=13132]
  0x00000236d4d7e800 ConcurrentGCThread "G1 Refine#0" [stack: 0x0000007920800000,0x0000007920900000] [id=13416]
  0x00000236efbd6800 ConcurrentGCThread "G1 Young RemSet Sampling" [stack: 0x0000007920900000,0x0000007920a00000] [id=1568]

Threads with active compile tasks:
C2 CompilerThread0   8300 10094 %     4       org.gradle.internal.instantiation.generator.AbstractClassGenerator::inspectType @ 207 (560 bytes)
C1 CompilerThread0   8300 10483       2       com.android.tools.r8.dex.j::a (77 bytes)
C2 CompilerThread1   8300 10110       4       org.gradle.internal.snapshot.impl.DefaultValueSnapshotter::processValue (675 bytes)

VM state:not at safepoint (normal execution)

VM Mutex/Monitor currently owned by a thread: None

Heap address: 0x0000000080000000, size: 2048 MB, Compressed Oops mode: 32-bit
Narrow klass base: 0x0000000000000000, Narrow klass shift: 3
Compressed class space size: 1073741824 Address: 0x0000000100000000

Heap:
 garbage-first heap   total 157696K, used 104835K [0x0000000080000000, 0x0000000100000000)
  region size 1024K, 18 young (18432K), 4 survivors (4096K)
 Metaspace       used 91851K, capacity 94074K, committed 94636K, reserved 1130496K
  class space    used 11971K, capacity 12797K, committed 13056K, reserved 1048576K
Heap Regions: E=young(eden), S=young(survivor), O=old, HS=humongous(starts), HC=humongous(continues), CS=collection set, F=free, A=archive, TAMS=top-at-mark-start (previous, next)
|   0|0x0000000080000000, 0x0000000080100000, 0x0000000080100000|100%| O|  |TAMS 0x0000000080100000, 0x0000000080000000| Untracked 
|   1|0x0000000080100000, 0x0000000080200000, 0x0000000080200000|100%| O|  |TAMS 0x0000000080200000, 0x0000000080100000| Untracked 
|   2|0x0000000080200000, 0x0000000080300000, 0x0000000080300000|100%| O|  |TAMS 0x0000000080300000, 0x0000000080200000| Untracked 
|   3|0x0000000080300000, 0x0000000080400000, 0x0000000080400000|100%|HS|  |TAMS 0x0000000080400000, 0x0000000080300000| Complete 
|   4|0x0000000080400000, 0x0000000080500000, 0x0000000080500000|100%|HC|  |TAMS 0x0000000080500000, 0x0000000080400000| Complete 
|   5|0x0000000080500000, 0x0000000080600000, 0x0000000080600000|100%|HC|  |TAMS 0x0000000080600000, 0x0000000080500000| Complete 
|   6|0x0000000080600000, 0x0000000080700000, 0x0000000080700000|100%| O|  |TAMS 0x0000000080700000, 0x0000000080600000| Untracked 
|   7|0x0000000080700000, 0x0000000080800000, 0x0000000080800000|100%| O|  |TAMS 0x0000000080800000, 0x0000000080700000| Untracked 
|   8|0x0000000080800000, 0x0000000080900000, 0x0000000080900000|100%| O|  |TAMS 0x0000000080900000, 0x0000000080800000| Untracked 
|   9|0x0000000080900000, 0x0000000080a00000, 0x0000000080a00000|100%| O|  |TAMS 0x0000000080a00000, 0x0000000080900000| Untracked 
|  10|0x0000000080a00000, 0x0000000080b00000, 0x0000000080b00000|100%| O|  |TAMS 0x0000000080b00000, 0x0000000080a00000| Untracked 
|  11|0x0000000080b00000, 0x0000000080c00000, 0x0000000080c00000|100%| O|  |TAMS 0x0000000080c00000, 0x0000000080b00000| Untracked 
|  12|0x0000000080c00000, 0x0000000080d00000, 0x0000000080d00000|100%| O|  |TAMS 0x0000000080d00000, 0x0000000080c00000| Untracked 
|  13|0x0000000080d00000, 0x0000000080e00000, 0x0000000080e00000|100%| O|  |TAMS 0x0000000080e00000, 0x0000000080d00000| Untracked 
|  14|0x0000000080e00000, 0x0000000080f00000, 0x0000000080f00000|100%| O|  |TAMS 0x0000000080f00000, 0x0000000080e00000| Untracked 
|  15|0x0000000080f00000, 0x0000000081000000, 0x0000000081000000|100%| O|  |TAMS 0x0000000081000000, 0x0000000080f00000| Untracked 
|  16|0x0000000081000000, 0x0000000081100000, 0x0000000081100000|100%|HS|  |TAMS 0x0000000081100000, 0x0000000081000000| Complete 
|  17|0x0000000081100000, 0x0000000081200000, 0x0000000081200000|100%| O|  |TAMS 0x0000000081200000, 0x0000000081100000| Untracked 
|  18|0x0000000081200000, 0x0000000081300000, 0x0000000081300000|100%| O|  |TAMS 0x0000000081300000, 0x0000000081200000| Untracked 
|  19|0x0000000081300000, 0x0000000081400000, 0x0000000081400000|100%| O|  |TAMS 0x0000000081400000, 0x0000000081300000| Untracked 
|  20|0x0000000081400000, 0x0000000081500000, 0x0000000081500000|100%| O|  |TAMS 0x0000000081500000, 0x0000000081400000| Untracked 
|  21|0x0000000081500000, 0x0000000081600000, 0x0000000081600000|100%| O|  |TAMS 0x0000000081600000, 0x0000000081500000| Untracked 
|  22|0x0000000081600000, 0x0000000081700000, 0x0000000081700000|100%| O|  |TAMS 0x0000000081700000, 0x0000000081600000| Untracked 
|  23|0x0000000081700000, 0x0000000081800000, 0x0000000081800000|100%| O|  |TAMS 0x0000000081800000, 0x0000000081700000| Untracked 
|  24|0x0000000081800000, 0x0000000081900000, 0x0000000081900000|100%| O|  |TAMS 0x0000000081900000, 0x0000000081800000| Untracked 
|  25|0x0000000081900000, 0x0000000081a00000, 0x0000000081a00000|100%| O|  |TAMS 0x0000000081a00000, 0x0000000081900000| Untracked 
|  26|0x0000000081a00000, 0x0000000081b00000, 0x0000000081b00000|100%| O|  |TAMS 0x0000000081b00000, 0x0000000081a00000| Untracked 
|  27|0x0000000081b00000, 0x0000000081c00000, 0x0000000081c00000|100%| O|  |TAMS 0x0000000081c00000, 0x0000000081b00000| Untracked 
|  28|0x0000000081c00000, 0x0000000081d00000, 0x0000000081d00000|100%|HS|  |TAMS 0x0000000081d00000, 0x0000000081c00000| Complete 
|  29|0x0000000081d00000, 0x0000000081e00000, 0x0000000081e00000|100%|HS|  |TAMS 0x0000000081e00000, 0x0000000081d00000| Complete 
|  30|0x0000000081e00000, 0x0000000081f00000, 0x0000000081f00000|100%|HC|  |TAMS 0x0000000081f00000, 0x0000000081e00000| Complete 
|  31|0x0000000081f00000, 0x0000000082000000, 0x0000000082000000|100%| O|  |TAMS 0x0000000082000000, 0x0000000081f00000| Untracked 
|  32|0x0000000082000000, 0x0000000082100000, 0x0000000082100000|100%| O|  |TAMS 0x0000000082100000, 0x0000000082000000| Untracked 
|  33|0x0000000082100000, 0x0000000082200000, 0x0000000082200000|100%| O|  |TAMS 0x0000000082200000, 0x0000000082100000| Untracked 
|  34|0x0000000082200000, 0x0000000082300000, 0x0000000082300000|100%| O|  |TAMS 0x0000000082300000, 0x0000000082200000| Untracked 
|  35|0x0000000082300000, 0x0000000082400000, 0x0000000082400000|100%| O|  |TAMS 0x0000000082400000, 0x0000000082300000| Untracked 
|  36|0x0000000082400000, 0x0000000082500000, 0x0000000082500000|100%| O|  |TAMS 0x0000000082500000, 0x0000000082400000| Untracked 
|  37|0x0000000082500000, 0x0000000082600000, 0x0000000082600000|100%| O|  |TAMS 0x0000000082600000, 0x0000000082500000| Untracked 
|  38|0x0000000082600000, 0x0000000082700000, 0x0000000082700000|100%| O|  |TAMS 0x0000000082700000, 0x0000000082600000| Untracked 
|  39|0x0000000082700000, 0x0000000082800000, 0x0000000082800000|100%| O|  |TAMS 0x0000000082800000, 0x0000000082700000| Untracked 
|  40|0x0000000082800000, 0x0000000082900000, 0x0000000082900000|100%| O|  |TAMS 0x0000000082900000, 0x0000000082800000| Untracked 
|  41|0x0000000082900000, 0x0000000082a00000, 0x0000000082a00000|100%| O|  |TAMS 0x0000000082a00000, 0x0000000082900000| Untracked 
|  42|0x0000000082a00000, 0x0000000082b00000, 0x0000000082b00000|100%| O|  |TAMS 0x0000000082b00000, 0x0000000082a00000| Untracked 
|  43|0x0000000082b00000, 0x0000000082c00000, 0x0000000082c00000|100%| O|  |TAMS 0x0000000082c00000, 0x0000000082b00000| Untracked 
|  44|0x0000000082c00000, 0x0000000082d00000, 0x0000000082d00000|100%| O|  |TAMS 0x0000000082d00000, 0x0000000082c00000| Untracked 
|  45|0x0000000082d00000, 0x0000000082e00000, 0x0000000082e00000|100%| O|  |TAMS 0x0000000082e00000, 0x0000000082d00000| Untracked 
|  46|0x0000000082e00000, 0x0000000082f00000, 0x0000000082f00000|100%| O|  |TAMS 0x0000000082f00000, 0x0000000082e00000| Untracked 
|  47|0x0000000082f00000, 0x0000000083000000, 0x0000000083000000|100%| O|  |TAMS 0x0000000083000000, 0x0000000082f00000| Untracked 
|  48|0x0000000083000000, 0x0000000083100000, 0x0000000083100000|100%| O|  |TAMS 0x0000000083100000, 0x0000000083000000| Untracked 
|  49|0x0000000083100000, 0x0000000083200000, 0x0000000083200000|100%| O|  |TAMS 0x0000000083200000, 0x0000000083100000| Untracked 
|  50|0x0000000083200000, 0x0000000083300000, 0x0000000083300000|100%| O|  |TAMS 0x0000000083300000, 0x0000000083200000| Untracked 
|  51|0x0000000083300000, 0x0000000083400000, 0x0000000083400000|100%| O|  |TAMS 0x0000000083400000, 0x0000000083300000| Untracked 
|  52|0x0000000083400000, 0x0000000083500000, 0x0000000083500000|100%| O|  |TAMS 0x0000000083500000, 0x0000000083400000| Untracked 
|  53|0x0000000083500000, 0x0000000083600000, 0x0000000083600000|100%| O|  |TAMS 0x0000000083600000, 0x0000000083500000| Untracked 
|  54|0x0000000083600000, 0x0000000083700000, 0x0000000083700000|100%| O|  |TAMS 0x0000000083700000, 0x0000000083600000| Untracked 
|  55|0x0000000083700000, 0x0000000083800000, 0x0000000083800000|100%| O|  |TAMS 0x0000000083800000, 0x0000000083700000| Untracked 
|  56|0x0000000083800000, 0x0000000083900000, 0x0000000083900000|100%| O|  |TAMS 0x0000000083900000, 0x0000000083800000| Untracked 
|  57|0x0000000083900000, 0x0000000083a00000, 0x0000000083a00000|100%| O|  |TAMS 0x0000000083a00000, 0x0000000083900000| Untracked 
|  58|0x0000000083a00000, 0x0000000083b00000, 0x0000000083b00000|100%| O|  |TAMS 0x0000000083b00000, 0x0000000083a00000| Untracked 
|  59|0x0000000083b00000, 0x0000000083c00000, 0x0000000083c00000|100%| O|  |TAMS 0x0000000083c00000, 0x0000000083b00000| Untracked 
|  60|0x0000000083c00000, 0x0000000083d00000, 0x0000000083d00000|100%| O|  |TAMS 0x0000000083d00000, 0x0000000083c00000| Untracked 
|  61|0x0000000083d00000, 0x0000000083e00000, 0x0000000083e00000|100%| O|  |TAMS 0x0000000083e00000, 0x0000000083d00000| Untracked 
|  62|0x0000000083e00000, 0x0000000083f00000, 0x0000000083f00000|100%| O|  |TAMS 0x0000000083f00000, 0x0000000083e00000| Untracked 
|  63|0x0000000083f00000, 0x0000000084000000, 0x0000000084000000|100%|HS|  |TAMS 0x0000000084000000, 0x0000000083f00000| Complete 
|  64|0x0000000084000000, 0x0000000084100000, 0x0000000084100000|100%|HC|  |TAMS 0x0000000084100000, 0x0000000084000000| Complete 
|  65|0x0000000084100000, 0x0000000084200000, 0x0000000084200000|100%|HS|  |TAMS 0x0000000084200000, 0x0000000084100000| Complete 
|  66|0x0000000084200000, 0x0000000084300000, 0x0000000084300000|100%|HS|  |TAMS 0x0000000084300000, 0x0000000084200000| Complete 
|  67|0x0000000084300000, 0x0000000084400000, 0x0000000084400000|100%| O|  |TAMS 0x0000000084400000, 0x0000000084300000| Untracked 
|  68|0x0000000084400000, 0x0000000084500000, 0x0000000084500000|100%| O|  |TAMS 0x0000000084500000, 0x0000000084400000| Untracked 
|  69|0x0000000084500000, 0x0000000084600000, 0x0000000084600000|100%| O|  |TAMS 0x0000000084600000, 0x0000000084500000| Untracked 
|  70|0x0000000084600000, 0x0000000084700000, 0x0000000084700000|100%| O|  |TAMS 0x0000000084700000, 0x0000000084600000| Untracked 
|  71|0x0000000084700000, 0x0000000084800000, 0x0000000084800000|100%| O|  |TAMS 0x0000000084800000, 0x0000000084700000| Untracked 
|  72|0x0000000084800000, 0x0000000084900000, 0x0000000084900000|100%| O|  |TAMS 0x0000000084900000, 0x0000000084800000| Untracked 
|  73|0x0000000084900000, 0x0000000084a00000, 0x0000000084a00000|100%| O|  |TAMS 0x0000000084a00000, 0x0000000084900000| Untracked 
|  74|0x0000000084a00000, 0x0000000084b00000, 0x0000000084b00000|100%| O|  |TAMS 0x0000000084b00000, 0x0000000084a00000| Untracked 
|  75|0x0000000084b00000, 0x0000000084c00000, 0x0000000084c00000|100%| O|  |TAMS 0x0000000084c00000, 0x0000000084b00000| Untracked 
|  76|0x0000000084c00000, 0x0000000084d00000, 0x0000000084d00000|100%| O|  |TAMS 0x0000000084d00000, 0x0000000084c00000| Untracked 
|  77|0x0000000084d00000, 0x0000000084df7200, 0x0000000084e00000| 96%| O|  |TAMS 0x0000000084df7200, 0x0000000084d00000| Untracked 
|  78|0x0000000084e00000, 0x0000000084f00000, 0x0000000084f00000|100%|HS|  |TAMS 0x0000000084e00000, 0x0000000084e00000| Complete 
|  79|0x0000000084f00000, 0x0000000085000000, 0x0000000085000000|100%|HS|  |TAMS 0x0000000084f00000, 0x0000000084f00000| Complete 
|  80|0x0000000085000000, 0x0000000085100000, 0x0000000085100000|100%|HC|  |TAMS 0x0000000085000000, 0x0000000085000000| Complete 
|  81|0x0000000085100000, 0x0000000085200000, 0x0000000085200000|100%|HS|  |TAMS 0x0000000085100000, 0x0000000085100000| Complete 
|  82|0x0000000085200000, 0x0000000085300000, 0x0000000085300000|100%|HC|  |TAMS 0x0000000085200000, 0x0000000085200000| Complete 
|  83|0x0000000085300000, 0x0000000085400000, 0x0000000085400000|100%|HS|  |TAMS 0x0000000085300000, 0x0000000085300000| Complete 
|  84|0x0000000085400000, 0x0000000085500000, 0x0000000085500000|100%|HS|  |TAMS 0x0000000085400000, 0x0000000085400000| Complete 
|  85|0x0000000085500000, 0x0000000085600000, 0x0000000085600000|100%|HS|  |TAMS 0x0000000085500000, 0x0000000085500000| Complete 
|  86|0x0000000085600000, 0x0000000085700000, 0x0000000085700000|100%|HS|  |TAMS 0x0000000085600000, 0x0000000085600000| Complete 
|  87|0x0000000085700000, 0x0000000085700000, 0x0000000085800000|  0%| F|  |TAMS 0x0000000085700000, 0x0000000085700000| Untracked 
|  88|0x0000000085800000, 0x0000000085800000, 0x0000000085900000|  0%| F|  |TAMS 0x0000000085800000, 0x0000000085800000| Untracked 
|  89|0x0000000085900000, 0x0000000085900000, 0x0000000085a00000|  0%| F|  |TAMS 0x0000000085900000, 0x0000000085900000| Untracked 
|  90|0x0000000085a00000, 0x0000000085a00000, 0x0000000085b00000|  0%| F|  |TAMS 0x0000000085a00000, 0x0000000085a00000| Untracked 
|  91|0x0000000085b00000, 0x0000000085b00000, 0x0000000085c00000|  0%| F|  |TAMS 0x0000000085b00000, 0x0000000085b00000| Untracked 
|  92|0x0000000085c00000, 0x0000000085c00000, 0x0000000085d00000|  0%| F|  |TAMS 0x0000000085c00000, 0x0000000085c00000| Untracked 
|  93|0x0000000085d00000, 0x0000000085d00000, 0x0000000085e00000|  0%| F|  |TAMS 0x0000000085d00000, 0x0000000085d00000| Untracked 
|  94|0x0000000085e00000, 0x0000000085e00000, 0x0000000085f00000|  0%| F|  |TAMS 0x0000000085e00000, 0x0000000085e00000| Untracked 
|  95|0x0000000085f00000, 0x0000000085f00000, 0x0000000086000000|  0%| F|  |TAMS 0x0000000085f00000, 0x0000000085f00000| Untracked 
|  96|0x0000000086000000, 0x0000000086000000, 0x0000000086100000|  0%| F|  |TAMS 0x0000000086000000, 0x0000000086000000| Untracked 
|  97|0x0000000086100000, 0x0000000086100000, 0x0000000086200000|  0%| F|  |TAMS 0x0000000086100000, 0x0000000086100000| Untracked 
|  98|0x0000000086200000, 0x0000000086200000, 0x0000000086300000|  0%| F|  |TAMS 0x0000000086200000, 0x0000000086200000| Untracked 
|  99|0x0000000086300000, 0x0000000086300000, 0x0000000086400000|  0%| F|  |TAMS 0x0000000086300000, 0x0000000086300000| Untracked 
| 100|0x0000000086400000, 0x0000000086400000, 0x0000000086500000|  0%| F|  |TAMS 0x0000000086400000, 0x0000000086400000| Untracked 
| 101|0x0000000086500000, 0x0000000086500000, 0x0000000086600000|  0%| F|  |TAMS 0x0000000086500000, 0x0000000086500000| Untracked 
| 102|0x0000000086600000, 0x0000000086600000, 0x0000000086700000|  0%| F|  |TAMS 0x0000000086600000, 0x0000000086600000| Untracked 
| 103|0x0000000086700000, 0x0000000086700000, 0x0000000086800000|  0%| F|  |TAMS 0x0000000086700000, 0x0000000086700000| Untracked 
| 104|0x0000000086800000, 0x0000000086800000, 0x0000000086900000|  0%| F|  |TAMS 0x0000000086800000, 0x0000000086800000| Untracked 
| 105|0x0000000086900000, 0x0000000086900000, 0x0000000086a00000|  0%| F|  |TAMS 0x0000000086900000, 0x0000000086900000| Untracked 
| 106|0x0000000086a00000, 0x0000000086a00000, 0x0000000086b00000|  0%| F|  |TAMS 0x0000000086a00000, 0x0000000086a00000| Untracked 
| 107|0x0000000086b00000, 0x0000000086b00000, 0x0000000086c00000|  0%| F|  |TAMS 0x0000000086b00000, 0x0000000086b00000| Untracked 
| 108|0x0000000086c00000, 0x0000000086c00000, 0x0000000086d00000|  0%| F|  |TAMS 0x0000000086c00000, 0x0000000086c00000| Untracked 
| 109|0x0000000086d00000, 0x0000000086d00000, 0x0000000086e00000|  0%| F|  |TAMS 0x0000000086d00000, 0x0000000086d00000| Untracked 
| 110|0x0000000086e00000, 0x0000000086e00000, 0x0000000086f00000|  0%| F|  |TAMS 0x0000000086e00000, 0x0000000086e00000| Untracked 
| 111|0x0000000086f00000, 0x0000000086f00000, 0x0000000087000000|  0%| F|  |TAMS 0x0000000086f00000, 0x0000000086f00000| Untracked 
| 112|0x0000000087000000, 0x0000000087000000, 0x0000000087100000|  0%| F|  |TAMS 0x0000000087000000, 0x0000000087000000| Untracked 
| 113|0x0000000087100000, 0x0000000087100000, 0x0000000087200000|  0%| F|  |TAMS 0x0000000087100000, 0x0000000087100000| Untracked 
| 114|0x0000000087200000, 0x0000000087269a50, 0x0000000087300000| 41%| S|CS|TAMS 0x0000000087200000, 0x0000000087200000| Complete 
| 115|0x0000000087300000, 0x0000000087400000, 0x0000000087400000|100%| S|CS|TAMS 0x0000000087300000, 0x0000000087300000| Complete 
| 116|0x0000000087400000, 0x0000000087500000, 0x0000000087500000|100%| S|CS|TAMS 0x0000000087400000, 0x0000000087400000| Complete 
| 117|0x0000000087500000, 0x0000000087600000, 0x0000000087600000|100%| S|CS|TAMS 0x0000000087500000, 0x0000000087500000| Complete 
| 118|0x0000000087600000, 0x0000000087600000, 0x0000000087700000|  0%| F|  |TAMS 0x0000000087600000, 0x0000000087600000| Untracked 
| 119|0x0000000087700000, 0x0000000087700000, 0x0000000087800000|  0%| F|  |TAMS 0x0000000087700000, 0x0000000087700000| Untracked 
| 120|0x0000000087800000, 0x0000000087800000, 0x0000000087900000|  0%| F|  |TAMS 0x0000000087800000, 0x0000000087800000| Untracked 
| 121|0x0000000087900000, 0x0000000087900000, 0x0000000087a00000|  0%| F|  |TAMS 0x0000000087900000, 0x0000000087900000| Untracked 
| 122|0x0000000087a00000, 0x0000000087a00000, 0x0000000087b00000|  0%| F|  |TAMS 0x0000000087a00000, 0x0000000087a00000| Untracked 
| 123|0x0000000087b00000, 0x0000000087b00000, 0x0000000087c00000|  0%| F|  |TAMS 0x0000000087b00000, 0x0000000087b00000| Untracked 
| 124|0x0000000087c00000, 0x0000000087c00000, 0x0000000087d00000|  0%| F|  |TAMS 0x0000000087c00000, 0x0000000087c00000| Untracked 
| 125|0x0000000087d00000, 0x0000000087d00000, 0x0000000087e00000|  0%| F|  |TAMS 0x0000000087d00000, 0x0000000087d00000| Untracked 
| 126|0x0000000087e00000, 0x0000000087e00000, 0x0000000087f00000|  0%| F|  |TAMS 0x0000000087e00000, 0x0000000087e00000| Untracked 
| 127|0x0000000087f00000, 0x0000000087f00000, 0x0000000088000000|  0%| F|  |TAMS 0x0000000087f00000, 0x0000000087f00000| Untracked 
| 128|0x0000000088000000, 0x0000000088000000, 0x0000000088100000|  0%| F|  |TAMS 0x0000000088000000, 0x0000000088000000| Untracked 
| 129|0x0000000088100000, 0x0000000088100000, 0x0000000088200000|  0%| F|  |TAMS 0x0000000088100000, 0x0000000088100000| Untracked 
| 130|0x0000000088200000, 0x0000000088200000, 0x0000000088300000|  0%| F|  |TAMS 0x0000000088200000, 0x0000000088200000| Untracked 
| 131|0x0000000088300000, 0x0000000088300000, 0x0000000088400000|  0%| F|  |TAMS 0x0000000088300000, 0x0000000088300000| Untracked 
| 132|0x0000000088400000, 0x0000000088400000, 0x0000000088500000|  0%| F|  |TAMS 0x0000000088400000, 0x0000000088400000| Untracked 
| 133|0x0000000088500000, 0x0000000088500000, 0x0000000088600000|  0%| F|  |TAMS 0x0000000088500000, 0x0000000088500000| Untracked 
| 134|0x0000000088600000, 0x0000000088600000, 0x0000000088700000|  0%| F|  |TAMS 0x0000000088600000, 0x0000000088600000| Untracked 
| 135|0x0000000088700000, 0x0000000088700000, 0x0000000088800000|  0%| F|  |TAMS 0x0000000088700000, 0x0000000088700000| Untracked 
| 136|0x0000000088800000, 0x0000000088800000, 0x0000000088900000|  0%| F|  |TAMS 0x0000000088800000, 0x0000000088800000| Untracked 
| 137|0x0000000088900000, 0x0000000088900000, 0x0000000088a00000|  0%| F|  |TAMS 0x0000000088900000, 0x0000000088900000| Untracked 
| 138|0x0000000088a00000, 0x0000000088a00000, 0x0000000088b00000|  0%| F|  |TAMS 0x0000000088a00000, 0x0000000088a00000| Untracked 
| 139|0x0000000088b00000, 0x0000000088b00000, 0x0000000088c00000|  0%| F|  |TAMS 0x0000000088b00000, 0x0000000088b00000| Untracked 
| 140|0x0000000088c00000, 0x0000000088c49c78, 0x0000000088d00000| 28%| E|  |TAMS 0x0000000088c00000, 0x0000000088c00000| Complete 
| 141|0x0000000088d00000, 0x0000000088e00000, 0x0000000088e00000|100%| E|CS|TAMS 0x0000000088d00000, 0x0000000088d00000| Complete 
| 142|0x0000000088e00000, 0x0000000088f00000, 0x0000000088f00000|100%| E|CS|TAMS 0x0000000088e00000, 0x0000000088e00000| Complete 
| 143|0x0000000088f00000, 0x0000000089000000, 0x0000000089000000|100%| E|CS|TAMS 0x0000000088f00000, 0x0000000088f00000| Complete 
| 144|0x0000000089000000, 0x0000000089100000, 0x0000000089100000|100%| E|CS|TAMS 0x0000000089000000, 0x0000000089000000| Complete 
| 145|0x0000000089100000, 0x0000000089200000, 0x0000000089200000|100%| E|CS|TAMS 0x0000000089100000, 0x0000000089100000| Complete 
| 146|0x0000000089200000, 0x0000000089300000, 0x0000000089300000|100%| E|  |TAMS 0x0000000089200000, 0x0000000089200000| Complete 
| 147|0x0000000089300000, 0x0000000089400000, 0x0000000089400000|100%| E|CS|TAMS 0x0000000089300000, 0x0000000089300000| Complete 
| 148|0x0000000089400000, 0x0000000089500000, 0x0000000089500000|100%| E|CS|TAMS 0x0000000089400000, 0x0000000089400000| Complete 
| 149|0x0000000089500000, 0x0000000089600000, 0x0000000089600000|100%| E|CS|TAMS 0x0000000089500000, 0x0000000089500000| Complete 
| 150|0x0000000089600000, 0x0000000089700000, 0x0000000089700000|100%| E|CS|TAMS 0x0000000089600000, 0x0000000089600000| Complete 
| 151|0x0000000089700000, 0x0000000089800000, 0x0000000089800000|100%| E|CS|TAMS 0x0000000089700000, 0x0000000089700000| Complete 
| 152|0x0000000089800000, 0x0000000089900000, 0x0000000089900000|100%| E|CS|TAMS 0x0000000089800000, 0x0000000089800000| Complete 
| 153|0x0000000089900000, 0x0000000089a00000, 0x0000000089a00000|100%| E|CS|TAMS 0x0000000089900000, 0x0000000089900000| Complete 

Card table byte_map: [0x00000236e8890000,0x00000236e8c90000] _byte_map_base: 0x00000236e8490000

Marking Bits (Prev, Next): (CMBitMap*) 0x00000236d4cdd878, (CMBitMap*) 0x00000236d4cdd8b0
 Prev Bits: [0x00000236e9090000, 0x00000236eb090000)
 Next Bits: [0x00000236eb090000, 0x00000236ed090000)

Polling page: 0x00000236d87b0000

Metaspace:

Usage:
  Non-class:     79.37 MB capacity,    78.01 MB ( 98%) used,     1.11 MB (  1%) free+waste,   256.00 KB ( <1%) overhead. 
      Class:     12.50 MB capacity,    11.69 MB ( 94%) used,   709.08 KB (  6%) free+waste,   116.00 KB ( <1%) overhead. 
       Both:     91.87 MB capacity,    89.70 MB ( 98%) used,     1.80 MB (  2%) free+waste,   372.00 KB ( <1%) overhead. 

Virtual space:
  Non-class space:       80.00 MB reserved,      79.67 MB (>99%) committed 
      Class space:        1.00 GB reserved,      12.75 MB (  1%) committed 
             Both:        1.08 GB reserved,      92.42 MB (  8%) committed 

Chunk freelists:
   Non-Class:  303.00 KB
       Class:  163.00 KB
        Both:  466.00 KB

MaxMetaspaceSize: 17179869184.00 GB
CompressedClassSpaceSize: 1.00 GB
Initial GC threshold: 20.80 MB
Current GC threshold: 153.82 MB
CDS: off

CodeHeap 'non-profiled nmethods': size=120000Kb used=5490Kb max_used=5490Kb free=114509Kb
 bounds [0x00000236e02a0000, 0x00000236e0800000, 0x00000236e77d0000]
CodeHeap 'profiled nmethods': size=120000Kb used=21635Kb max_used=21635Kb free=98364Kb
 bounds [0x00000236d8d70000, 0x00000236da2a0000, 0x00000236e02a0000]
CodeHeap 'non-nmethods': size=5760Kb used=2400Kb max_used=2429Kb free=3359Kb
 bounds [0x00000236d87d0000, 0x00000236d8a40000, 0x00000236d8d70000]
 total_blobs=11303 nmethods=10389 adapters=826
 compilation: enabled
              stopped_count=0, restarted_count=0
 full_count=0

Compilation events (20 events):
Event: 8.239 Thread 0x00000236f06ed800 10420       2       com.android.tools.r8.internal.gc::f (8 bytes)
Event: 8.239 Thread 0x00000236f06ed800 nmethod 10420 0x00000236da24ab90 code [0x00000236da24ad40, 0x00000236da24ae68]
Event: 8.239 Thread 0x00000236f06ed800 10421       2       com.android.tools.r8.dex.c::b (9 bytes)
Event: 8.239 Thread 0x00000236f06ed800 nmethod 10421 0x00000236da24af10 code [0x00000236da24b0c0, 0x00000236da24b1e8]
Event: 8.239 Thread 0x00000236f06ed800 10422       2       com.android.tools.r8.internal.gc::c (10 bytes)
Event: 8.239 Thread 0x00000236f06ed800 nmethod 10422 0x00000236da24b310 code [0x00000236da24b4c0, 0x00000236da24b5e8]
Event: 8.239 Thread 0x00000236f06ed800 10424       2       com.android.tools.r8.graph.w0::a (20 bytes)
Event: 8.239 Thread 0x00000236f06ed800 nmethod 10424 0x00000236da24b690 code [0x00000236da24b860, 0x00000236da24ba88]
Event: 8.239 Thread 0x00000236f06ed800 10425       2       com.android.tools.r8.graph.d1::<init> (15 bytes)
Event: 8.239 Thread 0x00000236f06ed800 nmethod 10425 0x00000236da24bb90 code [0x00000236da24bd40, 0x00000236da24be98]
Event: 8.240 Thread 0x00000236f06ed800 10426       2       com.android.tools.r8.dex.c::a (8 bytes)
Event: 8.240 Thread 0x00000236f06ed800 nmethod 10426 0x00000236da24bf10 code [0x00000236da24c0c0, 0x00000236da24c1e8]
Event: 8.240 Thread 0x00000236f06ed800 10427       2       com.android.tools.r8.internal.nz::b (75 bytes)
Event: 8.240 Thread 0x00000236f06ed800 nmethod 10427 0x00000236da24c310 code [0x00000236da24c4c0, 0x00000236da24c6a8]
Event: 8.240 Thread 0x00000236f06ed800 10428       2       com.android.tools.r8.internal.mI::a (34 bytes)
Event: 8.240 Thread 0x00000236f06ed800 nmethod 10428 0x00000236da24c810 code [0x00000236da24c9c0, 0x00000236da24cb98]
Event: 8.243 Thread 0x00000236f06ed800 10431 %     3       com.android.tools.r8.dex.j::m @ 64 (2094 bytes)
Event: 8.261 Thread 0x00000236f06ed800 nmethod 10431% 0x00000236da24cc90 code [0x00000236da24d940, 0x00000236da2565d8]
Event: 8.261 Thread 0x00000236f06ed800 10432       3       com.android.tools.r8.dex.j::m (2094 bytes)
Event: 8.267 Thread 0x00000236f06ed800 nmethod 10432 0x00000236da25a590 code [0x00000236da25b240, 0x00000236da263c38]

GC Heap History (20 events):
Event: 4.435 GC heap before
{Heap before GC invocations=10 (full 0):
 garbage-first heap   total 157696K, used 111183K [0x0000000080000000, 0x0000000100000000)
  region size 1024K, 79 young (80896K), 9 survivors (9216K)
 Metaspace       used 57399K, capacity 58854K, committed 59136K, reserved 1099776K
  class space    used 7327K, capacity 7845K, committed 7936K, reserved 1048576K
}
Event: 4.441 GC heap after
{Heap after GC invocations=11 (full 0):
 garbage-first heap   total 157696K, used 45141K [0x0000000080000000, 0x0000000100000000)
  region size 1024K, 6 young (6144K), 6 survivors (6144K)
 Metaspace       used 57399K, capacity 58854K, committed 59136K, reserved 1099776K
  class space    used 7327K, capacity 7845K, committed 7936K, reserved 1048576K
}
Event: 4.506 GC heap before
{Heap before GC invocations=11 (full 0):
 garbage-first heap   total 157696K, used 51285K [0x0000000080000000, 0x0000000100000000)
  region size 1024K, 13 young (13312K), 6 survivors (6144K)
 Metaspace       used 58384K, capacity 59817K, committed 59948K, reserved 1101824K
  class space    used 7464K, capacity 7996K, committed 8064K, reserved 1048576K
}
Event: 4.509 GC heap after
{Heap after GC invocations=12 (full 0):
 garbage-first heap   total 157696K, used 44999K [0x0000000080000000, 0x0000000100000000)
  region size 1024K, 6 young (6144K), 6 survivors (6144K)
 Metaspace       used 58384K, capacity 59817K, committed 59948K, reserved 1101824K
  class space    used 7464K, capacity 7996K, committed 8064K, reserved 1048576K
}
Event: 5.155 GC heap before
{Heap before GC invocations=13 (full 0):
 garbage-first heap   total 157696K, used 115655K [0x0000000080000000, 0x0000000100000000)
  region size 1024K, 75 young (76800K), 6 survivors (6144K)
 Metaspace       used 65047K, capacity 66557K, committed 66732K, reserved 1107968K
  class space    used 8303K, capacity 8887K, committed 8960K, reserved 1048576K
}
Event: 5.160 GC heap after
{Heap after GC invocations=14 (full 0):
 garbage-first heap   total 157696K, used 49893K [0x0000000080000000, 0x0000000100000000)
  region size 1024K, 10 young (10240K), 10 survivors (10240K)
 Metaspace       used 65047K, capacity 66557K, committed 66732K, reserved 1107968K
  class space    used 8303K, capacity 8887K, committed 8960K, reserved 1048576K
}
Event: 5.748 GC heap before
{Heap before GC invocations=14 (full 0):
 garbage-first heap   total 157696K, used 119525K [0x0000000080000000, 0x0000000100000000)
  region size 1024K, 78 young (79872K), 10 survivors (10240K)
 Metaspace       used 69870K, capacity 71428K, committed 71596K, reserved 1112064K
  class space    used 9105K, capacity 9715K, committed 9728K, reserved 1048576K
}
Event: 5.754 GC heap after
{Heap after GC invocations=15 (full 0):
 garbage-first heap   total 157696K, used 55777K [0x0000000080000000, 0x0000000100000000)
  region size 1024K, 6 young (6144K), 6 survivors (6144K)
 Metaspace       used 69870K, capacity 71428K, committed 71596K, reserved 1112064K
  class space    used 9105K, capacity 9715K, committed 9728K, reserved 1048576K
}
Event: 6.401 GC heap before
{Heap before GC invocations=15 (full 0):
 garbage-first heap   total 157696K, used 122337K [0x0000000080000000, 0x0000000100000000)
  region size 1024K, 71 young (72704K), 6 survivors (6144K)
 Metaspace       used 76655K, capacity 78423K, committed 78508K, reserved 1118208K
  class space    used 10073K, capacity 10735K, committed 10752K, reserved 1048576K
}
Event: 6.406 GC heap after
{Heap after GC invocations=16 (full 0):
 garbage-first heap   total 157696K, used 59862K [0x0000000080000000, 0x0000000100000000)
  region size 1024K, 5 young (5120K), 5 survivors (5120K)
 Metaspace       used 76655K, capacity 78423K, committed 78508K, reserved 1118208K
  class space    used 10073K, capacity 10735K, committed 10752K, reserved 1048576K
}
Event: 6.961 GC heap before
{Heap before GC invocations=16 (full 0):
 garbage-first heap   total 157696K, used 124374K [0x0000000080000000, 0x0000000100000000)
  region size 1024K, 68 young (69632K), 5 survivors (5120K)
 Metaspace       used 80891K, capacity 82969K, committed 83244K, reserved 1120256K
  class space    used 10738K, capacity 11551K, committed 11648K, reserved 1048576K
}
Event: 6.966 GC heap after
{Heap after GC invocations=17 (full 0):
 garbage-first heap   total 157696K, used 64152K [0x0000000080000000, 0x0000000100000000)
  region size 1024K, 9 young (9216K), 9 survivors (9216K)
 Metaspace       used 80891K, capacity 82969K, committed 83244K, reserved 1120256K
  class space    used 10738K, capacity 11551K, committed 11648K, reserved 1048576K
}
Event: 7.382 GC heap before
{Heap before GC invocations=17 (full 0):
 garbage-first heap   total 157696K, used 124568K [0x0000000080000000, 0x0000000100000000)
  region size 1024K, 69 young (70656K), 9 survivors (9216K)
 Metaspace       used 83680K, capacity 85875K, committed 86060K, reserved 1124352K
  class space    used 11011K, capacity 11842K, committed 11904K, reserved 1048576K
}
Event: 7.387 GC heap after
{Heap after GC invocations=18 (full 0):
 garbage-first heap   total 157696K, used 67390K [0x0000000080000000, 0x0000000100000000)
  region size 1024K, 4 young (4096K), 4 survivors (4096K)
 Metaspace       used 83680K, capacity 85875K, committed 86060K, reserved 1124352K
  class space    used 11011K, capacity 11842K, committed 11904K, reserved 1048576K
}
Event: 7.746 GC heap before
{Heap before GC invocations=18 (full 0):
 garbage-first heap   total 157696K, used 126782K [0x0000000080000000, 0x0000000100000000)
  region size 1024K, 63 young (64512K), 4 survivors (4096K)
 Metaspace       used 87491K, capacity 89774K, committed 89900K, reserved 1126400K
  class space    used 11508K, capacity 12372K, committed 12416K, reserved 1048576K
}
Event: 7.750 GC heap after
{Heap after GC invocations=19 (full 0):
 garbage-first heap   total 157696K, used 70129K [0x0000000080000000, 0x0000000100000000)
  region size 1024K, 7 young (7168K), 7 survivors (7168K)
 Metaspace       used 87491K, capacity 89774K, committed 89900K, reserved 1126400K
  class space    used 11508K, capacity 12372K, committed 12416K, reserved 1048576K
}
Event: 8.017 GC heap before
{Heap before GC invocations=19 (full 0):
 garbage-first heap   total 157696K, used 131569K [0x0000000080000000, 0x0000000100000000)
  region size 1024K, 64 young (65536K), 7 survivors (7168K)
 Metaspace       used 88671K, capacity 90935K, committed 91052K, reserved 1128448K
  class space    used 11604K, capacity 12434K, committed 12544K, reserved 1048576K
}
Event: 8.023 GC heap after
{Heap after GC invocations=20 (full 0):
 garbage-first heap   total 157696K, used 79996K [0x0000000080000000, 0x0000000100000000)
  region size 1024K, 8 young (8192K), 8 survivors (8192K)
 Metaspace       used 88671K, capacity 90935K, committed 91052K, reserved 1128448K
  class space    used 11604K, capacity 12434K, committed 12544K, reserved 1048576K
}
Event: 8.200 GC heap before
{Heap before GC invocations=20 (full 0):
 garbage-first heap   total 157696K, used 114812K [0x0000000080000000, 0x0000000100000000)
  region size 1024K, 44 young (45056K), 8 survivors (8192K)
 Metaspace       used 91595K, capacity 93926K, committed 94252K, reserved 1130496K
  class space    used 11969K, capacity 12854K, committed 12928K, reserved 1048576K
}
Event: 8.206 GC heap after
{Heap after GC invocations=21 (full 0):
 garbage-first heap   total 157696K, used 83331K [0x0000000080000000, 0x0000000100000000)
  region size 1024K, 4 young (4096K), 4 survivors (4096K)
 Metaspace       used 91595K, capacity 93926K, committed 94252K, reserved 1130496K
  class space    used 11969K, capacity 12854K, committed 12928K, reserved 1048576K
}

Deoptimization events (20 events):
Event: 8.121 Thread 0x00000236f63ad800 DEOPT PACKING pc=0x00000236da1d2bd5 sp=0x000000792cefc6b0
Event: 8.121 Thread 0x00000236f63ad800 DEOPT UNPACKING pc=0x00000236d881a95e sp=0x000000792cefbbd0 mode 0
Event: 8.146 Thread 0x00000236f63ae000 DEOPT PACKING pc=0x00000236d9d1b850 sp=0x000000792cbfd480
Event: 8.146 Thread 0x00000236f63ae000 DEOPT UNPACKING pc=0x00000236d881a95e sp=0x000000792cbfc998 mode 0
Event: 8.151 Thread 0x00000236f63ad800 Uncommon trap: trap_request=0xffffff4d fr.pc=0x00000236e077092c relative=0x000000000000038c
Event: 8.151 Thread 0x00000236f63ad800 Uncommon trap: reason=unstable_if action=reinterpret pc=0x00000236e077092c method=java.util.stream.StreamOpFlag.getMask(I)I @ 1 c2
Event: 8.151 Thread 0x00000236f63ad800 DEOPT PACKING pc=0x00000236e077092c sp=0x000000792cefd250
Event: 8.151 Thread 0x00000236f63ad800 DEOPT UNPACKING pc=0x00000236d881a1af sp=0x000000792cefd140 mode 2
Event: 8.229 Thread 0x00000236f63ad800 Uncommon trap: trap_request=0xffffff4d fr.pc=0x00000236e05e0c5c relative=0x00000000000000bc
Event: 8.229 Thread 0x00000236f63ad800 Uncommon trap: reason=unstable_if action=reinterpret pc=0x00000236e05e0c5c method=jdk.internal.misc.Unsafe.convEndian(ZS)S @ 4 c2
Event: 8.229 Thread 0x00000236f63ad800 DEOPT PACKING pc=0x00000236e05e0c5c sp=0x000000792cefd520
Event: 8.229 Thread 0x00000236f63ad800 DEOPT UNPACKING pc=0x00000236d881a1af sp=0x000000792cefd3e0 mode 2
Event: 8.239 Thread 0x00000236f63ad800 DEOPT PACKING pc=0x00000236da1d2bf6 sp=0x000000792cefd280
Event: 8.239 Thread 0x00000236f63ad800 DEOPT UNPACKING pc=0x00000236d881a95e sp=0x000000792cefc7a0 mode 0
Event: 8.241 Thread 0x00000236f63ad800 DEOPT PACKING pc=0x00000236da1d2bd5 sp=0x000000792cefd280
Event: 8.241 Thread 0x00000236f63ad800 DEOPT UNPACKING pc=0x00000236d881a95e sp=0x000000792cefc7a0 mode 0
Event: 8.247 Thread 0x00000236f63ad800 DEOPT PACKING pc=0x00000236da1d2bf6 sp=0x000000792cefd280
Event: 8.247 Thread 0x00000236f63ad800 DEOPT UNPACKING pc=0x00000236d881a95e sp=0x000000792cefc7a0 mode 0
Event: 8.263 Thread 0x00000236f63ad800 DEOPT PACKING pc=0x00000236da1d2bd5 sp=0x000000792cefd130
Event: 8.263 Thread 0x00000236f63ad800 DEOPT UNPACKING pc=0x00000236d881a95e sp=0x000000792cefc650 mode 0

Classes redefined (0 events):
No events

Internal exceptions (20 events):
Event: 8.032 Thread 0x00000236f44a2800 Exception <a 'java/lang/NoSuchMethodError'{0x000000008980b0a0}: <clinit>> (0x000000008980b0a0) thrown at [./src/hotspot/share/prims/jni.cpp, line 1365]
Event: 8.032 Thread 0x00000236f44a2800 Exception <a 'java/lang/NoSuchMethodError'{0x000000008980c2d8}: <clinit>> (0x000000008980c2d8) thrown at [./src/hotspot/share/prims/jni.cpp, line 1365]
Event: 8.041 Thread 0x00000236f44a2800 Implicit null exception at 0x00000236e07d79b2 to 0x00000236e07d7d80
Event: 8.074 Thread 0x00000236f63ad800 Exception <a 'sun/nio/fs/WindowsException'{0x0000000088b6a720}> (0x0000000088b6a720) thrown at [./src/hotspot/share/prims/jni.cpp, line 615]
Event: 8.084 Thread 0x00000236f44a2800 Implicit null exception at 0x00000236e07e741e to 0x00000236e07e7980
Event: 8.131 Thread 0x00000236f44a2800 Exception <a 'sun/nio/fs/WindowsException'{0x0000000087fb86c0}> (0x0000000087fb86c0) thrown at [./src/hotspot/share/prims/jni.cpp, line 615]
Event: 8.131 Thread 0x00000236f44a2800 Exception <a 'sun/nio/fs/WindowsException'{0x0000000087fb9588}> (0x0000000087fb9588) thrown at [./src/hotspot/share/prims/jni.cpp, line 615]
Event: 8.131 Thread 0x00000236f44a2800 Exception <a 'sun/nio/fs/WindowsException'{0x0000000087fb99c8}> (0x0000000087fb99c8) thrown at [./src/hotspot/share/prims/jni.cpp, line 615]
Event: 8.131 Thread 0x00000236f44a2800 Exception <a 'sun/nio/fs/WindowsException'{0x0000000087fba888}> (0x0000000087fba888) thrown at [./src/hotspot/share/prims/jni.cpp, line 615]
Event: 8.132 Thread 0x00000236f44a2800 Exception <a 'sun/nio/fs/WindowsException'{0x0000000087fbab88}> (0x0000000087fbab88) thrown at [./src/hotspot/share/prims/jni.cpp, line 615]
Event: 8.132 Thread 0x00000236f44a2800 Exception <a 'sun/nio/fs/WindowsException'{0x0000000087fbba18}> (0x0000000087fbba18) thrown at [./src/hotspot/share/prims/jni.cpp, line 615]
Event: 8.139 Thread 0x00000236f44a2800 Exception <a 'java/lang/NoSuchMethodError'{0x0000000087d2e578}: <clinit>> (0x0000000087d2e578) thrown at [./src/hotspot/share/prims/jni.cpp, line 1365]
Event: 8.141 Thread 0x00000236f44a2800 Exception <a 'java/lang/NoSuchMethodError'{0x0000000087d6bab0}: <clinit>> (0x0000000087d6bab0) thrown at [./src/hotspot/share/prims/jni.cpp, line 1365]
Event: 8.141 Thread 0x00000236f44a2800 Exception <a 'java/lang/NoSuchMethodError'{0x0000000087d9a430}: <clinit>> (0x0000000087d9a430) thrown at [./src/hotspot/share/prims/jni.cpp, line 1365]
Event: 8.218 Thread 0x00000236f63ad800 Exception <a 'java/lang/NoSuchMethodError'{0x00000000899d35c0}: 'java.lang.Object java.lang.invoke.DirectMethodHandle$Holder.invokeStaticInit(java.lang.Object, java.lang.Object, java.lang.Object, java.lang.Object, java.lang.Object, java.lang.Object, java.lang.Object, java.lang.Object, java.lang.Object, java.lang.Object, java.lang.Object, java.lang.Object, java.lang.Object, java.lang.Object, java.lang.Object, java.lang.Object, java.lang.Object, java.lang.Object, int, java.lang.Object, java.lang.Object)'> (0
Event: 8.231 Thread 0x00000236f63ae000 Exception <a 'java/lang/NoSuchMethodError'{0x00000000898e2420}: 'void java.lang.invoke.DirectMethodHandle$Holder.invokeStatic(java.lang.Object, long)'> (0x00000000898e2420) thrown at [./src/hotspot/share/interpreter/linkResolver.cpp, line 773]
Event: 8.231 Thread 0x00000236f63ae000 Exception <a 'java/lang/NoSuchMethodError'{0x00000000898e7638}: 'java.lang.Object java.lang.invoke.DirectMethodHandle$Holder.invokeStatic(java.lang.Object, long)'> (0x00000000898e7638) thrown at [./src/hotspot/share/interpreter/linkResolver.cpp, line 773]
Event: 8.233 Thread 0x00000236f63ae000 Exception <a 'java/lang/NoSuchMethodError'{0x0000000089416480}: 'java.lang.Object java.lang.invoke.DirectMethodHandle$Holder.invokeStaticInit(java.lang.Object, java.lang.Object, long, java.lang.Object)'> (0x0000000089416480) thrown at [./src/hotspot/share/interpreter/linkResolver.cpp, line 773]
Event: 8.234 Thread 0x00000236f63ae000 Exception <a 'java/lang/NoSuchMethodError'{0x0000000089392e30}: 'java.lang.Object java.lang.invoke.DirectMethodHandle$Holder.invokeStatic(java.lang.Object, java.lang.Object, long)'> (0x0000000089392e30) thrown at [./src/hotspot/share/interpreter/linkResolver.cpp, line 773]
Event: 8.235 Thread 0x00000236f63ae000 Exception <a 'java/lang/NoSuchMethodError'{0x00000000893a2910}: 'java.lang.Object java.lang.invoke.Invokers$Holder.linkToTargetMethod(java.lang.Object, long, java.lang.Object)'> (0x00000000893a2910) thrown at [./src/hotspot/share/interpreter/linkResolver.cpp, line 773]

Events (20 events):
Event: 8.235 loading class java/lang/Process$PipeInputStream
Event: 8.235 loading class java/lang/Process$PipeInputStream done
Event: 8.235 Executing VM operation: Deoptimize
Event: 8.237 Executing VM operation: Deoptimize done
Event: 8.237 loading class com/android/utils/GrabProcessOutput$Wait
Event: 8.237 loading class com/android/utils/GrabProcessOutput$Wait done
Event: 8.238 loading class com/android/utils/GrabProcessOutput
Event: 8.238 loading class com/android/utils/GrabProcessOutput done
Event: 8.238 loading class com/android/utils/GrabProcessOutput$1
Event: 8.238 loading class com/android/utils/GrabProcessOutput$1 done
Event: 8.238 loading class com/android/tools/r8/internal/nz
Event: 8.238 loading class com/android/tools/r8/internal/nz done
Event: 8.239 loading class com/android/utils/GrabProcessOutput$2
Event: 8.239 loading class com/android/utils/GrabProcessOutput$2 done
Event: 8.239 Thread 0x00000236f63b9800 Thread added: 0x00000236f63b9800
Event: 8.239 Thread 0x00000236f63b4000 Thread added: 0x00000236f63b4000
Event: 8.239 loading class com/google/common/util/concurrent/OverflowAvoidingLockSupport
Event: 8.239 loading class com/google/common/util/concurrent/OverflowAvoidingLockSupport done
Event: 8.248 Executing VM operation: CGC_Operation
Event: 8.260 Executing VM operation: CGC_Operation done


Dynamic libraries:
0x00007ff6ed730000 - 0x00007ff6ed73a000 	C:\Program Files\Android\Android Studio\jre\bin\java.exe
0x00007ffe4dc00000 - 0x00007ffe4de09000 	C:\Windows\SYSTEM32\ntdll.dll
0x00007ffe4d170000 - 0x00007ffe4d22d000 	C:\Windows\System32\KERNEL32.DLL
0x00007ffe4b5f0000 - 0x00007ffe4b969000 	C:\Windows\System32\KERNELBASE.dll
0x00007ffe4b970000 - 0x00007ffe4ba81000 	C:\Windows\System32\ucrtbase.dll
0x00007ffe31e10000 - 0x00007ffe31e29000 	C:\Program Files\Android\Android Studio\jre\bin\jli.dll
0x00007ffe30d20000 - 0x00007ffe30d37000 	C:\Program Files\Android\Android Studio\jre\bin\VCRUNTIME140.dll
0x00007ffe4c0f0000 - 0x00007ffe4c29c000 	C:\Windows\System32\USER32.dll
0x00007ffe4b270000 - 0x00007ffe4b296000 	C:\Windows\System32\win32u.dll
0x00007ffe3e850000 - 0x00007ffe3eaf5000 	C:\Windows\WinSxS\amd64_microsoft.windows.common-controls_6595b64144ccf1df_6.0.22000.120_none_9d947278b86cc467\COMCTL32.dll
0x00007ffe4c4b0000 - 0x00007ffe4c4d9000 	C:\Windows\System32\GDI32.dll
0x00007ffe4d0b0000 - 0x00007ffe4d153000 	C:\Windows\System32\msvcrt.dll
0x00007ffe4b150000 - 0x00007ffe4b262000 	C:\Windows\System32\gdi32full.dll
0x00007ffe4b490000 - 0x00007ffe4b52d000 	C:\Windows\System32\msvcp_win.dll
0x00007ffe4bce0000 - 0x00007ffe4bd11000 	C:\Windows\System32\IMM32.DLL
0x00007ffe2b460000 - 0x00007ffe2b4fd000 	C:\Program Files\Android\Android Studio\jre\bin\msvcp140.dll
0x00007ffde3050000 - 0x00007ffde3b35000 	C:\Program Files\Android\Android Studio\jre\bin\server\jvm.dll
0x00007ffe4ba90000 - 0x00007ffe4bb3e000 	C:\Windows\System32\ADVAPI32.dll
0x00007ffe4bd20000 - 0x00007ffe4bdbe000 	C:\Windows\System32\sechost.dll
0x00007ffe4be50000 - 0x00007ffe4bf70000 	C:\Windows\System32\RPCRT4.dll
0x00007ffe4d3f0000 - 0x00007ffe4d3f8000 	C:\Windows\System32\PSAPI.DLL
0x00007ffe31450000 - 0x00007ffe31459000 	C:\Windows\SYSTEM32\WSOCK32.dll
0x00007ffe44b40000 - 0x00007ffe44b4a000 	C:\Windows\SYSTEM32\VERSION.dll
0x00007ffe4d040000 - 0x00007ffe4d0af000 	C:\Windows\System32\WS2_32.dll
0x00007ffe45830000 - 0x00007ffe45863000 	C:\Windows\SYSTEM32\WINMM.dll
0x00007ffe4a2d0000 - 0x00007ffe4a2e8000 	C:\Windows\SYSTEM32\kernel.appcore.dll
0x00007ffe264f0000 - 0x00007ffe26501000 	C:\Program Files\Android\Android Studio\jre\bin\verify.dll
0x00007ffe3ae00000 - 0x00007ffe3b021000 	C:\Windows\SYSTEM32\DBGHELP.DLL
0x00007ffe37470000 - 0x00007ffe374a1000 	C:\Windows\SYSTEM32\dbgcore.DLL
0x00007ffe4b410000 - 0x00007ffe4b48f000 	C:\Windows\System32\bcryptPrimitives.dll
0x00007ffe20d10000 - 0x00007ffe20d39000 	C:\Program Files\Android\Android Studio\jre\bin\java.dll
0x00007ffe2ff60000 - 0x00007ffe2ff6b000 	C:\Program Files\Android\Android Studio\jre\bin\jimage.dll
0x00007ffe25900000 - 0x00007ffe25918000 	C:\Program Files\Android\Android Studio\jre\bin\zip.dll
0x00007ffe4d400000 - 0x00007ffe4dbb8000 	C:\Windows\System32\SHELL32.dll
0x00007ffe49260000 - 0x00007ffe49ac8000 	C:\Windows\SYSTEM32\windows.storage.dll
0x00007ffe4cb40000 - 0x00007ffe4ceb9000 	C:\Windows\System32\combase.dll
0x00007ffe490f0000 - 0x00007ffe49256000 	C:\Windows\SYSTEM32\wintypes.dll
0x00007ffe4cec0000 - 0x00007ffe4cfaa000 	C:\Windows\System32\SHCORE.dll
0x00007ffe4bfe0000 - 0x00007ffe4c03d000 	C:\Windows\System32\shlwapi.dll
0x00007ffe4b010000 - 0x00007ffe4b031000 	C:\Windows\SYSTEM32\profapi.dll
0x00007ffe22180000 - 0x00007ffe2219a000 	C:\Program Files\Android\Android Studio\jre\bin\net.dll
0x00007ffe45870000 - 0x00007ffe4597c000 	C:\Windows\SYSTEM32\WINHTTP.dll
0x00007ffe4a700000 - 0x00007ffe4a767000 	C:\Windows\system32\mswsock.dll
0x00007ffe20df0000 - 0x00007ffe20e04000 	C:\Program Files\Android\Android Studio\jre\bin\nio.dll
0x00007ffe27780000 - 0x00007ffe277a7000 	C:\Users\datico\.gradle\native\e1d6ef7f7dcc3fd88c89a11ec53ec762bb8ba0a96d01ffa2cd45eb1d1d8dd5c5\windows-amd64\native-platform.dll
0x00007ffe1e880000 - 0x00007ffe1e9c4000 	C:\Users\datico\.gradle\native\5664cfc778a61ccfe75a443a1ab52a65af34e5dc3c78e0209fed803814484fcb\windows-amd64\native-platform-file-events.dll
0x00007ffe2feb0000 - 0x00007ffe2feba000 	C:\Program Files\Android\Android Studio\jre\bin\management.dll
0x00007ffe2fa60000 - 0x00007ffe2fa6d000 	C:\Program Files\Android\Android Studio\jre\bin\management_ext.dll
0x00007ffe4a940000 - 0x00007ffe4a958000 	C:\Windows\SYSTEM32\CRYPTSP.dll
0x00007ffe4a230000 - 0x00007ffe4a265000 	C:\Windows\system32\rsaenh.dll
0x00007ffe4a7f0000 - 0x00007ffe4a819000 	C:\Windows\SYSTEM32\USERENV.dll
0x00007ffe4aac0000 - 0x00007ffe4aae7000 	C:\Windows\SYSTEM32\bcrypt.dll
0x00007ffe4a960000 - 0x00007ffe4a96c000 	C:\Windows\SYSTEM32\CRYPTBASE.dll
0x00007ffe49e00000 - 0x00007ffe49e2d000 	C:\Windows\SYSTEM32\IPHLPAPI.DLL
0x00007ffe4c4e0000 - 0x00007ffe4c4e9000 	C:\Windows\System32\NSI.dll
0x00007ffe45700000 - 0x00007ffe45719000 	C:\Windows\SYSTEM32\dhcpcsvc6.DLL
0x00007ffe463a0000 - 0x00007ffe463be000 	C:\Windows\SYSTEM32\dhcpcsvc.DLL
0x00007ffe49e70000 - 0x00007ffe49f58000 	C:\Windows\SYSTEM32\DNSAPI.dll

dbghelp: loaded successfully - version: 4.0.5 - missing functions: none
symbol engine: initialized successfully - sym options: 0x614 - pdb path: .;C:\Program Files\Android\Android Studio\jre\bin;C:\Windows\SYSTEM32;C:\Windows\WinSxS\amd64_microsoft.windows.common-controls_6595b64144ccf1df_6.0.22000.120_none_9d947278b86cc467;C:\Program Files\Android\Android Studio\jre\bin\server;C:\Users\datico\.gradle\native\e1d6ef7f7dcc3fd88c89a11ec53ec762bb8ba0a96d01ffa2cd45eb1d1d8dd5c5\windows-amd64;C:\Users\datico\.gradle\native\5664cfc778a61ccfe75a443a1ab52a65af34e5dc3c78e0209fed803814484fcb\windows-amd64

VM Arguments:
jvm_args: --add-opens=java.base/java.util=ALL-UNNAMED --add-opens=java.base/java.lang=ALL-UNNAMED --add-opens=java.base/java.lang.invoke=ALL-UNNAMED --add-opens=java.base/java.util=ALL-UNNAMED --add-opens=java.prefs/java.util.prefs=ALL-UNNAMED --add-opens=java.prefs/java.util.prefs=ALL-UNNAMED --add-opens=java.base/java.nio.charset=ALL-UNNAMED --add-opens=java.base/java.net=ALL-UNNAMED --add-opens=java.base/java.util.concurrent.atomic=ALL-UNNAMED -Xmx2048m -Dfile.encoding=UTF-8 -Duser.country=RU -Duser.language=ru -Duser.variant 
java_command: org.gradle.launcher.daemon.bootstrap.GradleDaemon 7.3.3
java_class_path (initial): C:\Users\datico\.gradle\wrapper\dists\gradle-7.3.3-bin\6a41zxkdtcxs8rphpq6y0069z\gradle-7.3.3\lib\gradle-launcher-7.3.3.jar
Launcher Type: SUN_STANDARD

[Global flags]
     intx CICompilerCount                          = 4                                         {product} {ergonomic}
     uint ConcGCThreads                            = 3                                         {product} {ergonomic}
     uint G1ConcRefinementThreads                  = 10                                        {product} {ergonomic}
   size_t G1HeapRegionSize                         = 1048576                                   {product} {ergonomic}
    uintx GCDrainStackTargetSize                   = 64                                        {product} {ergonomic}
   size_t InitialHeapSize                          = 134217728                                 {product} {ergonomic}
   size_t MarkStackSize                            = 4194304                                   {product} {ergonomic}
   size_t MaxHeapSize                              = 2147483648                                {product} {command line}
   size_t MaxNewSize                               = 1287651328                                {product} {ergonomic}
   size_t MinHeapDeltaBytes                        = 1048576                                   {product} {ergonomic}
    uintx NonNMethodCodeHeapSize                   = 5836300                                {pd product} {ergonomic}
    uintx NonProfiledCodeHeapSize                  = 122910970                              {pd product} {ergonomic}
    uintx ProfiledCodeHeapSize                     = 122910970                              {pd product} {ergonomic}
    uintx ReservedCodeCacheSize                    = 251658240                              {pd product} {ergonomic}
     bool SegmentedCodeCache                       = true                                      {product} {ergonomic}
     bool UseCompressedClassPointers               = true                                 {lp64_product} {ergonomic}
     bool UseCompressedOops                        = true                                 {lp64_product} {ergonomic}
     bool UseG1GC                                  = true                                      {product} {ergonomic}
     bool UseLargePagesIndividualAllocation        = false                                  {pd product} {ergonomic}

Logging:
Log output configuration:
 #0: stdout all=warning uptime,level,tags
 #1: stderr all=off uptime,level,tags

Environment Variables:
PATH=C:\Windows\system32;C:\Windows;C:\Windows\System32\Wbem;C:\Windows\System32\WindowsPowerShell\v1.0\;C:\Windows\System32\OpenSSH\;C:\Program Files\NVIDIA Corporation\NVIDIA NvDLISR;C:\Program Files (x86)\NVIDIA Corporation\PhysX\Common;C:\Users\datico\AppData\Local\Microsoft\WindowsApps;
USERNAME=datico
OS=Windows_NT
PROCESSOR_IDENTIFIER=AMD64 Family 23 Model 113 Stepping 0, AuthenticAMD



---------------  S Y S T E M  ---------------

OS: Windows 10 , 64 bit Build 22000 (10.0.22000.708)
OS uptime: 3 days 21:21 hours

CPU:total 12 (initial active 12) (12 cores per cpu, 2 threads per core) family 23 model 113 stepping 0 microcode 0x0, cmov, cx8, fxsr, mmx, sse, sse2, sse3, ssse3, sse4.1, sse4.2, popcnt, avx, avx2, aes, clmul, mmxext, 3dnowpref, lzcnt, sse4a, ht, tsc, tscinvbit, tscinv, bmi1, bmi2, adx, sha, fma

Memory: 4k page, system-wide physical 8140M (391M free)
TotalPageFile size 22357M (AvailPageFile size 9M)
current process WorkingSet (physical memory assigned to process): 433M, peak: 434M
current process commit charge ("private bytes"): 474M, peak: 477M

vm_info: OpenJDK 64-Bit Server VM (11.0.12+7-b1504.28-7817840) for windows-amd64 JRE (11.0.12+7-b1504.28-7817840), built on Oct 13 2021 22:12:33 by "builder" with MS VC++ 14.0 (VS2015)

END.
