#
# There is insufficient memory for the Java Runtime Environment to continue.
# Native memory allocation (malloc) failed to allocate 1865776 bytes for Chunk::new
# Possible reasons:
#   The system is out of physical RAM or swap space
#   The process is running with CompressedOops enabled, and the Java Heap may be blocking the growth of the native heap
# Possible solutions:
#   Reduce memory load on the system
#   Increase physical memory or swap space
#   Check if swap backing store is full
#   Decrease Java heap size (-Xmx/-Xms)
#   Decrease number of Java threads
#   Decrease Java thread stack sizes (-Xss)
#   Set larger code cache with -XX:ReservedCodeCacheSize=
#   JVM is running with Unscaled Compressed Oops mode in which the Java heap is
#     placed in the first 4GB address space. The Java Heap base address is the
#     maximum limit for the native heap growth. Please use -XX:HeapBaseMinAddress
#     to set the Java Heap base and to place the Java Heap above 4GB virtual address.
# This output file may be truncated or incomplete.
#
#  Out of Memory Error (./src/hotspot/share/memory/arena.cpp:197), pid=12556, tid=1688
#
# JRE version: OpenJDK Runtime Environment (11.0.12+7) (build 11.0.12+7-b1504.28-7817840)
# Java VM: OpenJDK 64-Bit Server VM (11.0.12+7-b1504.28-7817840, mixed mode, tiered, compressed oops, g1 gc, windows-amd64)
# No core dump will be written. Minidumps are not enabled by default on client versions of Windows
#

---------------  S U M M A R Y ------------

Command Line: --add-opens=java.base/java.util=ALL-UNNAMED --add-opens=java.base/java.lang=ALL-UNNAMED --add-opens=java.base/java.lang.invoke=ALL-UNNAMED --add-opens=java.base/java.util=ALL-UNNAMED --add-opens=java.prefs/java.util.prefs=ALL-UNNAMED --add-opens=java.prefs/java.util.prefs=ALL-UNNAMED --add-opens=java.base/java.nio.charset=ALL-UNNAMED --add-opens=java.base/java.net=ALL-UNNAMED --add-opens=java.base/java.util.concurrent.atomic=ALL-UNNAMED -Xmx2048m -Dfile.encoding=UTF-8 -Duser.country=RU -Duser.language=ru -Duser.variant org.gradle.launcher.daemon.bootstrap.GradleDaemon 7.3.3

Host: AMD Ryzen 5 3600 6-Core Processor              , 12 cores, 7G,  Windows 10 , 64 bit Build 22000 (10.0.22000.708)
Time: Thu Jul 14 14:02:43 2022 RTZ 2 (зима) elapsed time: 7.741042 seconds (0d 0h 0m 7s)

---------------  T H R E A D  ---------------

Current thread (0x000001dcc0fea000):  JavaThread "C2 CompilerThread2" daemon [_thread_in_native, id=1688, stack(0x0000006031e00000,0x0000006031f00000)]


Current CompileTask:
C2:   7741 9376       4       org.gradle.api.internal.artifacts.transform.ConsumerProvidedVariantFinder::matchAttributes (68 bytes)

Stack: [0x0000006031e00000,0x0000006031f00000]
Native frames: (J=compiled Java code, j=interpreted, Vv=VM code, C=native code)
V  [jvm.dll+0x5fbcea]
V  [jvm.dll+0x731905]
V  [jvm.dll+0x732f1d]
V  [jvm.dll+0x7335d3]
V  [jvm.dll+0x247bf8]
V  [jvm.dll+0xc018c]
V  [jvm.dll+0xc06cc]
V  [jvm.dll+0x35b2db]
V  [jvm.dll+0x328803]
V  [jvm.dll+0x327cfa]
V  [jvm.dll+0x200602]
V  [jvm.dll+0x1ff794]
V  [jvm.dll+0x18868c]
V  [jvm.dll+0x20e0d7]
V  [jvm.dll+0x20c901]
V  [jvm.dll+0x6f9b7f]
V  [jvm.dll+0x6f26a5]
V  [jvm.dll+0x5fabf6]
C  [ucrtbase.dll+0x26c0c]
C  [KERNEL32.DLL+0x154e0]
C  [ntdll.dll+0x485b]


---------------  P R O C E S S  ---------------

Threads class SMR info:
_java_thread_list=0x000001dcc78f2350, length=185, elements={
0x000001dca291b000, 0x000001dcbd1ec000, 0x000001dcbd1f5000, 0x000001dcbd20d000,
0x000001dcbd20e000, 0x000001dcbd20f000, 0x000001dcbd210800, 0x000001dcbdb93800,
0x000001dcbdb9d800, 0x000001dcbdcef800, 0x000001dcbfd38800, 0x000001dcbdd8e800,
0x000001dcc0445800, 0x000001dcbdf2e800, 0x000001dcbe6d9000, 0x000001dcc013e000,
0x000001dcbf228800, 0x000001dcc146e800, 0x000001dcbf097800, 0x000001dcbe705800,
0x000001dcc0464000, 0x000001dcc0466800, 0x000001dcc0467000, 0x000001dcc0468000,
0x000001dcc0462800, 0x000001dcc0469000, 0x000001dcc0465800, 0x000001dcc0463000,
0x000001dcc0464800, 0x000001dcc0d25800, 0x000001dcc0d28000, 0x000001dcc0fea000,
0x000001dcc0d27000, 0x000001dcc0d26000, 0x000001dcc0d28800, 0x000001dcc0d23000,
0x000001dcc0d29800, 0x000001dcc0d23800, 0x000001dcc0d2c800, 0x000001dcc0d2b000,
0x000001dcc0d2f000, 0x000001dcc0d2c000, 0x000001dcc0d2d800, 0x000001dcc0d2e800,
0x000001dcc0d30000, 0x000001dcc0d2a000, 0x000001dcc0d31000, 0x000001dcc3288800,
0x000001dcc3284800, 0x000001dcc3288000, 0x000001dcc3289800, 0x000001dcc3284000,
0x000001dcc328a800, 0x000001dcc3285800, 0x000001dcc328c000, 0x000001dcc3287000,
0x000001dcc328b000, 0x000001dcc3286800, 0x000001dcc3291800, 0x000001dcc3290000,
0x000001dcc3291000, 0x000001dcc328e800, 0x000001dcc328d000, 0x000001dcc328f800,
0x000001dcc328d800, 0x000001dcc3292800, 0x000001dcc3d9a800, 0x000001dcc3d9c000,
0x000001dcc3d98000, 0x000001dcc3d99000, 0x000001dcc3d99800, 0x000001dcc3d9d000,
0x000001dcc3d9b800, 0x000001dcc3d97000, 0x000001dcc3da1000, 0x000001dcc3d9f800,
0x000001dcc3da2800, 0x000001dcc3da2000, 0x000001dcc3da3800, 0x000001dcc3d9e800,
0x000001dcc3da0000, 0x000001dcc3d9e000, 0x000001dcc3da5000, 0x000001dcc3da4800,
0x000001dcc3da6000, 0x000001dcc3d26000, 0x000001dcc3d24800, 0x000001dcc3d23000,
0x000001dcc3d25800, 0x000001dcc3d27800, 0x000001dcc3d27000, 0x000001dcc3d23800,
0x000001dcc3d22000, 0x000001dcc3d28800, 0x000001dcc3576800, 0x000001dcc3579000,
0x000001dcc3577800, 0x000001dcc3578800, 0x000001dcc3574800, 0x000001dcc357a000,
0x000001dcc357b000, 0x000001dcc3575000, 0x000001dcc357b800, 0x000001dcc3576000,
0x000001dcc3580800, 0x000001dcc357f800, 0x000001dcc3581800, 0x000001dcc357d800,
0x000001dcc3582000, 0x000001dcc357c800, 0x000001dcc3583000, 0x000001dcc357f000,
0x000001dcc357e000, 0x000001dcc6899800, 0x000001dcc689a800, 0x000001dcc689d000,
0x000001dcc6898800, 0x000001dcc68a0000, 0x000001dcc689b000, 0x000001dcc689d800,
0x000001dcc689f800, 0x000001dcc689c000, 0x000001dcc68a1000, 0x000001dcc68a1800,
0x000001dcc68a2800, 0x000001dcc68a4000, 0x000001dcc68a3800, 0x000001dcc689e800,
0x000001dcc68a5000, 0x000001dcc68a6000, 0x000001dcc68a6800, 0x000001dcc68a7800,
0x000001dcc1614800, 0x000001dcc160e800, 0x000001dcc1610800, 0x000001dcc1612000,
0x000001dcc1615800, 0x000001dcc160f800, 0x000001dcc1616000, 0x000001dcc1617000,
0x000001dcc1613800, 0x000001dcc1611000, 0x000001dcc1618800, 0x000001dcc1617800,
0x000001dcc1613000, 0x000001dcc161c800, 0x000001dcc161d800, 0x000001dcc1619800,
0x000001dcc161a000, 0x000001dcc161b000, 0x000001dcc161c000, 0x000001dcc2e89000,
0x000001dcc2e89800, 0x000001dcc2e8a800, 0x000001dcc2e87000, 0x000001dcc2e8b000,
0x000001dcc2e8c000, 0x000001dcc2e86800, 0x000001dcc2e8d000, 0x000001dcc2e8d800,
0x000001dcc2e88000, 0x000001dcc2e92800, 0x000001dcc2e93800, 0x000001dcc2e8e800,
0x000001dcc2e94000, 0x000001dcc2e90000, 0x000001dcc2e91000, 0x000001dcc2e95000,
0x000001dcc2e8f800, 0x000001dcc9e30800, 0x000001dcc9e31000, 0x000001dcc9e32000,
0x000001dcc9e33800, 0x000001dcc9e35000, 0x000001dcc9e36000, 0x000001dcc9e34800,
0x000001dcc9e37000, 0x000001dcc9e32800, 0x000001dcc861f800, 0x000001dcc8620800,
0x000001dcc8623000, 0x000001dcc8621800, 0x000001dcc861f000, 0x000001dcc8624000,
0x000001dcc8624800
}

Java Threads: ( => current thread )
  0x000001dca291b000 JavaThread "main" [_thread_blocked, id=13940, stack(0x000000602ec00000,0x000000602ed00000)]
  0x000001dcbd1ec000 JavaThread "Reference Handler" daemon [_thread_blocked, id=14268, stack(0x000000602f300000,0x000000602f400000)]
  0x000001dcbd1f5000 JavaThread "Finalizer" daemon [_thread_blocked, id=1568, stack(0x000000602f400000,0x000000602f500000)]
  0x000001dcbd20d000 JavaThread "Signal Dispatcher" daemon [_thread_blocked, id=5452, stack(0x000000602f500000,0x000000602f600000)]
  0x000001dcbd20e000 JavaThread "Attach Listener" daemon [_thread_blocked, id=3064, stack(0x000000602f600000,0x000000602f700000)]
  0x000001dcbd20f000 JavaThread "Service Thread" daemon [_thread_blocked, id=16024, stack(0x000000602f700000,0x000000602f800000)]
  0x000001dcbd210800 JavaThread "C2 CompilerThread0" daemon [_thread_blocked, id=11832, stack(0x000000602f800000,0x000000602f900000)]
  0x000001dcbdb93800 JavaThread "C1 CompilerThread0" daemon [_thread_blocked, id=17388, stack(0x000000602f900000,0x000000602fa00000)]
  0x000001dcbdb9d800 JavaThread "Sweeper thread" daemon [_thread_blocked, id=12172, stack(0x000000602fa00000,0x000000602fb00000)]
  0x000001dcbdcef800 JavaThread "Common-Cleaner" daemon [_thread_blocked, id=15568, stack(0x000000602fb00000,0x000000602fc00000)]
  0x000001dcbfd38800 JavaThread "Daemon health stats" [_thread_blocked, id=3120, stack(0x0000006030100000,0x0000006030200000)]
  0x000001dcbdd8e800 JavaThread "Incoming local TCP Connector on port 56735" [_thread_in_native, id=9368, stack(0x000000602fd00000,0x000000602fe00000)]
  0x000001dcc0445800 JavaThread "Daemon periodic checks" [_thread_blocked, id=11480, stack(0x000000602fe00000,0x000000602ff00000)]
  0x000001dcbdf2e800 JavaThread "Daemon" [_thread_blocked, id=20096, stack(0x0000006030200000,0x0000006030300000)]
  0x000001dcbe6d9000 JavaThread "Handler for socket connection from /127.0.0.1:56735 to /127.0.0.1:56736" [_thread_in_native, id=17184, stack(0x0000006030300000,0x0000006030400000)]
  0x000001dcc013e000 JavaThread "Cancel handler" [_thread_blocked, id=8024, stack(0x0000006030400000,0x0000006030500000)]
  0x000001dcbf228800 JavaThread "Daemon worker" [_thread_blocked, id=12120, stack(0x0000006030500000,0x0000006030600000)]
  0x000001dcc146e800 JavaThread "C2 CompilerThread1" daemon [_thread_in_native, id=11336, stack(0x0000006030600000,0x0000006030700000)]
  0x000001dcbf097800 JavaThread "Asynchronous log dispatcher for DefaultDaemonConnection: socket connection from /127.0.0.1:56735 to /127.0.0.1:56736" [_thread_blocked, id=18580, stack(0x0000006030700000,0x0000006030800000)]
  0x000001dcbe705800 JavaThread "Stdin handler" [_thread_blocked, id=10524, stack(0x0000006030800000,0x0000006030900000)]
  0x000001dcc0464000 JavaThread "Daemon client event forwarder" [_thread_blocked, id=10660, stack(0x0000006030900000,0x0000006030a00000)]
  0x000001dcc0466800 JavaThread "Cache worker for journal cache (C:\Users\datico\.gradle\caches\journal-1)" [_thread_blocked, id=18684, stack(0x0000006031200000,0x0000006031300000)]
  0x000001dcc0467000 JavaThread "File lock request listener" [_thread_in_native, id=17656, stack(0x0000006031300000,0x0000006031400000)]
  0x000001dcc0468000 JavaThread "Cache worker for file hash cache (C:\Users\datico\.gradle\caches\7.3.3\fileHashes)" [_thread_blocked, id=14204, stack(0x0000006031400000,0x0000006031500000)]
  0x000001dcc0462800 JavaThread "Cache worker for file hash cache (C:\Users\datico\AndroidStudioProjects\MoneyManager2\.gradle\7.3.3\fileHashes)" [_thread_blocked, id=15164, stack(0x0000006031700000,0x0000006031800000)]
  0x000001dcc0469000 JavaThread "File watcher server" daemon [_thread_in_native, id=16188, stack(0x0000006031800000,0x0000006031900000)]
  0x000001dcc0465800 JavaThread "File watcher consumer" daemon [_thread_blocked, id=12824, stack(0x0000006031900000,0x0000006031a00000)]
  0x000001dcc0463000 JavaThread "Cache worker for checksums cache (C:\Users\datico\AndroidStudioProjects\MoneyManager2\.gradle\7.3.3\checksums)" [_thread_blocked, id=1060, stack(0x0000006031a00000,0x0000006031b00000)]
  0x000001dcc0464800 JavaThread "Cache worker for cache directory md-supplier (C:\Users\datico\.gradle\caches\7.3.3\md-supplier)" [_thread_blocked, id=16640, stack(0x0000006031b00000,0x0000006031c00000)]
  0x000001dcc0d25800 JavaThread "Cache worker for cache directory md-rule (C:\Users\datico\.gradle\caches\7.3.3\md-rule)" [_thread_blocked, id=13936, stack(0x0000006031c00000,0x0000006031d00000)]
  0x000001dcc0d28000 JavaThread "Cache worker for execution history cache (C:\Users\datico\.gradle\caches\7.3.3\executionHistory)" [_thread_blocked, id=18072, stack(0x0000006031d00000,0x0000006031e00000)]
=>0x000001dcc0fea000 JavaThread "C2 CompilerThread2" daemon [_thread_in_native, id=1688, stack(0x0000006031e00000,0x0000006031f00000)]
  0x000001dcc0d27000 JavaThread "jar transforms" [_thread_blocked, id=12712, stack(0x0000006031f00000,0x0000006032000000)]
  0x000001dcc0d26000 JavaThread "Cache worker for file content cache (C:\Users\datico\.gradle\caches\7.3.3\fileContent)" [_thread_blocked, id=7876, stack(0x0000006032000000,0x0000006032100000)]
  0x000001dcc0d28800 JavaThread "jar transforms Thread 2" [_thread_blocked, id=14164, stack(0x0000006032100000,0x0000006032200000)]
  0x000001dcc0d23000 JavaThread "Cache worker for dependencies-accessors (C:\Users\datico\AndroidStudioProjects\MoneyManager2\.gradle\7.3.3\dependencies-accessors)" [_thread_blocked, id=8164, stack(0x0000006032200000,0x0000006032300000)]
  0x000001dcc0d29800 JavaThread "jar transforms Thread 3" [_thread_blocked, id=21212, stack(0x0000006032300000,0x0000006032400000)]
  0x000001dcc0d23800 JavaThread "Cache worker for Build Output Cleanup Cache (C:\Users\datico\AndroidStudioProjects\MoneyManager2\.gradle\buildOutputCleanup)" [_thread_blocked, id=17804, stack(0x0000006032400000,0x0000006032500000)]
  0x000001dcc0d2c800 JavaThread "Unconstrained build operations" [_thread_blocked, id=11240, stack(0x0000006032500000,0x0000006032600000)]
  0x000001dcc0d2b000 JavaThread "Unconstrained build operations Thread 2" [_thread_blocked, id=8380, stack(0x0000006032600000,0x0000006032700000)]
  0x000001dcc0d2f000 JavaThread "Unconstrained build operations Thread 3" [_thread_blocked, id=16656, stack(0x0000006032700000,0x0000006032800000)]
  0x000001dcc0d2c000 JavaThread "Unconstrained build operations Thread 4" [_thread_blocked, id=9020, stack(0x0000006032800000,0x0000006032900000)]
  0x000001dcc0d2d800 JavaThread "Unconstrained build operations Thread 5" [_thread_blocked, id=19976, stack(0x0000006032900000,0x0000006032a00000)]
  0x000001dcc0d2e800 JavaThread "Unconstrained build operations Thread 6" [_thread_blocked, id=9364, stack(0x0000006032a00000,0x0000006032b00000)]
  0x000001dcc0d30000 JavaThread "Unconstrained build operations Thread 7" [_thread_blocked, id=18464, stack(0x0000006032b00000,0x0000006032c00000)]
  0x000001dcc0d2a000 JavaThread "Unconstrained build operations Thread 8" [_thread_blocked, id=5816, stack(0x0000006032c00000,0x0000006032d00000)]
  0x000001dcc0d31000 JavaThread "Unconstrained build operations Thread 9" [_thread_blocked, id=8928, stack(0x0000006032d00000,0x0000006032e00000)]
  0x000001dcc3288800 JavaThread "Unconstrained build operations Thread 10" [_thread_blocked, id=6548, stack(0x0000006032e00000,0x0000006032f00000)]
  0x000001dcc3284800 JavaThread "Unconstrained build operations Thread 11" [_thread_blocked, id=19148, stack(0x0000006032f00000,0x0000006033000000)]
  0x000001dcc3288000 JavaThread "Unconstrained build operations Thread 12" [_thread_blocked, id=2484, stack(0x0000006033000000,0x0000006033100000)]
  0x000001dcc3289800 JavaThread "Unconstrained build operations Thread 13" [_thread_blocked, id=11224, stack(0x0000006033100000,0x0000006033200000)]
  0x000001dcc3284000 JavaThread "Unconstrained build operations Thread 14" [_thread_blocked, id=14940, stack(0x0000006033200000,0x0000006033300000)]
  0x000001dcc328a800 JavaThread "Unconstrained build operations Thread 15" [_thread_blocked, id=1240, stack(0x0000006033300000,0x0000006033400000)]
  0x000001dcc3285800 JavaThread "Unconstrained build operations Thread 16" [_thread_blocked, id=21492, stack(0x0000006033400000,0x0000006033500000)]
  0x000001dcc328c000 JavaThread "Unconstrained build operations Thread 17" [_thread_blocked, id=15228, stack(0x0000006033500000,0x0000006033600000)]
  0x000001dcc3287000 JavaThread "Unconstrained build operations Thread 18" [_thread_blocked, id=19812, stack(0x0000006033600000,0x0000006033700000)]
  0x000001dcc328b000 JavaThread "Unconstrained build operations Thread 19" [_thread_blocked, id=15740, stack(0x0000006033700000,0x0000006033800000)]
  0x000001dcc3286800 JavaThread "Unconstrained build operations Thread 20" [_thread_blocked, id=13636, stack(0x0000006033800000,0x0000006033900000)]
  0x000001dcc3291800 JavaThread "Unconstrained build operations Thread 21" [_thread_blocked, id=14408, stack(0x0000006033900000,0x0000006033a00000)]
  0x000001dcc3290000 JavaThread "Unconstrained build operations Thread 22" [_thread_blocked, id=15356, stack(0x0000006033a00000,0x0000006033b00000)]
  0x000001dcc3291000 JavaThread "Unconstrained build operations Thread 23" [_thread_blocked, id=9052, stack(0x0000006033b00000,0x0000006033c00000)]
  0x000001dcc328e800 JavaThread "Unconstrained build operations Thread 24" [_thread_blocked, id=7244, stack(0x0000006033c00000,0x0000006033d00000)]
  0x000001dcc328d000 JavaThread "Unconstrained build operations Thread 25" [_thread_blocked, id=8228, stack(0x0000006033d00000,0x0000006033e00000)]
  0x000001dcc328f800 JavaThread "Unconstrained build operations Thread 26" [_thread_blocked, id=2328, stack(0x0000006033e00000,0x0000006033f00000)]
  0x000001dcc328d800 JavaThread "Unconstrained build operations Thread 27" [_thread_blocked, id=8676, stack(0x0000006033f00000,0x0000006034000000)]
  0x000001dcc3292800 JavaThread "Unconstrained build operations Thread 28" [_thread_blocked, id=15988, stack(0x0000006034000000,0x0000006034100000)]
  0x000001dcc3d9a800 JavaThread "Unconstrained build operations Thread 29" [_thread_blocked, id=16788, stack(0x0000006034100000,0x0000006034200000)]
  0x000001dcc3d9c000 JavaThread "Unconstrained build operations Thread 30" [_thread_blocked, id=21332, stack(0x0000006034200000,0x0000006034300000)]
  0x000001dcc3d98000 JavaThread "Unconstrained build operations Thread 31" [_thread_blocked, id=13764, stack(0x0000006034300000,0x0000006034400000)]
  0x000001dcc3d99000 JavaThread "Unconstrained build operations Thread 32" [_thread_blocked, id=10592, stack(0x0000006034400000,0x0000006034500000)]
  0x000001dcc3d99800 JavaThread "Unconstrained build operations Thread 33" [_thread_blocked, id=16236, stack(0x0000006034500000,0x0000006034600000)]
  0x000001dcc3d9d000 JavaThread "Unconstrained build operations Thread 34" [_thread_blocked, id=7644, stack(0x0000006034600000,0x0000006034700000)]
  0x000001dcc3d9b800 JavaThread "Unconstrained build operations Thread 35" [_thread_blocked, id=15396, stack(0x0000006034700000,0x0000006034800000)]
  0x000001dcc3d97000 JavaThread "Unconstrained build operations Thread 36" [_thread_blocked, id=13836, stack(0x0000006034800000,0x0000006034900000)]
  0x000001dcc3da1000 JavaThread "Unconstrained build operations Thread 37" [_thread_blocked, id=21692, stack(0x0000006034900000,0x0000006034a00000)]
  0x000001dcc3d9f800 JavaThread "Unconstrained build operations Thread 38" [_thread_blocked, id=7992, stack(0x0000006034a00000,0x0000006034b00000)]
  0x000001dcc3da2800 JavaThread "Unconstrained build operations Thread 39" [_thread_blocked, id=22280, stack(0x0000006034b00000,0x0000006034c00000)]
  0x000001dcc3da2000 JavaThread "Unconstrained build operations Thread 40" [_thread_blocked, id=16436, stack(0x0000006034c00000,0x0000006034d00000)]
  0x000001dcc3da3800 JavaThread "Unconstrained build operations Thread 41" [_thread_blocked, id=4692, stack(0x0000006034d00000,0x0000006034e00000)]
  0x000001dcc3d9e800 JavaThread "Unconstrained build operations Thread 42" [_thread_blocked, id=3688, stack(0x0000006034e00000,0x0000006034f00000)]
  0x000001dcc3da0000 JavaThread "Unconstrained build operations Thread 43" [_thread_blocked, id=14308, stack(0x0000006034f00000,0x0000006035000000)]
  0x000001dcc3d9e000 JavaThread "Unconstrained build operations Thread 44" [_thread_blocked, id=5960, stack(0x0000006035000000,0x0000006035100000)]
  0x000001dcc3da5000 JavaThread "Unconstrained build operations Thread 45" [_thread_blocked, id=18096, stack(0x0000006035100000,0x0000006035200000)]
  0x000001dcc3da4800 JavaThread "Unconstrained build operations Thread 46" [_thread_blocked, id=20084, stack(0x0000006035200000,0x0000006035300000)]
  0x000001dcc3da6000 JavaThread "Unconstrained build operations Thread 47" [_thread_blocked, id=18292, stack(0x0000006035300000,0x0000006035400000)]
  0x000001dcc3d26000 JavaThread "Unconstrained build operations Thread 48" [_thread_blocked, id=16348, stack(0x0000006035400000,0x0000006035500000)]
  0x000001dcc3d24800 JavaThread "Unconstrained build operations Thread 49" [_thread_blocked, id=5460, stack(0x0000006035500000,0x0000006035600000)]
  0x000001dcc3d23000 JavaThread "Unconstrained build operations Thread 50" [_thread_blocked, id=5876, stack(0x0000006035600000,0x0000006035700000)]
  0x000001dcc3d25800 JavaThread "Unconstrained build operations Thread 51" [_thread_blocked, id=20592, stack(0x0000006035700000,0x0000006035800000)]
  0x000001dcc3d27800 JavaThread "Unconstrained build operations Thread 52" [_thread_blocked, id=19536, stack(0x0000006035800000,0x0000006035900000)]
  0x000001dcc3d27000 JavaThread "Unconstrained build operations Thread 53" [_thread_blocked, id=2840, stack(0x0000006035900000,0x0000006035a00000)]
  0x000001dcc3d23800 JavaThread "Unconstrained build operations Thread 54" [_thread_blocked, id=19460, stack(0x0000006035a00000,0x0000006035b00000)]
  0x000001dcc3d22000 JavaThread "Unconstrained build operations Thread 55" [_thread_blocked, id=9348, stack(0x0000006035b00000,0x0000006035c00000)]
  0x000001dcc3d28800 JavaThread "Unconstrained build operations Thread 56" [_thread_blocked, id=4724, stack(0x0000006035c00000,0x0000006035d00000)]
  0x000001dcc3576800 JavaThread "Unconstrained build operations Thread 57" [_thread_blocked, id=1344, stack(0x0000006035d00000,0x0000006035e00000)]
  0x000001dcc3579000 JavaThread "Unconstrained build operations Thread 58" [_thread_blocked, id=5396, stack(0x0000006035e00000,0x0000006035f00000)]
  0x000001dcc3577800 JavaThread "Unconstrained build operations Thread 59" [_thread_blocked, id=20184, stack(0x0000006035f00000,0x0000006036000000)]
  0x000001dcc3578800 JavaThread "Unconstrained build operations Thread 60" [_thread_blocked, id=18268, stack(0x0000006036000000,0x0000006036100000)]
  0x000001dcc3574800 JavaThread "Unconstrained build operations Thread 61" [_thread_blocked, id=22456, stack(0x0000006036100000,0x0000006036200000)]
  0x000001dcc357a000 JavaThread "Unconstrained build operations Thread 62" [_thread_blocked, id=11128, stack(0x0000006036200000,0x0000006036300000)]
  0x000001dcc357b000 JavaThread "Unconstrained build operations Thread 63" [_thread_blocked, id=22408, stack(0x0000006036300000,0x0000006036400000)]
  0x000001dcc3575000 JavaThread "Unconstrained build operations Thread 64" [_thread_blocked, id=15756, stack(0x0000006036400000,0x0000006036500000)]
  0x000001dcc357b800 JavaThread "Unconstrained build operations Thread 65" [_thread_blocked, id=19672, stack(0x0000006036500000,0x0000006036600000)]
  0x000001dcc3576000 JavaThread "Unconstrained build operations Thread 66" [_thread_blocked, id=13116, stack(0x0000006036600000,0x0000006036700000)]
  0x000001dcc3580800 JavaThread "Unconstrained build operations Thread 67" [_thread_blocked, id=12460, stack(0x0000006036700000,0x0000006036800000)]
  0x000001dcc357f800 JavaThread "Unconstrained build operations Thread 68" [_thread_blocked, id=19804, stack(0x0000006036800000,0x0000006036900000)]
  0x000001dcc3581800 JavaThread "Unconstrained build operations Thread 69" [_thread_blocked, id=13412, stack(0x0000006036900000,0x0000006036a00000)]
  0x000001dcc357d800 JavaThread "Unconstrained build operations Thread 70" [_thread_blocked, id=14424, stack(0x0000006036a00000,0x0000006036b00000)]
  0x000001dcc3582000 JavaThread "Unconstrained build operations Thread 71" [_thread_blocked, id=22064, stack(0x0000006036b00000,0x0000006036c00000)]
  0x000001dcc357c800 JavaThread "Unconstrained build operations Thread 72" [_thread_blocked, id=21448, stack(0x0000006036c00000,0x0000006036d00000)]
  0x000001dcc3583000 JavaThread "Unconstrained build operations Thread 73" [_thread_blocked, id=21216, stack(0x0000006036d00000,0x0000006036e00000)]
  0x000001dcc357f000 JavaThread "Unconstrained build operations Thread 74" [_thread_blocked, id=9432, stack(0x0000006036e00000,0x0000006036f00000)]
  0x000001dcc357e000 JavaThread "Unconstrained build operations Thread 75" [_thread_blocked, id=20792, stack(0x0000006036f00000,0x0000006037000000)]
  0x000001dcc6899800 JavaThread "Unconstrained build operations Thread 76" [_thread_blocked, id=22344, stack(0x0000006037000000,0x0000006037100000)]
  0x000001dcc689a800 JavaThread "Unconstrained build operations Thread 77" [_thread_blocked, id=5696, stack(0x0000006037100000,0x0000006037200000)]
  0x000001dcc689d000 JavaThread "Unconstrained build operations Thread 78" [_thread_blocked, id=3852, stack(0x0000006037200000,0x0000006037300000)]
  0x000001dcc6898800 JavaThread "Unconstrained build operations Thread 79" [_thread_blocked, id=7568, stack(0x0000006037300000,0x0000006037400000)]
  0x000001dcc68a0000 JavaThread "Unconstrained build operations Thread 80" [_thread_blocked, id=21468, stack(0x0000006037400000,0x0000006037500000)]
  0x000001dcc689b000 JavaThread "Unconstrained build operations Thread 81" [_thread_blocked, id=20564, stack(0x0000006037500000,0x0000006037600000)]
  0x000001dcc689d800 JavaThread "Unconstrained build operations Thread 82" [_thread_blocked, id=13424, stack(0x0000006037600000,0x0000006037700000)]
  0x000001dcc689f800 JavaThread "Unconstrained build operations Thread 83" [_thread_blocked, id=20060, stack(0x0000006037700000,0x0000006037800000)]
  0x000001dcc689c000 JavaThread "Unconstrained build operations Thread 84" [_thread_blocked, id=16512, stack(0x0000006037800000,0x0000006037900000)]
  0x000001dcc68a1000 JavaThread "Unconstrained build operations Thread 85" [_thread_blocked, id=3228, stack(0x0000006037900000,0x0000006037a00000)]
  0x000001dcc68a1800 JavaThread "Unconstrained build operations Thread 86" [_thread_blocked, id=17040, stack(0x0000006037a00000,0x0000006037b00000)]
  0x000001dcc68a2800 JavaThread "Unconstrained build operations Thread 87" [_thread_blocked, id=5060, stack(0x0000006037b00000,0x0000006037c00000)]
  0x000001dcc68a4000 JavaThread "Unconstrained build operations Thread 88" [_thread_blocked, id=3676, stack(0x0000006037c00000,0x0000006037d00000)]
  0x000001dcc68a3800 JavaThread "Unconstrained build operations Thread 89" [_thread_blocked, id=21848, stack(0x0000006037d00000,0x0000006037e00000)]
  0x000001dcc689e800 JavaThread "Unconstrained build operations Thread 90" [_thread_blocked, id=12380, stack(0x0000006037e00000,0x0000006037f00000)]
  0x000001dcc68a5000 JavaThread "Unconstrained build operations Thread 91" [_thread_blocked, id=10884, stack(0x0000006037f00000,0x0000006038000000)]
  0x000001dcc68a6000 JavaThread "Unconstrained build operations Thread 92" [_thread_blocked, id=15808, stack(0x0000006038000000,0x0000006038100000)]
  0x000001dcc68a6800 JavaThread "Unconstrained build operations Thread 93" [_thread_blocked, id=11668, stack(0x0000006038100000,0x0000006038200000)]
  0x000001dcc68a7800 JavaThread "Unconstrained build operations Thread 94" [_thread_blocked, id=3136, stack(0x0000006038200000,0x0000006038300000)]
  0x000001dcc1614800 JavaThread "Unconstrained build operations Thread 95" [_thread_blocked, id=2200, stack(0x0000006038300000,0x0000006038400000)]
  0x000001dcc160e800 JavaThread "Unconstrained build operations Thread 96" [_thread_blocked, id=13756, stack(0x0000006038400000,0x0000006038500000)]
  0x000001dcc1610800 JavaThread "Unconstrained build operations Thread 97" [_thread_blocked, id=17624, stack(0x0000006038500000,0x0000006038600000)]
  0x000001dcc1612000 JavaThread "Unconstrained build operations Thread 98" [_thread_blocked, id=20764, stack(0x0000006038600000,0x0000006038700000)]
  0x000001dcc1615800 JavaThread "Unconstrained build operations Thread 99" [_thread_blocked, id=17532, stack(0x0000006038700000,0x0000006038800000)]
  0x000001dcc160f800 JavaThread "Unconstrained build operations Thread 100" [_thread_blocked, id=8140, stack(0x0000006038800000,0x0000006038900000)]
  0x000001dcc1616000 JavaThread "Unconstrained build operations Thread 101" [_thread_blocked, id=12216, stack(0x0000006038900000,0x0000006038a00000)]
  0x000001dcc1617000 JavaThread "Unconstrained build operations Thread 102" [_thread_blocked, id=18736, stack(0x0000006038a00000,0x0000006038b00000)]
  0x000001dcc1613800 JavaThread "Unconstrained build operations Thread 103" [_thread_blocked, id=3168, stack(0x0000006038b00000,0x0000006038c00000)]
  0x000001dcc1611000 JavaThread "Unconstrained build operations Thread 104" [_thread_blocked, id=21668, stack(0x0000006038c00000,0x0000006038d00000)]
  0x000001dcc1618800 JavaThread "Unconstrained build operations Thread 105" [_thread_blocked, id=5964, stack(0x0000006038d00000,0x0000006038e00000)]
  0x000001dcc1617800 JavaThread "Unconstrained build operations Thread 106" [_thread_blocked, id=21580, stack(0x0000006038e00000,0x0000006038f00000)]
  0x000001dcc1613000 JavaThread "Unconstrained build operations Thread 107" [_thread_blocked, id=13304, stack(0x0000006038f00000,0x0000006039000000)]
  0x000001dcc161c800 JavaThread "Unconstrained build operations Thread 108" [_thread_blocked, id=9996, stack(0x0000006039000000,0x0000006039100000)]
  0x000001dcc161d800 JavaThread "Unconstrained build operations Thread 109" [_thread_blocked, id=21484, stack(0x0000006039100000,0x0000006039200000)]
  0x000001dcc1619800 JavaThread "Unconstrained build operations Thread 110" [_thread_blocked, id=17140, stack(0x0000006039200000,0x0000006039300000)]
  0x000001dcc161a000 JavaThread "Unconstrained build operations Thread 111" [_thread_blocked, id=7820, stack(0x0000006039300000,0x0000006039400000)]
  0x000001dcc161b000 JavaThread "Unconstrained build operations Thread 112" [_thread_blocked, id=21408, stack(0x0000006039400000,0x0000006039500000)]
  0x000001dcc161c000 JavaThread "Unconstrained build operations Thread 113" [_thread_blocked, id=7408, stack(0x0000006039500000,0x0000006039600000)]
  0x000001dcc2e89000 JavaThread "Unconstrained build operations Thread 114" [_thread_blocked, id=5280, stack(0x0000006039600000,0x0000006039700000)]
  0x000001dcc2e89800 JavaThread "Unconstrained build operations Thread 115" [_thread_blocked, id=21880, stack(0x0000006039700000,0x0000006039800000)]
  0x000001dcc2e8a800 JavaThread "Unconstrained build operations Thread 116" [_thread_blocked, id=1632, stack(0x0000006039800000,0x0000006039900000)]
  0x000001dcc2e87000 JavaThread "Unconstrained build operations Thread 117" [_thread_blocked, id=21564, stack(0x0000006039900000,0x0000006039a00000)]
  0x000001dcc2e8b000 JavaThread "Unconstrained build operations Thread 118" [_thread_blocked, id=1764, stack(0x0000006039a00000,0x0000006039b00000)]
  0x000001dcc2e8c000 JavaThread "Unconstrained build operations Thread 119" [_thread_blocked, id=19240, stack(0x0000006039b00000,0x0000006039c00000)]
  0x000001dcc2e86800 JavaThread "Unconstrained build operations Thread 120" [_thread_blocked, id=22496, stack(0x0000006039c00000,0x0000006039d00000)]
  0x000001dcc2e8d000 JavaThread "jar transforms Thread 4" [_thread_blocked, id=19968, stack(0x0000006039d00000,0x0000006039e00000)]
  0x000001dcc2e8d800 JavaThread "jar transforms Thread 5" [_thread_blocked, id=19988, stack(0x0000006039e00000,0x0000006039f00000)]
  0x000001dcc2e88000 JavaThread "jar transforms Thread 6" [_thread_blocked, id=20492, stack(0x0000006039f00000,0x000000603a000000)]
  0x000001dcc2e92800 JavaThread "jar transforms Thread 7" [_thread_blocked, id=19576, stack(0x000000603a000000,0x000000603a100000)]
  0x000001dcc2e93800 JavaThread "jar transforms Thread 8" [_thread_blocked, id=20212, stack(0x000000603a100000,0x000000603a200000)]
  0x000001dcc2e8e800 JavaThread "jar transforms Thread 9" [_thread_blocked, id=21528, stack(0x000000603a200000,0x000000603a300000)]
  0x000001dcc2e94000 JavaThread "jar transforms Thread 10" [_thread_blocked, id=21672, stack(0x000000603a300000,0x000000603a400000)]
  0x000001dcc2e90000 JavaThread "jar transforms Thread 11" [_thread_blocked, id=14000, stack(0x000000603a400000,0x000000603a500000)]
  0x000001dcc2e91000 JavaThread "jar transforms Thread 12" [_thread_blocked, id=22108, stack(0x000000603a500000,0x000000603a600000)]
  0x000001dcc2e95000 JavaThread "Memory manager" [_thread_blocked, id=13780, stack(0x000000603a600000,0x000000603a700000)]
  0x000001dcc2e8f800 JavaThread "build event listener" [_thread_blocked, id=7172, stack(0x000000603a700000,0x000000603a800000)]
  0x000001dcc9e30800 JavaThread "Execution worker for ':'" [_thread_blocked, id=7004, stack(0x000000603a800000,0x000000603a900000)]
  0x000001dcc9e31000 JavaThread "Execution worker for ':' Thread 2" [_thread_blocked, id=9220, stack(0x000000603a900000,0x000000603aa00000)]
  0x000001dcc9e32000 JavaThread "Execution worker for ':' Thread 3" [_thread_blocked, id=21088, stack(0x000000603aa00000,0x000000603ab00000)]
  0x000001dcc9e33800 JavaThread "Execution worker for ':' Thread 4" [_thread_blocked, id=14776, stack(0x000000603ab00000,0x000000603ac00000)]
  0x000001dcc9e35000 JavaThread "Execution worker for ':' Thread 5" [_thread_blocked, id=16948, stack(0x000000603ac00000,0x000000603ad00000)]
  0x000001dcc9e36000 JavaThread "Execution worker for ':' Thread 6" [_thread_blocked, id=20780, stack(0x000000603ad00000,0x000000603ae00000)]
  0x000001dcc9e34800 JavaThread "Execution worker for ':' Thread 7" [_thread_blocked, id=20916, stack(0x000000603ae00000,0x000000603af00000)]
  0x000001dcc9e37000 JavaThread "Execution worker for ':' Thread 8" [_thread_blocked, id=5744, stack(0x000000603af00000,0x000000603b000000)]
  0x000001dcc9e32800 JavaThread "Execution worker for ':' Thread 9" [_thread_blocked, id=22180, stack(0x000000603b000000,0x000000603b100000)]
  0x000001dcc861f800 JavaThread "Execution worker for ':' Thread 10" [_thread_blocked, id=17384, stack(0x000000603b100000,0x000000603b200000)]
  0x000001dcc8620800 JavaThread "Execution worker for ':' Thread 11" [_thread_blocked, id=20380, stack(0x000000603b200000,0x000000603b300000)]
  0x000001dcc8623000 JavaThread "Cache worker for execution history cache (C:\Users\datico\AndroidStudioProjects\MoneyManager2\.gradle\7.3.3\executionHistory)" [_thread_blocked, id=10760, stack(0x000000603b300000,0x000000603b400000)]
  0x000001dcc8621800 JavaThread "WorkerExecutor Queue" [_thread_in_vm, id=21664, stack(0x000000603b400000,0x000000603b500000)]
  0x000001dcc861f000 JavaThread "WorkerExecutor Queue Thread 2" [_thread_blocked, id=21824, stack(0x000000603b500000,0x000000603b600000)]
  0x000001dcc8624000 JavaThread "WorkerExecutor Queue Thread 3" [_thread_in_vm, id=20724, stack(0x000000603b600000,0x000000603b700000)]
  0x000001dcc8624800 JavaThread "WorkerExecutor Queue Thread 4" [_thread_blocked, id=10152, stack(0x000000603b700000,0x000000603b800000)]

Other Threads:
  0x000001dcbd1e7000 VMThread "VM Thread" [stack: 0x000000602f200000,0x000000602f300000] [id=644]
  0x000001dcbdcf1800 WatcherThread [stack: 0x000000602fc00000,0x000000602fd00000] [id=2340]
  0x000001dca2933800 GCTaskThread "GC Thread#0" [stack: 0x000000602ed00000,0x000000602ee00000] [id=10392]
  0x000001dcbea55800 GCTaskThread "GC Thread#1" [stack: 0x000000602ff00000,0x0000006030000000] [id=2792]
  0x000001dcbe48b800 GCTaskThread "GC Thread#2" [stack: 0x0000006030000000,0x0000006030100000] [id=15724]
  0x000001dcbf42e000 GCTaskThread "GC Thread#3" [stack: 0x0000006030a00000,0x0000006030b00000] [id=7072]
  0x000001dcc033a000 GCTaskThread "GC Thread#4" [stack: 0x0000006030b00000,0x0000006030c00000] [id=5772]
  0x000001dcbfdee000 GCTaskThread "GC Thread#5" [stack: 0x0000006030c00000,0x0000006030d00000] [id=8356]
  0x000001dcc0a65800 GCTaskThread "GC Thread#6" [stack: 0x0000006030d00000,0x0000006030e00000] [id=16972]
  0x000001dcc0a66000 GCTaskThread "GC Thread#7" [stack: 0x0000006030e00000,0x0000006030f00000] [id=13132]
  0x000001dcc0a71000 GCTaskThread "GC Thread#8" [stack: 0x0000006030f00000,0x0000006031000000] [id=4676]
  0x000001dcc0a71800 GCTaskThread "GC Thread#9" [stack: 0x0000006031000000,0x0000006031100000] [id=1524]
  0x000001dca2966800 ConcurrentGCThread "G1 Main Marker" [stack: 0x000000602ee00000,0x000000602ef00000] [id=9532]
  0x000001dca2969000 ConcurrentGCThread "G1 Conc#0" [stack: 0x000000602ef00000,0x000000602f000000] [id=17544]
  0x000001dcbfc9d800 ConcurrentGCThread "G1 Conc#1" [stack: 0x0000006031500000,0x0000006031600000] [id=20216]
  0x000001dcc0e4f000 ConcurrentGCThread "G1 Conc#2" [stack: 0x0000006031600000,0x0000006031700000] [id=18344]
  0x000001dca29fd800 ConcurrentGCThread "G1 Refine#0" [stack: 0x000000602f000000,0x000000602f100000] [id=13416]
  0x000001dcbe579000 ConcurrentGCThread "G1 Refine#1" [stack: 0x0000006031100000,0x0000006031200000] [id=21900]
  0x000001dca29fe800 ConcurrentGCThread "G1 Young RemSet Sampling" [stack: 0x000000602f100000,0x000000602f200000] [id=15152]

Threads with active compile tasks:
C1 CompilerThread0   7756 9598       3       com.android.tools.r8.graph.d1::<init> (21 bytes)
C2 CompilerThread1   7756 9594       4       java.util.concurrent.ConcurrentHashMap::addCount (289 bytes)
C2 CompilerThread2   7756 9376       4       org.gradle.api.internal.artifacts.transform.ConsumerProvidedVariantFinder::matchAttributes (68 bytes)

VM state:not at safepoint (normal execution)

VM Mutex/Monitor currently owned by a thread: None

Heap address: 0x0000000080000000, size: 2048 MB, Compressed Oops mode: 32-bit
Narrow klass base: 0x0000000000000000, Narrow klass shift: 3
Compressed class space size: 1073741824 Address: 0x0000000100000000

Heap:
 garbage-first heap   total 157696K, used 94272K [0x0000000080000000, 0x0000000100000000)
  region size 1024K, 24 young (24576K), 5 survivors (5120K)
 Metaspace       used 87366K, capacity 89492K, committed 90156K, reserved 1126400K
  class space    used 11410K, capacity 12209K, committed 12416K, reserved 1048576K
Heap Regions: E=young(eden), S=young(survivor), O=old, HS=humongous(starts), HC=humongous(continues), CS=collection set, F=free, A=archive, TAMS=top-at-mark-start (previous, next)
|   0|0x0000000080000000, 0x0000000080100000, 0x0000000080100000|100%| O|  |TAMS 0x0000000080100000, 0x0000000080000000| Untracked 
|   1|0x0000000080100000, 0x0000000080200000, 0x0000000080200000|100%| O|  |TAMS 0x0000000080200000, 0x0000000080100000| Untracked 
|   2|0x0000000080200000, 0x0000000080300000, 0x0000000080300000|100%| O|  |TAMS 0x0000000080300000, 0x0000000080200000| Untracked 
|   3|0x0000000080300000, 0x0000000080400000, 0x0000000080400000|100%|HS|  |TAMS 0x0000000080400000, 0x0000000080300000| Complete 
|   4|0x0000000080400000, 0x0000000080500000, 0x0000000080500000|100%|HC|  |TAMS 0x0000000080500000, 0x0000000080400000| Complete 
|   5|0x0000000080500000, 0x0000000080600000, 0x0000000080600000|100%|HC|  |TAMS 0x0000000080600000, 0x0000000080500000| Complete 
|   6|0x0000000080600000, 0x0000000080700000, 0x0000000080700000|100%| O|  |TAMS 0x0000000080700000, 0x0000000080600000| Untracked 
|   7|0x0000000080700000, 0x0000000080800000, 0x0000000080800000|100%| O|  |TAMS 0x0000000080800000, 0x0000000080700000| Untracked 
|   8|0x0000000080800000, 0x0000000080900000, 0x0000000080900000|100%| O|  |TAMS 0x0000000080900000, 0x0000000080800000| Untracked 
|   9|0x0000000080900000, 0x0000000080a00000, 0x0000000080a00000|100%| O|  |TAMS 0x0000000080a00000, 0x0000000080900000| Untracked 
|  10|0x0000000080a00000, 0x0000000080b00000, 0x0000000080b00000|100%| O|  |TAMS 0x0000000080b00000, 0x0000000080a00000| Untracked 
|  11|0x0000000080b00000, 0x0000000080c00000, 0x0000000080c00000|100%| O|  |TAMS 0x0000000080c00000, 0x0000000080b00000| Untracked 
|  12|0x0000000080c00000, 0x0000000080d00000, 0x0000000080d00000|100%| O|  |TAMS 0x0000000080d00000, 0x0000000080c00000| Untracked 
|  13|0x0000000080d00000, 0x0000000080e00000, 0x0000000080e00000|100%| O|  |TAMS 0x0000000080e00000, 0x0000000080d00000| Untracked 
|  14|0x0000000080e00000, 0x0000000080f00000, 0x0000000080f00000|100%| O|  |TAMS 0x0000000080f00000, 0x0000000080e00000| Untracked 
|  15|0x0000000080f00000, 0x0000000081000000, 0x0000000081000000|100%| O|  |TAMS 0x0000000081000000, 0x0000000080f00000| Untracked 
|  16|0x0000000081000000, 0x0000000081100000, 0x0000000081100000|100%|HS|  |TAMS 0x0000000081100000, 0x0000000081000000| Complete 
|  17|0x0000000081100000, 0x0000000081200000, 0x0000000081200000|100%| O|  |TAMS 0x0000000081200000, 0x0000000081100000| Untracked 
|  18|0x0000000081200000, 0x0000000081300000, 0x0000000081300000|100%| O|  |TAMS 0x0000000081300000, 0x0000000081200000| Untracked 
|  19|0x0000000081300000, 0x0000000081400000, 0x0000000081400000|100%| O|  |TAMS 0x0000000081400000, 0x0000000081300000| Untracked 
|  20|0x0000000081400000, 0x0000000081500000, 0x0000000081500000|100%| O|  |TAMS 0x0000000081500000, 0x0000000081400000| Untracked 
|  21|0x0000000081500000, 0x0000000081600000, 0x0000000081600000|100%| O|  |TAMS 0x0000000081600000, 0x0000000081500000| Untracked 
|  22|0x0000000081600000, 0x0000000081700000, 0x0000000081700000|100%| O|  |TAMS 0x0000000081700000, 0x0000000081600000| Untracked 
|  23|0x0000000081700000, 0x0000000081800000, 0x0000000081800000|100%|HS|  |TAMS 0x0000000081800000, 0x0000000081700000| Complete 
|  24|0x0000000081800000, 0x0000000081900000, 0x0000000081900000|100%|HS|  |TAMS 0x0000000081900000, 0x0000000081800000| Complete 
|  25|0x0000000081900000, 0x0000000081a00000, 0x0000000081a00000|100%|HC|  |TAMS 0x0000000081a00000, 0x0000000081900000| Complete 
|  26|0x0000000081a00000, 0x0000000081b00000, 0x0000000081b00000|100%| O|  |TAMS 0x0000000081b00000, 0x0000000081a00000| Untracked 
|  27|0x0000000081b00000, 0x0000000081c00000, 0x0000000081c00000|100%| O|  |TAMS 0x0000000081c00000, 0x0000000081b00000| Untracked 
|  28|0x0000000081c00000, 0x0000000081d00000, 0x0000000081d00000|100%| O|  |TAMS 0x0000000081d00000, 0x0000000081c00000| Untracked 
|  29|0x0000000081d00000, 0x0000000081e00000, 0x0000000081e00000|100%| O|  |TAMS 0x0000000081e00000, 0x0000000081d00000| Untracked 
|  30|0x0000000081e00000, 0x0000000081f00000, 0x0000000081f00000|100%| O|  |TAMS 0x0000000081f00000, 0x0000000081e00000| Untracked 
|  31|0x0000000081f00000, 0x0000000082000000, 0x0000000082000000|100%| O|  |TAMS 0x0000000082000000, 0x0000000081f00000| Untracked 
|  32|0x0000000082000000, 0x0000000082100000, 0x0000000082100000|100%| O|  |TAMS 0x0000000082100000, 0x0000000082000000| Untracked 
|  33|0x0000000082100000, 0x0000000082200000, 0x0000000082200000|100%| O|  |TAMS 0x0000000082200000, 0x0000000082100000| Untracked 
|  34|0x0000000082200000, 0x0000000082300000, 0x0000000082300000|100%| O|  |TAMS 0x0000000082300000, 0x0000000082200000| Untracked 
|  35|0x0000000082300000, 0x0000000082400000, 0x0000000082400000|100%| O|  |TAMS 0x0000000082400000, 0x0000000082300000| Untracked 
|  36|0x0000000082400000, 0x0000000082500000, 0x0000000082500000|100%| O|  |TAMS 0x0000000082500000, 0x0000000082400000| Untracked 
|  37|0x0000000082500000, 0x0000000082600000, 0x0000000082600000|100%| O|  |TAMS 0x0000000082600000, 0x0000000082500000| Untracked 
|  38|0x0000000082600000, 0x0000000082700000, 0x0000000082700000|100%| O|  |TAMS 0x0000000082700000, 0x0000000082600000| Untracked 
|  39|0x0000000082700000, 0x0000000082800000, 0x0000000082800000|100%| O|  |TAMS 0x0000000082800000, 0x0000000082700000| Untracked 
|  40|0x0000000082800000, 0x0000000082900000, 0x0000000082900000|100%| O|  |TAMS 0x0000000082900000, 0x0000000082800000| Untracked 
|  41|0x0000000082900000, 0x0000000082a00000, 0x0000000082a00000|100%| O|  |TAMS 0x0000000082a00000, 0x0000000082900000| Untracked 
|  42|0x0000000082a00000, 0x0000000082b00000, 0x0000000082b00000|100%| O|  |TAMS 0x0000000082b00000, 0x0000000082a00000| Untracked 
|  43|0x0000000082b00000, 0x0000000082c00000, 0x0000000082c00000|100%| O|  |TAMS 0x0000000082c00000, 0x0000000082b00000| Untracked 
|  44|0x0000000082c00000, 0x0000000082d00000, 0x0000000082d00000|100%| O|  |TAMS 0x0000000082d00000, 0x0000000082c00000| Untracked 
|  45|0x0000000082d00000, 0x0000000082e00000, 0x0000000082e00000|100%| O|  |TAMS 0x0000000082e00000, 0x0000000082d00000| Untracked 
|  46|0x0000000082e00000, 0x0000000082f00000, 0x0000000082f00000|100%| O|  |TAMS 0x0000000082f00000, 0x0000000082e00000| Untracked 
|  47|0x0000000082f00000, 0x0000000083000000, 0x0000000083000000|100%| O|  |TAMS 0x0000000083000000, 0x0000000082f00000| Untracked 
|  48|0x0000000083000000, 0x0000000083100000, 0x0000000083100000|100%| O|  |TAMS 0x0000000083100000, 0x0000000083000000| Untracked 
|  49|0x0000000083100000, 0x0000000083200000, 0x0000000083200000|100%| O|  |TAMS 0x0000000083200000, 0x0000000083100000| Untracked 
|  50|0x0000000083200000, 0x0000000083300000, 0x0000000083300000|100%| O|  |TAMS 0x0000000083300000, 0x0000000083200000| Untracked 
|  51|0x0000000083300000, 0x0000000083400000, 0x0000000083400000|100%| O|  |TAMS 0x0000000083400000, 0x0000000083300000| Untracked 
|  52|0x0000000083400000, 0x0000000083500000, 0x0000000083500000|100%| O|  |TAMS 0x0000000083500000, 0x0000000083400000| Untracked 
|  53|0x0000000083500000, 0x0000000083600000, 0x0000000083600000|100%| O|  |TAMS 0x0000000083600000, 0x0000000083500000| Untracked 
|  54|0x0000000083600000, 0x0000000083700000, 0x0000000083700000|100%| O|  |TAMS 0x0000000083700000, 0x0000000083600000| Untracked 
|  55|0x0000000083700000, 0x0000000083800000, 0x0000000083800000|100%| O|  |TAMS 0x0000000083800000, 0x0000000083700000| Untracked 
|  56|0x0000000083800000, 0x0000000083900000, 0x0000000083900000|100%| O|  |TAMS 0x0000000083900000, 0x0000000083800000| Untracked 
|  57|0x0000000083900000, 0x0000000083a00000, 0x0000000083a00000|100%| O|  |TAMS 0x0000000083a00000, 0x0000000083900000| Untracked 
|  58|0x0000000083a00000, 0x0000000083b00000, 0x0000000083b00000|100%| O|  |TAMS 0x0000000083b00000, 0x0000000083a00000| Untracked 
|  59|0x0000000083b00000, 0x0000000083c00000, 0x0000000083c00000|100%| O|  |TAMS 0x0000000083c00000, 0x0000000083b00000| Untracked 
|  60|0x0000000083c00000, 0x0000000083d00000, 0x0000000083d00000|100%| O|  |TAMS 0x0000000083d00000, 0x0000000083c00000| Untracked 
|  61|0x0000000083d00000, 0x0000000083e00000, 0x0000000083e00000|100%| O|  |TAMS 0x0000000083e00000, 0x0000000083d00000| Untracked 
|  62|0x0000000083e00000, 0x0000000083f00000, 0x0000000083f00000|100%| O|  |TAMS 0x0000000083f00000, 0x0000000083e00000| Untracked 
|  63|0x0000000083f00000, 0x0000000084000000, 0x0000000084000000|100%| O|  |TAMS 0x0000000084000000, 0x0000000083f00000| Untracked 
|  64|0x0000000084000000, 0x0000000084100000, 0x0000000084100000|100%| O|  |TAMS 0x0000000084100000, 0x0000000084000000| Untracked 
|  65|0x0000000084100000, 0x0000000084200000, 0x0000000084200000|100%| O|  |TAMS 0x0000000084200000, 0x0000000084100000| Untracked 
|  66|0x0000000084200000, 0x0000000084300000, 0x0000000084300000|100%| O|  |TAMS 0x0000000084300000, 0x0000000084200000| Untracked 
|  67|0x0000000084300000, 0x0000000084400000, 0x0000000084400000|100%|HS|  |TAMS 0x0000000084400000, 0x0000000084300000| Complete 
|  68|0x0000000084400000, 0x0000000084500000, 0x0000000084500000|100%|HC|  |TAMS 0x0000000084500000, 0x0000000084400000| Complete 
|  69|0x0000000084500000, 0x0000000084600000, 0x0000000084600000|100%|HS|  |TAMS 0x0000000084500000, 0x0000000084500000| Complete 
|  70|0x0000000084600000, 0x0000000084700000, 0x0000000084700000|100%|HS|  |TAMS 0x0000000084600000, 0x0000000084600000| Complete 
|  71|0x0000000084700000, 0x0000000084700000, 0x0000000084800000|  0%| F|  |TAMS 0x0000000084700000, 0x0000000084700000| Untracked 
|  72|0x0000000084800000, 0x0000000084800000, 0x0000000084900000|  0%| F|  |TAMS 0x0000000084800000, 0x0000000084800000| Untracked 
|  73|0x0000000084900000, 0x0000000084900000, 0x0000000084a00000|  0%| F|  |TAMS 0x0000000084900000, 0x0000000084900000| Untracked 
|  74|0x0000000084a00000, 0x0000000084a00000, 0x0000000084b00000|  0%| F|  |TAMS 0x0000000084a00000, 0x0000000084a00000| Untracked 
|  75|0x0000000084b00000, 0x0000000084b00000, 0x0000000084c00000|  0%| F|  |TAMS 0x0000000084b00000, 0x0000000084b00000| Untracked 
|  76|0x0000000084c00000, 0x0000000084c00000, 0x0000000084d00000|  0%| F|  |TAMS 0x0000000084c00000, 0x0000000084c00000| Untracked 
|  77|0x0000000084d00000, 0x0000000084d00000, 0x0000000084e00000|  0%| F|  |TAMS 0x0000000084d00000, 0x0000000084d00000| Untracked 
|  78|0x0000000084e00000, 0x0000000084e00000, 0x0000000084f00000|  0%| F|  |TAMS 0x0000000084e00000, 0x0000000084e00000| Untracked 
|  79|0x0000000084f00000, 0x0000000084f00000, 0x0000000085000000|  0%| F|  |TAMS 0x0000000084f00000, 0x0000000084f00000| Untracked 
|  80|0x0000000085000000, 0x0000000085000000, 0x0000000085100000|  0%| F|  |TAMS 0x0000000085000000, 0x0000000085000000| Untracked 
|  81|0x0000000085100000, 0x0000000085100000, 0x0000000085200000|  0%| F|  |TAMS 0x0000000085100000, 0x0000000085100000| Untracked 
|  82|0x0000000085200000, 0x0000000085200000, 0x0000000085300000|  0%| F|  |TAMS 0x0000000085200000, 0x0000000085200000| Untracked 
|  83|0x0000000085300000, 0x0000000085300000, 0x0000000085400000|  0%| F|  |TAMS 0x0000000085300000, 0x0000000085300000| Untracked 
|  84|0x0000000085400000, 0x0000000085400000, 0x0000000085500000|  0%| F|  |TAMS 0x0000000085400000, 0x0000000085400000| Untracked 
|  85|0x0000000085500000, 0x0000000085500000, 0x0000000085600000|  0%| F|  |TAMS 0x0000000085500000, 0x0000000085500000| Untracked 
|  86|0x0000000085600000, 0x0000000085600000, 0x0000000085700000|  0%| F|  |TAMS 0x0000000085600000, 0x0000000085600000| Untracked 
|  87|0x0000000085700000, 0x0000000085700000, 0x0000000085800000|  0%| F|  |TAMS 0x0000000085700000, 0x0000000085700000| Untracked 
|  88|0x0000000085800000, 0x0000000085800000, 0x0000000085900000|  0%| F|  |TAMS 0x0000000085800000, 0x0000000085800000| Untracked 
|  89|0x0000000085900000, 0x0000000085900000, 0x0000000085a00000|  0%| F|  |TAMS 0x0000000085900000, 0x0000000085900000| Untracked 
|  90|0x0000000085a00000, 0x0000000085a00000, 0x0000000085b00000|  0%| F|  |TAMS 0x0000000085a00000, 0x0000000085a00000| Untracked 
|  91|0x0000000085b00000, 0x0000000085b00000, 0x0000000085c00000|  0%| F|  |TAMS 0x0000000085b00000, 0x0000000085b00000| Untracked 
|  92|0x0000000085c00000, 0x0000000085c00000, 0x0000000085d00000|  0%| F|  |TAMS 0x0000000085c00000, 0x0000000085c00000| Untracked 
|  93|0x0000000085d00000, 0x0000000085d00000, 0x0000000085e00000|  0%| F|  |TAMS 0x0000000085d00000, 0x0000000085d00000| Untracked 
|  94|0x0000000085e00000, 0x0000000085e00000, 0x0000000085f00000|  0%| F|  |TAMS 0x0000000085e00000, 0x0000000085e00000| Untracked 
|  95|0x0000000085f00000, 0x0000000085f00000, 0x0000000086000000|  0%| F|  |TAMS 0x0000000085f00000, 0x0000000085f00000| Untracked 
|  96|0x0000000086000000, 0x0000000086000000, 0x0000000086100000|  0%| F|  |TAMS 0x0000000086000000, 0x0000000086000000| Untracked 
|  97|0x0000000086100000, 0x0000000086100000, 0x0000000086200000|  0%| F|  |TAMS 0x0000000086100000, 0x0000000086100000| Untracked 
|  98|0x0000000086200000, 0x0000000086200000, 0x0000000086300000|  0%| F|  |TAMS 0x0000000086200000, 0x0000000086200000| Untracked 
|  99|0x0000000086300000, 0x0000000086300000, 0x0000000086400000|  0%| F|  |TAMS 0x0000000086300000, 0x0000000086300000| Untracked 
| 100|0x0000000086400000, 0x0000000086400000, 0x0000000086500000|  0%| F|  |TAMS 0x0000000086400000, 0x0000000086400000| Untracked 
| 101|0x0000000086500000, 0x0000000086500000, 0x0000000086600000|  0%| F|  |TAMS 0x0000000086500000, 0x0000000086500000| Untracked 
| 102|0x0000000086600000, 0x0000000086600000, 0x0000000086700000|  0%| F|  |TAMS 0x0000000086600000, 0x0000000086600000| Untracked 
| 103|0x0000000086700000, 0x0000000086700000, 0x0000000086800000|  0%| F|  |TAMS 0x0000000086700000, 0x0000000086700000| Untracked 
| 104|0x0000000086800000, 0x0000000086800000, 0x0000000086900000|  0%| F|  |TAMS 0x0000000086800000, 0x0000000086800000| Untracked 
| 105|0x0000000086900000, 0x0000000086900000, 0x0000000086a00000|  0%| F|  |TAMS 0x0000000086900000, 0x0000000086900000| Untracked 
| 106|0x0000000086a00000, 0x0000000086a00000, 0x0000000086b00000|  0%| F|  |TAMS 0x0000000086a00000, 0x0000000086a00000| Untracked 
| 107|0x0000000086b00000, 0x0000000086b00000, 0x0000000086c00000|  0%| F|  |TAMS 0x0000000086b00000, 0x0000000086b00000| Untracked 
| 108|0x0000000086c00000, 0x0000000086c00000, 0x0000000086d00000|  0%| F|  |TAMS 0x0000000086c00000, 0x0000000086c00000| Untracked 
| 109|0x0000000086d00000, 0x0000000086d00000, 0x0000000086e00000|  0%| F|  |TAMS 0x0000000086d00000, 0x0000000086d00000| Untracked 
| 110|0x0000000086e00000, 0x0000000086e00000, 0x0000000086f00000|  0%| F|  |TAMS 0x0000000086e00000, 0x0000000086e00000| Untracked 
| 111|0x0000000086f00000, 0x0000000086f00000, 0x0000000087000000|  0%| F|  |TAMS 0x0000000086f00000, 0x0000000086f00000| Untracked 
| 112|0x0000000087000000, 0x0000000087000000, 0x0000000087100000|  0%| F|  |TAMS 0x0000000087000000, 0x0000000087000000| Untracked 
| 113|0x0000000087100000, 0x0000000087100000, 0x0000000087200000|  0%| F|  |TAMS 0x0000000087100000, 0x0000000087100000| Untracked 
| 114|0x0000000087200000, 0x0000000087200000, 0x0000000087300000|  0%| F|  |TAMS 0x0000000087200000, 0x0000000087200000| Untracked 
| 115|0x0000000087300000, 0x0000000087300000, 0x0000000087400000|  0%| F|  |TAMS 0x0000000087300000, 0x0000000087300000| Untracked 
| 116|0x0000000087400000, 0x0000000087400000, 0x0000000087500000|  0%| F|  |TAMS 0x0000000087400000, 0x0000000087400000| Untracked 
| 117|0x0000000087500000, 0x0000000087500000, 0x0000000087600000|  0%| F|  |TAMS 0x0000000087500000, 0x0000000087500000| Untracked 
| 118|0x0000000087600000, 0x0000000087600000, 0x0000000087700000|  0%| F|  |TAMS 0x0000000087600000, 0x0000000087600000| Untracked 
| 119|0x0000000087700000, 0x0000000087700000, 0x0000000087800000|  0%| F|  |TAMS 0x0000000087700000, 0x0000000087700000| Untracked 
| 120|0x0000000087800000, 0x0000000087800000, 0x0000000087900000|  0%| F|  |TAMS 0x0000000087800000, 0x0000000087800000| Untracked 
| 121|0x0000000087900000, 0x0000000087900000, 0x0000000087a00000|  0%| F|  |TAMS 0x0000000087900000, 0x0000000087900000| Untracked 
| 122|0x0000000087a00000, 0x0000000087a00000, 0x0000000087b00000|  0%| F|  |TAMS 0x0000000087a00000, 0x0000000087a00000| Untracked 
| 123|0x0000000087b00000, 0x0000000087b00000, 0x0000000087c00000|  0%| F|  |TAMS 0x0000000087b00000, 0x0000000087b00000| Untracked 
| 124|0x0000000087c00000, 0x0000000087c00000, 0x0000000087d00000|  0%| F|  |TAMS 0x0000000087c00000, 0x0000000087c00000| Untracked 
| 125|0x0000000087d00000, 0x0000000087d101d8, 0x0000000087e00000|  6%| S|CS|TAMS 0x0000000087d00000, 0x0000000087d00000| Complete 
| 126|0x0000000087e00000, 0x0000000087f00000, 0x0000000087f00000|100%| S|CS|TAMS 0x0000000087e00000, 0x0000000087e00000| Complete 
| 127|0x0000000087f00000, 0x0000000088000000, 0x0000000088000000|100%| S|CS|TAMS 0x0000000087f00000, 0x0000000087f00000| Complete 
| 128|0x0000000088000000, 0x0000000088100000, 0x0000000088100000|100%| S|CS|TAMS 0x0000000088000000, 0x0000000088000000| Complete 
| 129|0x0000000088100000, 0x0000000088200000, 0x0000000088200000|100%| S|CS|TAMS 0x0000000088100000, 0x0000000088100000| Complete 
| 130|0x0000000088200000, 0x0000000088200000, 0x0000000088300000|  0%| F|  |TAMS 0x0000000088200000, 0x0000000088200000| Untracked 
| 131|0x0000000088300000, 0x0000000088300000, 0x0000000088400000|  0%| F|  |TAMS 0x0000000088300000, 0x0000000088300000| Untracked 
| 132|0x0000000088400000, 0x0000000088400000, 0x0000000088500000|  0%| F|  |TAMS 0x0000000088400000, 0x0000000088400000| Untracked 
| 133|0x0000000088500000, 0x0000000088500000, 0x0000000088600000|  0%| F|  |TAMS 0x0000000088500000, 0x0000000088500000| Untracked 
| 134|0x0000000088600000, 0x0000000088600000, 0x0000000088700000|  0%| F|  |TAMS 0x0000000088600000, 0x0000000088600000| Untracked 
| 135|0x0000000088700000, 0x0000000088784088, 0x0000000088800000| 51%| E|  |TAMS 0x0000000088700000, 0x0000000088700000| Complete 
| 136|0x0000000088800000, 0x0000000088900000, 0x0000000088900000|100%| E|CS|TAMS 0x0000000088800000, 0x0000000088800000| Complete 
| 137|0x0000000088900000, 0x0000000088a00000, 0x0000000088a00000|100%| E|CS|TAMS 0x0000000088900000, 0x0000000088900000| Complete 
| 138|0x0000000088a00000, 0x0000000088b00000, 0x0000000088b00000|100%| E|CS|TAMS 0x0000000088a00000, 0x0000000088a00000| Complete 
| 139|0x0000000088b00000, 0x0000000088c00000, 0x0000000088c00000|100%| E|CS|TAMS 0x0000000088b00000, 0x0000000088b00000| Complete 
| 140|0x0000000088c00000, 0x0000000088d00000, 0x0000000088d00000|100%| E|CS|TAMS 0x0000000088c00000, 0x0000000088c00000| Complete 
| 141|0x0000000088d00000, 0x0000000088e00000, 0x0000000088e00000|100%| E|  |TAMS 0x0000000088d00000, 0x0000000088d00000| Complete 
| 142|0x0000000088e00000, 0x0000000088f00000, 0x0000000088f00000|100%| E|CS|TAMS 0x0000000088e00000, 0x0000000088e00000| Complete 
| 143|0x0000000088f00000, 0x0000000089000000, 0x0000000089000000|100%| E|CS|TAMS 0x0000000088f00000, 0x0000000088f00000| Complete 
| 144|0x0000000089000000, 0x0000000089100000, 0x0000000089100000|100%| E|CS|TAMS 0x0000000089000000, 0x0000000089000000| Complete 
| 145|0x0000000089100000, 0x0000000089200000, 0x0000000089200000|100%| E|CS|TAMS 0x0000000089100000, 0x0000000089100000| Complete 
| 146|0x0000000089200000, 0x0000000089300000, 0x0000000089300000|100%| E|CS|TAMS 0x0000000089200000, 0x0000000089200000| Complete 
| 147|0x0000000089300000, 0x0000000089400000, 0x0000000089400000|100%| E|CS|TAMS 0x0000000089300000, 0x0000000089300000| Complete 
| 148|0x0000000089400000, 0x0000000089500000, 0x0000000089500000|100%| E|CS|TAMS 0x0000000089400000, 0x0000000089400000| Complete 
| 149|0x0000000089500000, 0x0000000089600000, 0x0000000089600000|100%| E|CS|TAMS 0x0000000089500000, 0x0000000089500000| Complete 
| 150|0x0000000089600000, 0x0000000089700000, 0x0000000089700000|100%| E|CS|TAMS 0x0000000089600000, 0x0000000089600000| Complete 
| 151|0x0000000089700000, 0x0000000089800000, 0x0000000089800000|100%| E|CS|TAMS 0x0000000089700000, 0x0000000089700000| Complete 
| 152|0x0000000089800000, 0x0000000089900000, 0x0000000089900000|100%| E|CS|TAMS 0x0000000089800000, 0x0000000089800000| Complete 
| 153|0x0000000089900000, 0x0000000089a00000, 0x0000000089a00000|100%| E|CS|TAMS 0x0000000089900000, 0x0000000089900000| Complete 

Card table byte_map: [0x000001dcb5d80000,0x000001dcb6180000] _byte_map_base: 0x000001dcb5980000

Marking Bits (Prev, Next): (CMBitMap*) 0x000001dca295dc60, (CMBitMap*) 0x000001dca295dc28
 Prev Bits: [0x000001dcb8580000, 0x000001dcba580000)
 Next Bits: [0x000001dcb6580000, 0x000001dcb8580000)

Polling page: 0x000001dca08f0000

Metaspace:

Usage:
  Non-class:     75.53 MB capacity,    74.23 MB ( 98%) used,     1.06 MB (  1%) free+waste,   245.13 KB ( <1%) overhead. 
      Class:     11.92 MB capacity,    11.15 MB ( 94%) used,   676.10 KB (  6%) free+waste,   110.25 KB ( <1%) overhead. 
       Both:     87.46 MB capacity,    85.39 MB ( 98%) used,     1.72 MB (  2%) free+waste,   355.38 KB ( <1%) overhead. 

Virtual space:
  Non-class space:       76.00 MB reserved,      75.92 MB (>99%) committed 
      Class space:        1.00 GB reserved,      12.13 MB (  1%) committed 
             Both:        1.07 GB reserved,      88.04 MB (  8%) committed 

Chunk freelists:
   Non-Class:  393.00 KB
       Class:  207.00 KB
        Both:  600.00 KB

MaxMetaspaceSize: 17179869184.00 GB
CompressedClassSpaceSize: 1.00 GB
Initial GC threshold: 20.80 MB
Current GC threshold: 144.86 MB
CDS: off

CodeHeap 'non-profiled nmethods': size=120000Kb used=5799Kb max_used=5799Kb free=114200Kb
 bounds [0x000001dcadf00000, 0x000001dcae4b0000, 0x000001dcb5430000]
CodeHeap 'profiled nmethods': size=120000Kb used=20562Kb max_used=20562Kb free=99437Kb
 bounds [0x000001dca69d0000, 0x000001dca7df0000, 0x000001dcadf00000]
CodeHeap 'non-nmethods': size=5760Kb used=2377Kb max_used=2412Kb free=3382Kb
 bounds [0x000001dca6430000, 0x000001dca66a0000, 0x000001dca69d0000]
 total_blobs=10474 nmethods=9585 adapters=800
 compilation: enabled
              stopped_count=0, restarted_count=0
 full_count=0

Compilation events (20 events):
Event: 7.697 Thread 0x000001dcbd210800 nmethod 9577 0x000001dcae4a0610 code [0x000001dcae4a07a0, 0x000001dcae4a0858]
Event: 7.697 Thread 0x000001dcbd210800 9549       4       com.google.common.collect.ImmutableSortedMap::size (8 bytes)
Event: 7.698 Thread 0x000001dcbd210800 nmethod 9549 0x000001dcae4a0990 code [0x000001dcae4a0b20, 0x000001dcae4a0bd8]
Event: 7.698 Thread 0x000001dcbd210800 9497       4       org.objectweb.asm.MethodWriter::visitLdcInsn (215 bytes)
Event: 7.702 Thread 0x000001dcbd210800 nmethod 9497 0x000001dcae4a0d10 code [0x000001dcae4a0f00, 0x000001dcae4a1370]
Event: 7.702 Thread 0x000001dcbd210800 9584       4       java.util.zip.ZipFile$Source::getEntryPos (206 bytes)
Event: 7.724 Thread 0x000001dcbd210800 nmethod 9584 0x000001dcae4a1810 code [0x000001dcae4a19e0, 0x000001dcae4a2578]
Event: 7.724 Thread 0x000001dcbd210800 9562       4       org.gradle.internal.io.StreamByteBuffer::prepareRead (102 bytes)
Event: 7.725 Thread 0x000001dcbd210800 nmethod 9562 0x000001dcae4a2c10 code [0x000001dcae4a2da0, 0x000001dcae4a2f58]
Event: 7.726 Thread 0x000001dcbd210800 9522       4       com.google.common.collect.ImmutableSortedMap$1::compare (13 bytes)
Event: 7.726 Thread 0x000001dcc146e800 nmethod 9493 0x000001dcae4a3090 code [0x000001dcae4a3340, 0x000001dcae4a6790]
Event: 7.726 Thread 0x000001dcc146e800 9520   !   4       java.io.WinNTFileSystem::resolve (362 bytes)
Event: 7.727 Thread 0x000001dcbd210800 nmethod 9522 0x000001dcae4a7590 code [0x000001dcae4a7740, 0x000001dcae4a7938]
Event: 7.727 Thread 0x000001dcbd210800 9506       4       java.nio.ByteBuffer::position (6 bytes)
Event: 7.727 Thread 0x000001dcbd210800 nmethod 9506 0x000001dcae4a7b90 code [0x000001dcae4a7d20, 0x000001dcae4a7df8]
Event: 7.727 Thread 0x000001dcbd210800 9539       4       org.gradle.internal.Try$Success::getOrMapFailure (5 bytes)
Event: 7.728 Thread 0x000001dcbd210800 nmethod 9539 0x000001dcae4a7f10 code [0x000001dcae4a80a0, 0x000001dcae4a8118]
Event: 7.734 Thread 0x000001dcbdb93800 9585       3       kotlin.reflect.jvm.internal.impl.name.FqNameUnsafe::<init> (28 bytes)
Event: 7.734 Thread 0x000001dcbdb93800 nmethod 9585 0x000001dca7ddce90 code [0x000001dca7ddd060, 0x000001dca7ddd368]
Event: 7.736 Thread 0x000001dcc146e800 nmethod 9520 0x000001dcae4a8210 code [0x000001dcae4a8440, 0x000001dcae4a8fe0]

GC Heap History (20 events):
Event: 3.534 GC heap before
{Heap before GC invocations=8 (full 0):
 garbage-first heap   total 131072K, used 93908K [0x0000000080000000, 0x0000000100000000)
  region size 1024K, 75 young (76800K), 10 survivors (10240K)
 Metaspace       used 46350K, capacity 47448K, committed 47616K, reserved 1091584K
  class space    used 5978K, capacity 6369K, committed 6400K, reserved 1048576K
}
Event: 3.539 GC heap after
{Heap after GC invocations=9 (full 0):
 garbage-first heap   total 157696K, used 30073K [0x0000000080000000, 0x0000000100000000)
  region size 1024K, 8 young (8192K), 8 survivors (8192K)
 Metaspace       used 46350K, capacity 47448K, committed 47616K, reserved 1091584K
  class space    used 5978K, capacity 6369K, committed 6400K, reserved 1048576K
}
Event: 4.131 GC heap before
{Heap before GC invocations=9 (full 0):
 garbage-first heap   total 157696K, used 109945K [0x0000000080000000, 0x0000000100000000)
  region size 1024K, 83 young (84992K), 8 survivors (8192K)
 Metaspace       used 49158K, capacity 50375K, committed 50560K, reserved 1093632K
  class space    used 6315K, capacity 6776K, committed 6784K, reserved 1048576K
}
Event: 4.136 GC heap after
{Heap after GC invocations=10 (full 0):
 garbage-first heap   total 157696K, used 42720K [0x0000000080000000, 0x0000000100000000)
  region size 1024K, 11 young (11264K), 11 survivors (11264K)
 Metaspace       used 49158K, capacity 50375K, committed 50560K, reserved 1093632K
  class space    used 6315K, capacity 6776K, committed 6784K, reserved 1048576K
}
Event: 4.771 GC heap before
{Heap before GC invocations=10 (full 0):
 garbage-first heap   total 157696K, used 107232K [0x0000000080000000, 0x0000000100000000)
  region size 1024K, 75 young (76800K), 11 survivors (11264K)
 Metaspace       used 58371K, capacity 59760K, committed 59948K, reserved 1101824K
  class space    used 7457K, capacity 7981K, committed 8064K, reserved 1048576K
}
Event: 4.782 GC heap after
{Heap after GC invocations=11 (full 0):
 garbage-first heap   total 157696K, used 45444K [0x0000000080000000, 0x0000000100000000)
  region size 1024K, 3 young (3072K), 3 survivors (3072K)
 Metaspace       used 58371K, capacity 59760K, committed 59948K, reserved 1101824K
  class space    used 7457K, capacity 7981K, committed 8064K, reserved 1048576K
}
Event: 5.403 GC heap before
{Heap before GC invocations=12 (full 0):
 garbage-first heap   total 157696K, used 116100K [0x0000000080000000, 0x0000000100000000)
  region size 1024K, 72 young (73728K), 3 survivors (3072K)
 Metaspace       used 65082K, capacity 66592K, committed 66732K, reserved 1107968K
  class space    used 8309K, capacity 8881K, committed 8960K, reserved 1048576K
}
Event: 5.409 GC heap after
{Heap after GC invocations=13 (full 0):
 garbage-first heap   total 157696K, used 50150K [0x0000000080000000, 0x0000000100000000)
  region size 1024K, 8 young (8192K), 8 survivors (8192K)
 Metaspace       used 65082K, capacity 66592K, committed 66732K, reserved 1107968K
  class space    used 8309K, capacity 8881K, committed 8960K, reserved 1048576K
}
Event: 5.982 GC heap before
{Heap before GC invocations=14 (full 0):
 garbage-first heap   total 157696K, used 118758K [0x0000000080000000, 0x0000000100000000)
  region size 1024K, 75 young (76800K), 8 survivors (8192K)
 Metaspace       used 69783K, capacity 71403K, committed 71596K, reserved 1112064K
  class space    used 9099K, capacity 9713K, committed 9728K, reserved 1048576K
}
Event: 5.988 GC heap after
{Heap after GC invocations=15 (full 0):
 garbage-first heap   total 157696K, used 55782K [0x0000000080000000, 0x0000000100000000)
  region size 1024K, 6 young (6144K), 6 survivors (6144K)
 Metaspace       used 69783K, capacity 71403K, committed 71596K, reserved 1112064K
  class space    used 9099K, capacity 9713K, committed 9728K, reserved 1048576K
}
Event: 6.629 GC heap before
{Heap before GC invocations=15 (full 0):
 garbage-first heap   total 157696K, used 122342K [0x0000000080000000, 0x0000000100000000)
  region size 1024K, 71 young (72704K), 6 survivors (6144K)
 Metaspace       used 76693K, capacity 78491K, committed 78508K, reserved 1118208K
  class space    used 10080K, capacity 10740K, committed 10752K, reserved 1048576K
}
Event: 6.633 GC heap after
{Heap after GC invocations=16 (full 0):
 garbage-first heap   total 157696K, used 59600K [0x0000000080000000, 0x0000000100000000)
  region size 1024K, 5 young (5120K), 5 survivors (5120K)
 Metaspace       used 76693K, capacity 78491K, committed 78508K, reserved 1118208K
  class space    used 10080K, capacity 10740K, committed 10752K, reserved 1048576K
}
Event: 7.117 GC heap before
{Heap before GC invocations=16 (full 0):
 garbage-first heap   total 157696K, used 124112K [0x0000000080000000, 0x0000000100000000)
  region size 1024K, 69 young (70656K), 5 survivors (5120K)
 Metaspace       used 81022K, capacity 83249K, committed 83500K, reserved 1122304K
  class space    used 10774K, capacity 11606K, committed 11648K, reserved 1048576K
}
Event: 7.122 GC heap after
{Heap after GC invocations=17 (full 0):
 garbage-first heap   total 157696K, used 63972K [0x0000000080000000, 0x0000000100000000)
  region size 1024K, 9 young (9216K), 9 survivors (9216K)
 Metaspace       used 81022K, capacity 83249K, committed 83500K, reserved 1122304K
  class space    used 10774K, capacity 11606K, committed 11648K, reserved 1048576K
}
Event: 7.406 GC heap before
{Heap before GC invocations=17 (full 0):
 garbage-first heap   total 157696K, used 125412K [0x0000000080000000, 0x0000000100000000)
  region size 1024K, 70 young (71680K), 9 survivors (9216K)
 Metaspace       used 81873K, capacity 84150K, committed 84396K, reserved 1122304K
  class space    used 10832K, capacity 11708K, committed 11776K, reserved 1048576K
}
Event: 7.411 GC heap after
{Heap after GC invocations=18 (full 0):
 garbage-first heap   total 157696K, used 68501K [0x0000000080000000, 0x0000000100000000)
  region size 1024K, 5 young (5120K), 5 survivors (5120K)
 Metaspace       used 81873K, capacity 84150K, committed 84396K, reserved 1122304K
  class space    used 10832K, capacity 11708K, committed 11776K, reserved 1048576K
}
Event: 7.602 GC heap before
{Heap before GC invocations=18 (full 0):
 garbage-first heap   total 157696K, used 125845K [0x0000000080000000, 0x0000000100000000)
  region size 1024K, 62 young (63488K), 5 survivors (5120K)
 Metaspace       used 84231K, capacity 86509K, committed 86700K, reserved 1124352K
  class space    used 11079K, capacity 11966K, committed 12032K, reserved 1048576K
}
Event: 7.606 GC heap after
{Heap after GC invocations=19 (full 0):
 garbage-first heap   total 157696K, used 71781K [0x0000000080000000, 0x0000000100000000)
  region size 1024K, 4 young (4096K), 4 survivors (4096K)
 Metaspace       used 84231K, capacity 86509K, committed 86700K, reserved 1124352K
  class space    used 11079K, capacity 11966K, committed 12032K, reserved 1048576K
}
Event: 7.671 GC heap before
{Heap before GC invocations=19 (full 0):
 garbage-first heap   total 157696K, used 96357K [0x0000000080000000, 0x0000000100000000)
  region size 1024K, 28 young (28672K), 4 survivors (4096K)
 Metaspace       used 85454K, capacity 87752K, committed 87852K, reserved 1124352K
  class space    used 11221K, capacity 12104K, committed 12160K, reserved 1048576K
}
Event: 7.674 GC heap after
{Heap after GC invocations=20 (full 0):
 garbage-first heap   total 157696K, used 74816K [0x0000000080000000, 0x0000000100000000)
  region size 1024K, 5 young (5120K), 5 survivors (5120K)
 Metaspace       used 85454K, capacity 87752K, committed 87852K, reserved 1124352K
  class space    used 11221K, capacity 12104K, committed 12160K, reserved 1048576K
}

Deoptimization events (20 events):
Event: 7.641 Thread 0x000001dcc68a6800 DEOPT PACKING pc=0x000001dcae494a80 sp=0x00000060381fe330
Event: 7.641 Thread 0x000001dcc68a6800 DEOPT UNPACKING pc=0x000001dca647a1af sp=0x00000060381fe268 mode 2
Event: 7.652 Thread 0x000001dcc861f000 Uncommon trap: trap_request=0xffffff4d fr.pc=0x000001dcadfec998 relative=0x0000000000000078
Event: 7.652 Thread 0x000001dcc861f000 Uncommon trap: reason=unstable_if action=reinterpret pc=0x000001dcadfec998 method=java.lang.Integer.stringSize(I)I @ 19 c2
Event: 7.652 Thread 0x000001dcc861f000 DEOPT PACKING pc=0x000001dcadfec998 sp=0x000000603b5fd880
Event: 7.652 Thread 0x000001dcc861f000 DEOPT UNPACKING pc=0x000001dca647a1af sp=0x000000603b5fd800 mode 2
Event: 7.689 Thread 0x000001dcc8624000 Uncommon trap: trap_request=0xffffff4d fr.pc=0x000001dcadf35010 relative=0x0000000000000830
Event: 7.689 Thread 0x000001dcc8624000 Uncommon trap: reason=unstable_if action=reinterpret pc=0x000001dcadf35010 method=java.util.zip.ZipFile$Source.getEntryPos([BZ)I @ 105 c2
Event: 7.689 Thread 0x000001dcc8624000 DEOPT PACKING pc=0x000001dcadf35010 sp=0x000000603b6fa3b0
Event: 7.689 Thread 0x000001dcc8624000 DEOPT UNPACKING pc=0x000001dca647a1af sp=0x000000603b6fa350 mode 2
Event: 7.726 Thread 0x000001dcc8624000 DEOPT PACKING pc=0x000001dca7b7f076 sp=0x000000603b6fcca0
Event: 7.726 Thread 0x000001dcc8624000 DEOPT UNPACKING pc=0x000001dca647a95e sp=0x000000603b6fc1c0 mode 0
Event: 7.726 Thread 0x000001dcc8624000 Uncommon trap: trap_request=0xffffff4d fr.pc=0x000001dcadfbd284 relative=0x0000000000001224
Event: 7.726 Thread 0x000001dcc8624000 Uncommon trap: reason=unstable_if action=reinterpret pc=0x000001dcadfbd284 method=java.util.concurrent.ConcurrentHashMap.transfer([Ljava/util/concurrent/ConcurrentHashMap$Node;[Ljava/util/concurrent/ConcurrentHashMap$Node;)V @ 273 c2
Event: 7.726 Thread 0x000001dcc8624000 DEOPT PACKING pc=0x000001dcadfbd284 sp=0x000000603b6fcd40
Event: 7.726 Thread 0x000001dcc8624000 DEOPT UNPACKING pc=0x000001dca647a1af sp=0x000000603b6fccc0 mode 2
Event: 7.733 Thread 0x000001dcc8624000 Uncommon trap: trap_request=0xffffff4d fr.pc=0x000001dcae40d6f4 relative=0x0000000000000194
Event: 7.733 Thread 0x000001dcc8624000 Uncommon trap: reason=unstable_if action=reinterpret pc=0x000001dcae40d6f4 method=com.google.common.collect.MapMakerInternalMap$Segment.getEntry(Ljava/lang/Object;I)Lcom/google/common/collect/MapMakerInternalMap$InternalEntry; @ 63 c2
Event: 7.733 Thread 0x000001dcc8624000 DEOPT PACKING pc=0x000001dcae40d6f4 sp=0x000000603b6fbc70
Event: 7.733 Thread 0x000001dcc8624000 DEOPT UNPACKING pc=0x000001dca647a1af sp=0x000000603b6fbc28 mode 2

Classes redefined (0 events):
No events

Internal exceptions (20 events):
Event: 7.314 Thread 0x000001dcc861f800 Exception <a 'java/lang/NoSuchMethodError'{0x00000000870b2270}: <clinit>> (0x00000000870b2270) thrown at [./src/hotspot/share/prims/jni.cpp, line 1365]
Event: 7.315 Thread 0x000001dcc861f800 Exception <a 'java/lang/NoSuchMethodError'{0x00000000870ca168}: <clinit>> (0x00000000870ca168) thrown at [./src/hotspot/share/prims/jni.cpp, line 1365]
Event: 7.315 Thread 0x000001dcc861f800 Exception <a 'java/lang/NoSuchMethodError'{0x00000000870cb3a0}: <clinit>> (0x00000000870cb3a0) thrown at [./src/hotspot/share/prims/jni.cpp, line 1365]
Event: 7.441 Thread 0x000001dcc861f800 Exception <a 'sun/nio/fs/WindowsException'{0x0000000089645f38}> (0x0000000089645f38) thrown at [./src/hotspot/share/prims/jni.cpp, line 615]
Event: 7.441 Thread 0x000001dcc861f800 Exception <a 'sun/nio/fs/WindowsException'{0x0000000089646e00}> (0x0000000089646e00) thrown at [./src/hotspot/share/prims/jni.cpp, line 615]
Event: 7.441 Thread 0x000001dcc861f800 Exception <a 'sun/nio/fs/WindowsException'{0x0000000089647248}> (0x0000000089647248) thrown at [./src/hotspot/share/prims/jni.cpp, line 615]
Event: 7.441 Thread 0x000001dcc861f800 Exception <a 'sun/nio/fs/WindowsException'{0x00000000896480f0}> (0x00000000896480f0) thrown at [./src/hotspot/share/prims/jni.cpp, line 615]
Event: 7.441 Thread 0x000001dcc861f800 Exception <a 'sun/nio/fs/WindowsException'{0x0000000089648450}> (0x0000000089648450) thrown at [./src/hotspot/share/prims/jni.cpp, line 615]
Event: 7.441 Thread 0x000001dcc861f800 Exception <a 'sun/nio/fs/WindowsException'{0x0000000089649310}> (0x0000000089649310) thrown at [./src/hotspot/share/prims/jni.cpp, line 615]
Event: 7.441 Thread 0x000001dcc861f800 Exception <a 'sun/nio/fs/WindowsException'{0x0000000089649610}> (0x0000000089649610) thrown at [./src/hotspot/share/prims/jni.cpp, line 615]
Event: 7.441 Thread 0x000001dcc861f800 Exception <a 'sun/nio/fs/WindowsException'{0x000000008964a4a0}> (0x000000008964a4a0) thrown at [./src/hotspot/share/prims/jni.cpp, line 615]
Event: 7.452 Thread 0x000001dcc861f800 Exception <a 'java/lang/NoSuchMethodError'{0x00000000895d1948}: <clinit>> (0x00000000895d1948) thrown at [./src/hotspot/share/prims/jni.cpp, line 1365]
Event: 7.454 Thread 0x000001dcc861f800 Exception <a 'java/lang/NoSuchMethodError'{0x0000000089405aa0}: <clinit>> (0x0000000089405aa0) thrown at [./src/hotspot/share/prims/jni.cpp, line 1365]
Event: 7.456 Thread 0x000001dcc861f800 Exception <a 'java/lang/NoSuchMethodError'{0x0000000089433078}: <clinit>> (0x0000000089433078) thrown at [./src/hotspot/share/prims/jni.cpp, line 1365]
Event: 7.456 Thread 0x000001dcc861f800 Exception <a 'java/lang/NoSuchMethodError'{0x00000000894457f0}: <clinit>> (0x00000000894457f0) thrown at [./src/hotspot/share/prims/jni.cpp, line 1365]
Event: 7.534 Thread 0x000001dcbf228800 Exception <a 'java/lang/NoSuchMethodError'{0x0000000087c4d9e0}: 'int java.lang.invoke.DirectMethodHandle$Holder.invokeSpecial(java.lang.Object, java.lang.Object, java.lang.Object, java.lang.Object, java.lang.Object)'> (0x0000000087c4d9e0) thrown at [./src/hotspot/share/interpreter/linkResolver.cpp, line 773]
Event: 7.584 Thread 0x000001dcc3291800 Implicit null exception at 0x000001dcae48a65b to 0x000001dcae48a6f0
Event: 7.584 Thread 0x000001dcc2e87000 Implicit null exception at 0x000001dcae48a65b to 0x000001dcae48a6f0
Event: 7.641 Thread 0x000001dcc68a6800 Implicit null exception at 0x000001dcae49430f to 0x000001dcae494a5c
Event: 7.727 Thread 0x000001dcc8624000 Exception <a 'sun/nio/fs/WindowsException'{0x00000000890b9c78}> (0x00000000890b9c78) thrown at [./src/hotspot/share/prims/jni.cpp, line 615]

Events (20 events):
Event: 7.738 loading class com/android/tools/r8/internal/u9
Event: 7.738 loading class com/android/tools/r8/internal/u9 done
Event: 7.738 loading class com/android/tools/r8/internal/ee
Event: 7.738 loading class com/android/tools/r8/internal/ee done
Event: 7.738 loading class kotlin/reflect/jvm/internal/impl/incremental/components/NoLookupLocation
Event: 7.738 loading class kotlin/reflect/jvm/internal/impl/incremental/components/NoLookupLocation done
Event: 7.738 loading class com/android/tools/r8/graph/i0
Event: 7.738 loading class com/android/tools/r8/graph/i0 done
Event: 7.739 loading class com/android/tools/r8/graph/Z0
Event: 7.739 loading class com/android/tools/r8/graph/Z0 done
Event: 7.739 loading class kotlin/reflect/jvm/internal/impl/descriptors/PackageFragmentProviderKt
Event: 7.739 loading class kotlin/reflect/jvm/internal/impl/descriptors/PackageFragmentProviderKt done
Event: 7.739 loading class com/android/tools/r8/internal/BK
Event: 7.739 loading class com/android/tools/r8/internal/BK done
Event: 7.739 loading class com/android/tools/r8/internal/CK
Event: 7.739 loading class com/android/tools/r8/internal/CK done
Event: 7.739 loading class kotlin/reflect/jvm/internal/impl/descriptors/runtime/structure/ReflectJavaPackage
Event: 7.739 loading class kotlin/reflect/jvm/internal/impl/descriptors/runtime/structure/ReflectJavaPackage done
Event: 7.740 loading class kotlin/reflect/jvm/internal/impl/load/java/structure/JavaPackage
Event: 7.740 loading class kotlin/reflect/jvm/internal/impl/load/java/structure/JavaPackage done


Dynamic libraries:
0x00007ff6ed730000 - 0x00007ff6ed73a000 	C:\Program Files\Android\Android Studio\jre\bin\java.exe
0x00007ffe4dc00000 - 0x00007ffe4de09000 	C:\Windows\SYSTEM32\ntdll.dll
0x00007ffe4d170000 - 0x00007ffe4d22d000 	C:\Windows\System32\KERNEL32.DLL
0x00007ffe4b5f0000 - 0x00007ffe4b969000 	C:\Windows\System32\KERNELBASE.dll
0x00007ffe4b970000 - 0x00007ffe4ba81000 	C:\Windows\System32\ucrtbase.dll
0x00007ffe33b30000 - 0x00007ffe33b47000 	C:\Program Files\Android\Android Studio\jre\bin\VCRUNTIME140.dll
0x00007ffe31e10000 - 0x00007ffe31e29000 	C:\Program Files\Android\Android Studio\jre\bin\jli.dll
0x00007ffe4c0f0000 - 0x00007ffe4c29c000 	C:\Windows\System32\USER32.dll
0x00007ffe4b270000 - 0x00007ffe4b296000 	C:\Windows\System32\win32u.dll
0x00007ffe3e850000 - 0x00007ffe3eaf5000 	C:\Windows\WinSxS\amd64_microsoft.windows.common-controls_6595b64144ccf1df_6.0.22000.120_none_9d947278b86cc467\COMCTL32.dll
0x00007ffe4c4b0000 - 0x00007ffe4c4d9000 	C:\Windows\System32\GDI32.dll
0x00007ffe4d0b0000 - 0x00007ffe4d153000 	C:\Windows\System32\msvcrt.dll
0x00007ffe4b150000 - 0x00007ffe4b262000 	C:\Windows\System32\gdi32full.dll
0x00007ffe4b490000 - 0x00007ffe4b52d000 	C:\Windows\System32\msvcp_win.dll
0x00007ffe4bce0000 - 0x00007ffe4bd11000 	C:\Windows\System32\IMM32.DLL
0x00007ffe2b460000 - 0x00007ffe2b4fd000 	C:\Program Files\Android\Android Studio\jre\bin\msvcp140.dll
0x00007ffde3050000 - 0x00007ffde3b35000 	C:\Program Files\Android\Android Studio\jre\bin\server\jvm.dll
0x00007ffe4ba90000 - 0x00007ffe4bb3e000 	C:\Windows\System32\ADVAPI32.dll
0x00007ffe4bd20000 - 0x00007ffe4bdbe000 	C:\Windows\System32\sechost.dll
0x00007ffe4be50000 - 0x00007ffe4bf70000 	C:\Windows\System32\RPCRT4.dll
0x00007ffe4d3f0000 - 0x00007ffe4d3f8000 	C:\Windows\System32\PSAPI.DLL
0x00007ffe45830000 - 0x00007ffe45863000 	C:\Windows\SYSTEM32\WINMM.dll
0x00007ffe44b40000 - 0x00007ffe44b4a000 	C:\Windows\SYSTEM32\VERSION.dll
0x00007ffe31450000 - 0x00007ffe31459000 	C:\Windows\SYSTEM32\WSOCK32.dll
0x00007ffe4d040000 - 0x00007ffe4d0af000 	C:\Windows\System32\WS2_32.dll
0x00007ffe4a2d0000 - 0x00007ffe4a2e8000 	C:\Windows\SYSTEM32\kernel.appcore.dll
0x00007ffe264f0000 - 0x00007ffe26501000 	C:\Program Files\Android\Android Studio\jre\bin\verify.dll
0x00007ffe3ae00000 - 0x00007ffe3b021000 	C:\Windows\SYSTEM32\DBGHELP.DLL
0x00007ffe37470000 - 0x00007ffe374a1000 	C:\Windows\SYSTEM32\dbgcore.DLL
0x00007ffe4b410000 - 0x00007ffe4b48f000 	C:\Windows\System32\bcryptPrimitives.dll
0x00007ffe20d10000 - 0x00007ffe20d39000 	C:\Program Files\Android\Android Studio\jre\bin\java.dll
0x00007ffe2ff60000 - 0x00007ffe2ff6b000 	C:\Program Files\Android\Android Studio\jre\bin\jimage.dll
0x00007ffe25900000 - 0x00007ffe25918000 	C:\Program Files\Android\Android Studio\jre\bin\zip.dll
0x00007ffe4d400000 - 0x00007ffe4dbb8000 	C:\Windows\System32\SHELL32.dll
0x00007ffe49260000 - 0x00007ffe49ac8000 	C:\Windows\SYSTEM32\windows.storage.dll
0x00007ffe4cb40000 - 0x00007ffe4ceb9000 	C:\Windows\System32\combase.dll
0x00007ffe490f0000 - 0x00007ffe49256000 	C:\Windows\SYSTEM32\wintypes.dll
0x00007ffe4cec0000 - 0x00007ffe4cfaa000 	C:\Windows\System32\SHCORE.dll
0x00007ffe4bfe0000 - 0x00007ffe4c03d000 	C:\Windows\System32\shlwapi.dll
0x00007ffe4b010000 - 0x00007ffe4b031000 	C:\Windows\SYSTEM32\profapi.dll
0x00007ffe22180000 - 0x00007ffe2219a000 	C:\Program Files\Android\Android Studio\jre\bin\net.dll
0x00007ffe45870000 - 0x00007ffe4597c000 	C:\Windows\SYSTEM32\WINHTTP.dll
0x00007ffe4a700000 - 0x00007ffe4a767000 	C:\Windows\system32\mswsock.dll
0x00007ffe20df0000 - 0x00007ffe20e04000 	C:\Program Files\Android\Android Studio\jre\bin\nio.dll
0x00007ffe27780000 - 0x00007ffe277a7000 	C:\Users\datico\.gradle\native\e1d6ef7f7dcc3fd88c89a11ec53ec762bb8ba0a96d01ffa2cd45eb1d1d8dd5c5\windows-amd64\native-platform.dll
0x00007ffe27920000 - 0x00007ffe27a64000 	C:\Users\datico\.gradle\native\5664cfc778a61ccfe75a443a1ab52a65af34e5dc3c78e0209fed803814484fcb\windows-amd64\native-platform-file-events.dll
0x00007ffe2feb0000 - 0x00007ffe2feba000 	C:\Program Files\Android\Android Studio\jre\bin\management.dll
0x00007ffe2fa60000 - 0x00007ffe2fa6d000 	C:\Program Files\Android\Android Studio\jre\bin\management_ext.dll
0x00007ffe4a940000 - 0x00007ffe4a958000 	C:\Windows\SYSTEM32\CRYPTSP.dll
0x00007ffe4a230000 - 0x00007ffe4a265000 	C:\Windows\system32\rsaenh.dll
0x00007ffe4a7f0000 - 0x00007ffe4a819000 	C:\Windows\SYSTEM32\USERENV.dll
0x00007ffe4aac0000 - 0x00007ffe4aae7000 	C:\Windows\SYSTEM32\bcrypt.dll
0x00007ffe4a960000 - 0x00007ffe4a96c000 	C:\Windows\SYSTEM32\CRYPTBASE.dll
0x00007ffe49e00000 - 0x00007ffe49e2d000 	C:\Windows\SYSTEM32\IPHLPAPI.DLL
0x00007ffe4c4e0000 - 0x00007ffe4c4e9000 	C:\Windows\System32\NSI.dll
0x00007ffe45700000 - 0x00007ffe45719000 	C:\Windows\SYSTEM32\dhcpcsvc6.DLL
0x00007ffe463a0000 - 0x00007ffe463be000 	C:\Windows\SYSTEM32\dhcpcsvc.DLL
0x00007ffe49e70000 - 0x00007ffe49f58000 	C:\Windows\SYSTEM32\DNSAPI.dll

dbghelp: loaded successfully - version: 4.0.5 - missing functions: none
symbol engine: initialized successfully - sym options: 0x614 - pdb path: .;C:\Program Files\Android\Android Studio\jre\bin;C:\Windows\SYSTEM32;C:\Windows\WinSxS\amd64_microsoft.windows.common-controls_6595b64144ccf1df_6.0.22000.120_none_9d947278b86cc467;C:\Program Files\Android\Android Studio\jre\bin\server;C:\Users\datico\.gradle\native\e1d6ef7f7dcc3fd88c89a11ec53ec762bb8ba0a96d01ffa2cd45eb1d1d8dd5c5\windows-amd64;C:\Users\datico\.gradle\native\5664cfc778a61ccfe75a443a1ab52a65af34e5dc3c78e0209fed803814484fcb\windows-amd64

VM Arguments:
jvm_args: --add-opens=java.base/java.util=ALL-UNNAMED --add-opens=java.base/java.lang=ALL-UNNAMED --add-opens=java.base/java.lang.invoke=ALL-UNNAMED --add-opens=java.base/java.util=ALL-UNNAMED --add-opens=java.prefs/java.util.prefs=ALL-UNNAMED --add-opens=java.prefs/java.util.prefs=ALL-UNNAMED --add-opens=java.base/java.nio.charset=ALL-UNNAMED --add-opens=java.base/java.net=ALL-UNNAMED --add-opens=java.base/java.util.concurrent.atomic=ALL-UNNAMED -Xmx2048m -Dfile.encoding=UTF-8 -Duser.country=RU -Duser.language=ru -Duser.variant 
java_command: org.gradle.launcher.daemon.bootstrap.GradleDaemon 7.3.3
java_class_path (initial): C:\Users\datico\.gradle\wrapper\dists\gradle-7.3.3-bin\6a41zxkdtcxs8rphpq6y0069z\gradle-7.3.3\lib\gradle-launcher-7.3.3.jar
Launcher Type: SUN_STANDARD

[Global flags]
     intx CICompilerCount                          = 4                                         {product} {ergonomic}
     uint ConcGCThreads                            = 3                                         {product} {ergonomic}
     uint G1ConcRefinementThreads                  = 10                                        {product} {ergonomic}
   size_t G1HeapRegionSize                         = 1048576                                   {product} {ergonomic}
    uintx GCDrainStackTargetSize                   = 64                                        {product} {ergonomic}
   size_t InitialHeapSize                          = 134217728                                 {product} {ergonomic}
   size_t MarkStackSize                            = 4194304                                   {product} {ergonomic}
   size_t MaxHeapSize                              = 2147483648                                {product} {command line}
   size_t MaxNewSize                               = 1287651328                                {product} {ergonomic}
   size_t MinHeapDeltaBytes                        = 1048576                                   {product} {ergonomic}
    uintx NonNMethodCodeHeapSize                   = 5836300                                {pd product} {ergonomic}
    uintx NonProfiledCodeHeapSize                  = 122910970                              {pd product} {ergonomic}
    uintx ProfiledCodeHeapSize                     = 122910970                              {pd product} {ergonomic}
    uintx ReservedCodeCacheSize                    = 251658240                              {pd product} {ergonomic}
     bool SegmentedCodeCache                       = true                                      {product} {ergonomic}
     bool UseCompressedClassPointers               = true                                 {lp64_product} {ergonomic}
     bool UseCompressedOops                        = true                                 {lp64_product} {ergonomic}
     bool UseG1GC                                  = true                                      {product} {ergonomic}
     bool UseLargePagesIndividualAllocation        = false                                  {pd product} {ergonomic}

Logging:
Log output configuration:
 #0: stdout all=warning uptime,level,tags
 #1: stderr all=off uptime,level,tags

Environment Variables:
PATH=C:\Windows\system32;C:\Windows;C:\Windows\System32\Wbem;C:\Windows\System32\WindowsPowerShell\v1.0\;C:\Windows\System32\OpenSSH\;C:\Program Files\NVIDIA Corporation\NVIDIA NvDLISR;C:\Program Files (x86)\NVIDIA Corporation\PhysX\Common;C:\Users\datico\AppData\Local\Microsoft\WindowsApps;
USERNAME=datico
OS=Windows_NT
PROCESSOR_IDENTIFIER=AMD64 Family 23 Model 113 Stepping 0, AuthenticAMD



---------------  S Y S T E M  ---------------

OS: Windows 10 , 64 bit Build 22000 (10.0.22000.708)
OS uptime: 3 days 21:22 hours

CPU:total 12 (initial active 12) (12 cores per cpu, 2 threads per core) family 23 model 113 stepping 0 microcode 0x0, cmov, cx8, fxsr, mmx, sse, sse2, sse3, ssse3, sse4.1, sse4.2, popcnt, avx, avx2, aes, clmul, mmxext, 3dnowpref, lzcnt, sse4a, ht, tsc, tscinvbit, tscinv, bmi1, bmi2, adx, sha, fma

Memory: 4k page, system-wide physical 8140M (940M free)
TotalPageFile size 22357M (AvailPageFile size 5M)
current process WorkingSet (physical memory assigned to process): 446M, peak: 446M
current process commit charge ("private bytes"): 487M, peak: 488M

vm_info: OpenJDK 64-Bit Server VM (11.0.12+7-b1504.28-7817840) for windows-amd64 JRE (11.0.12+7-b1504.28-7817840), built on Oct 13 2021 22:12:33 by "builder" with MS VC++ 14.0 (VS2015)

END.
