#
# There is insufficient memory for the Java Runtime Environment to continue.
# Native memory allocation (malloc) failed to allocate 1207216 bytes for Chunk::new
# Possible reasons:
#   The system is out of physical RAM or swap space
#   The process is running with CompressedOops enabled, and the Java Heap may be blocking the growth of the native heap
# Possible solutions:
#   Reduce memory load on the system
#   Increase physical memory or swap space
#   Check if swap backing store is full
#   Decrease Java heap size (-Xmx/-Xms)
#   Decrease number of Java threads
#   Decrease Java thread stack sizes (-Xss)
#   Set larger code cache with -XX:ReservedCodeCacheSize=
#   JVM is running with Unscaled Compressed Oops mode in which the Java heap is
#     placed in the first 4GB address space. The Java Heap base address is the
#     maximum limit for the native heap growth. Please use -XX:HeapBaseMinAddress
#     to set the Java Heap base and to place the Java Heap above 4GB virtual address.
# This output file may be truncated or incomplete.
#
#  Out of Memory Error (./src/hotspot/share/memory/arena.cpp:197), pid=7008, tid=17664
#
# JRE version: OpenJDK Runtime Environment (11.0.12+7) (build 11.0.12+7-b1504.28-7817840)
# Java VM: OpenJDK 64-Bit Server VM (11.0.12+7-b1504.28-7817840, mixed mode, tiered, compressed oops, g1 gc, windows-amd64)
# No core dump will be written. Minidumps are not enabled by default on client versions of Windows
#

---------------  S U M M A R Y ------------

Command Line: --add-opens=java.base/java.util=ALL-UNNAMED --add-opens=java.base/java.lang=ALL-UNNAMED --add-opens=java.base/java.lang.invoke=ALL-UNNAMED --add-opens=java.base/java.util=ALL-UNNAMED --add-opens=java.prefs/java.util.prefs=ALL-UNNAMED --add-opens=java.prefs/java.util.prefs=ALL-UNNAMED --add-opens=java.base/java.nio.charset=ALL-UNNAMED --add-opens=java.base/java.net=ALL-UNNAMED --add-opens=java.base/java.util.concurrent.atomic=ALL-UNNAMED -Xmx2048m -Dfile.encoding=UTF-8 -Duser.country=RU -Duser.language=ru -Duser.variant org.gradle.launcher.daemon.bootstrap.GradleDaemon 7.3.3

Host: AMD Ryzen 5 3600 6-Core Processor              , 12 cores, 7G,  Windows 10 , 64 bit Build 22000 (10.0.22000.708)
Time: Thu Jul 14 14:01:33 2022 RTZ 2 (зима) elapsed time: 8.877195 seconds (0d 0h 0m 8s)

---------------  T H R E A D  ---------------

Current thread (0x0000026073b66800):  JavaThread "C2 CompilerThread1" daemon [_thread_in_native, id=17664, stack(0x000000f40f100000,0x000000f40f200000)]


Current CompileTask:
C2:   8877 10564       4       com.android.tools.r8.code.y1::a (4129 bytes)

Stack: [0x000000f40f100000,0x000000f40f200000]
Native frames: (J=compiled Java code, j=interpreted, Vv=VM code, C=native code)
V  [jvm.dll+0x5fbcea]
V  [jvm.dll+0x731905]
V  [jvm.dll+0x732f1d]
V  [jvm.dll+0x7335d3]
V  [jvm.dll+0x247bf8]
V  [jvm.dll+0xc018c]
V  [jvm.dll+0xc06cc]
V  [jvm.dll+0x35b2db]
V  [jvm.dll+0x19cebc]
V  [jvm.dll+0x20070e]
V  [jvm.dll+0x1ff794]
V  [jvm.dll+0x18868c]
V  [jvm.dll+0x20e0d7]
V  [jvm.dll+0x20c901]
V  [jvm.dll+0x6f9b7f]
V  [jvm.dll+0x6f26a5]
V  [jvm.dll+0x5fabf6]
C  [ucrtbase.dll+0x26c0c]
C  [KERNEL32.DLL+0x154e0]
C  [ntdll.dll+0x485b]


---------------  P R O C E S S  ---------------

Threads class SMR info:
_java_thread_list=0x000002607a1e3420, length=207, elements={
0x0000026055dae000, 0x000002607067b000, 0x000002607067b800, 0x000002607069d000,
0x000002607069e800, 0x0000026070fe0800, 0x0000026070fe1000, 0x0000026070fee000,
0x0000026071034800, 0x0000026071195800, 0x0000026072a9f800, 0x0000026073b1b800,
0x0000026071250800, 0x00000260732f1000, 0x0000026071757000, 0x00000260733d0800,
0x00000260736da800, 0x000002607272b800, 0x0000026073211800, 0x0000026073a36800,
0x0000026073b66800, 0x0000026073a37000, 0x0000026073a38000, 0x0000026073a3a800,
0x0000026073a39000, 0x0000026073a39800, 0x0000026073a35800, 0x0000026073a3b800,
0x0000026073a3c000, 0x000002607635a000, 0x000002607635b000, 0x000002607635c800,
0x000002607635d000, 0x0000026076358800, 0x000002607635f000, 0x0000026076359000,
0x0000026076365800, 0x0000026076363800, 0x0000026076362000, 0x0000026076364800,
0x0000026076363000, 0x000002607635f800, 0x0000026076366000, 0x0000026076360800,
0x0000026076367000, 0x0000026076361800, 0x0000026076973000, 0x0000026076976800,
0x0000026076977000, 0x0000026076974800, 0x0000026076975800, 0x0000026076978000,
0x0000026076972000, 0x0000026076979000, 0x0000026076974000, 0x000002607697f800,
0x000002607697b000, 0x0000026076979800, 0x000002607697d800, 0x000002607697a800,
0x000002607697c000, 0x000002607697d000, 0x000002607697e800, 0x0000026076980000,
0x0000026076981000, 0x0000026076f17800, 0x0000026076f19800, 0x0000026076f18800,
0x0000026076f15000, 0x0000026076f16000, 0x0000026076f1a000, 0x0000026076f14800,
0x0000026076f1b000, 0x0000026076f1b800, 0x0000026076f1c800, 0x0000026076f17000,
0x0000026076f22000, 0x0000026076f1f000, 0x0000026076f1d800, 0x0000026076f21800,
0x0000026076f20800, 0x0000026076f23000, 0x0000026076f1e000, 0x0000026076f20000,
0x00000260768fd800, 0x00000260768fb800, 0x00000260768fe000, 0x00000260768f9800,
0x00000260768fa000, 0x00000260768ff000, 0x0000026076900000, 0x00000260768fb000,
0x0000026076902800, 0x00000260768fc800, 0x0000026076906800, 0x0000026076904000,
0x0000026076903000, 0x0000026076904800, 0x0000026076901800, 0x0000026076900800,
0x0000026076908000, 0x0000026076905800, 0x0000026076907000, 0x00000260786d9000,
0x00000260786da000, 0x00000260786d8800, 0x00000260786db000, 0x00000260786db800,
0x00000260786d7800, 0x00000260786e2000, 0x00000260786e0000, 0x00000260786e0800,
0x00000260786e1800, 0x00000260786dc800, 0x00000260786dd800, 0x00000260786e4000,
0x00000260786e3000, 0x00000260786df000, 0x00000260786de000, 0x00000260786e4800,
0x00000260786e5800, 0x00000260786e6800, 0x00000260788bc800, 0x00000260788bf800,
0x00000260788bb800, 0x00000260788ba000, 0x00000260788bd000, 0x00000260788be000,
0x00000260788bf000, 0x00000260788c0800, 0x00000260788bb000, 0x00000260788c1800,
0x00000260788c4800, 0x00000260788c8000, 0x00000260788c4000, 0x00000260788c7000,
0x00000260788c3000, 0x00000260788c5800, 0x00000260788c2000, 0x00000260788c6000,
0x00000260788c8800, 0x00000260788db000, 0x00000260788dd000, 0x00000260788df800,
0x00000260788db800, 0x00000260788dc800, 0x00000260788df000, 0x00000260788da000,
0x00000260788e2000, 0x00000260788e0800, 0x00000260788e4000, 0x00000260788e1800,
0x00000260788de000, 0x00000260788e4800, 0x00000260788e7000, 0x00000260788e5800,
0x00000260788e8000, 0x00000260788e6000, 0x00000260788e8800, 0x00000260788e3000,
0x0000026076c11800, 0x0000026076c12800, 0x0000026076c0f000, 0x0000026076c13800,
0x0000026076c14000, 0x0000026076c16000, 0x0000026076c16800, 0x0000026076c18000,
0x0000026076c1a000, 0x0000026076c1a800, 0x0000026076c15000, 0x0000026076c1b800,
0x0000026076c1c800, 0x0000026076c1d000, 0x0000026076c19000, 0x0000026076c17800,
0x0000026076c1e000, 0x000002607703d800, 0x0000026077039800, 0x000002607703a000,
0x000002607703b000, 0x0000026077037800, 0x000002607703c000, 0x000002607703c800,
0x000002607703e000, 0x0000026077038800, 0x0000026077040000, 0x0000026077044000,
0x0000026077041800, 0x0000026077044800, 0x0000026077043000, 0x0000026077040800,
0x0000026077042800, 0x000002607703f000, 0x000002607704b800, 0x0000026077047000,
0x0000026077045800, 0x0000026077049000, 0x000002607704c000, 0x0000026077049800,
0x0000026077048000, 0x0000026077046800, 0x000002607704d000, 0x000002607704d800,
0x000002607704e800, 0x0000026077050000, 0x000002607704a800
}

Java Threads: ( => current thread )
  0x0000026055dae000 JavaThread "main" [_thread_blocked, id=18520, stack(0x000000f40d400000,0x000000f40d500000)]
  0x000002607067b000 JavaThread "Reference Handler" daemon [_thread_blocked, id=19512, stack(0x000000f40db00000,0x000000f40dc00000)]
  0x000002607067b800 JavaThread "Finalizer" daemon [_thread_blocked, id=20976, stack(0x000000f40dc00000,0x000000f40dd00000)]
  0x000002607069d000 JavaThread "Signal Dispatcher" daemon [_thread_blocked, id=484, stack(0x000000f40dd00000,0x000000f40de00000)]
  0x000002607069e800 JavaThread "Attach Listener" daemon [_thread_blocked, id=8604, stack(0x000000f40de00000,0x000000f40df00000)]
  0x0000026070fe0800 JavaThread "Service Thread" daemon [_thread_blocked, id=20368, stack(0x000000f40df00000,0x000000f40e000000)]
  0x0000026070fe1000 JavaThread "C2 CompilerThread0" daemon [_thread_in_native, id=21300, stack(0x000000f40e000000,0x000000f40e100000)]
  0x0000026070fee000 JavaThread "C1 CompilerThread0" daemon [_thread_blocked, id=7816, stack(0x000000f40e100000,0x000000f40e200000)]
  0x0000026071034800 JavaThread "Sweeper thread" daemon [_thread_blocked, id=20652, stack(0x000000f40e200000,0x000000f40e300000)]
  0x0000026071195800 JavaThread "Common-Cleaner" daemon [_thread_blocked, id=22436, stack(0x000000f40e300000,0x000000f40e400000)]
  0x0000026072a9f800 JavaThread "Daemon health stats" [_thread_blocked, id=20724, stack(0x000000f40e900000,0x000000f40ea00000)]
  0x0000026073b1b800 JavaThread "Incoming local TCP Connector on port 63734" [_thread_in_native, id=22348, stack(0x000000f40e500000,0x000000f40e600000)]
  0x0000026071250800 JavaThread "Daemon periodic checks" [_thread_blocked, id=20596, stack(0x000000f40e600000,0x000000f40e700000)]
  0x00000260732f1000 JavaThread "Daemon" [_thread_blocked, id=21200, stack(0x000000f40ea00000,0x000000f40eb00000)]
  0x0000026071757000 JavaThread "Handler for socket connection from /127.0.0.1:63734 to /127.0.0.1:63735" [_thread_in_native, id=21288, stack(0x000000f40eb00000,0x000000f40ec00000)]
  0x00000260733d0800 JavaThread "Cancel handler" [_thread_blocked, id=20384, stack(0x000000f40ec00000,0x000000f40ed00000)]
  0x00000260736da800 JavaThread "Daemon worker" [_thread_blocked, id=15084, stack(0x000000f40ed00000,0x000000f40ee00000)]
  0x000002607272b800 JavaThread "Asynchronous log dispatcher for DefaultDaemonConnection: socket connection from /127.0.0.1:63734 to /127.0.0.1:63735" [_thread_blocked, id=9896, stack(0x000000f40ee00000,0x000000f40ef00000)]
  0x0000026073211800 JavaThread "Stdin handler" [_thread_blocked, id=20576, stack(0x000000f40ef00000,0x000000f40f000000)]
  0x0000026073a36800 JavaThread "Daemon client event forwarder" [_thread_blocked, id=1296, stack(0x000000f40f000000,0x000000f40f100000)]
=>0x0000026073b66800 JavaThread "C2 CompilerThread1" daemon [_thread_in_native, id=17664, stack(0x000000f40f100000,0x000000f40f200000)]
  0x0000026073a37000 JavaThread "Cache worker for journal cache (C:\Users\datico\.gradle\caches\journal-1)" [_thread_blocked, id=1052, stack(0x000000f40f900000,0x000000f40fa00000)]
  0x0000026073a38000 JavaThread "File lock request listener" [_thread_in_native, id=16724, stack(0x000000f40fa00000,0x000000f40fb00000)]
  0x0000026073a3a800 JavaThread "Cache worker for file hash cache (C:\Users\datico\.gradle\caches\7.3.3\fileHashes)" [_thread_blocked, id=9480, stack(0x000000f40fb00000,0x000000f40fc00000)]
  0x0000026073a39000 JavaThread "Cache worker for file hash cache (C:\Users\datico\AndroidStudioProjects\MoneyManager2\.gradle\7.3.3\fileHashes)" [_thread_blocked, id=19692, stack(0x000000f40fe00000,0x000000f40ff00000)]
  0x0000026073a39800 JavaThread "File watcher server" daemon [_thread_in_native, id=17984, stack(0x000000f40ff00000,0x000000f410000000)]
  0x0000026073a35800 JavaThread "File watcher consumer" daemon [_thread_blocked, id=16860, stack(0x000000f410000000,0x000000f410100000)]
  0x0000026073a3b800 JavaThread "Cache worker for checksums cache (C:\Users\datico\AndroidStudioProjects\MoneyManager2\.gradle\7.3.3\checksums)" [_thread_blocked, id=21560, stack(0x000000f410100000,0x000000f410200000)]
  0x0000026073a3c000 JavaThread "Cache worker for cache directory md-supplier (C:\Users\datico\.gradle\caches\7.3.3\md-supplier)" [_thread_blocked, id=16612, stack(0x000000f410200000,0x000000f410300000)]
  0x000002607635a000 JavaThread "Cache worker for cache directory md-rule (C:\Users\datico\.gradle\caches\7.3.3\md-rule)" [_thread_blocked, id=8760, stack(0x000000f410300000,0x000000f410400000)]
  0x000002607635b000 JavaThread "Cache worker for execution history cache (C:\Users\datico\.gradle\caches\7.3.3\executionHistory)" [_thread_blocked, id=9512, stack(0x000000f410400000,0x000000f410500000)]
  0x000002607635c800 JavaThread "jar transforms" [_thread_blocked, id=20688, stack(0x000000f410500000,0x000000f410600000)]
  0x000002607635d000 JavaThread "Cache worker for file content cache (C:\Users\datico\.gradle\caches\7.3.3\fileContent)" [_thread_blocked, id=10872, stack(0x000000f410600000,0x000000f410700000)]
  0x0000026076358800 JavaThread "jar transforms Thread 2" [_thread_blocked, id=15772, stack(0x000000f410700000,0x000000f410800000)]
  0x000002607635f000 JavaThread "Cache worker for dependencies-accessors (C:\Users\datico\AndroidStudioProjects\MoneyManager2\.gradle\7.3.3\dependencies-accessors)" [_thread_blocked, id=12772, stack(0x000000f410800000,0x000000f410900000)]
  0x0000026076359000 JavaThread "jar transforms Thread 3" [_thread_blocked, id=13812, stack(0x000000f410900000,0x000000f410a00000)]
  0x0000026076365800 JavaThread "Cache worker for Build Output Cleanup Cache (C:\Users\datico\AndroidStudioProjects\MoneyManager2\.gradle\buildOutputCleanup)" [_thread_blocked, id=21372, stack(0x000000f410a00000,0x000000f410b00000)]
  0x0000026076363800 JavaThread "Unconstrained build operations" [_thread_blocked, id=11000, stack(0x000000f410b00000,0x000000f410c00000)]
  0x0000026076362000 JavaThread "Unconstrained build operations Thread 2" [_thread_blocked, id=7324, stack(0x000000f410c00000,0x000000f410d00000)]
  0x0000026076364800 JavaThread "Unconstrained build operations Thread 3" [_thread_blocked, id=8472, stack(0x000000f410d00000,0x000000f410e00000)]
  0x0000026076363000 JavaThread "Unconstrained build operations Thread 4" [_thread_blocked, id=3616, stack(0x000000f410e00000,0x000000f410f00000)]
  0x000002607635f800 JavaThread "Unconstrained build operations Thread 5" [_thread_blocked, id=14224, stack(0x000000f410f00000,0x000000f411000000)]
  0x0000026076366000 JavaThread "Unconstrained build operations Thread 6" [_thread_blocked, id=22428, stack(0x000000f411000000,0x000000f411100000)]
  0x0000026076360800 JavaThread "Unconstrained build operations Thread 7" [_thread_blocked, id=21096, stack(0x000000f411100000,0x000000f411200000)]
  0x0000026076367000 JavaThread "Unconstrained build operations Thread 8" [_thread_blocked, id=22176, stack(0x000000f411200000,0x000000f411300000)]
  0x0000026076361800 JavaThread "Unconstrained build operations Thread 9" [_thread_blocked, id=21524, stack(0x000000f411300000,0x000000f411400000)]
  0x0000026076973000 JavaThread "Unconstrained build operations Thread 10" [_thread_blocked, id=21040, stack(0x000000f411400000,0x000000f411500000)]
  0x0000026076976800 JavaThread "Unconstrained build operations Thread 11" [_thread_blocked, id=16568, stack(0x000000f411500000,0x000000f411600000)]
  0x0000026076977000 JavaThread "Unconstrained build operations Thread 12" [_thread_blocked, id=22148, stack(0x000000f411600000,0x000000f411700000)]
  0x0000026076974800 JavaThread "Unconstrained build operations Thread 13" [_thread_blocked, id=19172, stack(0x000000f411700000,0x000000f411800000)]
  0x0000026076975800 JavaThread "Unconstrained build operations Thread 14" [_thread_blocked, id=18396, stack(0x000000f411800000,0x000000f411900000)]
  0x0000026076978000 JavaThread "Unconstrained build operations Thread 15" [_thread_blocked, id=18800, stack(0x000000f411900000,0x000000f411a00000)]
  0x0000026076972000 JavaThread "Unconstrained build operations Thread 16" [_thread_blocked, id=21056, stack(0x000000f411a00000,0x000000f411b00000)]
  0x0000026076979000 JavaThread "Unconstrained build operations Thread 17" [_thread_blocked, id=6288, stack(0x000000f411b00000,0x000000f411c00000)]
  0x0000026076974000 JavaThread "Unconstrained build operations Thread 18" [_thread_blocked, id=20972, stack(0x000000f411c00000,0x000000f411d00000)]
  0x000002607697f800 JavaThread "Unconstrained build operations Thread 19" [_thread_blocked, id=3096, stack(0x000000f411d00000,0x000000f411e00000)]
  0x000002607697b000 JavaThread "Unconstrained build operations Thread 20" [_thread_blocked, id=22032, stack(0x000000f411e00000,0x000000f411f00000)]
  0x0000026076979800 JavaThread "Unconstrained build operations Thread 21" [_thread_blocked, id=19140, stack(0x000000f411f00000,0x000000f412000000)]
  0x000002607697d800 JavaThread "Unconstrained build operations Thread 22" [_thread_blocked, id=10444, stack(0x000000f412000000,0x000000f412100000)]
  0x000002607697a800 JavaThread "Unconstrained build operations Thread 23" [_thread_blocked, id=13888, stack(0x000000f412100000,0x000000f412200000)]
  0x000002607697c000 JavaThread "Unconstrained build operations Thread 24" [_thread_blocked, id=10264, stack(0x000000f412200000,0x000000f412300000)]
  0x000002607697d000 JavaThread "Unconstrained build operations Thread 25" [_thread_blocked, id=17956, stack(0x000000f412300000,0x000000f412400000)]
  0x000002607697e800 JavaThread "Unconstrained build operations Thread 26" [_thread_blocked, id=7668, stack(0x000000f412400000,0x000000f412500000)]
  0x0000026076980000 JavaThread "Unconstrained build operations Thread 27" [_thread_blocked, id=21284, stack(0x000000f412500000,0x000000f412600000)]
  0x0000026076981000 JavaThread "Unconstrained build operations Thread 28" [_thread_blocked, id=13596, stack(0x000000f412600000,0x000000f412700000)]
  0x0000026076f17800 JavaThread "Unconstrained build operations Thread 29" [_thread_blocked, id=20776, stack(0x000000f412700000,0x000000f412800000)]
  0x0000026076f19800 JavaThread "Unconstrained build operations Thread 30" [_thread_blocked, id=2128, stack(0x000000f412800000,0x000000f412900000)]
  0x0000026076f18800 JavaThread "Unconstrained build operations Thread 31" [_thread_blocked, id=18000, stack(0x000000f412900000,0x000000f412a00000)]
  0x0000026076f15000 JavaThread "Unconstrained build operations Thread 32" [_thread_blocked, id=10432, stack(0x000000f412a00000,0x000000f412b00000)]
  0x0000026076f16000 JavaThread "Unconstrained build operations Thread 33" [_thread_blocked, id=20052, stack(0x000000f412b00000,0x000000f412c00000)]
  0x0000026076f1a000 JavaThread "Unconstrained build operations Thread 34" [_thread_blocked, id=2088, stack(0x000000f412c00000,0x000000f412d00000)]
  0x0000026076f14800 JavaThread "Unconstrained build operations Thread 35" [_thread_blocked, id=20952, stack(0x000000f412d00000,0x000000f412e00000)]
  0x0000026076f1b000 JavaThread "Unconstrained build operations Thread 36" [_thread_blocked, id=20392, stack(0x000000f412e00000,0x000000f412f00000)]
  0x0000026076f1b800 JavaThread "Unconstrained build operations Thread 37" [_thread_blocked, id=4660, stack(0x000000f412f00000,0x000000f413000000)]
  0x0000026076f1c800 JavaThread "Unconstrained build operations Thread 38" [_thread_blocked, id=8524, stack(0x000000f413000000,0x000000f413100000)]
  0x0000026076f17000 JavaThread "Unconstrained build operations Thread 39" [_thread_blocked, id=20252, stack(0x000000f413100000,0x000000f413200000)]
  0x0000026076f22000 JavaThread "Unconstrained build operations Thread 40" [_thread_blocked, id=22000, stack(0x000000f413200000,0x000000f413300000)]
  0x0000026076f1f000 JavaThread "Unconstrained build operations Thread 41" [_thread_blocked, id=19940, stack(0x000000f413300000,0x000000f413400000)]
  0x0000026076f1d800 JavaThread "Unconstrained build operations Thread 42" [_thread_blocked, id=5556, stack(0x000000f413400000,0x000000f413500000)]
  0x0000026076f21800 JavaThread "Unconstrained build operations Thread 43" [_thread_blocked, id=21796, stack(0x000000f413500000,0x000000f413600000)]
  0x0000026076f20800 JavaThread "Unconstrained build operations Thread 44" [_thread_blocked, id=20432, stack(0x000000f413600000,0x000000f413700000)]
  0x0000026076f23000 JavaThread "Unconstrained build operations Thread 45" [_thread_blocked, id=21776, stack(0x000000f413700000,0x000000f413800000)]
  0x0000026076f1e000 JavaThread "Unconstrained build operations Thread 46" [_thread_blocked, id=6800, stack(0x000000f413800000,0x000000f413900000)]
  0x0000026076f20000 JavaThread "Unconstrained build operations Thread 47" [_thread_blocked, id=22188, stack(0x000000f413900000,0x000000f413a00000)]
  0x00000260768fd800 JavaThread "Unconstrained build operations Thread 48" [_thread_blocked, id=19132, stack(0x000000f413a00000,0x000000f413b00000)]
  0x00000260768fb800 JavaThread "Unconstrained build operations Thread 49" [_thread_blocked, id=16336, stack(0x000000f413b00000,0x000000f413c00000)]
  0x00000260768fe000 JavaThread "Unconstrained build operations Thread 50" [_thread_blocked, id=20924, stack(0x000000f413c00000,0x000000f413d00000)]
  0x00000260768f9800 JavaThread "Unconstrained build operations Thread 51" [_thread_blocked, id=17628, stack(0x000000f413d00000,0x000000f413e00000)]
  0x00000260768fa000 JavaThread "Unconstrained build operations Thread 52" [_thread_blocked, id=16156, stack(0x000000f413e00000,0x000000f413f00000)]
  0x00000260768ff000 JavaThread "Unconstrained build operations Thread 53" [_thread_blocked, id=12960, stack(0x000000f413f00000,0x000000f414000000)]
  0x0000026076900000 JavaThread "Unconstrained build operations Thread 54" [_thread_blocked, id=18588, stack(0x000000f414000000,0x000000f414100000)]
  0x00000260768fb000 JavaThread "Unconstrained build operations Thread 55" [_thread_blocked, id=6260, stack(0x000000f414100000,0x000000f414200000)]
  0x0000026076902800 JavaThread "Unconstrained build operations Thread 56" [_thread_blocked, id=22432, stack(0x000000f414200000,0x000000f414300000)]
  0x00000260768fc800 JavaThread "Unconstrained build operations Thread 57" [_thread_blocked, id=8840, stack(0x000000f414300000,0x000000f414400000)]
  0x0000026076906800 JavaThread "Unconstrained build operations Thread 58" [_thread_blocked, id=14352, stack(0x000000f414400000,0x000000f414500000)]
  0x0000026076904000 JavaThread "Unconstrained build operations Thread 59" [_thread_blocked, id=14748, stack(0x000000f414500000,0x000000f414600000)]
  0x0000026076903000 JavaThread "Unconstrained build operations Thread 60" [_thread_blocked, id=6616, stack(0x000000f414600000,0x000000f414700000)]
  0x0000026076904800 JavaThread "Unconstrained build operations Thread 61" [_thread_blocked, id=7660, stack(0x000000f414700000,0x000000f414800000)]
  0x0000026076901800 JavaThread "Unconstrained build operations Thread 62" [_thread_blocked, id=5788, stack(0x000000f414800000,0x000000f414900000)]
  0x0000026076900800 JavaThread "Unconstrained build operations Thread 63" [_thread_blocked, id=332, stack(0x000000f414900000,0x000000f414a00000)]
  0x0000026076908000 JavaThread "Unconstrained build operations Thread 64" [_thread_blocked, id=1336, stack(0x000000f414a00000,0x000000f414b00000)]
  0x0000026076905800 JavaThread "Unconstrained build operations Thread 65" [_thread_blocked, id=22396, stack(0x000000f414b00000,0x000000f414c00000)]
  0x0000026076907000 JavaThread "Unconstrained build operations Thread 66" [_thread_blocked, id=19064, stack(0x000000f414c00000,0x000000f414d00000)]
  0x00000260786d9000 JavaThread "Unconstrained build operations Thread 67" [_thread_blocked, id=19004, stack(0x000000f414d00000,0x000000f414e00000)]
  0x00000260786da000 JavaThread "Unconstrained build operations Thread 68" [_thread_blocked, id=16248, stack(0x000000f414e00000,0x000000f414f00000)]
  0x00000260786d8800 JavaThread "Unconstrained build operations Thread 69" [_thread_blocked, id=17796, stack(0x000000f414f00000,0x000000f415000000)]
  0x00000260786db000 JavaThread "Unconstrained build operations Thread 70" [_thread_blocked, id=15248, stack(0x000000f415000000,0x000000f415100000)]
  0x00000260786db800 JavaThread "Unconstrained build operations Thread 71" [_thread_blocked, id=6296, stack(0x000000f415100000,0x000000f415200000)]
  0x00000260786d7800 JavaThread "Unconstrained build operations Thread 72" [_thread_blocked, id=19416, stack(0x000000f415200000,0x000000f415300000)]
  0x00000260786e2000 JavaThread "Unconstrained build operations Thread 73" [_thread_blocked, id=15960, stack(0x000000f415300000,0x000000f415400000)]
  0x00000260786e0000 JavaThread "Unconstrained build operations Thread 74" [_thread_blocked, id=21292, stack(0x000000f415400000,0x000000f415500000)]
  0x00000260786e0800 JavaThread "Unconstrained build operations Thread 75" [_thread_blocked, id=15332, stack(0x000000f415500000,0x000000f415600000)]
  0x00000260786e1800 JavaThread "Unconstrained build operations Thread 76" [_thread_blocked, id=22192, stack(0x000000f415600000,0x000000f415700000)]
  0x00000260786dc800 JavaThread "Unconstrained build operations Thread 77" [_thread_blocked, id=12196, stack(0x000000f415700000,0x000000f415800000)]
  0x00000260786dd800 JavaThread "Unconstrained build operations Thread 78" [_thread_blocked, id=9804, stack(0x000000f415800000,0x000000f415900000)]
  0x00000260786e4000 JavaThread "Unconstrained build operations Thread 79" [_thread_blocked, id=19500, stack(0x000000f415900000,0x000000f415a00000)]
  0x00000260786e3000 JavaThread "Unconstrained build operations Thread 80" [_thread_blocked, id=20560, stack(0x000000f415a00000,0x000000f415b00000)]
  0x00000260786df000 JavaThread "Unconstrained build operations Thread 81" [_thread_blocked, id=22028, stack(0x000000f415b00000,0x000000f415c00000)]
  0x00000260786de000 JavaThread "Unconstrained build operations Thread 82" [_thread_blocked, id=18288, stack(0x000000f415c00000,0x000000f415d00000)]
  0x00000260786e4800 JavaThread "Unconstrained build operations Thread 83" [_thread_blocked, id=22508, stack(0x000000f415d00000,0x000000f415e00000)]
  0x00000260786e5800 JavaThread "Unconstrained build operations Thread 84" [_thread_blocked, id=7800, stack(0x000000f415e00000,0x000000f415f00000)]
  0x00000260786e6800 JavaThread "Unconstrained build operations Thread 85" [_thread_blocked, id=3200, stack(0x000000f415f00000,0x000000f416000000)]
  0x00000260788bc800 JavaThread "Unconstrained build operations Thread 86" [_thread_blocked, id=8628, stack(0x000000f416000000,0x000000f416100000)]
  0x00000260788bf800 JavaThread "Unconstrained build operations Thread 87" [_thread_blocked, id=14548, stack(0x000000f416100000,0x000000f416200000)]
  0x00000260788bb800 JavaThread "Unconstrained build operations Thread 88" [_thread_blocked, id=20352, stack(0x000000f416200000,0x000000f416300000)]
  0x00000260788ba000 JavaThread "Unconstrained build operations Thread 89" [_thread_blocked, id=9040, stack(0x000000f416300000,0x000000f416400000)]
  0x00000260788bd000 JavaThread "Unconstrained build operations Thread 90" [_thread_blocked, id=3104, stack(0x000000f416400000,0x000000f416500000)]
  0x00000260788be000 JavaThread "Unconstrained build operations Thread 91" [_thread_blocked, id=1280, stack(0x000000f416500000,0x000000f416600000)]
  0x00000260788bf000 JavaThread "Unconstrained build operations Thread 92" [_thread_blocked, id=5080, stack(0x000000f416600000,0x000000f416700000)]
  0x00000260788c0800 JavaThread "Unconstrained build operations Thread 93" [_thread_blocked, id=20276, stack(0x000000f416700000,0x000000f416800000)]
  0x00000260788bb000 JavaThread "Unconstrained build operations Thread 94" [_thread_blocked, id=21984, stack(0x000000f416800000,0x000000f416900000)]
  0x00000260788c1800 JavaThread "Unconstrained build operations Thread 95" [_thread_blocked, id=9972, stack(0x000000f416900000,0x000000f416a00000)]
  0x00000260788c4800 JavaThread "Unconstrained build operations Thread 96" [_thread_blocked, id=6316, stack(0x000000f416a00000,0x000000f416b00000)]
  0x00000260788c8000 JavaThread "Unconstrained build operations Thread 97" [_thread_blocked, id=15940, stack(0x000000f416b00000,0x000000f416c00000)]
  0x00000260788c4000 JavaThread "Unconstrained build operations Thread 98" [_thread_blocked, id=12412, stack(0x000000f416c00000,0x000000f416d00000)]
  0x00000260788c7000 JavaThread "Unconstrained build operations Thread 99" [_thread_blocked, id=21152, stack(0x000000f416d00000,0x000000f416e00000)]
  0x00000260788c3000 JavaThread "Unconstrained build operations Thread 100" [_thread_blocked, id=7076, stack(0x000000f416e00000,0x000000f416f00000)]
  0x00000260788c5800 JavaThread "Unconstrained build operations Thread 101" [_thread_blocked, id=4572, stack(0x000000f416f00000,0x000000f417000000)]
  0x00000260788c2000 JavaThread "Unconstrained build operations Thread 102" [_thread_blocked, id=19704, stack(0x000000f417000000,0x000000f417100000)]
  0x00000260788c6000 JavaThread "Unconstrained build operations Thread 103" [_thread_blocked, id=1576, stack(0x000000f417100000,0x000000f417200000)]
  0x00000260788c8800 JavaThread "Unconstrained build operations Thread 104" [_thread_blocked, id=20516, stack(0x000000f417200000,0x000000f417300000)]
  0x00000260788db000 JavaThread "Unconstrained build operations Thread 105" [_thread_blocked, id=21240, stack(0x000000f417300000,0x000000f417400000)]
  0x00000260788dd000 JavaThread "Unconstrained build operations Thread 106" [_thread_blocked, id=21132, stack(0x000000f417400000,0x000000f417500000)]
  0x00000260788df800 JavaThread "Unconstrained build operations Thread 107" [_thread_blocked, id=11600, stack(0x000000f417500000,0x000000f417600000)]
  0x00000260788db800 JavaThread "Unconstrained build operations Thread 108" [_thread_blocked, id=12488, stack(0x000000f417600000,0x000000f417700000)]
  0x00000260788dc800 JavaThread "Unconstrained build operations Thread 109" [_thread_blocked, id=17392, stack(0x000000f417700000,0x000000f417800000)]
  0x00000260788df000 JavaThread "Unconstrained build operations Thread 110" [_thread_blocked, id=21412, stack(0x000000f417800000,0x000000f417900000)]
  0x00000260788da000 JavaThread "Unconstrained build operations Thread 111" [_thread_blocked, id=18232, stack(0x000000f417900000,0x000000f417a00000)]
  0x00000260788e2000 JavaThread "Unconstrained build operations Thread 112" [_thread_blocked, id=18016, stack(0x000000f417a00000,0x000000f417b00000)]
  0x00000260788e0800 JavaThread "Unconstrained build operations Thread 113" [_thread_blocked, id=17044, stack(0x000000f417b00000,0x000000f417c00000)]
  0x00000260788e4000 JavaThread "Unconstrained build operations Thread 114" [_thread_blocked, id=3904, stack(0x000000f417c00000,0x000000f417d00000)]
  0x00000260788e1800 JavaThread "Unconstrained build operations Thread 115" [_thread_blocked, id=15872, stack(0x000000f417d00000,0x000000f417e00000)]
  0x00000260788de000 JavaThread "Unconstrained build operations Thread 116" [_thread_blocked, id=8996, stack(0x000000f417e00000,0x000000f417f00000)]
  0x00000260788e4800 JavaThread "Unconstrained build operations Thread 117" [_thread_blocked, id=19684, stack(0x000000f417f00000,0x000000f418000000)]
  0x00000260788e7000 JavaThread "Unconstrained build operations Thread 118" [_thread_blocked, id=11440, stack(0x000000f418000000,0x000000f418100000)]
  0x00000260788e5800 JavaThread "Unconstrained build operations Thread 119" [_thread_blocked, id=19480, stack(0x000000f418100000,0x000000f418200000)]
  0x00000260788e8000 JavaThread "Unconstrained build operations Thread 120" [_thread_blocked, id=20696, stack(0x000000f418200000,0x000000f418300000)]
  0x00000260788e6000 JavaThread "jar transforms Thread 4" [_thread_blocked, id=22068, stack(0x000000f418300000,0x000000f418400000)]
  0x00000260788e8800 JavaThread "jar transforms Thread 5" [_thread_blocked, id=21736, stack(0x000000f418400000,0x000000f418500000)]
  0x00000260788e3000 JavaThread "jar transforms Thread 6" [_thread_blocked, id=7392, stack(0x000000f418500000,0x000000f418600000)]
  0x0000026076c11800 JavaThread "jar transforms Thread 7" [_thread_blocked, id=20660, stack(0x000000f418600000,0x000000f418700000)]
  0x0000026076c12800 JavaThread "jar transforms Thread 8" [_thread_blocked, id=20404, stack(0x000000f418700000,0x000000f418800000)]
  0x0000026076c0f000 JavaThread "jar transforms Thread 9" [_thread_blocked, id=21684, stack(0x000000f418800000,0x000000f418900000)]
  0x0000026076c13800 JavaThread "jar transforms Thread 10" [_thread_blocked, id=8836, stack(0x000000f418900000,0x000000f418a00000)]
  0x0000026076c14000 JavaThread "jar transforms Thread 11" [_thread_blocked, id=17608, stack(0x000000f418a00000,0x000000f418b00000)]
  0x0000026076c16000 JavaThread "jar transforms Thread 12" [_thread_blocked, id=21612, stack(0x000000f418b00000,0x000000f418c00000)]
  0x0000026076c16800 JavaThread "Memory manager" [_thread_blocked, id=9692, stack(0x000000f418d00000,0x000000f418e00000)]
  0x0000026076c18000 JavaThread "build event listener" [_thread_blocked, id=2924, stack(0x000000f418e00000,0x000000f418f00000)]
  0x0000026076c1a000 JavaThread "Execution worker for ':'" [_thread_blocked, id=11012, stack(0x000000f418f00000,0x000000f419000000)]
  0x0000026076c1a800 JavaThread "Execution worker for ':' Thread 2" [_thread_blocked, id=8712, stack(0x000000f419000000,0x000000f419100000)]
  0x0000026076c15000 JavaThread "Execution worker for ':' Thread 3" [_thread_blocked, id=14368, stack(0x000000f419100000,0x000000f419200000)]
  0x0000026076c1b800 JavaThread "Execution worker for ':' Thread 4" [_thread_blocked, id=19016, stack(0x000000f419200000,0x000000f419300000)]
  0x0000026076c1c800 JavaThread "Execution worker for ':' Thread 5" [_thread_blocked, id=10932, stack(0x000000f419300000,0x000000f419400000)]
  0x0000026076c1d000 JavaThread "Execution worker for ':' Thread 6" [_thread_blocked, id=12540, stack(0x000000f419400000,0x000000f419500000)]
  0x0000026076c19000 JavaThread "Execution worker for ':' Thread 7" [_thread_blocked, id=15012, stack(0x000000f419500000,0x000000f419600000)]
  0x0000026076c17800 JavaThread "Execution worker for ':' Thread 8" [_thread_blocked, id=17868, stack(0x000000f419600000,0x000000f419700000)]
  0x0000026076c1e000 JavaThread "Execution worker for ':' Thread 9" [_thread_blocked, id=18584, stack(0x000000f419700000,0x000000f419800000)]
  0x000002607703d800 JavaThread "Execution worker for ':' Thread 10" [_thread_blocked, id=9452, stack(0x000000f419800000,0x000000f419900000)]
  0x0000026077039800 JavaThread "Execution worker for ':' Thread 11" [_thread_blocked, id=22048, stack(0x000000f419900000,0x000000f419a00000)]
  0x000002607703a000 JavaThread "Cache worker for execution history cache (C:\Users\datico\AndroidStudioProjects\MoneyManager2\.gradle\7.3.3\executionHistory)" [_thread_blocked, id=2408, stack(0x000000f419a00000,0x000000f419b00000)]
  0x000002607703b000 JavaThread "WorkerExecutor Queue" [_thread_blocked, id=6536, stack(0x000000f419b00000,0x000000f419c00000)]
  0x0000026077037800 JavaThread "WorkerExecutor Queue Thread 2" [_thread_blocked, id=16504, stack(0x000000f419c00000,0x000000f419d00000)]
  0x000002607703c000 JavaThread "WorkerExecutor Queue Thread 3" [_thread_blocked, id=12404, stack(0x000000f419d00000,0x000000f419e00000)]
  0x000002607703c800 JavaThread "WorkerExecutor Queue Thread 4" [_thread_in_vm, id=19152, stack(0x000000f419e00000,0x000000f419f00000)]
  0x000002607703e000 JavaThread "WorkerExecutor Queue Thread 5" [_thread_blocked, id=10460, stack(0x000000f419f00000,0x000000f41a000000)]
  0x0000026077038800 JavaThread "WorkerExecutor Queue Thread 6" [_thread_blocked, id=18284, stack(0x000000f41a000000,0x000000f41a100000)]
  0x0000026077040000 JavaThread "WorkerExecutor Queue Thread 7" [_thread_blocked, id=18320, stack(0x000000f41a100000,0x000000f41a200000)]
  0x0000026077044000 JavaThread "WorkerExecutor Queue Thread 8" [_thread_blocked, id=8784, stack(0x000000f41a200000,0x000000f41a300000)]
  0x0000026077041800 JavaThread "WorkerExecutor Queue Thread 9" [_thread_blocked, id=14684, stack(0x000000f41a300000,0x000000f41a400000)]
  0x0000026077044800 JavaThread "WorkerExecutor Queue Thread 10" [_thread_blocked, id=17792, stack(0x000000f41a400000,0x000000f41a500000)]
  0x0000026077043000 JavaThread "WorkerExecutor Queue Thread 11" [_thread_blocked, id=17904, stack(0x000000f41a500000,0x000000f41a600000)]
  0x0000026077040800 JavaThread "WorkerExecutor Queue Thread 12" [_thread_blocked, id=10528, stack(0x000000f41a600000,0x000000f41a700000)]
  0x0000026077042800 JavaThread "pool-3-thread-1" [_thread_blocked, id=17900, stack(0x000000f41a700000,0x000000f41a800000)]
  0x000002607703f000 JavaThread "stderr" [_thread_in_native, id=4972, stack(0x000000f41a800000,0x000000f41a900000)]
  0x000002607704b800 JavaThread "stdout" [_thread_in_native, id=3184, stack(0x000000f41a900000,0x000000f41aa00000)]
  0x0000026077047000 JavaThread "ForkJoinPool-1-worker-19" daemon [_thread_blocked, id=6660, stack(0x000000f41aa00000,0x000000f41ab00000)]
  0x0000026077045800 JavaThread "ForkJoinPool-1-worker-5" daemon [_thread_blocked, id=5352, stack(0x000000f41ab00000,0x000000f41ac00000)]
  0x0000026077049000 JavaThread "ForkJoinPool-1-worker-9" daemon [_thread_blocked, id=15280, stack(0x000000f41ac00000,0x000000f41ad00000)]
  0x000002607704c000 JavaThread "ForkJoinPool-1-worker-23" daemon [_thread_blocked, id=7548, stack(0x000000f41ad00000,0x000000f41ae00000)]
  0x0000026077049800 JavaThread "ForkJoinPool-1-worker-27" daemon [_thread_blocked, id=11716, stack(0x000000f41ae00000,0x000000f41af00000)]
  0x0000026077048000 JavaThread "ForkJoinPool-1-worker-13" daemon [_thread_blocked, id=20956, stack(0x000000f41af00000,0x000000f41b000000)]
  0x0000026077046800 JavaThread "ForkJoinPool-1-worker-31" daemon [_thread_blocked, id=21924, stack(0x000000f41b000000,0x000000f41b100000)]
  0x000002607704d000 JavaThread "ForkJoinPool-1-worker-17" daemon [_thread_blocked, id=21640, stack(0x000000f41b100000,0x000000f41b200000)]
  0x000002607704d800 JavaThread "ForkJoinPool-1-worker-3" daemon [_thread_blocked, id=21356, stack(0x000000f41b200000,0x000000f41b300000)]
  0x000002607704e800 JavaThread "ForkJoinPool-1-worker-21" daemon [_thread_blocked, id=12696, stack(0x000000f41b300000,0x000000f41b400000)]
  0x0000026077050000 JavaThread "ForkJoinPool-1-worker-7" daemon [_thread_blocked, id=17604, stack(0x000000f41b400000,0x000000f41b500000)]
  0x000002607704a800 JavaThread "ForkJoinPool-1-worker-25" daemon [_thread_blocked, id=22492, stack(0x000000f41b500000,0x000000f41b600000)]

Other Threads:
  0x0000026070676000 VMThread "VM Thread" [stack: 0x000000f40da00000,0x000000f40db00000] [id=16840]
  0x00000260711c9000 WatcherThread [stack: 0x000000f40e400000,0x000000f40e500000] [id=22520]
  0x0000026055dc5800 GCTaskThread "GC Thread#0" [stack: 0x000000f40d500000,0x000000f40d600000] [id=17364]
  0x00000260724ab800 GCTaskThread "GC Thread#1" [stack: 0x000000f40e700000,0x000000f40e800000] [id=15888]
  0x0000026071600800 GCTaskThread "GC Thread#2" [stack: 0x000000f40e800000,0x000000f40e900000] [id=13988]
  0x0000026072526000 GCTaskThread "GC Thread#3" [stack: 0x000000f40f200000,0x000000f40f300000] [id=21660]
  0x0000026071825000 GCTaskThread "GC Thread#4" [stack: 0x000000f40f300000,0x000000f40f400000] [id=9284]
  0x00000260719d6800 GCTaskThread "GC Thread#5" [stack: 0x000000f40f400000,0x000000f40f500000] [id=11276]
  0x000002607328d800 GCTaskThread "GC Thread#6" [stack: 0x000000f40f500000,0x000000f40f600000] [id=7776]
  0x0000026073a4d000 GCTaskThread "GC Thread#7" [stack: 0x000000f40f600000,0x000000f40f700000] [id=22008]
  0x0000026073a4d800 GCTaskThread "GC Thread#8" [stack: 0x000000f40f700000,0x000000f40f800000] [id=12228]
  0x0000026073ac0800 GCTaskThread "GC Thread#9" [stack: 0x000000f40f800000,0x000000f40f900000] [id=1320]
  0x0000026055df7000 ConcurrentGCThread "G1 Main Marker" [stack: 0x000000f40d600000,0x000000f40d700000] [id=21428]
  0x0000026055df8000 ConcurrentGCThread "G1 Conc#0" [stack: 0x000000f40d700000,0x000000f40d800000] [id=20804]
  0x0000026073961000 ConcurrentGCThread "G1 Conc#1" [stack: 0x000000f40fc00000,0x000000f40fd00000] [id=7036]
  0x0000026071e49800 ConcurrentGCThread "G1 Conc#2" [stack: 0x000000f40fd00000,0x000000f40fe00000] [id=20692]
  0x0000026055e8e000 ConcurrentGCThread "G1 Refine#0" [stack: 0x000000f40d800000,0x000000f40d900000] [id=5524]
  0x0000026076a7e800 ConcurrentGCThread "G1 Refine#1" [stack: 0x000000f418c00000,0x000000f418d00000] [id=20632]
  0x00000260704c6800 ConcurrentGCThread "G1 Young RemSet Sampling" [stack: 0x000000f40d900000,0x000000f40da00000] [id=12284]

Threads with active compile tasks:
C2 CompilerThread0   8908 10598 %     4       com.android.tools.r8.dex.j::a @ 313 (1042 bytes)
C2 CompilerThread1   8908 10564       4       com.android.tools.r8.code.y1::a (4129 bytes)

VM state:not at safepoint (normal execution)

VM Mutex/Monitor currently owned by a thread: None

Heap address: 0x0000000080000000, size: 2048 MB, Compressed Oops mode: 32-bit
Narrow klass base: 0x0000000000000000, Narrow klass shift: 3
Compressed class space size: 1073741824 Address: 0x0000000100000000

Heap:
 garbage-first heap   total 189440K, used 128000K [0x0000000080000000, 0x0000000100000000)
  region size 1024K, 11 young (11264K), 7 survivors (7168K)
 Metaspace       used 95487K, capacity 98060K, committed 98424K, reserved 1134592K
  class space    used 12676K, capacity 13661K, committed 13772K, reserved 1048576K
Heap Regions: E=young(eden), S=young(survivor), O=old, HS=humongous(starts), HC=humongous(continues), CS=collection set, F=free, A=archive, TAMS=top-at-mark-start (previous, next)
|   0|0x0000000080000000, 0x0000000080100000, 0x0000000080100000|100%| O|  |TAMS 0x0000000080100000, 0x0000000080100000| Untracked 
|   1|0x0000000080100000, 0x0000000080200000, 0x0000000080200000|100%| O|  |TAMS 0x0000000080200000, 0x0000000080200000| Untracked 
|   2|0x0000000080200000, 0x0000000080300000, 0x0000000080300000|100%| O|  |TAMS 0x0000000080300000, 0x0000000080300000| Untracked 
|   3|0x0000000080300000, 0x0000000080400000, 0x0000000080400000|100%|HS|  |TAMS 0x0000000080400000, 0x0000000080400000| Complete 
|   4|0x0000000080400000, 0x0000000080500000, 0x0000000080500000|100%|HC|  |TAMS 0x0000000080500000, 0x0000000080500000| Complete 
|   5|0x0000000080500000, 0x0000000080600000, 0x0000000080600000|100%|HC|  |TAMS 0x0000000080600000, 0x0000000080600000| Complete 
|   6|0x0000000080600000, 0x0000000080700000, 0x0000000080700000|100%| O|  |TAMS 0x0000000080700000, 0x0000000080700000| Untracked 
|   7|0x0000000080700000, 0x0000000080800000, 0x0000000080800000|100%| O|  |TAMS 0x0000000080800000, 0x0000000080800000| Untracked 
|   8|0x0000000080800000, 0x0000000080900000, 0x0000000080900000|100%| O|  |TAMS 0x0000000080900000, 0x0000000080900000| Untracked 
|   9|0x0000000080900000, 0x0000000080a00000, 0x0000000080a00000|100%| O|  |TAMS 0x0000000080a00000, 0x0000000080a00000| Untracked 
|  10|0x0000000080a00000, 0x0000000080b00000, 0x0000000080b00000|100%| O|  |TAMS 0x0000000080b00000, 0x0000000080b00000| Untracked 
|  11|0x0000000080b00000, 0x0000000080c00000, 0x0000000080c00000|100%| O|  |TAMS 0x0000000080c00000, 0x0000000080c00000| Untracked 
|  12|0x0000000080c00000, 0x0000000080d00000, 0x0000000080d00000|100%| O|  |TAMS 0x0000000080d00000, 0x0000000080d00000| Untracked 
|  13|0x0000000080d00000, 0x0000000080e00000, 0x0000000080e00000|100%| O|  |TAMS 0x0000000080e00000, 0x0000000080e00000| Untracked 
|  14|0x0000000080e00000, 0x0000000080f00000, 0x0000000080f00000|100%| O|  |TAMS 0x0000000080f00000, 0x0000000080f00000| Untracked 
|  15|0x0000000080f00000, 0x0000000081000000, 0x0000000081000000|100%| O|  |TAMS 0x0000000081000000, 0x0000000081000000| Untracked 
|  16|0x0000000081000000, 0x0000000081100000, 0x0000000081100000|100%| O|  |TAMS 0x0000000081100000, 0x0000000081100000| Untracked 
|  17|0x0000000081100000, 0x0000000081200000, 0x0000000081200000|100%| O|  |TAMS 0x0000000081200000, 0x0000000081200000| Untracked 
|  18|0x0000000081200000, 0x0000000081300000, 0x0000000081300000|100%| O|  |TAMS 0x0000000081300000, 0x0000000081300000| Untracked 
|  19|0x0000000081300000, 0x0000000081400000, 0x0000000081400000|100%| O|  |TAMS 0x0000000081400000, 0x0000000081400000| Untracked 
|  20|0x0000000081400000, 0x0000000081500000, 0x0000000081500000|100%| O|  |TAMS 0x0000000081500000, 0x0000000081500000| Untracked 
|  21|0x0000000081500000, 0x0000000081600000, 0x0000000081600000|100%| O|  |TAMS 0x0000000081600000, 0x0000000081600000| Untracked 
|  22|0x0000000081600000, 0x0000000081700000, 0x0000000081700000|100%| O|  |TAMS 0x0000000081700000, 0x0000000081700000| Untracked 
|  23|0x0000000081700000, 0x0000000081800000, 0x0000000081800000|100%| O|  |TAMS 0x0000000081800000, 0x0000000081800000| Untracked 
|  24|0x0000000081800000, 0x0000000081900000, 0x0000000081900000|100%| O|  |TAMS 0x0000000081900000, 0x0000000081900000| Untracked 
|  25|0x0000000081900000, 0x0000000081a00000, 0x0000000081a00000|100%| O|  |TAMS 0x0000000081a00000, 0x0000000081a00000| Untracked 
|  26|0x0000000081a00000, 0x0000000081b00000, 0x0000000081b00000|100%| O|  |TAMS 0x0000000081b00000, 0x0000000081b00000| Untracked 
|  27|0x0000000081b00000, 0x0000000081c00000, 0x0000000081c00000|100%|HS|  |TAMS 0x0000000081c00000, 0x0000000081c00000| Complete 
|  28|0x0000000081c00000, 0x0000000081d00000, 0x0000000081d00000|100%|HS|  |TAMS 0x0000000081d00000, 0x0000000081d00000| Complete 
|  29|0x0000000081d00000, 0x0000000081e00000, 0x0000000081e00000|100%|HS|  |TAMS 0x0000000081e00000, 0x0000000081e00000| Complete 
|  30|0x0000000081e00000, 0x0000000081f00000, 0x0000000081f00000|100%|HC|  |TAMS 0x0000000081f00000, 0x0000000081f00000| Complete 
|  31|0x0000000081f00000, 0x0000000082000000, 0x0000000082000000|100%| O|  |TAMS 0x0000000082000000, 0x0000000082000000| Untracked 
|  32|0x0000000082000000, 0x0000000082100000, 0x0000000082100000|100%| O|  |TAMS 0x0000000082100000, 0x0000000082100000| Untracked 
|  33|0x0000000082100000, 0x0000000082200000, 0x0000000082200000|100%| O|  |TAMS 0x0000000082200000, 0x0000000082200000| Untracked 
|  34|0x0000000082200000, 0x0000000082300000, 0x0000000082300000|100%| O|  |TAMS 0x0000000082300000, 0x0000000082300000| Untracked 
|  35|0x0000000082300000, 0x0000000082400000, 0x0000000082400000|100%| O|  |TAMS 0x0000000082400000, 0x0000000082400000| Untracked 
|  36|0x0000000082400000, 0x0000000082500000, 0x0000000082500000|100%| O|  |TAMS 0x0000000082500000, 0x0000000082500000| Untracked 
|  37|0x0000000082500000, 0x0000000082600000, 0x0000000082600000|100%| O|  |TAMS 0x0000000082600000, 0x0000000082600000| Untracked 
|  38|0x0000000082600000, 0x0000000082700000, 0x0000000082700000|100%| O|  |TAMS 0x0000000082700000, 0x0000000082700000| Untracked 
|  39|0x0000000082700000, 0x0000000082800000, 0x0000000082800000|100%| O|  |TAMS 0x0000000082800000, 0x0000000082800000| Untracked 
|  40|0x0000000082800000, 0x0000000082900000, 0x0000000082900000|100%| O|  |TAMS 0x0000000082900000, 0x0000000082900000| Untracked 
|  41|0x0000000082900000, 0x0000000082a00000, 0x0000000082a00000|100%| O|  |TAMS 0x0000000082a00000, 0x0000000082a00000| Untracked 
|  42|0x0000000082a00000, 0x0000000082b00000, 0x0000000082b00000|100%| O|  |TAMS 0x0000000082b00000, 0x0000000082b00000| Untracked 
|  43|0x0000000082b00000, 0x0000000082c00000, 0x0000000082c00000|100%| O|  |TAMS 0x0000000082bb4a00, 0x0000000082c00000| Untracked 
|  44|0x0000000082c00000, 0x0000000082d00000, 0x0000000082d00000|100%| O|  |TAMS 0x0000000082c00000, 0x0000000082d00000| Untracked 
|  45|0x0000000082d00000, 0x0000000082e00000, 0x0000000082e00000|100%| O|  |TAMS 0x0000000082d00000, 0x0000000082e00000| Untracked 
|  46|0x0000000082e00000, 0x0000000082f00000, 0x0000000082f00000|100%| O|  |TAMS 0x0000000082e00000, 0x0000000082f00000| Untracked 
|  47|0x0000000082f00000, 0x0000000083000000, 0x0000000083000000|100%| O|  |TAMS 0x0000000082f00000, 0x0000000083000000| Untracked 
|  48|0x0000000083000000, 0x0000000083100000, 0x0000000083100000|100%| O|  |TAMS 0x0000000083000000, 0x0000000083100000| Untracked 
|  49|0x0000000083100000, 0x0000000083200000, 0x0000000083200000|100%| O|  |TAMS 0x0000000083100000, 0x0000000083200000| Untracked 
|  50|0x0000000083200000, 0x0000000083300000, 0x0000000083300000|100%| O|  |TAMS 0x0000000083200000, 0x0000000083300000| Untracked 
|  51|0x0000000083300000, 0x0000000083400000, 0x0000000083400000|100%| O|  |TAMS 0x0000000083300000, 0x0000000083400000| Untracked 
|  52|0x0000000083400000, 0x0000000083500000, 0x0000000083500000|100%| O|  |TAMS 0x0000000083400000, 0x0000000083500000| Untracked 
|  53|0x0000000083500000, 0x0000000083600000, 0x0000000083600000|100%| O|  |TAMS 0x0000000083500000, 0x0000000083600000| Untracked 
|  54|0x0000000083600000, 0x0000000083700000, 0x0000000083700000|100%| O|  |TAMS 0x0000000083600000, 0x0000000083700000| Untracked 
|  55|0x0000000083700000, 0x0000000083800000, 0x0000000083800000|100%| O|  |TAMS 0x0000000083700000, 0x0000000083800000| Untracked 
|  56|0x0000000083800000, 0x0000000083900000, 0x0000000083900000|100%| O|  |TAMS 0x0000000083800000, 0x0000000083900000| Untracked 
|  57|0x0000000083900000, 0x0000000083a00000, 0x0000000083a00000|100%| O|  |TAMS 0x0000000083900000, 0x0000000083a00000| Untracked 
|  58|0x0000000083a00000, 0x0000000083b00000, 0x0000000083b00000|100%| O|  |TAMS 0x0000000083a00000, 0x0000000083b00000| Untracked 
|  59|0x0000000083b00000, 0x0000000083c00000, 0x0000000083c00000|100%| O|  |TAMS 0x0000000083b00000, 0x0000000083c00000| Untracked 
|  60|0x0000000083c00000, 0x0000000083d00000, 0x0000000083d00000|100%| O|  |TAMS 0x0000000083c00000, 0x0000000083d00000| Untracked 
|  61|0x0000000083d00000, 0x0000000083e00000, 0x0000000083e00000|100%| O|  |TAMS 0x0000000083d00000, 0x0000000083e00000| Untracked 
|  62|0x0000000083e00000, 0x0000000083f00000, 0x0000000083f00000|100%| O|  |TAMS 0x0000000083e00000, 0x0000000083f00000| Untracked 
|  63|0x0000000083f00000, 0x0000000084000000, 0x0000000084000000|100%| O|  |TAMS 0x0000000083f00000, 0x0000000084000000| Untracked 
|  64|0x0000000084000000, 0x0000000084100000, 0x0000000084100000|100%| O|  |TAMS 0x0000000084000000, 0x0000000084100000| Untracked 
|  65|0x0000000084100000, 0x0000000084200000, 0x0000000084200000|100%|HS|  |TAMS 0x0000000084100000, 0x0000000084200000| Complete 
|  66|0x0000000084200000, 0x0000000084300000, 0x0000000084300000|100%|HC|  |TAMS 0x0000000084200000, 0x0000000084300000| Complete 
|  67|0x0000000084300000, 0x0000000084400000, 0x0000000084400000|100%|HS|  |TAMS 0x0000000084300000, 0x0000000084400000| Complete 
|  68|0x0000000084400000, 0x0000000084500000, 0x0000000084500000|100%|HS|  |TAMS 0x0000000084400000, 0x0000000084500000| Complete 
|  69|0x0000000084500000, 0x0000000084600000, 0x0000000084600000|100%| O|  |TAMS 0x0000000084500000, 0x0000000084600000| Untracked 
|  70|0x0000000084600000, 0x0000000084700000, 0x0000000084700000|100%| O|  |TAMS 0x0000000084600000, 0x0000000084700000| Untracked 
|  71|0x0000000084700000, 0x0000000084800000, 0x0000000084800000|100%| O|  |TAMS 0x0000000084700000, 0x0000000084800000| Untracked 
|  72|0x0000000084800000, 0x0000000084900000, 0x0000000084900000|100%| O|  |TAMS 0x0000000084800000, 0x0000000084900000| Untracked 
|  73|0x0000000084900000, 0x0000000084a00000, 0x0000000084a00000|100%| O|  |TAMS 0x0000000084900000, 0x0000000084a00000| Untracked 
|  74|0x0000000084a00000, 0x0000000084b00000, 0x0000000084b00000|100%| O|  |TAMS 0x0000000084a00000, 0x0000000084b00000| Untracked 
|  75|0x0000000084b00000, 0x0000000084c00000, 0x0000000084c00000|100%| O|  |TAMS 0x0000000084b00000, 0x0000000084c00000| Untracked 
|  76|0x0000000084c00000, 0x0000000084d00000, 0x0000000084d00000|100%|HS|  |TAMS 0x0000000084c00000, 0x0000000084d00000| Complete 
|  77|0x0000000084d00000, 0x0000000084e00000, 0x0000000084e00000|100%|HC|  |TAMS 0x0000000084d00000, 0x0000000084e00000| Complete 
|  78|0x0000000084e00000, 0x0000000084f00000, 0x0000000084f00000|100%| O|  |TAMS 0x0000000084e00000, 0x0000000084f00000| Untracked 
|  79|0x0000000084f00000, 0x0000000085000000, 0x0000000085000000|100%|HS|  |TAMS 0x0000000084f00000, 0x0000000085000000| Complete 
|  80|0x0000000085000000, 0x0000000085100000, 0x0000000085100000|100%| O|  |TAMS 0x0000000085000000, 0x0000000085100000| Untracked 
|  81|0x0000000085100000, 0x0000000085200000, 0x0000000085200000|100%|HS|  |TAMS 0x0000000085100000, 0x0000000085200000| Complete 
|  82|0x0000000085200000, 0x0000000085300000, 0x0000000085300000|100%| O|  |TAMS 0x0000000085200000, 0x0000000085300000| Untracked 
|  83|0x0000000085300000, 0x0000000085400000, 0x0000000085400000|100%| O|  |TAMS 0x0000000085300000, 0x0000000085400000| Untracked 
|  84|0x0000000085400000, 0x0000000085500000, 0x0000000085500000|100%| O|  |TAMS 0x0000000085400000, 0x0000000085500000| Untracked 
|  85|0x0000000085500000, 0x0000000085600000, 0x0000000085600000|100%| O|  |TAMS 0x0000000085500000, 0x0000000085600000| Untracked 
|  86|0x0000000085600000, 0x0000000085700000, 0x0000000085700000|100%| O|  |TAMS 0x0000000085600000, 0x0000000085700000| Untracked 
|  87|0x0000000085700000, 0x0000000085800000, 0x0000000085800000|100%| O|  |TAMS 0x0000000085700000, 0x0000000085800000| Untracked 
|  88|0x0000000085800000, 0x0000000085900000, 0x0000000085900000|100%| O|  |TAMS 0x0000000085800000, 0x0000000085900000| Untracked 
|  89|0x0000000085900000, 0x0000000085a00000, 0x0000000085a00000|100%| O|  |TAMS 0x0000000085900000, 0x0000000085a00000| Untracked 
|  90|0x0000000085a00000, 0x0000000085b00000, 0x0000000085b00000|100%| O|  |TAMS 0x0000000085a00000, 0x0000000085b00000| Untracked 
|  91|0x0000000085b00000, 0x0000000085c00000, 0x0000000085c00000|100%| O|  |TAMS 0x0000000085b00000, 0x0000000085c00000| Untracked 
|  92|0x0000000085c00000, 0x0000000085d00000, 0x0000000085d00000|100%| O|  |TAMS 0x0000000085c00000, 0x0000000085d00000| Untracked 
|  93|0x0000000085d00000, 0x0000000085e00000, 0x0000000085e00000|100%| O|  |TAMS 0x0000000085d00000, 0x0000000085e00000| Untracked 
|  94|0x0000000085e00000, 0x0000000085f00000, 0x0000000085f00000|100%| O|  |TAMS 0x0000000085e00000, 0x0000000085f00000| Untracked 
|  95|0x0000000085f00000, 0x0000000086000000, 0x0000000086000000|100%| O|  |TAMS 0x0000000085f00000, 0x0000000086000000| Untracked 
|  96|0x0000000086000000, 0x0000000086100000, 0x0000000086100000|100%| O|  |TAMS 0x0000000086000000, 0x0000000086100000| Untracked 
|  97|0x0000000086100000, 0x0000000086200000, 0x0000000086200000|100%| O|  |TAMS 0x0000000086100000, 0x0000000086200000| Untracked 
|  98|0x0000000086200000, 0x0000000086300000, 0x0000000086300000|100%| O|  |TAMS 0x0000000086200000, 0x0000000086300000| Untracked 
|  99|0x0000000086300000, 0x0000000086400000, 0x0000000086400000|100%| O|  |TAMS 0x0000000086300000, 0x0000000086400000| Untracked 
| 100|0x0000000086400000, 0x0000000086500000, 0x0000000086500000|100%| O|  |TAMS 0x0000000086400000, 0x0000000086500000| Untracked 
| 101|0x0000000086500000, 0x0000000086600000, 0x0000000086600000|100%| O|  |TAMS 0x0000000086500000, 0x0000000086600000| Untracked 
| 102|0x0000000086600000, 0x0000000086700000, 0x0000000086700000|100%| O|  |TAMS 0x0000000086600000, 0x0000000086700000| Untracked 
| 103|0x0000000086700000, 0x0000000086800000, 0x0000000086800000|100%| O|  |TAMS 0x0000000086700000, 0x0000000086800000| Untracked 
| 104|0x0000000086800000, 0x0000000086900000, 0x0000000086900000|100%| O|  |TAMS 0x0000000086800000, 0x0000000086900000| Untracked 
| 105|0x0000000086900000, 0x0000000086a00000, 0x0000000086a00000|100%| O|  |TAMS 0x0000000086900000, 0x0000000086a00000| Untracked 
| 106|0x0000000086a00000, 0x0000000086b00000, 0x0000000086b00000|100%| O|  |TAMS 0x0000000086a00000, 0x0000000086b00000| Untracked 
| 107|0x0000000086b00000, 0x0000000086c00000, 0x0000000086c00000|100%| O|  |TAMS 0x0000000086b00000, 0x0000000086c00000| Untracked 
| 108|0x0000000086c00000, 0x0000000086d00000, 0x0000000086d00000|100%| O|  |TAMS 0x0000000086c00000, 0x0000000086d00000| Untracked 
| 109|0x0000000086d00000, 0x0000000086e00000, 0x0000000086e00000|100%| O|  |TAMS 0x0000000086d00000, 0x0000000086e00000| Untracked 
| 110|0x0000000086e00000, 0x0000000086e00000, 0x0000000086f00000|  0%| F|  |TAMS 0x0000000086e00000, 0x0000000086e00000| Untracked 
| 111|0x0000000086f00000, 0x0000000086f00000, 0x0000000087000000|  0%| F|  |TAMS 0x0000000086f00000, 0x0000000086f00000| Untracked 
| 112|0x0000000087000000, 0x0000000087000000, 0x0000000087100000|  0%| F|  |TAMS 0x0000000087000000, 0x0000000087000000| Untracked 
| 113|0x0000000087100000, 0x0000000087100000, 0x0000000087200000|  0%| F|  |TAMS 0x0000000087100000, 0x0000000087100000| Untracked 
| 114|0x0000000087200000, 0x0000000087200000, 0x0000000087300000|  0%| F|  |TAMS 0x0000000087200000, 0x0000000087200000| Untracked 
| 115|0x0000000087300000, 0x0000000087300000, 0x0000000087400000|  0%| F|  |TAMS 0x0000000087300000, 0x0000000087300000| Untracked 
| 116|0x0000000087400000, 0x0000000087400000, 0x0000000087500000|  0%| F|  |TAMS 0x0000000087400000, 0x0000000087400000| Untracked 
| 117|0x0000000087500000, 0x0000000087500000, 0x0000000087600000|  0%| F|  |TAMS 0x0000000087500000, 0x0000000087500000| Untracked 
| 118|0x0000000087600000, 0x0000000087600000, 0x0000000087700000|  0%| F|  |TAMS 0x0000000087600000, 0x0000000087600000| Untracked 
| 119|0x0000000087700000, 0x0000000087700000, 0x0000000087800000|  0%| F|  |TAMS 0x0000000087700000, 0x0000000087700000| Untracked 
| 120|0x0000000087800000, 0x0000000087900000, 0x0000000087900000|100%| O|  |TAMS 0x0000000087800000, 0x0000000087900000| Untracked 
| 121|0x0000000087900000, 0x0000000087a00000, 0x0000000087a00000|100%| O|  |TAMS 0x0000000087900000, 0x0000000087a00000| Untracked 
| 122|0x0000000087a00000, 0x0000000087b00000, 0x0000000087b00000|100%| O|  |TAMS 0x0000000087a00000, 0x0000000087b00000| Untracked 
| 123|0x0000000087b00000, 0x0000000087c00000, 0x0000000087c00000|100%| O|  |TAMS 0x0000000087b00000, 0x0000000087c00000| Untracked 
| 124|0x0000000087c00000, 0x0000000087d00000, 0x0000000087d00000|100%| O|  |TAMS 0x0000000087c00000, 0x0000000087d00000| Untracked 
| 125|0x0000000087d00000, 0x0000000087d00000, 0x0000000087e00000|  0%| F|  |TAMS 0x0000000087d00000, 0x0000000087d00000| Untracked 
| 126|0x0000000087e00000, 0x0000000087e00000, 0x0000000087f00000|  0%| F|  |TAMS 0x0000000087e00000, 0x0000000087e00000| Untracked 
| 127|0x0000000087f00000, 0x0000000087f00000, 0x0000000088000000|  0%| F|  |TAMS 0x0000000087f00000, 0x0000000087f00000| Untracked 
| 128|0x0000000088000000, 0x0000000088000000, 0x0000000088100000|  0%| F|  |TAMS 0x0000000088000000, 0x0000000088000000| Untracked 
| 129|0x0000000088100000, 0x0000000088100000, 0x0000000088200000|  0%| F|  |TAMS 0x0000000088100000, 0x0000000088100000| Untracked 
| 130|0x0000000088200000, 0x0000000088200000, 0x0000000088300000|  0%| F|  |TAMS 0x0000000088200000, 0x0000000088200000| Untracked 
| 131|0x0000000088300000, 0x0000000088300000, 0x0000000088400000|  0%| F|  |TAMS 0x0000000088300000, 0x0000000088300000| Untracked 
| 132|0x0000000088400000, 0x0000000088400000, 0x0000000088500000|  0%| F|  |TAMS 0x0000000088400000, 0x0000000088400000| Untracked 
| 133|0x0000000088500000, 0x0000000088500000, 0x0000000088600000|  0%| F|  |TAMS 0x0000000088500000, 0x0000000088500000| Untracked 
| 134|0x0000000088600000, 0x0000000088700000, 0x0000000088700000|100%| S|CS|TAMS 0x0000000088600000, 0x0000000088600000| Complete 
| 135|0x0000000088700000, 0x0000000088800000, 0x0000000088800000|100%| S|CS|TAMS 0x0000000088700000, 0x0000000088700000| Complete 
| 136|0x0000000088800000, 0x0000000088900000, 0x0000000088900000|100%| S|CS|TAMS 0x0000000088800000, 0x0000000088800000| Complete 
| 137|0x0000000088900000, 0x0000000088a00000, 0x0000000088a00000|100%| S|CS|TAMS 0x0000000088900000, 0x0000000088900000| Complete 
| 138|0x0000000088a00000, 0x0000000088b00000, 0x0000000088b00000|100%| S|CS|TAMS 0x0000000088a00000, 0x0000000088a00000| Complete 
| 139|0x0000000088b00000, 0x0000000088c00000, 0x0000000088c00000|100%| S|CS|TAMS 0x0000000088b00000, 0x0000000088b00000| Complete 
| 140|0x0000000088c00000, 0x0000000088d00000, 0x0000000088d00000|100%| S|CS|TAMS 0x0000000088c00000, 0x0000000088c00000| Complete 
| 141|0x0000000088d00000, 0x0000000088d00000, 0x0000000088e00000|  0%| F|  |TAMS 0x0000000088d00000, 0x0000000088d00000| Untracked 
| 142|0x0000000088e00000, 0x0000000088e00000, 0x0000000088f00000|  0%| F|  |TAMS 0x0000000088e00000, 0x0000000088e00000| Untracked 
| 143|0x0000000088f00000, 0x0000000088f00000, 0x0000000089000000|  0%| F|  |TAMS 0x0000000088f00000, 0x0000000088f00000| Untracked 
| 144|0x0000000089000000, 0x0000000089000000, 0x0000000089100000|  0%| F|  |TAMS 0x0000000089000000, 0x0000000089000000| Untracked 
| 145|0x0000000089100000, 0x0000000089100000, 0x0000000089200000|  0%| F|  |TAMS 0x0000000089100000, 0x0000000089100000| Untracked 
| 146|0x0000000089200000, 0x0000000089200000, 0x0000000089300000|  0%| F|  |TAMS 0x0000000089200000, 0x0000000089200000| Untracked 
| 147|0x0000000089300000, 0x0000000089300000, 0x0000000089400000|  0%| F|  |TAMS 0x0000000089300000, 0x0000000089300000| Untracked 
| 148|0x0000000089400000, 0x0000000089400000, 0x0000000089500000|  0%| F|  |TAMS 0x0000000089400000, 0x0000000089400000| Untracked 
| 149|0x0000000089500000, 0x0000000089500000, 0x0000000089600000|  0%| F|  |TAMS 0x0000000089500000, 0x0000000089500000| Untracked 
| 150|0x0000000089600000, 0x0000000089600000, 0x0000000089700000|  0%| F|  |TAMS 0x0000000089600000, 0x0000000089600000| Untracked 
| 151|0x0000000089700000, 0x0000000089700000, 0x0000000089800000|  0%| F|  |TAMS 0x0000000089700000, 0x0000000089700000| Untracked 
| 152|0x0000000089800000, 0x0000000089800000, 0x0000000089900000|  0%| F|  |TAMS 0x0000000089800000, 0x0000000089800000| Untracked 
| 153|0x0000000089900000, 0x0000000089900000, 0x0000000089a00000|  0%| F|  |TAMS 0x0000000089900000, 0x0000000089900000| Untracked 
| 154|0x0000000089a00000, 0x0000000089a00000, 0x0000000089b00000|  0%| F|  |TAMS 0x0000000089a00000, 0x0000000089a00000| Untracked 
| 155|0x0000000089b00000, 0x0000000089b00000, 0x0000000089c00000|  0%| F|  |TAMS 0x0000000089b00000, 0x0000000089b00000| Untracked 
| 156|0x0000000089c00000, 0x0000000089c00000, 0x0000000089d00000|  0%| F|  |TAMS 0x0000000089c00000, 0x0000000089c00000| Untracked 
| 157|0x0000000089d00000, 0x0000000089d00000, 0x0000000089e00000|  0%| F|  |TAMS 0x0000000089d00000, 0x0000000089d00000| Untracked 
| 158|0x0000000089e00000, 0x0000000089e00000, 0x0000000089f00000|  0%| F|  |TAMS 0x0000000089e00000, 0x0000000089e00000| Untracked 
| 159|0x0000000089f00000, 0x0000000089f00000, 0x000000008a000000|  0%| F|  |TAMS 0x0000000089f00000, 0x0000000089f00000| Untracked 
| 160|0x000000008a000000, 0x000000008a000000, 0x000000008a100000|  0%| F|  |TAMS 0x000000008a000000, 0x000000008a000000| Untracked 
| 161|0x000000008a100000, 0x000000008a100000, 0x000000008a200000|  0%| F|  |TAMS 0x000000008a100000, 0x000000008a100000| Untracked 
| 162|0x000000008a200000, 0x000000008a200000, 0x000000008a300000|  0%| F|  |TAMS 0x000000008a200000, 0x000000008a200000| Untracked 
| 163|0x000000008a300000, 0x000000008a300000, 0x000000008a400000|  0%| F|  |TAMS 0x000000008a300000, 0x000000008a300000| Untracked 
| 164|0x000000008a400000, 0x000000008a400000, 0x000000008a500000|  0%| F|  |TAMS 0x000000008a400000, 0x000000008a400000| Untracked 
| 165|0x000000008a500000, 0x000000008a500000, 0x000000008a600000|  0%| F|  |TAMS 0x000000008a500000, 0x000000008a500000| Untracked 
| 166|0x000000008a600000, 0x000000008a600000, 0x000000008a700000|  0%| F|  |TAMS 0x000000008a600000, 0x000000008a600000| Untracked 
| 167|0x000000008a700000, 0x000000008a700000, 0x000000008a800000|  0%| F|  |TAMS 0x000000008a700000, 0x000000008a700000| Untracked 
| 168|0x000000008a800000, 0x000000008a800000, 0x000000008a900000|  0%| F|  |TAMS 0x000000008a800000, 0x000000008a800000| Untracked 
| 169|0x000000008a900000, 0x000000008a900000, 0x000000008aa00000|  0%| F|  |TAMS 0x000000008a900000, 0x000000008a900000| Untracked 
| 170|0x000000008aa00000, 0x000000008aa00000, 0x000000008ab00000|  0%| F|  |TAMS 0x000000008aa00000, 0x000000008aa00000| Untracked 
| 171|0x000000008ab00000, 0x000000008ab00000, 0x000000008ac00000|  0%| F|  |TAMS 0x000000008ab00000, 0x000000008ab00000| Untracked 
| 172|0x000000008ac00000, 0x000000008ac00000, 0x000000008ad00000|  0%| F|  |TAMS 0x000000008ac00000, 0x000000008ac00000| Untracked 
| 173|0x000000008ad00000, 0x000000008ad00000, 0x000000008ae00000|  0%| F|  |TAMS 0x000000008ad00000, 0x000000008ad00000| Untracked 
| 174|0x000000008ae00000, 0x000000008ae00000, 0x000000008af00000|  0%| F|  |TAMS 0x000000008ae00000, 0x000000008ae00000| Untracked 
| 175|0x000000008af00000, 0x000000008af00000, 0x000000008b000000|  0%| F|  |TAMS 0x000000008af00000, 0x000000008af00000| Untracked 
| 176|0x000000008b000000, 0x000000008b000000, 0x000000008b100000|  0%| F|  |TAMS 0x000000008b000000, 0x000000008b000000| Untracked 
| 177|0x000000008b100000, 0x000000008b100000, 0x000000008b200000|  0%| F|  |TAMS 0x000000008b100000, 0x000000008b100000| Untracked 
| 178|0x000000008b200000, 0x000000008b200000, 0x000000008b300000|  0%| F|  |TAMS 0x000000008b200000, 0x000000008b200000| Untracked 
| 179|0x000000008b300000, 0x000000008b300000, 0x000000008b400000|  0%| F|  |TAMS 0x000000008b300000, 0x000000008b300000| Untracked 
| 180|0x000000008b400000, 0x000000008b400000, 0x000000008b500000|  0%| F|  |TAMS 0x000000008b400000, 0x000000008b400000| Untracked 
| 181|0x000000008b500000, 0x000000008b5c3630, 0x000000008b600000| 76%| E|  |TAMS 0x000000008b500000, 0x000000008b500000| Complete 
| 182|0x000000008b600000, 0x000000008b700000, 0x000000008b700000|100%| E|CS|TAMS 0x000000008b600000, 0x000000008b600000| Complete 
| 183|0x000000008b700000, 0x000000008b800000, 0x000000008b800000|100%| E|CS|TAMS 0x000000008b700000, 0x000000008b700000| Complete 
| 184|0x000000008b800000, 0x000000008b900000, 0x000000008b900000|100%| E|CS|TAMS 0x000000008b800000, 0x000000008b800000| Complete 

Card table byte_map: [0x0000026069210000,0x0000026069610000] _byte_map_base: 0x0000026068e10000

Marking Bits (Prev, Next): (CMBitMap*) 0x0000026055dedf58, (CMBitMap*) 0x0000026055dedf90
 Prev Bits: [0x0000026069a10000, 0x000002606ba10000)
 Next Bits: [0x000002606ba10000, 0x000002606da10000)

Polling page: 0x0000026055590000

Metaspace:

Usage:
  Non-class:     82.49 MB capacity,    80.89 MB ( 98%) used,     1.30 MB (  2%) free+waste,   301.69 KB ( <1%) overhead. 
      Class:     13.34 MB capacity,    12.38 MB ( 93%) used,   845.03 KB (  6%) free+waste,   139.06 KB (  1%) overhead. 
       Both:     95.83 MB capacity,    93.27 MB ( 97%) used,     2.13 MB (  2%) free+waste,   440.75 KB ( <1%) overhead. 

Virtual space:
  Non-class space:       84.00 MB reserved,      82.67 MB ( 98%) committed 
      Class space:        1.00 GB reserved,      13.45 MB (  1%) committed 
             Both:        1.08 GB reserved,      96.12 MB (  9%) committed 

Chunk freelists:
   Non-Class:  59.00 KB
       Class:  2.00 KB
        Both:  61.00 KB

MaxMetaspaceSize: 17179869184.00 GB
CompressedClassSpaceSize: 1.00 GB
Initial GC threshold: 20.80 MB
Current GC threshold: 107.07 MB
CDS: off

CodeHeap 'non-profiled nmethods': size=120000Kb used=5868Kb max_used=5868Kb free=114131Kb
 bounds [0x0000026061390000, 0x0000026061950000, 0x00000260688c0000]
CodeHeap 'profiled nmethods': size=120000Kb used=22723Kb max_used=22723Kb free=97276Kb
 bounds [0x0000026059e60000, 0x000002605b4a0000, 0x0000026061390000]
CodeHeap 'non-nmethods': size=5760Kb used=2406Kb max_used=2441Kb free=3353Kb
 bounds [0x00000260598c0000, 0x0000026059b30000, 0x0000026059e60000]
 total_blobs=11725 nmethods=10803 adapters=834
 compilation: enabled
              stopped_count=0, restarted_count=0
 full_count=0

Compilation events (20 events):
Event: 8.848 Thread 0x0000026070fee000 nmethod 10878 0x000002605b480190 code [0x000002605b480340, 0x000002605b4804b8]
Event: 8.849 Thread 0x0000026070fee000 10879       2       com.android.tools.r8.code.x0::<init> (97 bytes)
Event: 8.866 Thread 0x0000026070fee000 nmethod 10879 0x000002605b480590 code [0x000002605b4807a0, 0x000002605b480cd8]
Event: 8.866 Thread 0x0000026070fee000 10880       2       com.android.tools.r8.code.P3::<init> (7 bytes)
Event: 8.866 Thread 0x0000026070fee000 nmethod 10880 0x000002605b481110 code [0x000002605b4812c0, 0x000002605b481418]
Event: 8.868 Thread 0x0000026070fee000 10882       3       com.android.tools.r8.dex.j::d (507 bytes)
Event: 8.870 Thread 0x0000026070fee000 nmethod 10882 0x000002605b481510 code [0x000002605b481b40, 0x000002605b485948]
Event: 8.873 Thread 0x0000026070fee000 10883       2       java.util.concurrent.ConcurrentLinkedQueue$Itr::hasNext (13 bytes)
Event: 8.873 Thread 0x0000026070fee000 nmethod 10883 0x000002605b487890 code [0x000002605b487a40, 0x000002605b487b58]
Event: 8.873 Thread 0x0000026070fee000 10884       2       java.util.concurrent.ConcurrentLinkedQueue$Itr::next (96 bytes)
Event: 8.873 Thread 0x0000026070fee000 nmethod 10884 0x000002605b487c10 code [0x000002605b487e00, 0x000002605b488238]
Event: 8.873 Thread 0x0000026070fee000 10886       2       com.android.tools.r8.graph.Z0::P (2 bytes)
Event: 8.873 Thread 0x0000026070fee000 nmethod 10886 0x000002605b488490 code [0x000002605b488640, 0x000002605b488738]
Event: 8.873 Thread 0x0000026070fee000 10887  s    2       com.android.tools.r8.graph.E$a::a (14 bytes)
Event: 8.873 Thread 0x0000026070fee000 nmethod 10887 0x000002605b488810 code [0x000002605b488a00, 0x000002605b488ec8]
Event: 8.873 Thread 0x0000026070fee000 10888       2       com.android.tools.r8.graph.A2$a::d (2 bytes)
Event: 8.874 Thread 0x0000026070fee000 nmethod 10888 0x000002605b489110 code [0x000002605b4892c0, 0x000002605b4893b8]
Event: 8.874 Thread 0x0000026070fee000 10885       2       java.util.concurrent.ConcurrentLinkedQueue::succ (17 bytes)
Event: 8.874 Thread 0x0000026070fee000 nmethod 10885 0x000002605b489490 code [0x000002605b489640, 0x000002605b489758]
Event: 8.875 Thread 0x0000026070fee000 10890   !   2       java.util.concurrent.ConcurrentHashMap::merge (545 bytes)

GC Heap History (20 events):
Event: 5.464 GC heap before
{Heap before GC invocations=14 (full 0):
 garbage-first heap   total 157696K, used 101772K [0x0000000080000000, 0x0000000100000000)
  region size 1024K, 57 young (58368K), 2 survivors (2048K)
 Metaspace       used 63954K, capacity 65456K, committed 65784K, reserved 1105920K
  class space    used 8123K, capacity 8655K, committed 8780K, reserved 1048576K
}
Event: 5.469 GC heap after
{Heap after GC invocations=15 (full 0):
 garbage-first heap   total 157696K, used 50978K [0x0000000080000000, 0x0000000100000000)
  region size 1024K, 7 young (7168K), 7 survivors (7168K)
 Metaspace       used 63954K, capacity 65456K, committed 65784K, reserved 1105920K
  class space    used 8123K, capacity 8655K, committed 8780K, reserved 1048576K
}
Event: 5.807 GC heap before
{Heap before GC invocations=16 (full 0):
 garbage-first heap   total 157696K, used 108322K [0x0000000080000000, 0x0000000100000000)
  region size 1024K, 62 young (63488K), 7 survivors (7168K)
 Metaspace       used 66460K, capacity 68008K, committed 68216K, reserved 1107968K
  class space    used 8496K, capacity 9092K, committed 9164K, reserved 1048576K
}
Event: 5.812 GC heap after
{Heap after GC invocations=17 (full 0):
 garbage-first heap   total 157696K, used 55261K [0x0000000080000000, 0x0000000100000000)
  region size 1024K, 5 young (5120K), 5 survivors (5120K)
 Metaspace       used 66460K, capacity 68008K, committed 68216K, reserved 1107968K
  class space    used 8496K, capacity 9092K, committed 9164K, reserved 1048576K
}
Event: 6.386 GC heap before
{Heap before GC invocations=17 (full 0):
 garbage-first heap   total 157696K, used 112605K [0x0000000080000000, 0x0000000100000000)
  region size 1024K, 61 young (62464K), 5 survivors (5120K)
 Metaspace       used 72359K, capacity 74042K, committed 74360K, reserved 1114112K
  class space    used 9464K, capacity 10061K, committed 10188K, reserved 1048576K
}
Event: 6.390 GC heap after
{Heap after GC invocations=18 (full 0):
 garbage-first heap   total 157696K, used 58687K [0x0000000080000000, 0x0000000100000000)
  region size 1024K, 8 young (8192K), 8 survivors (8192K)
 Metaspace       used 72359K, capacity 74042K, committed 74360K, reserved 1114112K
  class space    used 9464K, capacity 10061K, committed 10188K, reserved 1048576K
}
Event: 6.888 GC heap before
{Heap before GC invocations=18 (full 0):
 garbage-first heap   total 157696K, used 116031K [0x0000000080000000, 0x0000000100000000)
  region size 1024K, 64 young (65536K), 8 survivors (8192K)
 Metaspace       used 78299K, capacity 80039K, committed 80248K, reserved 1118208K
  class space    used 10258K, capacity 10925K, committed 10956K, reserved 1048576K
}
Event: 6.893 GC heap after
{Heap after GC invocations=19 (full 0):
 garbage-first heap   total 157696K, used 62285K [0x0000000080000000, 0x0000000100000000)
  region size 1024K, 8 young (8192K), 8 survivors (8192K)
 Metaspace       used 78299K, capacity 80039K, committed 80248K, reserved 1118208K
  class space    used 10258K, capacity 10925K, committed 10956K, reserved 1048576K
}
Event: 7.254 GC heap before
{Heap before GC invocations=19 (full 0):
 garbage-first heap   total 157696K, used 118605K [0x0000000080000000, 0x0000000100000000)
  region size 1024K, 64 young (65536K), 8 survivors (8192K)
 Metaspace       used 81225K, capacity 83449K, committed 83576K, reserved 1122304K
  class space    used 10785K, capacity 11623K, committed 11724K, reserved 1048576K
}
Event: 7.261 GC heap after
{Heap after GC invocations=20 (full 0):
 garbage-first heap   total 157696K, used 66467K [0x0000000080000000, 0x0000000100000000)
  region size 1024K, 8 young (8192K), 8 survivors (8192K)
 Metaspace       used 81225K, capacity 83449K, committed 83576K, reserved 1122304K
  class space    used 10785K, capacity 11623K, committed 11724K, reserved 1048576K
}
Event: 7.687 GC heap before
{Heap before GC invocations=20 (full 0):
 garbage-first heap   total 157696K, used 121763K [0x0000000080000000, 0x0000000100000000)
  region size 1024K, 63 young (64512K), 8 survivors (8192K)
 Metaspace       used 84737K, capacity 86984K, committed 87288K, reserved 1124352K
  class space    used 11182K, capacity 12041K, committed 12108K, reserved 1048576K
}
Event: 7.692 GC heap after
{Heap after GC invocations=21 (full 0):
 garbage-first heap   total 157696K, used 69031K [0x0000000080000000, 0x0000000100000000)
  region size 1024K, 7 young (7168K), 7 survivors (7168K)
 Metaspace       used 84737K, capacity 86984K, committed 87288K, reserved 1124352K
  class space    used 11182K, capacity 12041K, committed 12108K, reserved 1048576K
}
Event: 7.999 GC heap before
{Heap before GC invocations=21 (full 0):
 garbage-first heap   total 157696K, used 124327K [0x0000000080000000, 0x0000000100000000)
  region size 1024K, 62 young (63488K), 7 survivors (7168K)
 Metaspace       used 87801K, capacity 90061K, committed 90232K, reserved 1126400K
  class space    used 11553K, capacity 12443K, committed 12492K, reserved 1048576K
}
Event: 8.004 GC heap after
{Heap after GC invocations=22 (full 0):
 garbage-first heap   total 157696K, used 72513K [0x0000000080000000, 0x0000000100000000)
  region size 1024K, 7 young (7168K), 7 survivors (7168K)
 Metaspace       used 87801K, capacity 90061K, committed 90232K, reserved 1126400K
  class space    used 11553K, capacity 12443K, committed 12492K, reserved 1048576K
}
Event: 8.226 GC heap before
{Heap before GC invocations=22 (full 0):
 garbage-first heap   total 157696K, used 129857K [0x0000000080000000, 0x0000000100000000)
  region size 1024K, 60 young (61440K), 7 survivors (7168K)
 Metaspace       used 89077K, capacity 91371K, committed 91640K, reserved 1128448K
  class space    used 11695K, capacity 12574K, committed 12620K, reserved 1048576K
}
Event: 8.232 GC heap after
{Heap after GC invocations=23 (full 0):
 garbage-first heap   total 189440K, used 82399K [0x0000000080000000, 0x0000000100000000)
  region size 1024K, 8 young (8192K), 8 survivors (8192K)
 Metaspace       used 89077K, capacity 91371K, committed 91640K, reserved 1128448K
  class space    used 11695K, capacity 12574K, committed 12620K, reserved 1048576K
}
Event: 8.695 GC heap before
{Heap before GC invocations=23 (full 0):
 garbage-first heap   total 189440K, used 157151K [0x0000000080000000, 0x0000000100000000)
  region size 1024K, 73 young (74752K), 8 survivors (8192K)
 Metaspace       used 94780K, capacity 97368K, committed 97528K, reserved 1132544K
  class space    used 12591K, capacity 13586K, committed 13644K, reserved 1048576K
}
Event: 8.706 GC heap after
{Heap after GC invocations=24 (full 0):
 garbage-first heap   total 189440K, used 102605K [0x0000000080000000, 0x0000000100000000)
  region size 1024K, 10 young (10240K), 10 survivors (10240K)
 Metaspace       used 94780K, capacity 97368K, committed 97528K, reserved 1132544K
  class space    used 12591K, capacity 13586K, committed 13644K, reserved 1048576K
}
Event: 8.849 GC heap before
{Heap before GC invocations=24 (full 0):
 garbage-first heap   total 189440K, used 146636K [0x0000000080000000, 0x0000000100000000)
  region size 1024K, 54 young (55296K), 10 survivors (10240K)
 Metaspace       used 94939K, capacity 97514K, committed 97784K, reserved 1134592K
  class space    used 12591K, capacity 13586K, committed 13644K, reserved 1048576K
}
Event: 8.865 GC heap after
{Heap after GC invocations=25 (full 0):
 garbage-first heap   total 189440K, used 124928K [0x0000000080000000, 0x0000000100000000)
  region size 1024K, 7 young (7168K), 7 survivors (7168K)
 Metaspace       used 94939K, capacity 97514K, committed 97784K, reserved 1134592K
  class space    used 12591K, capacity 13586K, committed 13644K, reserved 1048576K
}

Deoptimization events (20 events):
Event: 8.608 Thread 0x000002607704a800 Uncommon trap: trap_request=0xffffffde fr.pc=0x00000260619209cc relative=0x0000000000000b0c
Event: 8.609 Thread 0x000002607704a800 Uncommon trap: reason=class_check action=maybe_recompile pc=0x00000260619209cc method=com.android.tools.r8.dex.j.a(ILjava/util/function/Supplier;)Ljava/lang/Object; @ 31 c2
Event: 8.609 Thread 0x000002607704a800 DEOPT PACKING pc=0x00000260619209cc sp=0x000000f41b5feae0
Event: 8.608 Thread 0x000002607704c000 DEOPT PACKING pc=0x00000260619209cc sp=0x000000f41adff020
Event: 8.609 Thread 0x000002607704a800 DEOPT UNPACKING pc=0x000002605990a1af sp=0x000000f41b5feae0 mode 2
Event: 8.609 Thread 0x000002607704c000 DEOPT UNPACKING pc=0x000002605990a1af sp=0x000000f41adff020 mode 2
Event: 8.632 Thread 0x000002607703f000 Uncommon trap: trap_request=0xffffff4d fr.pc=0x000002606141dca8 relative=0x0000000000000e08
Event: 8.632 Thread 0x000002607703f000 Uncommon trap: reason=unstable_if action=reinterpret pc=0x000002606141dca8 method=java.io.BufferedReader.readLine(Z)Ljava/lang/String; @ 192 c2
Event: 8.632 Thread 0x000002607703f000 DEOPT PACKING pc=0x000002606141dca8 sp=0x000000f41a8ff030
Event: 8.632 Thread 0x000002607703f000 DEOPT UNPACKING pc=0x000002605990a1af sp=0x000000f41a8fefe8 mode 2
Event: 8.745 Thread 0x000002607704e800 Uncommon trap: trap_request=0xffffff4d fr.pc=0x0000026061840048 relative=0x0000000000000388
Event: 8.745 Thread 0x000002607704e800 Uncommon trap: reason=unstable_if action=reinterpret pc=0x0000026061840048 method=java.util.concurrent.ConcurrentLinkedQueue.offer(Ljava/lang/Object;)Z @ 96 c2
Event: 8.745 Thread 0x000002607704e800 DEOPT PACKING pc=0x0000026061840048 sp=0x000000f41b3feda0
Event: 8.745 Thread 0x000002607704e800 DEOPT UNPACKING pc=0x000002605990a1af sp=0x000000f41b3fece0 mode 2
Event: 8.768 Thread 0x0000026077050000 DEOPT PACKING pc=0x000002605b4221fe sp=0x000000f41b4fe400
Event: 8.768 Thread 0x0000026077050000 DEOPT UNPACKING pc=0x000002605990a95e sp=0x000000f41b4fd980 mode 0
Event: 8.803 Thread 0x0000026077047000 Uncommon trap: trap_request=0xffffff4d fr.pc=0x0000026061912024 relative=0x0000000000000084
Event: 8.803 Thread 0x0000026077047000 Uncommon trap: reason=unstable_if action=reinterpret pc=0x0000026061912024 method=com.android.tools.r8.internal.im.d(I)Z @ 45 c2
Event: 8.803 Thread 0x0000026077047000 DEOPT PACKING pc=0x0000026061912024 sp=0x000000f41aafe410
Event: 8.803 Thread 0x0000026077047000 DEOPT UNPACKING pc=0x000002605990a1af sp=0x000000f41aafe3a0 mode 2

Classes redefined (0 events):
No events

Internal exceptions (20 events):
Event: 8.288 Thread 0x000002607703d800 Exception <a 'sun/nio/fs/WindowsException'{0x000000008adad528}> (0x000000008adad528) thrown at [./src/hotspot/share/prims/jni.cpp, line 615]
Event: 8.288 Thread 0x000002607703d800 Exception <a 'sun/nio/fs/WindowsException'{0x000000008adae3f0}> (0x000000008adae3f0) thrown at [./src/hotspot/share/prims/jni.cpp, line 615]
Event: 8.289 Thread 0x000002607703d800 Exception <a 'sun/nio/fs/WindowsException'{0x000000008adaf350}> (0x000000008adaf350) thrown at [./src/hotspot/share/prims/jni.cpp, line 615]
Event: 8.289 Thread 0x000002607703d800 Exception <a 'sun/nio/fs/WindowsException'{0x000000008adb0210}> (0x000000008adb0210) thrown at [./src/hotspot/share/prims/jni.cpp, line 615]
Event: 8.296 Thread 0x000002607703d800 Exception <a 'java/lang/NoSuchMethodError'{0x000000008ab1a728}: <clinit>> (0x000000008ab1a728) thrown at [./src/hotspot/share/prims/jni.cpp, line 1365]
Event: 8.298 Thread 0x000002607703d800 Exception <a 'java/lang/NoSuchMethodError'{0x000000008ab57cc8}: <clinit>> (0x000000008ab57cc8) thrown at [./src/hotspot/share/prims/jni.cpp, line 1365]
Event: 8.299 Thread 0x000002607703d800 Exception <a 'java/lang/NoSuchMethodError'{0x000000008ab6a440}: <clinit>> (0x000000008ab6a440) thrown at [./src/hotspot/share/prims/jni.cpp, line 1365]
Event: 8.369 Thread 0x0000026077040800 Exception <a 'java/lang/NoSuchMethodError'{0x000000008a699710}: 'void java.lang.invoke.DirectMethodHandle$Holder.invokeStatic(java.lang.Object, long)'> (0x000000008a699710) thrown at [./src/hotspot/share/interpreter/linkResolver.cpp, line 773]
Event: 8.369 Thread 0x0000026077040800 Exception <a 'java/lang/NoSuchMethodError'{0x000000008a39c1c8}: 'java.lang.Object java.lang.invoke.DirectMethodHandle$Holder.invokeStatic(java.lang.Object, long)'> (0x000000008a39c1c8) thrown at [./src/hotspot/share/interpreter/linkResolver.cpp, line 773]
Event: 8.370 Thread 0x000002607703c800 Exception <a 'java/lang/NoSuchMethodError'{0x000000008a3bff38}: 'java.lang.Object java.lang.invoke.DirectMethodHandle$Holder.invokeStaticInit(java.lang.Object, java.lang.Object, java.lang.Object, java.lang.Object, java.lang.Object, java.lang.Object, java.lang.Object, java.lang.Object, java.lang.Object, java.lang.Object, java.lang.Object, java.lang.Object, java.lang.Object, java.lang.Object, java.lang.Object, java.lang.Object, java.lang.Object, java.lang.Object, int, java.lang.Object, java.lang.Object)'> (0
Event: 8.371 Thread 0x0000026077040800 Exception <a 'java/lang/NoSuchMethodError'{0x000000008a3d9db0}: 'java.lang.Object java.lang.invoke.DirectMethodHandle$Holder.invokeStaticInit(java.lang.Object, java.lang.Object, long, java.lang.Object)'> (0x000000008a3d9db0) thrown at [./src/hotspot/share/interpreter/linkResolver.cpp, line 773]
Event: 8.372 Thread 0x0000026077040800 Exception <a 'java/lang/NoSuchMethodError'{0x000000008a3e0668}: 'java.lang.Object java.lang.invoke.DirectMethodHandle$Holder.invokeStatic(java.lang.Object, java.lang.Object, long)'> (0x000000008a3e0668) thrown at [./src/hotspot/share/interpreter/linkResolver.cpp, line 773]
Event: 8.372 Thread 0x0000026077040800 Exception <a 'java/lang/NoSuchMethodError'{0x000000008a3e7518}: 'java.lang.Object java.lang.invoke.Invokers$Holder.linkToTargetMethod(java.lang.Object, long, java.lang.Object)'> (0x000000008a3e7518) thrown at [./src/hotspot/share/interpreter/linkResolver.cpp, line 773]
Event: 8.490 Thread 0x0000026077040800 Exception <a 'java/lang/NoSuchMethodError'{0x0000000088fd6840}: 'int java.lang.invoke.DirectMethodHandle$Holder.invokeSpecialIFC(java.lang.Object, java.lang.Object, java.lang.Object)'> (0x0000000088fd6840) thrown at [./src/hotspot/share/interpreter/linkResolver.cpp, line 773]
Event: 8.587 Thread 0x0000026077049000 Exception <a 'java/lang/IncompatibleClassChangeError'{0x00000000881dadb0}: Found class java.lang.Object, but interface was expected> (0x00000000881dadb0) thrown at [./src/hotspot/share/interpreter/linkResolver.cpp, line 839]
Event: 8.587 Thread 0x0000026077048000 Exception <a 'java/lang/IncompatibleClassChangeError'{0x00000000881c3678}: Found class java.lang.Object, but interface was expected> (0x00000000881c3678) thrown at [./src/hotspot/share/interpreter/linkResolver.cpp, line 839]
Event: 8.614 Thread 0x000002607704c000 Exception <a 'java/lang/NoSuchMethodError'{0x0000000087ff18f0}: 'java.lang.Object java.lang.invoke.DirectMethodHandle$Holder.newInvokeSpecial(java.lang.Object, int)'> (0x0000000087ff18f0) thrown at [./src/hotspot/share/interpreter/linkResolver.cpp, line 773]
Event: 8.667 Thread 0x0000026077049800 Exception <a 'java/lang/IncompatibleClassChangeError'{0x0000000087b2c6d8}: Found class java.lang.Object, but interface was expected> (0x0000000087b2c6d8) thrown at [./src/hotspot/share/interpreter/linkResolver.cpp, line 839]
Event: 8.667 Thread 0x0000026077049800 Exception <a 'java/lang/IncompatibleClassChangeError'{0x0000000087b39720}: Found class java.lang.Object, but interface was expected> (0x0000000087b39720) thrown at [./src/hotspot/share/interpreter/linkResolver.cpp, line 839]
Event: 8.667 Thread 0x0000026077046800 Exception <a 'java/lang/IncompatibleClassChangeError'{0x0000000087b36578}: Found class java.lang.Object, but interface was expected> (0x0000000087b36578) thrown at [./src/hotspot/share/interpreter/linkResolver.cpp, line 839]

Events (20 events):
Event: 8.682 loading class com/android/tools/r8/graph/W0
Event: 8.682 loading class com/android/tools/r8/graph/W0 done
Event: 8.682 loading class com/android/tools/r8/graph/N2
Event: 8.682 loading class com/android/tools/r8/graph/N2 done
Event: 8.683 loading class com/android/tools/r8/internal/XG
Event: 8.683 loading class com/android/tools/r8/internal/XG done
Event: 8.683 loading class com/android/tools/r8/internal/cH
Event: 8.683 loading class com/android/tools/r8/internal/cH done
Event: 8.695 Executing VM operation: G1CollectForAllocation
Event: 8.706 Executing VM operation: G1CollectForAllocation done
Event: 8.849 Executing VM operation: G1CollectForAllocation
Event: 8.865 Executing VM operation: G1CollectForAllocation done
Event: 8.871 loading class com/android/tools/r8/internal/bf
Event: 8.871 loading class com/android/tools/r8/internal/bf done
Event: 8.872 loading class java/util/concurrent/ConcurrentLinkedQueue$Itr
Event: 8.872 loading class java/util/concurrent/ConcurrentLinkedQueue$Itr done
Event: 8.874 loading class com/android/tools/r8/internal/g2
Event: 8.874 loading class com/android/tools/r8/internal/g2 done
Event: 8.874 loading class com/android/tools/r8/internal/g2
Event: 8.874 loading class com/android/tools/r8/internal/g2 done


Dynamic libraries:
0x00007ff6ed730000 - 0x00007ff6ed73a000 	C:\Program Files\Android\Android Studio\jre\bin\java.exe
0x00007ffe4dc00000 - 0x00007ffe4de09000 	C:\Windows\SYSTEM32\ntdll.dll
0x00007ffe4d170000 - 0x00007ffe4d22d000 	C:\Windows\System32\KERNEL32.DLL
0x00007ffe4b5f0000 - 0x00007ffe4b969000 	C:\Windows\System32\KERNELBASE.dll
0x00007ffe4b970000 - 0x00007ffe4ba81000 	C:\Windows\System32\ucrtbase.dll
0x00007ffe32fe0000 - 0x00007ffe32ff9000 	C:\Program Files\Android\Android Studio\jre\bin\jli.dll
0x00007ffe31e10000 - 0x00007ffe31e27000 	C:\Program Files\Android\Android Studio\jre\bin\VCRUNTIME140.dll
0x00007ffe4c0f0000 - 0x00007ffe4c29c000 	C:\Windows\System32\USER32.dll
0x00007ffe3e850000 - 0x00007ffe3eaf5000 	C:\Windows\WinSxS\amd64_microsoft.windows.common-controls_6595b64144ccf1df_6.0.22000.120_none_9d947278b86cc467\COMCTL32.dll
0x00007ffe4b270000 - 0x00007ffe4b296000 	C:\Windows\System32\win32u.dll
0x00007ffe4c4b0000 - 0x00007ffe4c4d9000 	C:\Windows\System32\GDI32.dll
0x00007ffe4d0b0000 - 0x00007ffe4d153000 	C:\Windows\System32\msvcrt.dll
0x00007ffe4b150000 - 0x00007ffe4b262000 	C:\Windows\System32\gdi32full.dll
0x00007ffe4b490000 - 0x00007ffe4b52d000 	C:\Windows\System32\msvcp_win.dll
0x00007ffe4bce0000 - 0x00007ffe4bd11000 	C:\Windows\System32\IMM32.DLL
0x00007ffe2b460000 - 0x00007ffe2b4fd000 	C:\Program Files\Android\Android Studio\jre\bin\msvcp140.dll
0x00007ffde3050000 - 0x00007ffde3b35000 	C:\Program Files\Android\Android Studio\jre\bin\server\jvm.dll
0x00007ffe4ba90000 - 0x00007ffe4bb3e000 	C:\Windows\System32\ADVAPI32.dll
0x00007ffe4bd20000 - 0x00007ffe4bdbe000 	C:\Windows\System32\sechost.dll
0x00007ffe4be50000 - 0x00007ffe4bf70000 	C:\Windows\System32\RPCRT4.dll
0x00007ffe4d3f0000 - 0x00007ffe4d3f8000 	C:\Windows\System32\PSAPI.DLL
0x00007ffe31450000 - 0x00007ffe31459000 	C:\Windows\SYSTEM32\WSOCK32.dll
0x00007ffe45830000 - 0x00007ffe45863000 	C:\Windows\SYSTEM32\WINMM.dll
0x00007ffe44b40000 - 0x00007ffe44b4a000 	C:\Windows\SYSTEM32\VERSION.dll
0x00007ffe4d040000 - 0x00007ffe4d0af000 	C:\Windows\System32\WS2_32.dll
0x00007ffe4a2d0000 - 0x00007ffe4a2e8000 	C:\Windows\SYSTEM32\kernel.appcore.dll
0x00007ffe264f0000 - 0x00007ffe26501000 	C:\Program Files\Android\Android Studio\jre\bin\verify.dll
0x00007ffe3ae00000 - 0x00007ffe3b021000 	C:\Windows\SYSTEM32\DBGHELP.DLL
0x00007ffe37470000 - 0x00007ffe374a1000 	C:\Windows\SYSTEM32\dbgcore.DLL
0x00007ffe4b410000 - 0x00007ffe4b48f000 	C:\Windows\System32\bcryptPrimitives.dll
0x00007ffe20d10000 - 0x00007ffe20d39000 	C:\Program Files\Android\Android Studio\jre\bin\java.dll
0x00007ffe2ff60000 - 0x00007ffe2ff6b000 	C:\Program Files\Android\Android Studio\jre\bin\jimage.dll
0x00007ffe25900000 - 0x00007ffe25918000 	C:\Program Files\Android\Android Studio\jre\bin\zip.dll
0x00007ffe4d400000 - 0x00007ffe4dbb8000 	C:\Windows\System32\SHELL32.dll
0x00007ffe49260000 - 0x00007ffe49ac8000 	C:\Windows\SYSTEM32\windows.storage.dll
0x00007ffe4cb40000 - 0x00007ffe4ceb9000 	C:\Windows\System32\combase.dll
0x00007ffe490f0000 - 0x00007ffe49256000 	C:\Windows\SYSTEM32\wintypes.dll
0x00007ffe4cec0000 - 0x00007ffe4cfaa000 	C:\Windows\System32\SHCORE.dll
0x00007ffe4bfe0000 - 0x00007ffe4c03d000 	C:\Windows\System32\shlwapi.dll
0x00007ffe4b010000 - 0x00007ffe4b031000 	C:\Windows\SYSTEM32\profapi.dll
0x00007ffe22180000 - 0x00007ffe2219a000 	C:\Program Files\Android\Android Studio\jre\bin\net.dll
0x00007ffe45870000 - 0x00007ffe4597c000 	C:\Windows\SYSTEM32\WINHTTP.dll
0x00007ffe4a700000 - 0x00007ffe4a767000 	C:\Windows\system32\mswsock.dll
0x00007ffe20df0000 - 0x00007ffe20e04000 	C:\Program Files\Android\Android Studio\jre\bin\nio.dll
0x00007ffe27780000 - 0x00007ffe277a7000 	C:\Users\datico\.gradle\native\e1d6ef7f7dcc3fd88c89a11ec53ec762bb8ba0a96d01ffa2cd45eb1d1d8dd5c5\windows-amd64\native-platform.dll
0x00007ffe1fce0000 - 0x00007ffe1fe24000 	C:\Users\datico\.gradle\native\5664cfc778a61ccfe75a443a1ab52a65af34e5dc3c78e0209fed803814484fcb\windows-amd64\native-platform-file-events.dll
0x00007ffe2feb0000 - 0x00007ffe2feba000 	C:\Program Files\Android\Android Studio\jre\bin\management.dll
0x00007ffe2fa60000 - 0x00007ffe2fa6d000 	C:\Program Files\Android\Android Studio\jre\bin\management_ext.dll
0x00007ffe4a940000 - 0x00007ffe4a958000 	C:\Windows\SYSTEM32\CRYPTSP.dll
0x00007ffe4a230000 - 0x00007ffe4a265000 	C:\Windows\system32\rsaenh.dll
0x00007ffe4a7f0000 - 0x00007ffe4a819000 	C:\Windows\SYSTEM32\USERENV.dll
0x00007ffe4aac0000 - 0x00007ffe4aae7000 	C:\Windows\SYSTEM32\bcrypt.dll
0x00007ffe4a960000 - 0x00007ffe4a96c000 	C:\Windows\SYSTEM32\CRYPTBASE.dll
0x00007ffe49e00000 - 0x00007ffe49e2d000 	C:\Windows\SYSTEM32\IPHLPAPI.DLL
0x00007ffe4c4e0000 - 0x00007ffe4c4e9000 	C:\Windows\System32\NSI.dll
0x00007ffe45700000 - 0x00007ffe45719000 	C:\Windows\SYSTEM32\dhcpcsvc6.DLL
0x00007ffe463a0000 - 0x00007ffe463be000 	C:\Windows\SYSTEM32\dhcpcsvc.DLL
0x00007ffe49e70000 - 0x00007ffe49f58000 	C:\Windows\SYSTEM32\DNSAPI.dll

dbghelp: loaded successfully - version: 4.0.5 - missing functions: none
symbol engine: initialized successfully - sym options: 0x614 - pdb path: .;C:\Program Files\Android\Android Studio\jre\bin;C:\Windows\SYSTEM32;C:\Windows\WinSxS\amd64_microsoft.windows.common-controls_6595b64144ccf1df_6.0.22000.120_none_9d947278b86cc467;C:\Program Files\Android\Android Studio\jre\bin\server;C:\Users\datico\.gradle\native\e1d6ef7f7dcc3fd88c89a11ec53ec762bb8ba0a96d01ffa2cd45eb1d1d8dd5c5\windows-amd64;C:\Users\datico\.gradle\native\5664cfc778a61ccfe75a443a1ab52a65af34e5dc3c78e0209fed803814484fcb\windows-amd64

VM Arguments:
jvm_args: --add-opens=java.base/java.util=ALL-UNNAMED --add-opens=java.base/java.lang=ALL-UNNAMED --add-opens=java.base/java.lang.invoke=ALL-UNNAMED --add-opens=java.base/java.util=ALL-UNNAMED --add-opens=java.prefs/java.util.prefs=ALL-UNNAMED --add-opens=java.prefs/java.util.prefs=ALL-UNNAMED --add-opens=java.base/java.nio.charset=ALL-UNNAMED --add-opens=java.base/java.net=ALL-UNNAMED --add-opens=java.base/java.util.concurrent.atomic=ALL-UNNAMED -Xmx2048m -Dfile.encoding=UTF-8 -Duser.country=RU -Duser.language=ru -Duser.variant 
java_command: org.gradle.launcher.daemon.bootstrap.GradleDaemon 7.3.3
java_class_path (initial): C:\Users\datico\.gradle\wrapper\dists\gradle-7.3.3-bin\6a41zxkdtcxs8rphpq6y0069z\gradle-7.3.3\lib\gradle-launcher-7.3.3.jar
Launcher Type: SUN_STANDARD

[Global flags]
     intx CICompilerCount                          = 4                                         {product} {ergonomic}
     uint ConcGCThreads                            = 3                                         {product} {ergonomic}
     uint G1ConcRefinementThreads                  = 10                                        {product} {ergonomic}
   size_t G1HeapRegionSize                         = 1048576                                   {product} {ergonomic}
    uintx GCDrainStackTargetSize                   = 64                                        {product} {ergonomic}
   size_t InitialHeapSize                          = 134217728                                 {product} {ergonomic}
   size_t MarkStackSize                            = 4194304                                   {product} {ergonomic}
   size_t MaxHeapSize                              = 2147483648                                {product} {command line}
   size_t MaxNewSize                               = 1287651328                                {product} {ergonomic}
   size_t MinHeapDeltaBytes                        = 1048576                                   {product} {ergonomic}
    uintx NonNMethodCodeHeapSize                   = 5836300                                {pd product} {ergonomic}
    uintx NonProfiledCodeHeapSize                  = 122910970                              {pd product} {ergonomic}
    uintx ProfiledCodeHeapSize                     = 122910970                              {pd product} {ergonomic}
    uintx ReservedCodeCacheSize                    = 251658240                              {pd product} {ergonomic}
     bool SegmentedCodeCache                       = true                                      {product} {ergonomic}
     bool UseCompressedClassPointers               = true                                 {lp64_product} {ergonomic}
     bool UseCompressedOops                        = true                                 {lp64_product} {ergonomic}
     bool UseG1GC                                  = true                                      {product} {ergonomic}
     bool UseLargePagesIndividualAllocation        = false                                  {pd product} {ergonomic}

Logging:
Log output configuration:
 #0: stdout all=warning uptime,level,tags
 #1: stderr all=off uptime,level,tags

Environment Variables:
PATH=C:\Windows\system32;C:\Windows;C:\Windows\System32\Wbem;C:\Windows\System32\WindowsPowerShell\v1.0\;C:\Windows\System32\OpenSSH\;C:\Program Files\NVIDIA Corporation\NVIDIA NvDLISR;C:\Program Files (x86)\NVIDIA Corporation\PhysX\Common;C:\Users\datico\AppData\Local\Microsoft\WindowsApps;
USERNAME=datico
OS=Windows_NT
PROCESSOR_IDENTIFIER=AMD64 Family 23 Model 113 Stepping 0, AuthenticAMD



---------------  S Y S T E M  ---------------

OS: Windows 10 , 64 bit Build 22000 (10.0.22000.708)
OS uptime: 3 days 21:21 hours

CPU:total 12 (initial active 12) (12 cores per cpu, 2 threads per core) family 23 model 113 stepping 0 microcode 0x0, cmov, cx8, fxsr, mmx, sse, sse2, sse3, ssse3, sse4.1, sse4.2, popcnt, avx, avx2, aes, clmul, mmxext, 3dnowpref, lzcnt, sse4a, ht, tsc, tscinvbit, tscinv, bmi1, bmi2, adx, sha, fma

Memory: 4k page, system-wide physical 8140M (322M free)
TotalPageFile size 22357M (AvailPageFile size 5M)
current process WorkingSet (physical memory assigned to process): 477M, peak: 477M
current process commit charge ("private bytes"): 519M, peak: 519M

vm_info: OpenJDK 64-Bit Server VM (11.0.12+7-b1504.28-7817840) for windows-amd64 JRE (11.0.12+7-b1504.28-7817840), built on Oct 13 2021 22:12:33 by "builder" with MS VC++ 14.0 (VS2015)

END.
