#
# There is insufficient memory for the Java Runtime Environment to continue.
# Native memory allocation (malloc) failed to allocate 1147376 bytes for Chunk::new
# Possible reasons:
#   The system is out of physical RAM or swap space
#   The process is running with CompressedOops enabled, and the Java Heap may be blocking the growth of the native heap
# Possible solutions:
#   Reduce memory load on the system
#   Increase physical memory or swap space
#   Check if swap backing store is full
#   Decrease Java heap size (-Xmx/-Xms)
#   Decrease number of Java threads
#   Decrease Java thread stack sizes (-Xss)
#   Set larger code cache with -XX:ReservedCodeCacheSize=
#   JVM is running with Unscaled Compressed Oops mode in which the Java heap is
#     placed in the first 4GB address space. The Java Heap base address is the
#     maximum limit for the native heap growth. Please use -XX:HeapBaseMinAddress
#     to set the Java Heap base and to place the Java Heap above 4GB virtual address.
# This output file may be truncated or incomplete.
#
#  Out of Memory Error (./src/hotspot/share/memory/arena.cpp:197), pid=17040, tid=20792
#
# JRE version: OpenJDK Runtime Environment (11.0.12+7) (build 11.0.12+7-b1504.28-7817840)
# Java VM: OpenJDK 64-Bit Server VM (11.0.12+7-b1504.28-7817840, mixed mode, tiered, compressed oops, g1 gc, windows-amd64)
# No core dump will be written. Minidumps are not enabled by default on client versions of Windows
#

---------------  S U M M A R Y ------------

Command Line: --add-opens=java.base/java.util=ALL-UNNAMED --add-opens=java.base/java.lang=ALL-UNNAMED --add-opens=java.base/java.lang.invoke=ALL-UNNAMED --add-opens=java.base/java.util=ALL-UNNAMED --add-opens=java.prefs/java.util.prefs=ALL-UNNAMED --add-opens=java.prefs/java.util.prefs=ALL-UNNAMED --add-opens=java.base/java.nio.charset=ALL-UNNAMED --add-opens=java.base/java.net=ALL-UNNAMED --add-opens=java.base/java.util.concurrent.atomic=ALL-UNNAMED -Xmx2048m -Dfile.encoding=UTF-8 -Duser.country=RU -Duser.language=ru -Duser.variant org.gradle.launcher.daemon.bootstrap.GradleDaemon 7.3.3

Host: AMD Ryzen 5 3600 6-Core Processor              , 12 cores, 7G,  Windows 10 , 64 bit Build 22000 (10.0.22000.708)
Time: Thu Jul 14 14:01:24 2022 RTZ 2 (зима) elapsed time: 9.858152 seconds (0d 0h 0m 9s)

---------------  T H R E A D  ---------------

Current thread (0x000001a5f1843000):  JavaThread "C2 CompilerThread0" daemon [_thread_in_native, id=20792, stack(0x00000010f5900000,0x00000010f5a00000)]


Current CompileTask:
C2:   9858 10974 %     4       com.android.tools.r8.dex.j::a @ 44 (1042 bytes)

Stack: [0x00000010f5900000,0x00000010f5a00000]
Native frames: (J=compiled Java code, j=interpreted, Vv=VM code, C=native code)
V  [jvm.dll+0x5fbcea]
V  [jvm.dll+0x731905]
V  [jvm.dll+0x732f1d]
V  [jvm.dll+0x7335d3]
V  [jvm.dll+0x247bf8]
V  [jvm.dll+0xc018c]
V  [jvm.dll+0xc06cc]
V  [jvm.dll+0x2bcc04]
V  [jvm.dll+0x5113a8]
V  [jvm.dll+0x208303]
V  [jvm.dll+0x201fe0]
V  [jvm.dll+0x1ff71f]
V  [jvm.dll+0x18868c]
V  [jvm.dll+0x20e0d7]
V  [jvm.dll+0x20c901]
V  [jvm.dll+0x6f9b7f]
V  [jvm.dll+0x6f26a5]
V  [jvm.dll+0x5fabf6]
C  [ucrtbase.dll+0x26c0c]
C  [KERNEL32.DLL+0x154e0]
C  [ntdll.dll+0x485b]


---------------  P R O C E S S  ---------------

Threads class SMR info:
_java_thread_list=0x000001a5fa7426c0, length=207, elements={
0x000001a5d662d800, 0x000001a5f0efd000, 0x000001a5f0f08000, 0x000001a5f1840800,
0x000001a5f1841000, 0x000001a5f1842000, 0x000001a5f1843000, 0x000001a5f1844000,
0x000001a5f1891800, 0x000001a5f19fc000, 0x000001a5f2bda800, 0x000001a5f3d52000,
0x000001a5f3e3a800, 0x000001a5f3827800, 0x000001a5f33af800, 0x000001a5f33ea000,
0x000001a5f33aa800, 0x000001a5f3e38800, 0x000001a5f3841000, 0x000001a5f3841800,
0x000001a5f383f000, 0x000001a5f3842800, 0x000001a5f383e800, 0x000001a5f3843800,
0x000001a5f3844000, 0x000001a5f3845000, 0x000001a5f3840000, 0x000001a5f3f85800,
0x000001a5f3f84800, 0x000001a5f3f8b800, 0x000001a5f3f87000, 0x000001a5f3f88000,
0x000001a5f3f8c000, 0x000001a5f3f86800, 0x000001a5f3f89000, 0x000001a5f3f8d000,
0x000001a5f3f93800, 0x000001a5f3f8e800, 0x000001a5f3f92800, 0x000001a5f3f92000,
0x000001a5f3f91000, 0x000001a5f3f8d800, 0x000001a5f3f8f800, 0x000001a5f3f90000,
0x000001a5f63de800, 0x000001a5f63dc000, 0x000001a5f63dd800, 0x000001a5f63db800,
0x000001a5f63e2000, 0x000001a5f63df800, 0x000001a5f63e0000, 0x000001a5f63e1000,
0x000001a5f63dd000, 0x000001a5f63e8800, 0x000001a5f63e6800, 0x000001a5f63e4800,
0x000001a5f63e5000, 0x000001a5f63e3800, 0x000001a5f63e6000, 0x000001a5f63e2800,
0x000001a5f63ea000, 0x000001a5f63e7800, 0x000001a5f63e9000, 0x000001a5f61dc800,
0x000001a5f61dd800, 0x000001a5f61de000, 0x000001a5f61df000, 0x000001a5f61d9000,
0x000001a5f61df800, 0x000001a5f61da000, 0x000001a5f61e0800, 0x000001a5f61db000,
0x000001a5f61e1800, 0x000001a5f61db800, 0x000001a5f61e4800, 0x000001a5f61e7000,
0x000001a5f61e2000, 0x000001a5f61e8000, 0x000001a5f61e3000, 0x000001a5f61e4000,
0x000001a5f61e6000, 0x000001a5f61e5800, 0x000001a5f6668800, 0x000001a5f6669800,
0x000001a5f666a000, 0x000001a5f666c800, 0x000001a5f666d800, 0x000001a5f666b000,
0x000001a5f666c000, 0x000001a5f6668000, 0x000001a5f666f000, 0x000001a5f6674000,
0x000001a5f666e800, 0x000001a5f6671000, 0x000001a5f6675000, 0x000001a5f6673000,
0x000001a5f6671800, 0x000001a5f6675800, 0x000001a5f6672800, 0x000001a5f6670000,
0x000001a5f6676800, 0x000001a5f7d70000, 0x000001a5f7d72800, 0x000001a5f7d74000,
0x000001a5f7d73800, 0x000001a5f7d71800, 0x000001a5f7d75000, 0x000001a5f7d6f000,
0x000001a5f7d71000, 0x000001a5f7d79000, 0x000001a5f7d75800, 0x000001a5f7d7b800,
0x000001a5f7d7c800, 0x000001a5f7d7a000, 0x000001a5f7d76800, 0x000001a5f7d7a800,
0x000001a5f7d7d000, 0x000001a5f7d77800, 0x000001a5f7d78000, 0x000001a5f7d7e000,
0x000001a5f6589000, 0x000001a5f658b000, 0x000001a5f6588800, 0x000001a5f658b800,
0x000001a5f6586000, 0x000001a5f658c800, 0x000001a5f6586800, 0x000001a5f658a000,
0x000001a5f6587800, 0x000001a5f658f800, 0x000001a5f658e000, 0x000001a5f658d800,
0x000001a5f6591800, 0x000001a5f6594800, 0x000001a5f6593000, 0x000001a5f6592000,
0x000001a5f6594000, 0x000001a5f658f000, 0x000001a5f6590800, 0x000001a5f6453000,
0x000001a5f6451000, 0x000001a5f6455800, 0x000001a5f6457800, 0x000001a5f6452800,
0x000001a5f6451800, 0x000001a5f6454000, 0x000001a5f6458000, 0x000001a5f6459000,
0x000001a5f6459800, 0x000001a5f6456800, 0x000001a5f645a800, 0x000001a5f6455000,
0x000001a5f645f800, 0x000001a5f645e800, 0x000001a5f645e000, 0x000001a5f645d000,
0x000001a5f645b800, 0x000001a5f645c000, 0x000001a5f623c800, 0x000001a5f623d000,
0x000001a5f6239000, 0x000001a5f623a000, 0x000001a5f623f800, 0x000001a5f6240800,
0x000001a5f623f000, 0x000001a5f623b000, 0x000001a5f6241800, 0x000001a5f623b800,
0x000001a5f6242000, 0x000001a5f6244000, 0x000001a5f6243000, 0x000001a5f623e000,
0x000001a5f6247000, 0x000001a5f6246000, 0x000001a5f6245800, 0x000001a5f6248000,
0x000001a5f6244800, 0x000001a5fa690000, 0x000001a5fa68d800, 0x000001a5fa68a800,
0x000001a5fa691000, 0x000001a5fa68f000, 0x000001a5fa68e800, 0x000001a5fa68c000,
0x000001a5fa68c800, 0x000001a5fa68b000, 0x000001a5fa693800, 0x000001a5fa694000,
0x000001a5fa695000, 0x000001a5fa697800, 0x000001a5fa691800, 0x000001a5fa692800,
0x000001a5fa69a800, 0x000001a5fa696800, 0x000001a5fa695800, 0x000001a5fa69b800,
0x000001a5fa699000, 0x000001a5fa69c000, 0x000001a5fa69d000, 0x000001a5fa69a000,
0x000001a5fa69e000, 0x000001a5fa698000, 0x000001a5fa69e800, 0x000001a5fa6a1000,
0x000001a5fa6a3000, 0x000001a5fa6a5000, 0x000001a5fa6a4800
}

Java Threads: ( => current thread )
  0x000001a5d662d800 JavaThread "main" [_thread_blocked, id=22076, stack(0x00000010f4d00000,0x00000010f4e00000)]
  0x000001a5f0efd000 JavaThread "Reference Handler" daemon [_thread_blocked, id=20088, stack(0x00000010f5400000,0x00000010f5500000)]
  0x000001a5f0f08000 JavaThread "Finalizer" daemon [_thread_blocked, id=21204, stack(0x00000010f5500000,0x00000010f5600000)]
  0x000001a5f1840800 JavaThread "Signal Dispatcher" daemon [_thread_blocked, id=18876, stack(0x00000010f5600000,0x00000010f5700000)]
  0x000001a5f1841000 JavaThread "Attach Listener" daemon [_thread_blocked, id=22104, stack(0x00000010f5700000,0x00000010f5800000)]
  0x000001a5f1842000 JavaThread "Service Thread" daemon [_thread_blocked, id=17212, stack(0x00000010f5800000,0x00000010f5900000)]
=>0x000001a5f1843000 JavaThread "C2 CompilerThread0" daemon [_thread_in_native, id=20792, stack(0x00000010f5900000,0x00000010f5a00000)]
  0x000001a5f1844000 JavaThread "C1 CompilerThread0" daemon [_thread_blocked, id=21496, stack(0x00000010f5a00000,0x00000010f5b00000)]
  0x000001a5f1891800 JavaThread "Sweeper thread" daemon [_thread_blocked, id=5152, stack(0x00000010f5b00000,0x00000010f5c00000)]
  0x000001a5f19fc000 JavaThread "Common-Cleaner" daemon [_thread_blocked, id=20732, stack(0x00000010f5c00000,0x00000010f5d00000)]
  0x000001a5f2bda800 JavaThread "Daemon health stats" [_thread_blocked, id=14936, stack(0x00000010f6000000,0x00000010f6100000)]
  0x000001a5f3d52000 JavaThread "Incoming local TCP Connector on port 63693" [_thread_in_native, id=18568, stack(0x00000010f6100000,0x00000010f6200000)]
  0x000001a5f3e3a800 JavaThread "Daemon periodic checks" [_thread_blocked, id=20624, stack(0x00000010f6200000,0x00000010f6300000)]
  0x000001a5f3827800 JavaThread "Daemon" [_thread_blocked, id=14112, stack(0x00000010f6300000,0x00000010f6400000)]
  0x000001a5f33af800 JavaThread "Handler for socket connection from /127.0.0.1:63693 to /127.0.0.1:63694" [_thread_in_native, id=9560, stack(0x00000010f6400000,0x00000010f6500000)]
  0x000001a5f33ea000 JavaThread "Cancel handler" [_thread_blocked, id=22272, stack(0x00000010f6500000,0x00000010f6600000)]
  0x000001a5f33aa800 JavaThread "Daemon worker" [_thread_blocked, id=6692, stack(0x00000010f6600000,0x00000010f6700000)]
  0x000001a5f3e38800 JavaThread "Asynchronous log dispatcher for DefaultDaemonConnection: socket connection from /127.0.0.1:63693 to /127.0.0.1:63694" [_thread_blocked, id=8360, stack(0x00000010f6700000,0x00000010f6800000)]
  0x000001a5f3841000 JavaThread "Stdin handler" [_thread_blocked, id=18456, stack(0x00000010f6800000,0x00000010f6900000)]
  0x000001a5f3841800 JavaThread "Daemon client event forwarder" [_thread_blocked, id=9752, stack(0x00000010f6900000,0x00000010f6a00000)]
  0x000001a5f383f000 JavaThread "Cache worker for journal cache (C:\Users\datico\.gradle\caches\journal-1)" [_thread_blocked, id=22136, stack(0x00000010f7100000,0x00000010f7200000)]
  0x000001a5f3842800 JavaThread "File lock request listener" [_thread_in_native, id=8436, stack(0x00000010f7200000,0x00000010f7300000)]
  0x000001a5f383e800 JavaThread "Cache worker for file hash cache (C:\Users\datico\.gradle\caches\7.3.3\fileHashes)" [_thread_blocked, id=17384, stack(0x00000010f7300000,0x00000010f7400000)]
  0x000001a5f3843800 JavaThread "Cache worker for file hash cache (C:\Users\datico\AndroidStudioProjects\MoneyManager2\.gradle\7.3.3\fileHashes)" [_thread_blocked, id=20980, stack(0x00000010f7600000,0x00000010f7700000)]
  0x000001a5f3844000 JavaThread "File watcher server" daemon [_thread_in_native, id=12424, stack(0x00000010f7700000,0x00000010f7800000)]
  0x000001a5f3845000 JavaThread "File watcher consumer" daemon [_thread_blocked, id=13656, stack(0x00000010f7800000,0x00000010f7900000)]
  0x000001a5f3840000 JavaThread "Cache worker for checksums cache (C:\Users\datico\AndroidStudioProjects\MoneyManager2\.gradle\7.3.3\checksums)" [_thread_blocked, id=8072, stack(0x00000010f7900000,0x00000010f7a00000)]
  0x000001a5f3f85800 JavaThread "Cache worker for cache directory md-supplier (C:\Users\datico\.gradle\caches\7.3.3\md-supplier)" [_thread_blocked, id=22180, stack(0x00000010f7a00000,0x00000010f7b00000)]
  0x000001a5f3f84800 JavaThread "Cache worker for cache directory md-rule (C:\Users\datico\.gradle\caches\7.3.3\md-rule)" [_thread_blocked, id=9220, stack(0x00000010f7b00000,0x00000010f7c00000)]
  0x000001a5f3f8b800 JavaThread "Cache worker for execution history cache (C:\Users\datico\.gradle\caches\7.3.3\executionHistory)" [_thread_blocked, id=7092, stack(0x00000010f7c00000,0x00000010f7d00000)]
  0x000001a5f3f87000 JavaThread "jar transforms" [_thread_blocked, id=15796, stack(0x00000010f7d00000,0x00000010f7e00000)]
  0x000001a5f3f88000 JavaThread "Cache worker for file content cache (C:\Users\datico\.gradle\caches\7.3.3\fileContent)" [_thread_blocked, id=18908, stack(0x00000010f7e00000,0x00000010f7f00000)]
  0x000001a5f3f8c000 JavaThread "jar transforms Thread 2" [_thread_blocked, id=7080, stack(0x00000010f7f00000,0x00000010f8000000)]
  0x000001a5f3f86800 JavaThread "Cache worker for dependencies-accessors (C:\Users\datico\AndroidStudioProjects\MoneyManager2\.gradle\7.3.3\dependencies-accessors)" [_thread_blocked, id=14696, stack(0x00000010f8000000,0x00000010f8100000)]
  0x000001a5f3f89000 JavaThread "jar transforms Thread 3" [_thread_blocked, id=5856, stack(0x00000010f8100000,0x00000010f8200000)]
  0x000001a5f3f8d000 JavaThread "Cache worker for Build Output Cleanup Cache (C:\Users\datico\AndroidStudioProjects\MoneyManager2\.gradle\buildOutputCleanup)" [_thread_blocked, id=17272, stack(0x00000010f8200000,0x00000010f8300000)]
  0x000001a5f3f93800 JavaThread "Unconstrained build operations" [_thread_blocked, id=7004, stack(0x00000010f8300000,0x00000010f8400000)]
  0x000001a5f3f8e800 JavaThread "Unconstrained build operations Thread 2" [_thread_blocked, id=19564, stack(0x00000010f8400000,0x00000010f8500000)]
  0x000001a5f3f92800 JavaThread "Unconstrained build operations Thread 3" [_thread_blocked, id=7172, stack(0x00000010f8500000,0x00000010f8600000)]
  0x000001a5f3f92000 JavaThread "Unconstrained build operations Thread 4" [_thread_blocked, id=6924, stack(0x00000010f8600000,0x00000010f8700000)]
  0x000001a5f3f91000 JavaThread "Unconstrained build operations Thread 5" [_thread_blocked, id=15860, stack(0x00000010f8700000,0x00000010f8800000)]
  0x000001a5f3f8d800 JavaThread "Unconstrained build operations Thread 6" [_thread_blocked, id=22400, stack(0x00000010f8800000,0x00000010f8900000)]
  0x000001a5f3f8f800 JavaThread "Unconstrained build operations Thread 7" [_thread_blocked, id=15676, stack(0x00000010f8900000,0x00000010f8a00000)]
  0x000001a5f3f90000 JavaThread "Unconstrained build operations Thread 8" [_thread_blocked, id=18796, stack(0x00000010f8a00000,0x00000010f8b00000)]
  0x000001a5f63de800 JavaThread "Unconstrained build operations Thread 9" [_thread_blocked, id=292, stack(0x00000010f8b00000,0x00000010f8c00000)]
  0x000001a5f63dc000 JavaThread "Unconstrained build operations Thread 10" [_thread_blocked, id=21368, stack(0x00000010f8c00000,0x00000010f8d00000)]
  0x000001a5f63dd800 JavaThread "Unconstrained build operations Thread 11" [_thread_blocked, id=13940, stack(0x00000010f8d00000,0x00000010f8e00000)]
  0x000001a5f63db800 JavaThread "Unconstrained build operations Thread 12" [_thread_blocked, id=19688, stack(0x00000010f8e00000,0x00000010f8f00000)]
  0x000001a5f63e2000 JavaThread "Unconstrained build operations Thread 13" [_thread_blocked, id=20544, stack(0x00000010f8f00000,0x00000010f9000000)]
  0x000001a5f63df800 JavaThread "Unconstrained build operations Thread 14" [_thread_blocked, id=18084, stack(0x00000010f9000000,0x00000010f9100000)]
  0x000001a5f63e0000 JavaThread "Unconstrained build operations Thread 15" [_thread_blocked, id=13904, stack(0x00000010f9100000,0x00000010f9200000)]
  0x000001a5f63e1000 JavaThread "Unconstrained build operations Thread 16" [_thread_blocked, id=18868, stack(0x00000010f9200000,0x00000010f9300000)]
  0x000001a5f63dd000 JavaThread "Unconstrained build operations Thread 17" [_thread_blocked, id=22360, stack(0x00000010f9300000,0x00000010f9400000)]
  0x000001a5f63e8800 JavaThread "Unconstrained build operations Thread 18" [_thread_blocked, id=15316, stack(0x00000010f9400000,0x00000010f9500000)]
  0x000001a5f63e6800 JavaThread "Unconstrained build operations Thread 19" [_thread_blocked, id=11940, stack(0x00000010f9500000,0x00000010f9600000)]
  0x000001a5f63e4800 JavaThread "Unconstrained build operations Thread 20" [_thread_blocked, id=7384, stack(0x00000010f9600000,0x00000010f9700000)]
  0x000001a5f63e5000 JavaThread "Unconstrained build operations Thread 21" [_thread_blocked, id=8016, stack(0x00000010f9700000,0x00000010f9800000)]
  0x000001a5f63e3800 JavaThread "Unconstrained build operations Thread 22" [_thread_blocked, id=17544, stack(0x00000010f9800000,0x00000010f9900000)]
  0x000001a5f63e6000 JavaThread "Unconstrained build operations Thread 23" [_thread_blocked, id=9532, stack(0x00000010f9900000,0x00000010f9a00000)]
  0x000001a5f63e2800 JavaThread "Unconstrained build operations Thread 24" [_thread_blocked, id=10392, stack(0x00000010f9a00000,0x00000010f9b00000)]
  0x000001a5f63ea000 JavaThread "Unconstrained build operations Thread 25" [_thread_blocked, id=22204, stack(0x00000010f9b00000,0x00000010f9c00000)]
  0x000001a5f63e7800 JavaThread "Unconstrained build operations Thread 26" [_thread_blocked, id=15152, stack(0x00000010f9c00000,0x00000010f9d00000)]
  0x000001a5f63e9000 JavaThread "Unconstrained build operations Thread 27" [_thread_blocked, id=644, stack(0x00000010f9d00000,0x00000010f9e00000)]
  0x000001a5f61dc800 JavaThread "Unconstrained build operations Thread 28" [_thread_blocked, id=14268, stack(0x00000010f9e00000,0x00000010f9f00000)]
  0x000001a5f61dd800 JavaThread "Unconstrained build operations Thread 29" [_thread_blocked, id=13416, stack(0x00000010f9f00000,0x00000010fa000000)]
  0x000001a5f61de000 JavaThread "Unconstrained build operations Thread 30" [_thread_blocked, id=1568, stack(0x00000010fa000000,0x00000010fa100000)]
  0x000001a5f61df000 JavaThread "Unconstrained build operations Thread 31" [_thread_blocked, id=5452, stack(0x00000010fa100000,0x00000010fa200000)]
  0x000001a5f61d9000 JavaThread "Unconstrained build operations Thread 32" [_thread_blocked, id=3064, stack(0x00000010fa200000,0x00000010fa300000)]
  0x000001a5f61df800 JavaThread "Unconstrained build operations Thread 33" [_thread_blocked, id=16024, stack(0x00000010fa300000,0x00000010fa400000)]
  0x000001a5f61da000 JavaThread "Unconstrained build operations Thread 34" [_thread_blocked, id=11832, stack(0x00000010fa400000,0x00000010fa500000)]
  0x000001a5f61e0800 JavaThread "Unconstrained build operations Thread 35" [_thread_blocked, id=17388, stack(0x00000010fa500000,0x00000010fa600000)]
  0x000001a5f61db000 JavaThread "Unconstrained build operations Thread 36" [_thread_blocked, id=12172, stack(0x00000010fa600000,0x00000010fa700000)]
  0x000001a5f61e1800 JavaThread "Unconstrained build operations Thread 37" [_thread_blocked, id=16708, stack(0x00000010fa700000,0x00000010fa800000)]
  0x000001a5f61db800 JavaThread "Unconstrained build operations Thread 38" [_thread_blocked, id=10288, stack(0x00000010fa800000,0x00000010fa900000)]
  0x000001a5f61e4800 JavaThread "Unconstrained build operations Thread 39" [_thread_blocked, id=15568, stack(0x00000010fa900000,0x00000010faa00000)]
  0x000001a5f61e7000 JavaThread "Unconstrained build operations Thread 40" [_thread_blocked, id=2340, stack(0x00000010faa00000,0x00000010fab00000)]
  0x000001a5f61e2000 JavaThread "Unconstrained build operations Thread 41" [_thread_blocked, id=15812, stack(0x00000010fab00000,0x00000010fac00000)]
  0x000001a5f61e8000 JavaThread "Unconstrained build operations Thread 42" [_thread_blocked, id=10052, stack(0x00000010fac00000,0x00000010fad00000)]
  0x000001a5f61e3000 JavaThread "Unconstrained build operations Thread 43" [_thread_blocked, id=18188, stack(0x00000010fad00000,0x00000010fae00000)]
  0x000001a5f61e4000 JavaThread "Unconstrained build operations Thread 44" [_thread_blocked, id=7360, stack(0x00000010fae00000,0x00000010faf00000)]
  0x000001a5f61e6000 JavaThread "Unconstrained build operations Thread 45" [_thread_blocked, id=3824, stack(0x00000010faf00000,0x00000010fb000000)]
  0x000001a5f61e5800 JavaThread "Unconstrained build operations Thread 46" [_thread_blocked, id=16780, stack(0x00000010fb000000,0x00000010fb100000)]
  0x000001a5f6668800 JavaThread "Unconstrained build operations Thread 47" [_thread_blocked, id=21748, stack(0x00000010fb100000,0x00000010fb200000)]
  0x000001a5f6669800 JavaThread "Unconstrained build operations Thread 48" [_thread_blocked, id=18656, stack(0x00000010fb200000,0x00000010fb300000)]
  0x000001a5f666a000 JavaThread "Unconstrained build operations Thread 49" [_thread_blocked, id=2792, stack(0x00000010fb300000,0x00000010fb400000)]
  0x000001a5f666c800 JavaThread "Unconstrained build operations Thread 50" [_thread_blocked, id=15724, stack(0x00000010fb400000,0x00000010fb500000)]
  0x000001a5f666d800 JavaThread "Unconstrained build operations Thread 51" [_thread_blocked, id=2616, stack(0x00000010fb500000,0x00000010fb600000)]
  0x000001a5f666b000 JavaThread "Unconstrained build operations Thread 52" [_thread_blocked, id=22452, stack(0x00000010fb600000,0x00000010fb700000)]
  0x000001a5f666c000 JavaThread "Unconstrained build operations Thread 53" [_thread_blocked, id=14932, stack(0x00000010fb700000,0x00000010fb800000)]
  0x000001a5f6668000 JavaThread "Unconstrained build operations Thread 54" [_thread_blocked, id=8376, stack(0x00000010fb800000,0x00000010fb900000)]
  0x000001a5f666f000 JavaThread "Unconstrained build operations Thread 55" [_thread_blocked, id=17884, stack(0x00000010fb900000,0x00000010fba00000)]
  0x000001a5f6674000 JavaThread "Unconstrained build operations Thread 56" [_thread_blocked, id=13668, stack(0x00000010fba00000,0x00000010fbb00000)]
  0x000001a5f666e800 JavaThread "Unconstrained build operations Thread 57" [_thread_blocked, id=3120, stack(0x00000010fbb00000,0x00000010fbc00000)]
  0x000001a5f6671000 JavaThread "Unconstrained build operations Thread 58" [_thread_blocked, id=9368, stack(0x00000010fbc00000,0x00000010fbd00000)]
  0x000001a5f6675000 JavaThread "Unconstrained build operations Thread 59" [_thread_blocked, id=11480, stack(0x00000010fbd00000,0x00000010fbe00000)]
  0x000001a5f6673000 JavaThread "Unconstrained build operations Thread 60" [_thread_blocked, id=10852, stack(0x00000010fbe00000,0x00000010fbf00000)]
  0x000001a5f6671800 JavaThread "Unconstrained build operations Thread 61" [_thread_blocked, id=12460, stack(0x00000010fbf00000,0x00000010fc000000)]
  0x000001a5f6675800 JavaThread "Unconstrained build operations Thread 62" [_thread_blocked, id=20096, stack(0x00000010fc000000,0x00000010fc100000)]
  0x000001a5f6672800 JavaThread "Unconstrained build operations Thread 63" [_thread_blocked, id=10660, stack(0x00000010fc100000,0x00000010fc200000)]
  0x000001a5f6670000 JavaThread "Unconstrained build operations Thread 64" [_thread_blocked, id=17184, stack(0x00000010fc200000,0x00000010fc300000)]
  0x000001a5f6676800 JavaThread "Unconstrained build operations Thread 65" [_thread_blocked, id=1060, stack(0x00000010fc300000,0x00000010fc400000)]
  0x000001a5f7d70000 JavaThread "Unconstrained build operations Thread 66" [_thread_blocked, id=8024, stack(0x00000010fc400000,0x00000010fc500000)]
  0x000001a5f7d72800 JavaThread "Unconstrained build operations Thread 67" [_thread_blocked, id=12120, stack(0x00000010fc500000,0x00000010fc600000)]
  0x000001a5f7d74000 JavaThread "Unconstrained build operations Thread 68" [_thread_blocked, id=8828, stack(0x00000010fc600000,0x00000010fc700000)]
  0x000001a5f7d73800 JavaThread "Unconstrained build operations Thread 69" [_thread_blocked, id=1544, stack(0x00000010fc700000,0x00000010fc800000)]
  0x000001a5f7d71800 JavaThread "Unconstrained build operations Thread 70" [_thread_blocked, id=11336, stack(0x00000010fc800000,0x00000010fc900000)]
  0x000001a5f7d75000 JavaThread "Unconstrained build operations Thread 71" [_thread_blocked, id=18580, stack(0x00000010fc900000,0x00000010fca00000)]
  0x000001a5f7d6f000 JavaThread "Unconstrained build operations Thread 72" [_thread_blocked, id=10524, stack(0x00000010fca00000,0x00000010fcb00000)]
  0x000001a5f7d71000 JavaThread "Unconstrained build operations Thread 73" [_thread_blocked, id=7072, stack(0x00000010fcb00000,0x00000010fcc00000)]
  0x000001a5f7d79000 JavaThread "Unconstrained build operations Thread 74" [_thread_blocked, id=5772, stack(0x00000010fcc00000,0x00000010fcd00000)]
  0x000001a5f7d75800 JavaThread "Unconstrained build operations Thread 75" [_thread_blocked, id=8356, stack(0x00000010fcd00000,0x00000010fce00000)]
  0x000001a5f7d7b800 JavaThread "Unconstrained build operations Thread 76" [_thread_blocked, id=16972, stack(0x00000010fce00000,0x00000010fcf00000)]
  0x000001a5f7d7c800 JavaThread "Unconstrained build operations Thread 77" [_thread_blocked, id=13132, stack(0x00000010fcf00000,0x00000010fd000000)]
  0x000001a5f7d7a000 JavaThread "Unconstrained build operations Thread 78" [_thread_blocked, id=4676, stack(0x00000010fd000000,0x00000010fd100000)]
  0x000001a5f7d76800 JavaThread "Unconstrained build operations Thread 79" [_thread_blocked, id=1524, stack(0x00000010fd100000,0x00000010fd200000)]
  0x000001a5f7d7a800 JavaThread "Unconstrained build operations Thread 80" [_thread_blocked, id=21900, stack(0x00000010fd200000,0x00000010fd300000)]
  0x000001a5f7d7d000 JavaThread "Unconstrained build operations Thread 81" [_thread_blocked, id=18684, stack(0x00000010fd300000,0x00000010fd400000)]
  0x000001a5f7d77800 JavaThread "Unconstrained build operations Thread 82" [_thread_blocked, id=17656, stack(0x00000010fd400000,0x00000010fd500000)]
  0x000001a5f7d78000 JavaThread "Unconstrained build operations Thread 83" [_thread_blocked, id=14204, stack(0x00000010fd500000,0x00000010fd600000)]
  0x000001a5f7d7e000 JavaThread "Unconstrained build operations Thread 84" [_thread_blocked, id=20216, stack(0x00000010fd600000,0x00000010fd700000)]
  0x000001a5f6589000 JavaThread "Unconstrained build operations Thread 85" [_thread_blocked, id=5128, stack(0x00000010fd700000,0x00000010fd800000)]
  0x000001a5f658b000 JavaThread "Unconstrained build operations Thread 86" [_thread_blocked, id=15164, stack(0x00000010fd800000,0x00000010fd900000)]
  0x000001a5f6588800 JavaThread "Unconstrained build operations Thread 87" [_thread_blocked, id=17776, stack(0x00000010fd900000,0x00000010fda00000)]
  0x000001a5f658b800 JavaThread "Unconstrained build operations Thread 88" [_thread_blocked, id=16188, stack(0x00000010fda00000,0x00000010fdb00000)]
  0x000001a5f6586000 JavaThread "Unconstrained build operations Thread 89" [_thread_blocked, id=12824, stack(0x00000010fdb00000,0x00000010fdc00000)]
  0x000001a5f658c800 JavaThread "Unconstrained build operations Thread 90" [_thread_blocked, id=16640, stack(0x00000010fdc00000,0x00000010fdd00000)]
  0x000001a5f6586800 JavaThread "Unconstrained build operations Thread 91" [_thread_blocked, id=21808, stack(0x00000010fdd00000,0x00000010fde00000)]
  0x000001a5f658a000 JavaThread "Unconstrained build operations Thread 92" [_thread_blocked, id=13936, stack(0x00000010fde00000,0x00000010fdf00000)]
  0x000001a5f6587800 JavaThread "Unconstrained build operations Thread 93" [_thread_blocked, id=1688, stack(0x00000010fdf00000,0x00000010fe000000)]
  0x000001a5f658f800 JavaThread "Unconstrained build operations Thread 94" [_thread_blocked, id=12712, stack(0x00000010fe000000,0x00000010fe100000)]
  0x000001a5f658e000 JavaThread "Unconstrained build operations Thread 95" [_thread_blocked, id=7876, stack(0x00000010fe100000,0x00000010fe200000)]
  0x000001a5f658d800 JavaThread "Unconstrained build operations Thread 96" [_thread_blocked, id=14164, stack(0x00000010fe200000,0x00000010fe300000)]
  0x000001a5f6591800 JavaThread "Unconstrained build operations Thread 97" [_thread_blocked, id=8164, stack(0x00000010fe300000,0x00000010fe400000)]
  0x000001a5f6594800 JavaThread "Unconstrained build operations Thread 98" [_thread_blocked, id=21212, stack(0x00000010fe400000,0x00000010fe500000)]
  0x000001a5f6593000 JavaThread "Unconstrained build operations Thread 99" [_thread_blocked, id=17804, stack(0x00000010fe500000,0x00000010fe600000)]
  0x000001a5f6592000 JavaThread "Unconstrained build operations Thread 100" [_thread_blocked, id=11240, stack(0x00000010fe600000,0x00000010fe700000)]
  0x000001a5f6594000 JavaThread "Unconstrained build operations Thread 101" [_thread_blocked, id=8380, stack(0x00000010fe700000,0x00000010fe800000)]
  0x000001a5f658f000 JavaThread "Unconstrained build operations Thread 102" [_thread_blocked, id=16656, stack(0x00000010fe800000,0x00000010fe900000)]
  0x000001a5f6590800 JavaThread "Unconstrained build operations Thread 103" [_thread_blocked, id=9020, stack(0x00000010fe900000,0x00000010fea00000)]
  0x000001a5f6453000 JavaThread "Unconstrained build operations Thread 104" [_thread_blocked, id=19976, stack(0x00000010fea00000,0x00000010feb00000)]
  0x000001a5f6451000 JavaThread "Unconstrained build operations Thread 105" [_thread_blocked, id=9364, stack(0x00000010feb00000,0x00000010fec00000)]
  0x000001a5f6455800 JavaThread "Unconstrained build operations Thread 106" [_thread_blocked, id=18464, stack(0x00000010fec00000,0x00000010fed00000)]
  0x000001a5f6457800 JavaThread "Unconstrained build operations Thread 107" [_thread_blocked, id=5816, stack(0x00000010fed00000,0x00000010fee00000)]
  0x000001a5f6452800 JavaThread "Unconstrained build operations Thread 108" [_thread_blocked, id=8928, stack(0x00000010fee00000,0x00000010fef00000)]
  0x000001a5f6451800 JavaThread "Unconstrained build operations Thread 109" [_thread_blocked, id=6548, stack(0x00000010fef00000,0x00000010ff000000)]
  0x000001a5f6454000 JavaThread "Unconstrained build operations Thread 110" [_thread_blocked, id=19148, stack(0x00000010ff000000,0x00000010ff100000)]
  0x000001a5f6458000 JavaThread "Unconstrained build operations Thread 111" [_thread_blocked, id=2484, stack(0x00000010ff100000,0x00000010ff200000)]
  0x000001a5f6459000 JavaThread "Unconstrained build operations Thread 112" [_thread_blocked, id=11224, stack(0x00000010ff200000,0x00000010ff300000)]
  0x000001a5f6459800 JavaThread "Unconstrained build operations Thread 113" [_thread_blocked, id=14940, stack(0x00000010ff300000,0x00000010ff400000)]
  0x000001a5f6456800 JavaThread "Unconstrained build operations Thread 114" [_thread_blocked, id=1240, stack(0x00000010ff400000,0x00000010ff500000)]
  0x000001a5f645a800 JavaThread "Unconstrained build operations Thread 115" [_thread_blocked, id=21492, stack(0x00000010ff500000,0x00000010ff600000)]
  0x000001a5f6455000 JavaThread "Unconstrained build operations Thread 116" [_thread_blocked, id=15228, stack(0x00000010ff600000,0x00000010ff700000)]
  0x000001a5f645f800 JavaThread "Unconstrained build operations Thread 117" [_thread_blocked, id=19812, stack(0x00000010ff700000,0x00000010ff800000)]
  0x000001a5f645e800 JavaThread "Unconstrained build operations Thread 118" [_thread_blocked, id=18072, stack(0x00000010ff800000,0x00000010ff900000)]
  0x000001a5f645e000 JavaThread "Unconstrained build operations Thread 119" [_thread_blocked, id=15740, stack(0x00000010ff900000,0x00000010ffa00000)]
  0x000001a5f645d000 JavaThread "Unconstrained build operations Thread 120" [_thread_blocked, id=13636, stack(0x00000010ffa00000,0x00000010ffb00000)]
  0x000001a5f645b800 JavaThread "jar transforms Thread 4" [_thread_blocked, id=14408, stack(0x00000010ffb00000,0x00000010ffc00000)]
  0x000001a5f645c000 JavaThread "jar transforms Thread 5" [_thread_blocked, id=15356, stack(0x00000010ffc00000,0x00000010ffd00000)]
  0x000001a5f623c800 JavaThread "jar transforms Thread 6" [_thread_blocked, id=9052, stack(0x00000010ffd00000,0x00000010ffe00000)]
  0x000001a5f623d000 JavaThread "jar transforms Thread 7" [_thread_blocked, id=7244, stack(0x00000010ffe00000,0x00000010fff00000)]
  0x000001a5f6239000 JavaThread "jar transforms Thread 8" [_thread_blocked, id=8228, stack(0x00000010fff00000,0x0000001100000000)]
  0x000001a5f623a000 JavaThread "jar transforms Thread 9" [_thread_blocked, id=2328, stack(0x0000001080000000,0x0000001080100000)]
  0x000001a5f623f800 JavaThread "jar transforms Thread 10" [_thread_blocked, id=8676, stack(0x0000001080100000,0x0000001080200000)]
  0x000001a5f6240800 JavaThread "jar transforms Thread 11" [_thread_blocked, id=15988, stack(0x0000001080200000,0x0000001080300000)]
  0x000001a5f623f000 JavaThread "jar transforms Thread 12" [_thread_blocked, id=16788, stack(0x0000001080300000,0x0000001080400000)]
  0x000001a5f623b000 JavaThread "Memory manager" [_thread_blocked, id=21332, stack(0x0000001080400000,0x0000001080500000)]
  0x000001a5f6241800 JavaThread "build event listener" [_thread_blocked, id=13764, stack(0x0000001080500000,0x0000001080600000)]
  0x000001a5f623b800 JavaThread "Execution worker for ':'" [_thread_blocked, id=10592, stack(0x0000001080600000,0x0000001080700000)]
  0x000001a5f6242000 JavaThread "Execution worker for ':' Thread 2" [_thread_blocked, id=16236, stack(0x0000001080700000,0x0000001080800000)]
  0x000001a5f6244000 JavaThread "Execution worker for ':' Thread 3" [_thread_blocked, id=7644, stack(0x0000001080800000,0x0000001080900000)]
  0x000001a5f6243000 JavaThread "Execution worker for ':' Thread 4" [_thread_blocked, id=15396, stack(0x0000001080900000,0x0000001080a00000)]
  0x000001a5f623e000 JavaThread "Execution worker for ':' Thread 5" [_thread_blocked, id=13836, stack(0x0000001080a00000,0x0000001080b00000)]
  0x000001a5f6247000 JavaThread "Execution worker for ':' Thread 6" [_thread_blocked, id=21692, stack(0x0000001080b00000,0x0000001080c00000)]
  0x000001a5f6246000 JavaThread "Execution worker for ':' Thread 7" [_thread_blocked, id=7992, stack(0x0000001080c00000,0x0000001080d00000)]
  0x000001a5f6245800 JavaThread "Execution worker for ':' Thread 8" [_thread_blocked, id=22280, stack(0x0000001080d00000,0x0000001080e00000)]
  0x000001a5f6248000 JavaThread "Execution worker for ':' Thread 9" [_thread_blocked, id=16436, stack(0x0000001080e00000,0x0000001080f00000)]
  0x000001a5f6244800 JavaThread "Execution worker for ':' Thread 10" [_thread_blocked, id=4692, stack(0x0000001080f00000,0x0000001081000000)]
  0x000001a5fa690000 JavaThread "Execution worker for ':' Thread 11" [_thread_blocked, id=3688, stack(0x0000001081000000,0x0000001081100000)]
  0x000001a5fa68d800 JavaThread "Cache worker for execution history cache (C:\Users\datico\AndroidStudioProjects\MoneyManager2\.gradle\7.3.3\executionHistory)" [_thread_blocked, id=14308, stack(0x0000001081100000,0x0000001081200000)]
  0x000001a5fa68a800 JavaThread "WorkerExecutor Queue" [_thread_blocked, id=16348, stack(0x0000001081200000,0x0000001081300000)]
  0x000001a5fa691000 JavaThread "WorkerExecutor Queue Thread 2" [_thread_blocked, id=20084, stack(0x0000001081300000,0x0000001081400000)]
  0x000001a5fa68f000 JavaThread "WorkerExecutor Queue Thread 3" [_thread_blocked, id=5460, stack(0x0000001081400000,0x0000001081500000)]
  0x000001a5fa68e800 JavaThread "WorkerExecutor Queue Thread 4" [_thread_blocked, id=20592, stack(0x0000001081500000,0x0000001081600000)]
  0x000001a5fa68c000 JavaThread "WorkerExecutor Queue Thread 5" [_thread_blocked, id=19536, stack(0x0000001081600000,0x0000001081700000)]
  0x000001a5fa68c800 JavaThread "WorkerExecutor Queue Thread 6" [_thread_in_native, id=2840, stack(0x0000001081700000,0x0000001081800000)]
  0x000001a5fa68b000 JavaThread "WorkerExecutor Queue Thread 7" [_thread_blocked, id=19460, stack(0x0000001081800000,0x0000001081900000)]
  0x000001a5fa693800 JavaThread "WorkerExecutor Queue Thread 8" [_thread_blocked, id=18292, stack(0x0000001081900000,0x0000001081a00000)]
  0x000001a5fa694000 JavaThread "WorkerExecutor Queue Thread 9" [_thread_blocked, id=9348, stack(0x0000001081a00000,0x0000001081b00000)]
  0x000001a5fa695000 JavaThread "WorkerExecutor Queue Thread 10" [_thread_blocked, id=4724, stack(0x0000001081b00000,0x0000001081c00000)]
  0x000001a5fa697800 JavaThread "WorkerExecutor Queue Thread 11" [_thread_blocked, id=1344, stack(0x0000001081c00000,0x0000001081d00000)]
  0x000001a5fa691800 JavaThread "WorkerExecutor Queue Thread 12" [_thread_blocked, id=5876, stack(0x0000001081d00000,0x0000001081e00000)]
  0x000001a5fa692800 JavaThread "WorkerExecutor Queue Thread 13" [_thread_blocked, id=5960, stack(0x0000001081e00000,0x0000001081f00000)]
  0x000001a5fa69a800 JavaThread "pool-3-thread-1" [_thread_blocked, id=18096, stack(0x0000001081f00000,0x0000001082000000)]
  0x000001a5fa696800 JavaThread "stderr" [_thread_in_native, id=5396, stack(0x0000001082000000,0x0000001082100000)]
  0x000001a5fa695800 JavaThread "stdout" [_thread_in_native, id=20184, stack(0x0000001082100000,0x0000001082200000)]
  0x000001a5fa69b800 JavaThread "ForkJoinPool-1-worker-19" daemon [_thread_blocked, id=18268, stack(0x0000001082200000,0x0000001082300000)]
  0x000001a5fa699000 JavaThread "ForkJoinPool-1-worker-5" daemon [_thread_blocked, id=22456, stack(0x0000001082300000,0x0000001082400000)]
  0x000001a5fa69c000 JavaThread "ForkJoinPool-1-worker-9" daemon [_thread_blocked, id=11128, stack(0x0000001082400000,0x0000001082500000)]
  0x000001a5fa69d000 JavaThread "ForkJoinPool-1-worker-23" daemon [_thread_blocked, id=22408, stack(0x0000001082500000,0x0000001082600000)]
  0x000001a5fa69a000 JavaThread "ForkJoinPool-1-worker-27" daemon [_thread_blocked, id=15756, stack(0x0000001082600000,0x0000001082700000)]
  0x000001a5fa69e000 JavaThread "ForkJoinPool-1-worker-13" daemon [_thread_blocked, id=19672, stack(0x0000001082700000,0x0000001082800000)]
  0x000001a5fa698000 JavaThread "ForkJoinPool-1-worker-31" daemon [_thread_blocked, id=13116, stack(0x0000001082800000,0x0000001082900000)]
  0x000001a5fa69e800 JavaThread "ForkJoinPool-1-worker-17" daemon [_thread_blocked, id=19804, stack(0x0000001082900000,0x0000001082a00000)]
  0x000001a5fa6a1000 JavaThread "ForkJoinPool-1-worker-3" daemon [_thread_blocked, id=13412, stack(0x0000001082a00000,0x0000001082b00000)]
  0x000001a5fa6a3000 JavaThread "ForkJoinPool-1-worker-21" daemon [_thread_blocked, id=14424, stack(0x0000001082b00000,0x0000001082c00000)]
  0x000001a5fa6a5000 JavaThread "ForkJoinPool-1-worker-7" daemon [_thread_blocked, id=22064, stack(0x0000001082c00000,0x0000001082d00000)]
  0x000001a5fa6a4800 JavaThread "ForkJoinPool-1-worker-25" daemon [_thread_blocked, id=21448, stack(0x0000001082d00000,0x0000001082e00000)]

Other Threads:
  0x000001a5f0ef9800 VMThread "VM Thread" [stack: 0x00000010f5300000,0x00000010f5400000] [id=19308]
  0x000001a5f1a28800 WatcherThread [stack: 0x00000010f5d00000,0x00000010f5e00000] [id=10056]
  0x000001a5d6645800 GCTaskThread "GC Thread#0" [stack: 0x00000010f4e00000,0x00000010f4f00000] [id=20484]
  0x000001a5f265a800 GCTaskThread "GC Thread#1" [stack: 0x00000010f5e00000,0x00000010f5f00000] [id=1444]
  0x000001a5f2839000 GCTaskThread "GC Thread#2" [stack: 0x00000010f5f00000,0x00000010f6000000] [id=5892]
  0x000001a5f3dab000 GCTaskThread "GC Thread#3" [stack: 0x00000010f6a00000,0x00000010f6b00000] [id=20800]
  0x000001a5f3a17000 GCTaskThread "GC Thread#4" [stack: 0x00000010f6b00000,0x00000010f6c00000] [id=14628]
  0x000001a5f3a18000 GCTaskThread "GC Thread#5" [stack: 0x00000010f6c00000,0x00000010f6d00000] [id=4840]
  0x000001a5f3a1b000 GCTaskThread "GC Thread#6" [stack: 0x00000010f6d00000,0x00000010f6e00000] [id=20280]
  0x000001a5f3a2d000 GCTaskThread "GC Thread#7" [stack: 0x00000010f6e00000,0x00000010f6f00000] [id=18152]
  0x000001a5f3e0a800 GCTaskThread "GC Thread#8" [stack: 0x00000010f6f00000,0x00000010f7000000] [id=19572]
  0x000001a5f3e09000 GCTaskThread "GC Thread#9" [stack: 0x00000010f7000000,0x00000010f7100000] [id=14264]
  0x000001a5d667a000 ConcurrentGCThread "G1 Main Marker" [stack: 0x00000010f4f00000,0x00000010f5000000] [id=5236]
  0x000001a5d667c000 ConcurrentGCThread "G1 Conc#0" [stack: 0x00000010f5000000,0x00000010f5100000] [id=20364]
  0x000001a5f3e0f800 ConcurrentGCThread "G1 Conc#1" [stack: 0x00000010f7400000,0x00000010f7500000] [id=10952]
  0x000001a5f3e0e000 ConcurrentGCThread "G1 Conc#2" [stack: 0x00000010f7500000,0x00000010f7600000] [id=1480]
  0x000001a5f0d4a800 ConcurrentGCThread "G1 Refine#0" [stack: 0x00000010f5100000,0x00000010f5200000] [id=19916]
  0x000001a5d670e800 ConcurrentGCThread "G1 Young RemSet Sampling" [stack: 0x00000010f5200000,0x00000010f5300000] [id=21932]

Threads with active compile tasks:
C2 CompilerThread0   9894 10974 %     4       com.android.tools.r8.dex.j::a @ 44 (1042 bytes)

VM state:not at safepoint (normal execution)

VM Mutex/Monitor currently owned by a thread: None

Heap address: 0x0000000080000000, size: 2048 MB, Compressed Oops mode: 32-bit
Narrow klass base: 0x0000000000000000, Narrow klass shift: 3
Compressed class space size: 1073741824 Address: 0x0000000100000000

Heap:
 garbage-first heap   total 189440K, used 135995K [0x0000000080000000, 0x0000000100000000)
  region size 1024K, 10 young (10240K), 2 survivors (2048K)
 Metaspace       used 97237K, capacity 99527K, committed 100140K, reserved 1136640K
  class space    used 12794K, capacity 13701K, committed 13952K, reserved 1048576K
Heap Regions: E=young(eden), S=young(survivor), O=old, HS=humongous(starts), HC=humongous(continues), CS=collection set, F=free, A=archive, TAMS=top-at-mark-start (previous, next)
|   0|0x0000000080000000, 0x0000000080100000, 0x0000000080100000|100%| O|  |TAMS 0x0000000080100000, 0x0000000080000000| Untracked 
|   1|0x0000000080100000, 0x0000000080200000, 0x0000000080200000|100%| O|  |TAMS 0x0000000080200000, 0x0000000080100000| Untracked 
|   2|0x0000000080200000, 0x0000000080300000, 0x0000000080300000|100%| O|  |TAMS 0x0000000080300000, 0x0000000080200000| Untracked 
|   3|0x0000000080300000, 0x0000000080400000, 0x0000000080400000|100%|HS|  |TAMS 0x0000000080400000, 0x0000000080300000| Complete 
|   4|0x0000000080400000, 0x0000000080500000, 0x0000000080500000|100%|HC|  |TAMS 0x0000000080500000, 0x0000000080400000| Complete 
|   5|0x0000000080500000, 0x0000000080600000, 0x0000000080600000|100%|HC|  |TAMS 0x0000000080600000, 0x0000000080500000| Complete 
|   6|0x0000000080600000, 0x0000000080700000, 0x0000000080700000|100%| O|  |TAMS 0x0000000080700000, 0x0000000080600000| Untracked 
|   7|0x0000000080700000, 0x0000000080800000, 0x0000000080800000|100%| O|  |TAMS 0x0000000080800000, 0x0000000080700000| Untracked 
|   8|0x0000000080800000, 0x0000000080900000, 0x0000000080900000|100%| O|  |TAMS 0x0000000080900000, 0x0000000080800000| Untracked 
|   9|0x0000000080900000, 0x0000000080a00000, 0x0000000080a00000|100%| O|  |TAMS 0x0000000080a00000, 0x0000000080900000| Untracked 
|  10|0x0000000080a00000, 0x0000000080b00000, 0x0000000080b00000|100%| O|  |TAMS 0x0000000080b00000, 0x0000000080a00000| Complete 
|  11|0x0000000080b00000, 0x0000000080c00000, 0x0000000080c00000|100%| O|  |TAMS 0x0000000080c00000, 0x0000000080b00000| Complete 
|  12|0x0000000080c00000, 0x0000000080d00000, 0x0000000080d00000|100%| O|  |TAMS 0x0000000080d00000, 0x0000000080c00000| Untracked 
|  13|0x0000000080d00000, 0x0000000080e00000, 0x0000000080e00000|100%| O|  |TAMS 0x0000000080e00000, 0x0000000080d00000| Untracked 
|  14|0x0000000080e00000, 0x0000000080f00000, 0x0000000080f00000|100%| O|  |TAMS 0x0000000080f00000, 0x0000000080e00000| Untracked 
|  15|0x0000000080f00000, 0x0000000081000000, 0x0000000081000000|100%| O|  |TAMS 0x0000000081000000, 0x0000000080f00000| Complete 
|  16|0x0000000081000000, 0x0000000081100000, 0x0000000081100000|100%|HS|  |TAMS 0x0000000081100000, 0x0000000081000000| Complete 
|  17|0x0000000081100000, 0x0000000081200000, 0x0000000081200000|100%| O|  |TAMS 0x0000000081200000, 0x0000000081100000| Untracked 
|  18|0x0000000081200000, 0x0000000081300000, 0x0000000081300000|100%| O|  |TAMS 0x0000000081300000, 0x0000000081200000| Untracked 
|  19|0x0000000081300000, 0x0000000081400000, 0x0000000081400000|100%| O|  |TAMS 0x0000000081400000, 0x0000000081300000| Complete 
|  20|0x0000000081400000, 0x0000000081500000, 0x0000000081500000|100%| O|  |TAMS 0x0000000081500000, 0x0000000081400000| Untracked 
|  21|0x0000000081500000, 0x0000000081600000, 0x0000000081600000|100%| O|  |TAMS 0x0000000081600000, 0x0000000081500000| Untracked 
|  22|0x0000000081600000, 0x0000000081700000, 0x0000000081700000|100%| O|  |TAMS 0x0000000081700000, 0x0000000081600000| Untracked 
|  23|0x0000000081700000, 0x0000000081800000, 0x0000000081800000|100%| O|  |TAMS 0x0000000081800000, 0x0000000081700000| Untracked 
|  24|0x0000000081800000, 0x0000000081900000, 0x0000000081900000|100%| O|  |TAMS 0x0000000081900000, 0x0000000081800000| Untracked 
|  25|0x0000000081900000, 0x0000000081a00000, 0x0000000081a00000|100%| O|  |TAMS 0x0000000081a00000, 0x0000000081900000| Untracked 
|  26|0x0000000081a00000, 0x0000000081b00000, 0x0000000081b00000|100%| O|  |TAMS 0x0000000081b00000, 0x0000000081a00000| Untracked 
|  27|0x0000000081b00000, 0x0000000081c00000, 0x0000000081c00000|100%| O|  |TAMS 0x0000000081c00000, 0x0000000081b00000| Complete 
|  28|0x0000000081c00000, 0x0000000081d00000, 0x0000000081d00000|100%|HS|  |TAMS 0x0000000081d00000, 0x0000000081c00000| Complete 
|  29|0x0000000081d00000, 0x0000000081e00000, 0x0000000081e00000|100%|HS|  |TAMS 0x0000000081e00000, 0x0000000081d00000| Complete 
|  30|0x0000000081e00000, 0x0000000081f00000, 0x0000000081f00000|100%|HC|  |TAMS 0x0000000081f00000, 0x0000000081e00000| Complete 
|  31|0x0000000081f00000, 0x0000000082000000, 0x0000000082000000|100%| O|  |TAMS 0x0000000082000000, 0x0000000081f00000| Complete 
|  32|0x0000000082000000, 0x0000000082100000, 0x0000000082100000|100%| O|  |TAMS 0x0000000082100000, 0x0000000082000000| Untracked 
|  33|0x0000000082100000, 0x0000000082200000, 0x0000000082200000|100%| O|  |TAMS 0x0000000082200000, 0x0000000082100000| Untracked 
|  34|0x0000000082200000, 0x0000000082300000, 0x0000000082300000|100%| O|  |TAMS 0x0000000082300000, 0x0000000082200000| Untracked 
|  35|0x0000000082300000, 0x0000000082400000, 0x0000000082400000|100%| O|  |TAMS 0x0000000082400000, 0x0000000082300000| Untracked 
|  36|0x0000000082400000, 0x0000000082500000, 0x0000000082500000|100%| O|  |TAMS 0x0000000082500000, 0x0000000082400000| Untracked 
|  37|0x0000000082500000, 0x0000000082600000, 0x0000000082600000|100%| O|  |TAMS 0x0000000082600000, 0x0000000082500000| Untracked 
|  38|0x0000000082600000, 0x0000000082700000, 0x0000000082700000|100%| O|  |TAMS 0x0000000082700000, 0x0000000082600000| Untracked 
|  39|0x0000000082700000, 0x0000000082800000, 0x0000000082800000|100%| O|  |TAMS 0x0000000082800000, 0x0000000082700000| Untracked 
|  40|0x0000000082800000, 0x0000000082900000, 0x0000000082900000|100%| O|  |TAMS 0x0000000082900000, 0x0000000082800000| Untracked 
|  41|0x0000000082900000, 0x0000000082a00000, 0x0000000082a00000|100%| O|  |TAMS 0x0000000082a00000, 0x0000000082900000| Untracked 
|  42|0x0000000082a00000, 0x0000000082b00000, 0x0000000082b00000|100%| O|  |TAMS 0x0000000082b00000, 0x0000000082a00000| Complete 
|  43|0x0000000082b00000, 0x0000000082c00000, 0x0000000082c00000|100%| O|  |TAMS 0x0000000082c00000, 0x0000000082b00000| Complete 
|  44|0x0000000082c00000, 0x0000000082d00000, 0x0000000082d00000|100%| O|  |TAMS 0x0000000082d00000, 0x0000000082c00000| Untracked 
|  45|0x0000000082d00000, 0x0000000082e00000, 0x0000000082e00000|100%| O|  |TAMS 0x0000000082e00000, 0x0000000082d00000| Untracked 
|  46|0x0000000082e00000, 0x0000000082f00000, 0x0000000082f00000|100%| O|  |TAMS 0x0000000082f00000, 0x0000000082e00000| Untracked 
|  47|0x0000000082f00000, 0x0000000083000000, 0x0000000083000000|100%| O|  |TAMS 0x0000000083000000, 0x0000000082f00000| Untracked 
|  48|0x0000000083000000, 0x0000000083100000, 0x0000000083100000|100%| O|  |TAMS 0x0000000083100000, 0x0000000083000000| Untracked 
|  49|0x0000000083100000, 0x0000000083200000, 0x0000000083200000|100%| O|  |TAMS 0x0000000083200000, 0x0000000083100000| Untracked 
|  50|0x0000000083200000, 0x0000000083300000, 0x0000000083300000|100%| O|  |TAMS 0x0000000083300000, 0x0000000083200000| Untracked 
|  51|0x0000000083300000, 0x0000000083400000, 0x0000000083400000|100%| O|  |TAMS 0x0000000083400000, 0x0000000083300000| Untracked 
|  52|0x0000000083400000, 0x0000000083500000, 0x0000000083500000|100%| O|  |TAMS 0x0000000083500000, 0x0000000083400000| Untracked 
|  53|0x0000000083500000, 0x0000000083600000, 0x0000000083600000|100%| O|  |TAMS 0x0000000083600000, 0x0000000083500000| Untracked 
|  54|0x0000000083600000, 0x0000000083700000, 0x0000000083700000|100%| O|  |TAMS 0x0000000083700000, 0x0000000083600000| Untracked 
|  55|0x0000000083700000, 0x0000000083800000, 0x0000000083800000|100%| O|  |TAMS 0x0000000083800000, 0x0000000083700000| Untracked 
|  56|0x0000000083800000, 0x0000000083900000, 0x0000000083900000|100%| O|  |TAMS 0x0000000083900000, 0x0000000083800000| Untracked 
|  57|0x0000000083900000, 0x0000000083a00000, 0x0000000083a00000|100%| O|  |TAMS 0x0000000083a00000, 0x0000000083900000| Complete 
|  58|0x0000000083a00000, 0x0000000083b00000, 0x0000000083b00000|100%| O|  |TAMS 0x0000000083b00000, 0x0000000083a00000| Untracked 
|  59|0x0000000083b00000, 0x0000000083c00000, 0x0000000083c00000|100%| O|  |TAMS 0x0000000083c00000, 0x0000000083b00000| Untracked 
|  60|0x0000000083c00000, 0x0000000083d00000, 0x0000000083d00000|100%| O|  |TAMS 0x0000000083d00000, 0x0000000083c00000| Untracked 
|  61|0x0000000083d00000, 0x0000000083e00000, 0x0000000083e00000|100%| O|  |TAMS 0x0000000083e00000, 0x0000000083d00000| Complete 
|  62|0x0000000083e00000, 0x0000000083f00000, 0x0000000083f00000|100%| O|  |TAMS 0x0000000083f00000, 0x0000000083e00000| Untracked 
|  63|0x0000000083f00000, 0x0000000084000000, 0x0000000084000000|100%| O|  |TAMS 0x0000000084000000, 0x0000000083f00000| Untracked 
|  64|0x0000000084000000, 0x0000000084100000, 0x0000000084100000|100%| O|  |TAMS 0x0000000084100000, 0x0000000084000000| Untracked 
|  65|0x0000000084100000, 0x0000000084200000, 0x0000000084200000|100%| O|  |TAMS 0x0000000084200000, 0x0000000084100000| Complete 
|  66|0x0000000084200000, 0x0000000084300000, 0x0000000084300000|100%|HS|  |TAMS 0x0000000084300000, 0x0000000084200000| Complete 
|  67|0x0000000084300000, 0x0000000084400000, 0x0000000084400000|100%|HC|  |TAMS 0x0000000084400000, 0x0000000084300000| Complete 
|  68|0x0000000084400000, 0x0000000084500000, 0x0000000084500000|100%|HS|  |TAMS 0x0000000084500000, 0x0000000084400000| Complete 
|  69|0x0000000084500000, 0x0000000084600000, 0x0000000084600000|100%| O|  |TAMS 0x0000000084600000, 0x0000000084500000| Untracked 
|  70|0x0000000084600000, 0x0000000084700000, 0x0000000084700000|100%| O|  |TAMS 0x0000000084700000, 0x0000000084600000| Untracked 
|  71|0x0000000084700000, 0x0000000084800000, 0x0000000084800000|100%| O|  |TAMS 0x0000000084800000, 0x0000000084700000| Untracked 
|  72|0x0000000084800000, 0x0000000084900000, 0x0000000084900000|100%| O|  |TAMS 0x0000000084900000, 0x0000000084800000| Untracked 
|  73|0x0000000084900000, 0x0000000084a00000, 0x0000000084a00000|100%| O|  |TAMS 0x0000000084a00000, 0x0000000084900000| Untracked 
|  74|0x0000000084a00000, 0x0000000084b00000, 0x0000000084b00000|100%| O|  |TAMS 0x0000000084b00000, 0x0000000084a00000| Complete 
|  75|0x0000000084b00000, 0x0000000084c00000, 0x0000000084c00000|100%|HS|  |TAMS 0x0000000084c00000, 0x0000000084b00000| Complete 
|  76|0x0000000084c00000, 0x0000000084d00000, 0x0000000084d00000|100%| O|  |TAMS 0x0000000084d00000, 0x0000000084c00000| Complete 
|  77|0x0000000084d00000, 0x0000000084e00000, 0x0000000084e00000|100%| O|  |TAMS 0x0000000084e00000, 0x0000000084d00000| Complete 
|  78|0x0000000084e00000, 0x0000000084f00000, 0x0000000084f00000|100%| O|  |TAMS 0x0000000084f00000, 0x0000000084e00000| Untracked 
|  79|0x0000000084f00000, 0x0000000085000000, 0x0000000085000000|100%| O|  |TAMS 0x0000000085000000, 0x0000000084f00000| Untracked 
|  80|0x0000000085000000, 0x0000000085100000, 0x0000000085100000|100%| O|  |TAMS 0x0000000085100000, 0x0000000085000000| Untracked 
|  81|0x0000000085100000, 0x0000000085200000, 0x0000000085200000|100%| O|  |TAMS 0x0000000085200000, 0x0000000085100000| Untracked 
|  82|0x0000000085200000, 0x00000000852ee600, 0x0000000085300000| 93%| O|  |TAMS 0x00000000852ee600, 0x0000000085200000| Untracked 
|  83|0x0000000085300000, 0x0000000085400000, 0x0000000085400000|100%| O|  |TAMS 0x0000000085400000, 0x0000000085300000| Complete 
|  84|0x0000000085400000, 0x0000000085500000, 0x0000000085500000|100%|HS|  |TAMS 0x0000000085400000, 0x0000000085400000| Complete 
|  85|0x0000000085500000, 0x0000000085600000, 0x0000000085600000|100%| O|  |TAMS 0x0000000085600000, 0x0000000085500000| Untracked 
|  86|0x0000000085600000, 0x0000000085700000, 0x0000000085700000|100%| O|  |TAMS 0x0000000085700000, 0x0000000085600000| Untracked 
|  87|0x0000000085700000, 0x0000000085800000, 0x0000000085800000|100%| O|  |TAMS 0x0000000085800000, 0x0000000085700000| Untracked 
|  88|0x0000000085800000, 0x0000000085900000, 0x0000000085900000|100%| O|  |TAMS 0x0000000085900000, 0x0000000085800000| Untracked 
|  89|0x0000000085900000, 0x0000000085a00000, 0x0000000085a00000|100%| O|  |TAMS 0x0000000085a00000, 0x0000000085900000| Untracked 
|  90|0x0000000085a00000, 0x0000000085b00000, 0x0000000085b00000|100%| O|  |TAMS 0x0000000085b00000, 0x0000000085a00000| Complete 
|  91|0x0000000085b00000, 0x0000000085c00000, 0x0000000085c00000|100%| O|  |TAMS 0x0000000085c00000, 0x0000000085b00000| Complete 
|  92|0x0000000085c00000, 0x0000000085d00000, 0x0000000085d00000|100%| O|  |TAMS 0x0000000085d00000, 0x0000000085c00000| Untracked 
|  93|0x0000000085d00000, 0x0000000085e00000, 0x0000000085e00000|100%| O|  |TAMS 0x0000000085e00000, 0x0000000085d00000| Untracked 
|  94|0x0000000085e00000, 0x0000000085f00000, 0x0000000085f00000|100%| O|  |TAMS 0x0000000085f00000, 0x0000000085e00000| Untracked 
|  95|0x0000000085f00000, 0x0000000086000000, 0x0000000086000000|100%| O|  |TAMS 0x0000000086000000, 0x0000000085f00000| Untracked 
|  96|0x0000000086000000, 0x0000000086100000, 0x0000000086100000|100%| O|  |TAMS 0x0000000086100000, 0x0000000086000000| Complete 
|  97|0x0000000086100000, 0x0000000086200000, 0x0000000086200000|100%| O|  |TAMS 0x0000000086200000, 0x0000000086100000| Untracked 
|  98|0x0000000086200000, 0x0000000086300000, 0x0000000086300000|100%| O|  |TAMS 0x0000000086300000, 0x0000000086200000| Untracked 
|  99|0x0000000086300000, 0x0000000086400000, 0x0000000086400000|100%| O|  |TAMS 0x0000000086400000, 0x0000000086300000| Untracked 
| 100|0x0000000086400000, 0x0000000086500000, 0x0000000086500000|100%| O|  |TAMS 0x0000000086500000, 0x0000000086400000| Untracked 
| 101|0x0000000086500000, 0x0000000086600000, 0x0000000086600000|100%| O|  |TAMS 0x0000000086600000, 0x0000000086500000| Untracked 
| 102|0x0000000086600000, 0x0000000086700000, 0x0000000086700000|100%| O|  |TAMS 0x0000000086700000, 0x0000000086600000| Untracked 
| 103|0x0000000086700000, 0x0000000086800000, 0x0000000086800000|100%| O|  |TAMS 0x0000000086800000, 0x0000000086700000| Untracked 
| 104|0x0000000086800000, 0x0000000086900000, 0x0000000086900000|100%| O|  |TAMS 0x0000000086900000, 0x0000000086800000| Untracked 
| 105|0x0000000086900000, 0x0000000086a00000, 0x0000000086a00000|100%| O|  |TAMS 0x0000000086a00000, 0x0000000086900000| Complete 
| 106|0x0000000086a00000, 0x0000000086b00000, 0x0000000086b00000|100%| O|  |TAMS 0x0000000086b00000, 0x0000000086a00000| Complete 
| 107|0x0000000086b00000, 0x0000000086c00000, 0x0000000086c00000|100%| O|  |TAMS 0x0000000086c00000, 0x0000000086b00000| Complete 
| 108|0x0000000086c00000, 0x0000000086d00000, 0x0000000086d00000|100%| O|  |TAMS 0x0000000086d00000, 0x0000000086c00000| Complete 
| 109|0x0000000086d00000, 0x0000000086e00000, 0x0000000086e00000|100%| O|  |TAMS 0x0000000086e00000, 0x0000000086d00000| Untracked 
| 110|0x0000000086e00000, 0x0000000086f00000, 0x0000000086f00000|100%| O|  |TAMS 0x0000000086f00000, 0x0000000086e00000| Untracked 
| 111|0x0000000086f00000, 0x0000000087000000, 0x0000000087000000|100%| O|  |TAMS 0x0000000087000000, 0x0000000086f00000| Complete 
| 112|0x0000000087000000, 0x0000000087100000, 0x0000000087100000|100%| O|  |TAMS 0x0000000087100000, 0x0000000087000000| Complete 
| 113|0x0000000087100000, 0x0000000087200000, 0x0000000087200000|100%| O|  |TAMS 0x0000000087200000, 0x0000000087100000| Complete 
| 114|0x0000000087200000, 0x0000000087300000, 0x0000000087300000|100%| O|  |TAMS 0x0000000087300000, 0x0000000087200000| Complete 
| 115|0x0000000087300000, 0x0000000087400000, 0x0000000087400000|100%|HS|  |TAMS 0x0000000087300000, 0x0000000087300000| Complete 
| 116|0x0000000087400000, 0x0000000087500000, 0x0000000087500000|100%| O|  |TAMS 0x0000000087500000, 0x0000000087400000| Untracked 
| 117|0x0000000087500000, 0x0000000087600000, 0x0000000087600000|100%| O|  |TAMS 0x0000000087600000, 0x0000000087500000| Untracked 
| 118|0x0000000087600000, 0x0000000087700000, 0x0000000087700000|100%| O|  |TAMS 0x0000000087700000, 0x0000000087600000| Untracked 
| 119|0x0000000087700000, 0x0000000087800000, 0x0000000087800000|100%| O|  |TAMS 0x0000000087800000, 0x0000000087700000| Complete 
| 120|0x0000000087800000, 0x0000000087900000, 0x0000000087900000|100%| O|  |TAMS 0x0000000087900000, 0x0000000087800000| Complete 
| 121|0x0000000087900000, 0x0000000087a00000, 0x0000000087a00000|100%| O|  |TAMS 0x0000000087a00000, 0x0000000087900000| Complete 
| 122|0x0000000087a00000, 0x0000000087b00000, 0x0000000087b00000|100%| O|  |TAMS 0x0000000087b00000, 0x0000000087a00000| Untracked 
| 123|0x0000000087b00000, 0x0000000087c00000, 0x0000000087c00000|100%| O|  |TAMS 0x0000000087c00000, 0x0000000087b00000| Complete 
| 124|0x0000000087c00000, 0x0000000087c00000, 0x0000000087d00000|  0%| F|  |TAMS 0x0000000087c00000, 0x0000000087c00000| Untracked 
| 125|0x0000000087d00000, 0x0000000087d00000, 0x0000000087e00000|  0%| F|  |TAMS 0x0000000087d00000, 0x0000000087d00000| Untracked 
| 126|0x0000000087e00000, 0x0000000087e00000, 0x0000000087f00000|  0%| F|  |TAMS 0x0000000087e00000, 0x0000000087e00000| Untracked 
| 127|0x0000000087f00000, 0x0000000087f00000, 0x0000000088000000|  0%| F|  |TAMS 0x0000000087f00000, 0x0000000087f00000| Untracked 
| 128|0x0000000088000000, 0x0000000088000000, 0x0000000088100000|  0%| F|  |TAMS 0x0000000088000000, 0x0000000088000000| Untracked 
| 129|0x0000000088100000, 0x0000000088100000, 0x0000000088200000|  0%| F|  |TAMS 0x0000000088100000, 0x0000000088100000| Untracked 
| 130|0x0000000088200000, 0x0000000088200000, 0x0000000088300000|  0%| F|  |TAMS 0x0000000088200000, 0x0000000088200000| Untracked 
| 131|0x0000000088300000, 0x0000000088300000, 0x0000000088400000|  0%| F|  |TAMS 0x0000000088300000, 0x0000000088300000| Untracked 
| 132|0x0000000088400000, 0x0000000088400000, 0x0000000088500000|  0%| F|  |TAMS 0x0000000088400000, 0x0000000088400000| Untracked 
| 133|0x0000000088500000, 0x0000000088500000, 0x0000000088600000|  0%| F|  |TAMS 0x0000000088500000, 0x0000000088500000| Untracked 
| 134|0x0000000088600000, 0x0000000088600000, 0x0000000088700000|  0%| F|  |TAMS 0x0000000088600000, 0x0000000088600000| Untracked 
| 135|0x0000000088700000, 0x0000000088700000, 0x0000000088800000|  0%| F|  |TAMS 0x0000000088700000, 0x0000000088700000| Untracked 
| 136|0x0000000088800000, 0x0000000088800000, 0x0000000088900000|  0%| F|  |TAMS 0x0000000088800000, 0x0000000088800000| Untracked 
| 137|0x0000000088900000, 0x0000000088900000, 0x0000000088a00000|  0%| F|  |TAMS 0x0000000088900000, 0x0000000088900000| Untracked 
| 138|0x0000000088a00000, 0x0000000088a00000, 0x0000000088b00000|  0%| F|  |TAMS 0x0000000088a00000, 0x0000000088a00000| Untracked 
| 139|0x0000000088b00000, 0x0000000088b00000, 0x0000000088c00000|  0%| F|  |TAMS 0x0000000088b00000, 0x0000000088b00000| Untracked 
| 140|0x0000000088c00000, 0x0000000088c00000, 0x0000000088d00000|  0%| F|  |TAMS 0x0000000088c00000, 0x0000000088c00000| Untracked 
| 141|0x0000000088d00000, 0x0000000088d00000, 0x0000000088e00000|  0%| F|  |TAMS 0x0000000088d00000, 0x0000000088d00000| Untracked 
| 142|0x0000000088e00000, 0x0000000088e00000, 0x0000000088f00000|  0%| F|  |TAMS 0x0000000088e00000, 0x0000000088e00000| Untracked 
| 143|0x0000000088f00000, 0x0000000088f00000, 0x0000000089000000|  0%| F|  |TAMS 0x0000000088f00000, 0x0000000088f00000| Untracked 
| 144|0x0000000089000000, 0x0000000089000000, 0x0000000089100000|  0%| F|  |TAMS 0x0000000089000000, 0x0000000089000000| Untracked 
| 145|0x0000000089100000, 0x0000000089100000, 0x0000000089200000|  0%| F|  |TAMS 0x0000000089100000, 0x0000000089100000| Untracked 
| 146|0x0000000089200000, 0x0000000089200000, 0x0000000089300000|  0%| F|  |TAMS 0x0000000089200000, 0x0000000089200000| Untracked 
| 147|0x0000000089300000, 0x0000000089300000, 0x0000000089400000|  0%| F|  |TAMS 0x0000000089300000, 0x0000000089300000| Untracked 
| 148|0x0000000089400000, 0x0000000089400000, 0x0000000089500000|  0%| F|  |TAMS 0x0000000089400000, 0x0000000089400000| Untracked 
| 149|0x0000000089500000, 0x0000000089500000, 0x0000000089600000|  0%| F|  |TAMS 0x0000000089500000, 0x0000000089500000| Untracked 
| 150|0x0000000089600000, 0x0000000089600000, 0x0000000089700000|  0%| F|  |TAMS 0x0000000089600000, 0x0000000089600000| Untracked 
| 151|0x0000000089700000, 0x0000000089700000, 0x0000000089800000|  0%| F|  |TAMS 0x0000000089700000, 0x0000000089700000| Untracked 
| 152|0x0000000089800000, 0x0000000089800000, 0x0000000089900000|  0%| F|  |TAMS 0x0000000089800000, 0x0000000089800000| Untracked 
| 153|0x0000000089900000, 0x0000000089900000, 0x0000000089a00000|  0%| F|  |TAMS 0x0000000089900000, 0x0000000089900000| Untracked 
| 154|0x0000000089a00000, 0x0000000089a00000, 0x0000000089b00000|  0%| F|  |TAMS 0x0000000089a00000, 0x0000000089a00000| Untracked 
| 155|0x0000000089b00000, 0x0000000089b00000, 0x0000000089c00000|  0%| F|  |TAMS 0x0000000089b00000, 0x0000000089b00000| Untracked 
| 156|0x0000000089c00000, 0x0000000089c00000, 0x0000000089d00000|  0%| F|  |TAMS 0x0000000089c00000, 0x0000000089c00000| Untracked 
| 157|0x0000000089d00000, 0x0000000089d00000, 0x0000000089e00000|  0%| F|  |TAMS 0x0000000089d00000, 0x0000000089d00000| Untracked 
| 158|0x0000000089e00000, 0x0000000089e00000, 0x0000000089f00000|  0%| F|  |TAMS 0x0000000089e00000, 0x0000000089e00000| Untracked 
| 159|0x0000000089f00000, 0x0000000089f00000, 0x000000008a000000|  0%| F|  |TAMS 0x0000000089f00000, 0x0000000089f00000| Untracked 
| 160|0x000000008a000000, 0x000000008a000000, 0x000000008a100000|  0%| F|  |TAMS 0x000000008a000000, 0x000000008a000000| Untracked 
| 161|0x000000008a100000, 0x000000008a100000, 0x000000008a200000|  0%| F|  |TAMS 0x000000008a100000, 0x000000008a100000| Untracked 
| 162|0x000000008a200000, 0x000000008a200000, 0x000000008a300000|  0%| F|  |TAMS 0x000000008a200000, 0x000000008a200000| Untracked 
| 163|0x000000008a300000, 0x000000008a300000, 0x000000008a400000|  0%| F|  |TAMS 0x000000008a300000, 0x000000008a300000| Untracked 
| 164|0x000000008a400000, 0x000000008a400000, 0x000000008a500000|  0%| F|  |TAMS 0x000000008a400000, 0x000000008a400000| Untracked 
| 165|0x000000008a500000, 0x000000008a500000, 0x000000008a600000|  0%| F|  |TAMS 0x000000008a500000, 0x000000008a500000| Untracked 
| 166|0x000000008a600000, 0x000000008a600000, 0x000000008a700000|  0%| F|  |TAMS 0x000000008a600000, 0x000000008a600000| Untracked 
| 167|0x000000008a700000, 0x000000008a700000, 0x000000008a800000|  0%| F|  |TAMS 0x000000008a700000, 0x000000008a700000| Untracked 
| 168|0x000000008a800000, 0x000000008a800000, 0x000000008a900000|  0%| F|  |TAMS 0x000000008a800000, 0x000000008a800000| Untracked 
| 169|0x000000008a900000, 0x000000008a900000, 0x000000008aa00000|  0%| F|  |TAMS 0x000000008a900000, 0x000000008a900000| Untracked 
| 170|0x000000008aa00000, 0x000000008aae0900, 0x000000008ab00000| 87%| S|CS|TAMS 0x000000008aa00000, 0x000000008aa00000| Complete 
| 171|0x000000008ab00000, 0x000000008ac00000, 0x000000008ac00000|100%| S|CS|TAMS 0x000000008ab00000, 0x000000008ab00000| Complete 
| 172|0x000000008ac00000, 0x000000008ac00000, 0x000000008ad00000|  0%| F|  |TAMS 0x000000008ac00000, 0x000000008ac00000| Untracked 
| 173|0x000000008ad00000, 0x000000008ad00000, 0x000000008ae00000|  0%| F|  |TAMS 0x000000008ad00000, 0x000000008ad00000| Untracked 
| 174|0x000000008ae00000, 0x000000008ae00000, 0x000000008af00000|  0%| F|  |TAMS 0x000000008ae00000, 0x000000008ae00000| Untracked 
| 175|0x000000008af00000, 0x000000008af00000, 0x000000008b000000|  0%| F|  |TAMS 0x000000008af00000, 0x000000008af00000| Untracked 
| 176|0x000000008b000000, 0x000000008b000000, 0x000000008b100000|  0%| F|  |TAMS 0x000000008b000000, 0x000000008b000000| Untracked 
| 177|0x000000008b100000, 0x000000008b1e7098, 0x000000008b200000| 90%| E|  |TAMS 0x000000008b100000, 0x000000008b100000| Complete 
| 178|0x000000008b200000, 0x000000008b300000, 0x000000008b300000|100%| E|CS|TAMS 0x000000008b200000, 0x000000008b200000| Complete 
| 179|0x000000008b300000, 0x000000008b400000, 0x000000008b400000|100%| E|CS|TAMS 0x000000008b300000, 0x000000008b300000| Complete 
| 180|0x000000008b400000, 0x000000008b500000, 0x000000008b500000|100%| E|CS|TAMS 0x000000008b400000, 0x000000008b400000| Complete 
| 181|0x000000008b500000, 0x000000008b600000, 0x000000008b600000|100%| E|CS|TAMS 0x000000008b500000, 0x000000008b500000| Complete 
| 182|0x000000008b600000, 0x000000008b700000, 0x000000008b700000|100%| E|CS|TAMS 0x000000008b600000, 0x000000008b600000| Complete 
| 183|0x000000008b700000, 0x000000008b800000, 0x000000008b800000|100%| E|CS|TAMS 0x000000008b700000, 0x000000008b700000| Complete 
| 184|0x000000008b800000, 0x000000008b900000, 0x000000008b900000|100%| E|CS|TAMS 0x000000008b800000, 0x000000008b800000| Complete 

Card table byte_map: [0x000001a5e9a90000,0x000001a5e9e90000] _byte_map_base: 0x000001a5e9690000

Marking Bits (Prev, Next): (CMBitMap*) 0x000001a5d6671268, (CMBitMap*) 0x000001a5d66712a0
 Prev Bits: [0x000001a5ea290000, 0x000001a5ec290000)
 Next Bits: [0x000001a5ec290000, 0x000001a5ee290000)

Polling page: 0x000001a5d5e10000

Metaspace:

Usage:
  Non-class:     83.88 MB capacity,    82.47 MB ( 98%) used,     1.13 MB (  1%) free+waste,   284.81 KB ( <1%) overhead. 
      Class:     13.38 MB capacity,    12.50 MB ( 93%) used,   776.92 KB (  6%) free+waste,   127.94 KB ( <1%) overhead. 
       Both:     97.26 MB capacity,    94.97 MB ( 98%) used,     1.89 MB (  2%) free+waste,   412.75 KB ( <1%) overhead. 

Virtual space:
  Non-class space:       86.00 MB reserved,      84.17 MB ( 98%) committed 
      Class space:        1.00 GB reserved,      13.63 MB (  1%) committed 
             Both:        1.08 GB reserved,      97.79 MB (  9%) committed 

Chunk freelists:
   Non-Class:  298.00 KB
       Class:  155.00 KB
        Both:  453.00 KB

MaxMetaspaceSize: 17179869184.00 GB
CompressedClassSpaceSize: 1.00 GB
Initial GC threshold: 20.80 MB
Current GC threshold: 162.99 MB
CDS: off

CodeHeap 'non-profiled nmethods': size=120000Kb used=4413Kb max_used=4413Kb free=115586Kb
 bounds [0x000001a5e1c10000, 0x000001a5e2060000, 0x000001a5e9140000]
CodeHeap 'profiled nmethods': size=120000Kb used=20983Kb max_used=20983Kb free=99016Kb
 bounds [0x000001a5da6e0000, 0x000001a5dbb60000, 0x000001a5e1c10000]
CodeHeap 'non-nmethods': size=5760Kb used=2407Kb max_used=2446Kb free=3352Kb
 bounds [0x000001a5da140000, 0x000001a5da3b0000, 0x000001a5da6e0000]
 total_blobs=12210 nmethods=11286 adapters=836
 compilation: enabled
              stopped_count=0, restarted_count=0
 full_count=0

Compilation events (20 events):
Event: 9.731 Thread 0x000001a5f1844000 11589       2       com.android.tools.r8.code.T::a (1 bytes)
Event: 9.731 Thread 0x000001a5f1844000 nmethod 11589 0x000001a5dbb5b490 code [0x000001a5dbb5b640, 0x000001a5dbb5b738]
Event: 9.758 Thread 0x000001a5f1844000 11591       2       com.android.tools.r8.code.f::a (1 bytes)
Event: 9.759 Thread 0x000001a5f1844000 nmethod 11591 0x000001a5dbb5b810 code [0x000001a5dbb5b9c0, 0x000001a5dbb5bab8]
Event: 9.765 Thread 0x000001a5f1844000 11592       2       com.android.tools.r8.code.I1::M (4 bytes)
Event: 9.765 Thread 0x000001a5f1844000 nmethod 11592 0x000001a5dbb5bb90 code [0x000001a5dbb5bd40, 0x000001a5dbb5be38]
Event: 9.772 Thread 0x000001a5f1844000 11593       2       com.android.tools.r8.code.A0::a (1 bytes)
Event: 9.772 Thread 0x000001a5f1844000 nmethod 11593 0x000001a5dbb5bf10 code [0x000001a5dbb5c0c0, 0x000001a5dbb5c1b8]
Event: 9.798 Thread 0x000001a5f1844000 11596       2       com.android.tools.r8.code.Q1::M (4 bytes)
Event: 9.798 Thread 0x000001a5f1844000 nmethod 11596 0x000001a5dbb5c290 code [0x000001a5dbb5c440, 0x000001a5dbb5c538]
Event: 9.799 Thread 0x000001a5f1844000 11597       2       com.android.tools.r8.code.Q3::a (1 bytes)
Event: 9.799 Thread 0x000001a5f1844000 nmethod 11597 0x000001a5dbb5c610 code [0x000001a5dbb5c7c0, 0x000001a5dbb5c8b8]
Event: 9.806 Thread 0x000001a5f1844000 11599       2       com.android.tools.r8.code.l0::a (1 bytes)
Event: 9.806 Thread 0x000001a5f1844000 nmethod 11599 0x000001a5dbb5c990 code [0x000001a5dbb5cb40, 0x000001a5dbb5cc38]
Event: 9.813 Thread 0x000001a5f1844000 11600       2       com.android.tools.r8.code.a0::a (1 bytes)
Event: 9.814 Thread 0x000001a5f1844000 nmethod 11600 0x000001a5dbb5cd10 code [0x000001a5dbb5cec0, 0x000001a5dbb5cfb8]
Event: 9.817 Thread 0x000001a5f1844000 11601       2       com.android.tools.r8.graph.n1::a (38 bytes)
Event: 9.817 Thread 0x000001a5f1844000 nmethod 11601 0x000001a5dbb5d090 code [0x000001a5dbb5d260, 0x000001a5dbb5d448]
Event: 9.850 Thread 0x000001a5f1844000 11602       2       com.android.tools.r8.code.P3::a (1 bytes)
Event: 9.850 Thread 0x000001a5f1844000 nmethod 11602 0x000001a5dbb5d590 code [0x000001a5dbb5d740, 0x000001a5dbb5d838]

GC Heap History (20 events):
Event: 8.509 GC heap before
{Heap before GC invocations=20 (full 0):
 garbage-first heap   total 157696K, used 92908K [0x0000000080000000, 0x0000000100000000)
  region size 1024K, 25 young (25600K), 7 survivors (7168K)
 Metaspace       used 88476K, capacity 90728K, committed 91052K, reserved 1128448K
  class space    used 11601K, capacity 12452K, committed 12544K, reserved 1048576K
}
Event: 8.513 GC heap after
{Heap after GC invocations=21 (full 0):
 garbage-first heap   total 157696K, used 79129K [0x0000000080000000, 0x0000000100000000)
  region size 1024K, 3 young (3072K), 3 survivors (3072K)
 Metaspace       used 88476K, capacity 90728K, committed 91052K, reserved 1128448K
  class space    used 11601K, capacity 12452K, committed 12544K, reserved 1048576K
}
Event: 8.727 GC heap before
{Heap before GC invocations=22 (full 0):
 garbage-first heap   total 157696K, used 118041K [0x0000000080000000, 0x0000000100000000)
  region size 1024K, 42 young (43008K), 3 survivors (3072K)
 Metaspace       used 91369K, capacity 93552K, committed 94252K, reserved 1130496K
  class space    used 11889K, capacity 12679K, committed 12928K, reserved 1048576K
}
Event: 8.731 GC heap after
{Heap after GC invocations=23 (full 0):
 garbage-first heap   total 157696K, used 83658K [0x0000000080000000, 0x0000000100000000)
  region size 1024K, 7 young (7168K), 7 survivors (7168K)
 Metaspace       used 91369K, capacity 93552K, committed 94252K, reserved 1130496K
  class space    used 11889K, capacity 12679K, committed 12928K, reserved 1048576K
}
Event: 9.014 GC heap before
{Heap before GC invocations=24 (full 0):
 garbage-first heap   total 157696K, used 134858K [0x0000000080000000, 0x0000000100000000)
  region size 1024K, 49 young (50176K), 7 survivors (7168K)
 Metaspace       used 94065K, capacity 96365K, committed 96556K, reserved 1132544K
  class space    used 12459K, capacity 13365K, committed 13440K, reserved 1048576K
}
Event: 9.024 GC heap after
{Heap after GC invocations=25 (full 0):
 garbage-first heap   total 157696K, used 100625K [0x0000000080000000, 0x0000000100000000)
  region size 1024K, 7 young (7168K), 7 survivors (7168K)
 Metaspace       used 94065K, capacity 96365K, committed 96556K, reserved 1132544K
  class space    used 12459K, capacity 13365K, committed 13440K, reserved 1048576K
}
Event: 9.097 GC heap before
{Heap before GC invocations=25 (full 0):
 garbage-first heap   total 157696K, used 127249K [0x0000000080000000, 0x0000000100000000)
  region size 1024K, 34 young (34816K), 7 survivors (7168K)
 Metaspace       used 94386K, capacity 96746K, committed 96812K, reserved 1132544K
  class space    used 12485K, capacity 13406K, committed 13440K, reserved 1048576K
}
Event: 9.111 GC heap after
{Heap after GC invocations=26 (full 0):
 garbage-first heap   total 157696K, used 113282K [0x0000000080000000, 0x0000000100000000)
  region size 1024K, 5 young (5120K), 5 survivors (5120K)
 Metaspace       used 94386K, capacity 96746K, committed 96812K, reserved 1132544K
  class space    used 12485K, capacity 13406K, committed 13440K, reserved 1048576K
}
Event: 9.157 GC heap before
{Heap before GC invocations=26 (full 0):
 garbage-first heap   total 157696K, used 128642K [0x0000000080000000, 0x0000000100000000)
  region size 1024K, 20 young (20480K), 5 survivors (5120K)
 Metaspace       used 94500K, capacity 96824K, committed 97068K, reserved 1132544K
  class space    used 12485K, capacity 13406K, committed 13440K, reserved 1048576K
}
Event: 9.164 GC heap after
{Heap after GC invocations=27 (full 0):
 garbage-first heap   total 157696K, used 121673K [0x0000000080000000, 0x0000000100000000)
  region size 1024K, 3 young (3072K), 3 survivors (3072K)
 Metaspace       used 94500K, capacity 96824K, committed 97068K, reserved 1132544K
  class space    used 12485K, capacity 13406K, committed 13440K, reserved 1048576K
}
Event: 9.274 GC heap before
{Heap before GC invocations=28 (full 0):
 garbage-first heap   total 157696K, used 131913K [0x0000000080000000, 0x0000000100000000)
  region size 1024K, 13 young (13312K), 3 survivors (3072K)
 Metaspace       used 95197K, capacity 97555K, committed 97708K, reserved 1134592K
  class space    used 12595K, capacity 13522K, committed 13568K, reserved 1048576K
}
Event: 9.278 GC heap after
{Heap after GC invocations=29 (full 0):
 garbage-first heap   total 157696K, used 126341K [0x0000000080000000, 0x0000000100000000)
  region size 1024K, 2 young (2048K), 2 survivors (2048K)
 Metaspace       used 95197K, capacity 97555K, committed 97708K, reserved 1134592K
  class space    used 12595K, capacity 13522K, committed 13568K, reserved 1048576K
}
Event: 9.383 GC heap before
{Heap before GC invocations=29 (full 0):
 garbage-first heap   total 157696K, used 133509K [0x0000000080000000, 0x0000000100000000)
  region size 1024K, 9 young (9216K), 2 survivors (2048K)
 Metaspace       used 96555K, capacity 99049K, committed 99244K, reserved 1134592K
  class space    used 12798K, capacity 13761K, committed 13824K, reserved 1048576K
}
Event: 9.387 GC heap after
{Heap after GC invocations=30 (full 0):
 garbage-first heap   total 189440K, used 127653K [0x0000000080000000, 0x0000000100000000)
  region size 1024K, 1 young (1024K), 1 survivors (1024K)
 Metaspace       used 96555K, capacity 99049K, committed 99244K, reserved 1134592K
  class space    used 12798K, capacity 13761K, committed 13824K, reserved 1048576K
}
Event: 9.579 GC heap before
{Heap before GC invocations=31 (full 0):
 garbage-first heap   total 189440K, used 140965K [0x0000000080000000, 0x0000000100000000)
  region size 1024K, 18 young (18432K), 1 survivors (1024K)
 Metaspace       used 97118K, capacity 99582K, committed 99756K, reserved 1134592K
  class space    used 12839K, capacity 13792K, committed 13824K, reserved 1048576K
}
Event: 9.585 GC heap after
{Heap after GC invocations=32 (full 0):
 garbage-first heap   total 189440K, used 125768K [0x0000000080000000, 0x0000000100000000)
  region size 1024K, 3 young (3072K), 3 survivors (3072K)
 Metaspace       used 97118K, capacity 99582K, committed 99756K, reserved 1134592K
  class space    used 12839K, capacity 13792K, committed 13824K, reserved 1048576K
}
Event: 9.607 GC heap before
{Heap before GC invocations=32 (full 0):
 garbage-first heap   total 189440K, used 131912K [0x0000000080000000, 0x0000000100000000)
  region size 1024K, 9 young (9216K), 3 survivors (3072K)
 Metaspace       used 97219K, capacity 99716K, committed 99884K, reserved 1134592K
  class space    used 12851K, capacity 13836K, committed 13952K, reserved 1048576K
}
Event: 9.611 GC heap after
{Heap after GC invocations=33 (full 0):
 garbage-first heap   total 189440K, used 125596K [0x0000000080000000, 0x0000000100000000)
  region size 1024K, 1 young (1024K), 1 survivors (1024K)
 Metaspace       used 97219K, capacity 99716K, committed 99884K, reserved 1134592K
  class space    used 12851K, capacity 13836K, committed 13952K, reserved 1048576K
}
Event: 9.741 GC heap before
{Heap before GC invocations=33 (full 0):
 garbage-first heap   total 189440K, used 135836K [0x0000000080000000, 0x0000000100000000)
  region size 1024K, 13 young (13312K), 1 survivors (1024K)
 Metaspace       used 97473K, capacity 99934K, committed 100140K, reserved 1136640K
  class space    used 12874K, capacity 13840K, committed 13952K, reserved 1048576K
}
Event: 9.745 GC heap after
{Heap after GC invocations=34 (full 0):
 garbage-first heap   total 189440K, used 126779K [0x0000000080000000, 0x0000000100000000)
  region size 1024K, 2 young (2048K), 2 survivors (2048K)
 Metaspace       used 97473K, capacity 99934K, committed 100140K, reserved 1136640K
  class space    used 12874K, capacity 13840K, committed 13952K, reserved 1048576K
}

Deoptimization events (20 events):
Event: 9.083 Thread 0x000001a5fa69e800 DEOPT PACKING pc=0x000001a5db9ee425 sp=0x00000010829fe7c0
Event: 9.083 Thread 0x000001a5fa69e800 DEOPT UNPACKING pc=0x000001a5da18a95e sp=0x00000010829fdde8 mode 0
Event: 9.086 Thread 0x000001a5fa699000 DEOPT PACKING pc=0x000001a5db9ee425 sp=0x00000010823fed40
Event: 9.086 Thread 0x000001a5fa699000 DEOPT UNPACKING pc=0x000001a5da18a95e sp=0x00000010823fe368 mode 0
Event: 9.088 Thread 0x000001a5fa69b800 DEOPT PACKING pc=0x000001a5db9ee425 sp=0x00000010822fee20
Event: 9.088 Thread 0x000001a5fa69b800 DEOPT UNPACKING pc=0x000001a5da18a95e sp=0x00000010822fe448 mode 0
Event: 9.088 Thread 0x000001a5fa699000 DEOPT PACKING pc=0x000001a5db9b461a sp=0x00000010823fe860
Event: 9.088 Thread 0x000001a5fa699000 DEOPT UNPACKING pc=0x000001a5da18a95e sp=0x00000010823fdcf0 mode 0
Event: 9.132 Thread 0x000001a5fa69d000 DEOPT PACKING pc=0x000001a5dba32efe sp=0x00000010825fe750
Event: 9.132 Thread 0x000001a5fa69d000 DEOPT UNPACKING pc=0x000001a5da18a95e sp=0x00000010825fdcd8 mode 0
Event: 9.488 Thread 0x000001a5fa69e800 DEOPT PACKING pc=0x000001a5dbaba5a9 sp=0x00000010829fe980
Event: 9.488 Thread 0x000001a5fa69e800 DEOPT UNPACKING pc=0x000001a5da18a95e sp=0x00000010829fde28 mode 0
Event: 9.550 Thread 0x000001a5fa699000 DEOPT PACKING pc=0x000001a5dbb1bb79 sp=0x00000010823fec50
Event: 9.550 Thread 0x000001a5fa6a4800 DEOPT PACKING pc=0x000001a5dbb1bb79 sp=0x0000001082dfeaa0
Event: 9.550 Thread 0x000001a5fa699000 DEOPT UNPACKING pc=0x000001a5da18a95e sp=0x00000010823fe108 mode 0
Event: 9.550 Thread 0x000001a5fa6a4800 DEOPT UNPACKING pc=0x000001a5da18a95e sp=0x0000001082dfdf58 mode 0
Event: 9.550 Thread 0x000001a5fa69e800 DEOPT PACKING pc=0x000001a5dbb1bb79 sp=0x00000010829fe6b0
Event: 9.550 Thread 0x000001a5fa69e800 DEOPT UNPACKING pc=0x000001a5da18a95e sp=0x00000010829fdb68 mode 0
Event: 9.651 Thread 0x000001a5fa68c800 DEOPT PACKING pc=0x000001a5dbb2cbc1 sp=0x00000010817fd620
Event: 9.651 Thread 0x000001a5fa68c800 DEOPT UNPACKING pc=0x000001a5da18a95e sp=0x00000010817fcb30 mode 0

Classes redefined (0 events):
No events

Internal exceptions (20 events):
Event: 8.656 Thread 0x000001a5f33aa800 Exception <a 'java/lang/NoSuchMethodError'{0x0000000087891e18}: <clinit>> (0x0000000087891e18) thrown at [./src/hotspot/share/prims/jni.cpp, line 1365]
Event: 8.657 Thread 0x000001a5f33aa800 Exception <a 'java/lang/NoSuchMethodError'{0x00000000878aafd0}: <clinit>> (0x00000000878aafd0) thrown at [./src/hotspot/share/prims/jni.cpp, line 1365]
Event: 8.738 Thread 0x000001a5fa692800 Exception <a 'java/lang/NoSuchMethodError'{0x000000008998a170}: 'void java.lang.invoke.DirectMethodHandle$Holder.invokeStatic(java.lang.Object, long)'> (0x000000008998a170) thrown at [./src/hotspot/share/interpreter/linkResolver.cpp, line 773]
Event: 8.739 Thread 0x000001a5fa692800 Exception <a 'java/lang/NoSuchMethodError'{0x000000008998f388}: 'java.lang.Object java.lang.invoke.DirectMethodHandle$Holder.invokeStatic(java.lang.Object, long)'> (0x000000008998f388) thrown at [./src/hotspot/share/interpreter/linkResolver.cpp, line 773]
Event: 8.741 Thread 0x000001a5fa692800 Exception <a 'java/lang/NoSuchMethodError'{0x00000000899bf3d8}: 'java.lang.Object java.lang.invoke.DirectMethodHandle$Holder.invokeStaticInit(java.lang.Object, java.lang.Object, long, java.lang.Object)'> (0x00000000899bf3d8) thrown at [./src/hotspot/share/interpreter/linkResolver.cpp, line 773]
Event: 8.741 Thread 0x000001a5fa692800 Exception <a 'java/lang/NoSuchMethodError'{0x00000000899c57c8}: 'java.lang.Object java.lang.invoke.DirectMethodHandle$Holder.invokeStatic(java.lang.Object, java.lang.Object, long)'> (0x00000000899c57c8) thrown at [./src/hotspot/share/interpreter/linkResolver.cpp, line 773]
Event: 8.741 Thread 0x000001a5fa692800 Exception <a 'java/lang/NoSuchMethodError'{0x00000000899cbd40}: 'java.lang.Object java.lang.invoke.Invokers$Holder.linkToTargetMethod(java.lang.Object, long, java.lang.Object)'> (0x00000000899cbd40) thrown at [./src/hotspot/share/interpreter/linkResolver.cpp, line 773]
Event: 8.750 Thread 0x000001a5fa68c800 Exception <a 'java/lang/NoSuchMethodError'{0x000000008982f7f0}: 'java.lang.Object java.lang.invoke.DirectMethodHandle$Holder.invokeStaticInit(java.lang.Object, java.lang.Object, java.lang.Object, java.lang.Object, java.lang.Object, java.lang.Object, java.lang.Object, java.lang.Object, java.lang.Object, java.lang.Object, java.lang.Object, java.lang.Object, java.lang.Object, java.lang.Object, java.lang.Object, java.lang.Object, java.lang.Object, java.lang.Object, int, java.lang.Object, java.lang.Object)'> (0
Event: 8.920 Thread 0x000001a5fa692800 Exception <a 'java/lang/NoSuchMethodError'{0x0000000087d29720}: 'int java.lang.invoke.DirectMethodHandle$Holder.invokeSpecialIFC(java.lang.Object, java.lang.Object, java.lang.Object)'> (0x0000000087d29720) thrown at [./src/hotspot/share/interpreter/linkResolver.cpp, line 773]
Event: 8.944 Thread 0x000001a5fa69e000 Exception <a 'java/lang/IncompatibleClassChangeError'{0x00000000877c8e50}: Found class java.lang.Object, but interface was expected> (0x00000000877c8e50) thrown at [./src/hotspot/share/interpreter/linkResolver.cpp, line 839]
Event: 8.944 Thread 0x000001a5fa69c000 Exception <a 'java/lang/IncompatibleClassChangeError'{0x00000000876001b0}: Found class java.lang.Object, but interface was expected> (0x00000000876001b0) thrown at [./src/hotspot/share/interpreter/linkResolver.cpp, line 839]
Event: 8.966 Thread 0x000001a5fa6a1000 Exception <a 'java/lang/NoSuchMethodError'{0x0000000087425270}: 'java.lang.Object java.lang.invoke.DirectMethodHandle$Holder.newInvokeSpecial(java.lang.Object, int)'> (0x0000000087425270) thrown at [./src/hotspot/share/interpreter/linkResolver.cpp, line 773]
Event: 9.008 Thread 0x000001a5fa69c000 Exception <a 'java/lang/IncompatibleClassChangeError'{0x0000000087186070}: Found class java.lang.Object, but interface was expected> (0x0000000087186070) thrown at [./src/hotspot/share/interpreter/linkResolver.cpp, line 839]
Event: 9.008 Thread 0x000001a5fa6a4800 Exception <a 'java/lang/IncompatibleClassChangeError'{0x00000000871aed40}: Found class java.lang.Object, but interface was expected> (0x00000000871aed40) thrown at [./src/hotspot/share/interpreter/linkResolver.cpp, line 839]
Event: 9.008 Thread 0x000001a5fa69d000 Exception <a 'java/lang/IncompatibleClassChangeError'{0x00000000871b3808}: Found class java.lang.Object, but interface was expected> (0x00000000871b3808) thrown at [./src/hotspot/share/interpreter/linkResolver.cpp, line 839]
Event: 9.009 Thread 0x000001a5fa69c000 Exception <a 'java/lang/IncompatibleClassChangeError'{0x00000000871b73d0}: Found class java.lang.Object, but interface was expected> (0x00000000871b73d0) thrown at [./src/hotspot/share/interpreter/linkResolver.cpp, line 839]
Event: 9.269 Thread 0x000001a5fa68c800 Exception <a 'java/lang/IncompatibleClassChangeError'{0x0000000089091040}: Found class java.lang.Object, but interface was expected> (0x0000000089091040) thrown at [./src/hotspot/share/interpreter/linkResolver.cpp, line 839]
Event: 9.507 Thread 0x000001a5fa68c800 Exception <a 'java/lang/NoSuchMethodError'{0x000000008ac03288}: 'java.lang.Object java.lang.invoke.Invokers$Holder.linkToTargetMethod(java.lang.Object, int, java.lang.Object, java.lang.Object, java.lang.Object, java.lang.Object)'> (0x000000008ac03288) thrown at [./src/hotspot/share/interpreter/linkResolver.cpp, line 773]
Event: 9.508 Thread 0x000001a5fa68c800 Exception <a 'java/lang/NoSuchMethodError'{0x000000008ac16a80}: 'java.lang.Object java.lang.invoke.Invokers$Holder.linkToTargetMethod(java.lang.Object, java.lang.Object, java.lang.Object, int, java.lang.Object, java.lang.Object, java.lang.Object)'> (0x000000008ac16a80) thrown at [./src/hotspot/share/interpreter/linkResolver.cpp, line 773]
Event: 9.509 Thread 0x000001a5fa68c800 Exception <a 'java/lang/NoSuchMethodError'{0x000000008ac2a850}: 'void java.lang.invoke.DirectMethodHandle$Holder.invokeStatic(java.lang.Object, java.lang.Object, java.lang.Object, java.lang.Object, java.lang.Object, java.lang.Object, java.lang.Object, java.lang.Object)'> (0x000000008ac2a850) thrown at [./src/hotspot/share/interpreter/linkResolver.cpp, line 773]

Events (20 events):
Event: 9.628 loading class com/android/tools/r8/internal/Nr
Event: 9.628 loading class com/android/tools/r8/internal/Nr done
Event: 9.630 loading class com/android/tools/r8/graph/B2
Event: 9.630 loading class com/android/tools/r8/graph/B2 done
Event: 9.630 loading class com/android/tools/r8/graph/u
Event: 9.630 loading class com/android/tools/r8/graph/u done
Event: 9.632 loading class com/android/tools/r8/graph/b2
Event: 9.632 loading class com/android/tools/r8/graph/b2 done
Event: 9.632 loading class com/android/tools/r8/graph/b2
Event: 9.632 loading class com/android/tools/r8/graph/b2 done
Event: 9.633 loading class com/android/tools/r8/graph/b2
Event: 9.633 loading class com/android/tools/r8/graph/b2 done
Event: 9.633 loading class com/android/tools/r8/graph/d2
Event: 9.633 loading class com/android/tools/r8/graph/d2 done
Event: 9.633 loading class com/android/tools/r8/graph/d2
Event: 9.633 loading class com/android/tools/r8/graph/d2 done
Event: 9.741 Executing VM operation: G1CollectForAllocation
Event: 9.746 Executing VM operation: G1CollectForAllocation done
Event: 9.825 Executing VM operation: CGC_Operation
Event: 9.837 Executing VM operation: CGC_Operation done


Dynamic libraries:
0x00007ff6ed730000 - 0x00007ff6ed73a000 	C:\Program Files\Android\Android Studio\jre\bin\java.exe
0x00007ffe4dc00000 - 0x00007ffe4de09000 	C:\Windows\SYSTEM32\ntdll.dll
0x00007ffe4d170000 - 0x00007ffe4d22d000 	C:\Windows\System32\KERNEL32.DLL
0x00007ffe4b5f0000 - 0x00007ffe4b969000 	C:\Windows\System32\KERNELBASE.dll
0x00007ffe4b970000 - 0x00007ffe4ba81000 	C:\Windows\System32\ucrtbase.dll
0x00007ffe32fe0000 - 0x00007ffe32ff7000 	C:\Program Files\Android\Android Studio\jre\bin\VCRUNTIME140.dll
0x00007ffe31e10000 - 0x00007ffe31e29000 	C:\Program Files\Android\Android Studio\jre\bin\jli.dll
0x00007ffe4c0f0000 - 0x00007ffe4c29c000 	C:\Windows\System32\USER32.dll
0x00007ffe3e850000 - 0x00007ffe3eaf5000 	C:\Windows\WinSxS\amd64_microsoft.windows.common-controls_6595b64144ccf1df_6.0.22000.120_none_9d947278b86cc467\COMCTL32.dll
0x00007ffe4b270000 - 0x00007ffe4b296000 	C:\Windows\System32\win32u.dll
0x00007ffe4d0b0000 - 0x00007ffe4d153000 	C:\Windows\System32\msvcrt.dll
0x00007ffe4c4b0000 - 0x00007ffe4c4d9000 	C:\Windows\System32\GDI32.dll
0x00007ffe4b150000 - 0x00007ffe4b262000 	C:\Windows\System32\gdi32full.dll
0x00007ffe4b490000 - 0x00007ffe4b52d000 	C:\Windows\System32\msvcp_win.dll
0x00007ffe4bce0000 - 0x00007ffe4bd11000 	C:\Windows\System32\IMM32.DLL
0x00007ffe2b460000 - 0x00007ffe2b4fd000 	C:\Program Files\Android\Android Studio\jre\bin\msvcp140.dll
0x00007ffde3050000 - 0x00007ffde3b35000 	C:\Program Files\Android\Android Studio\jre\bin\server\jvm.dll
0x00007ffe4ba90000 - 0x00007ffe4bb3e000 	C:\Windows\System32\ADVAPI32.dll
0x00007ffe4bd20000 - 0x00007ffe4bdbe000 	C:\Windows\System32\sechost.dll
0x00007ffe4be50000 - 0x00007ffe4bf70000 	C:\Windows\System32\RPCRT4.dll
0x00007ffe4d3f0000 - 0x00007ffe4d3f8000 	C:\Windows\System32\PSAPI.DLL
0x00007ffe31450000 - 0x00007ffe31459000 	C:\Windows\SYSTEM32\WSOCK32.dll
0x00007ffe45830000 - 0x00007ffe45863000 	C:\Windows\SYSTEM32\WINMM.dll
0x00007ffe44b40000 - 0x00007ffe44b4a000 	C:\Windows\SYSTEM32\VERSION.dll
0x00007ffe4d040000 - 0x00007ffe4d0af000 	C:\Windows\System32\WS2_32.dll
0x00007ffe4a2d0000 - 0x00007ffe4a2e8000 	C:\Windows\SYSTEM32\kernel.appcore.dll
0x00007ffe264f0000 - 0x00007ffe26501000 	C:\Program Files\Android\Android Studio\jre\bin\verify.dll
0x00007ffe3ae00000 - 0x00007ffe3b021000 	C:\Windows\SYSTEM32\DBGHELP.DLL
0x00007ffe37470000 - 0x00007ffe374a1000 	C:\Windows\SYSTEM32\dbgcore.DLL
0x00007ffe4b410000 - 0x00007ffe4b48f000 	C:\Windows\System32\bcryptPrimitives.dll
0x00007ffe20d10000 - 0x00007ffe20d39000 	C:\Program Files\Android\Android Studio\jre\bin\java.dll
0x00007ffe2ff60000 - 0x00007ffe2ff6b000 	C:\Program Files\Android\Android Studio\jre\bin\jimage.dll
0x00007ffe25900000 - 0x00007ffe25918000 	C:\Program Files\Android\Android Studio\jre\bin\zip.dll
0x00007ffe4d400000 - 0x00007ffe4dbb8000 	C:\Windows\System32\SHELL32.dll
0x00007ffe49260000 - 0x00007ffe49ac8000 	C:\Windows\SYSTEM32\windows.storage.dll
0x00007ffe4cb40000 - 0x00007ffe4ceb9000 	C:\Windows\System32\combase.dll
0x00007ffe490f0000 - 0x00007ffe49256000 	C:\Windows\SYSTEM32\wintypes.dll
0x00007ffe4cec0000 - 0x00007ffe4cfaa000 	C:\Windows\System32\SHCORE.dll
0x00007ffe4bfe0000 - 0x00007ffe4c03d000 	C:\Windows\System32\shlwapi.dll
0x00007ffe4b010000 - 0x00007ffe4b031000 	C:\Windows\SYSTEM32\profapi.dll
0x00007ffe22180000 - 0x00007ffe2219a000 	C:\Program Files\Android\Android Studio\jre\bin\net.dll
0x00007ffe45870000 - 0x00007ffe4597c000 	C:\Windows\SYSTEM32\WINHTTP.dll
0x00007ffe4a700000 - 0x00007ffe4a767000 	C:\Windows\system32\mswsock.dll
0x00007ffe20df0000 - 0x00007ffe20e04000 	C:\Program Files\Android\Android Studio\jre\bin\nio.dll
0x00007ffe27780000 - 0x00007ffe277a7000 	C:\Users\datico\.gradle\native\e1d6ef7f7dcc3fd88c89a11ec53ec762bb8ba0a96d01ffa2cd45eb1d1d8dd5c5\windows-amd64\native-platform.dll
0x00007ffe1fce0000 - 0x00007ffe1fe24000 	C:\Users\datico\.gradle\native\5664cfc778a61ccfe75a443a1ab52a65af34e5dc3c78e0209fed803814484fcb\windows-amd64\native-platform-file-events.dll
0x00007ffe2feb0000 - 0x00007ffe2feba000 	C:\Program Files\Android\Android Studio\jre\bin\management.dll
0x00007ffe2fa60000 - 0x00007ffe2fa6d000 	C:\Program Files\Android\Android Studio\jre\bin\management_ext.dll
0x00007ffe4a940000 - 0x00007ffe4a958000 	C:\Windows\SYSTEM32\CRYPTSP.dll
0x00007ffe4a230000 - 0x00007ffe4a265000 	C:\Windows\system32\rsaenh.dll
0x00007ffe4a7f0000 - 0x00007ffe4a819000 	C:\Windows\SYSTEM32\USERENV.dll
0x00007ffe4aac0000 - 0x00007ffe4aae7000 	C:\Windows\SYSTEM32\bcrypt.dll
0x00007ffe4a960000 - 0x00007ffe4a96c000 	C:\Windows\SYSTEM32\CRYPTBASE.dll
0x00007ffe49e00000 - 0x00007ffe49e2d000 	C:\Windows\SYSTEM32\IPHLPAPI.DLL
0x00007ffe4c4e0000 - 0x00007ffe4c4e9000 	C:\Windows\System32\NSI.dll
0x00007ffe45700000 - 0x00007ffe45719000 	C:\Windows\SYSTEM32\dhcpcsvc6.DLL
0x00007ffe463a0000 - 0x00007ffe463be000 	C:\Windows\SYSTEM32\dhcpcsvc.DLL
0x00007ffe49e70000 - 0x00007ffe49f58000 	C:\Windows\SYSTEM32\DNSAPI.dll

dbghelp: loaded successfully - version: 4.0.5 - missing functions: none
symbol engine: initialized successfully - sym options: 0x614 - pdb path: .;C:\Program Files\Android\Android Studio\jre\bin;C:\Windows\SYSTEM32;C:\Windows\WinSxS\amd64_microsoft.windows.common-controls_6595b64144ccf1df_6.0.22000.120_none_9d947278b86cc467;C:\Program Files\Android\Android Studio\jre\bin\server;C:\Users\datico\.gradle\native\e1d6ef7f7dcc3fd88c89a11ec53ec762bb8ba0a96d01ffa2cd45eb1d1d8dd5c5\windows-amd64;C:\Users\datico\.gradle\native\5664cfc778a61ccfe75a443a1ab52a65af34e5dc3c78e0209fed803814484fcb\windows-amd64

VM Arguments:
jvm_args: --add-opens=java.base/java.util=ALL-UNNAMED --add-opens=java.base/java.lang=ALL-UNNAMED --add-opens=java.base/java.lang.invoke=ALL-UNNAMED --add-opens=java.base/java.util=ALL-UNNAMED --add-opens=java.prefs/java.util.prefs=ALL-UNNAMED --add-opens=java.prefs/java.util.prefs=ALL-UNNAMED --add-opens=java.base/java.nio.charset=ALL-UNNAMED --add-opens=java.base/java.net=ALL-UNNAMED --add-opens=java.base/java.util.concurrent.atomic=ALL-UNNAMED -Xmx2048m -Dfile.encoding=UTF-8 -Duser.country=RU -Duser.language=ru -Duser.variant 
java_command: org.gradle.launcher.daemon.bootstrap.GradleDaemon 7.3.3
java_class_path (initial): C:\Users\datico\.gradle\wrapper\dists\gradle-7.3.3-bin\6a41zxkdtcxs8rphpq6y0069z\gradle-7.3.3\lib\gradle-launcher-7.3.3.jar
Launcher Type: SUN_STANDARD

[Global flags]
     intx CICompilerCount                          = 4                                         {product} {ergonomic}
     uint ConcGCThreads                            = 3                                         {product} {ergonomic}
     uint G1ConcRefinementThreads                  = 10                                        {product} {ergonomic}
   size_t G1HeapRegionSize                         = 1048576                                   {product} {ergonomic}
    uintx GCDrainStackTargetSize                   = 64                                        {product} {ergonomic}
   size_t InitialHeapSize                          = 134217728                                 {product} {ergonomic}
   size_t MarkStackSize                            = 4194304                                   {product} {ergonomic}
   size_t MaxHeapSize                              = 2147483648                                {product} {command line}
   size_t MaxNewSize                               = 1287651328                                {product} {ergonomic}
   size_t MinHeapDeltaBytes                        = 1048576                                   {product} {ergonomic}
    uintx NonNMethodCodeHeapSize                   = 5836300                                {pd product} {ergonomic}
    uintx NonProfiledCodeHeapSize                  = 122910970                              {pd product} {ergonomic}
    uintx ProfiledCodeHeapSize                     = 122910970                              {pd product} {ergonomic}
    uintx ReservedCodeCacheSize                    = 251658240                              {pd product} {ergonomic}
     bool SegmentedCodeCache                       = true                                      {product} {ergonomic}
     bool UseCompressedClassPointers               = true                                 {lp64_product} {ergonomic}
     bool UseCompressedOops                        = true                                 {lp64_product} {ergonomic}
     bool UseG1GC                                  = true                                      {product} {ergonomic}
     bool UseLargePagesIndividualAllocation        = false                                  {pd product} {ergonomic}

Logging:
Log output configuration:
 #0: stdout all=warning uptime,level,tags
 #1: stderr all=off uptime,level,tags

Environment Variables:
PATH=C:\Windows\system32;C:\Windows;C:\Windows\System32\Wbem;C:\Windows\System32\WindowsPowerShell\v1.0\;C:\Windows\System32\OpenSSH\;C:\Program Files\NVIDIA Corporation\NVIDIA NvDLISR;C:\Program Files (x86)\NVIDIA Corporation\PhysX\Common;C:\Users\datico\AppData\Local\Microsoft\WindowsApps;
USERNAME=datico
OS=Windows_NT
PROCESSOR_IDENTIFIER=AMD64 Family 23 Model 113 Stepping 0, AuthenticAMD



---------------  S Y S T E M  ---------------

OS: Windows 10 , 64 bit Build 22000 (10.0.22000.708)
OS uptime: 3 days 21:21 hours

CPU:total 12 (initial active 12) (12 cores per cpu, 2 threads per core) family 23 model 113 stepping 0 microcode 0x0, cmov, cx8, fxsr, mmx, sse, sse2, sse3, ssse3, sse4.1, sse4.2, popcnt, avx, avx2, aes, clmul, mmxext, 3dnowpref, lzcnt, sse4a, ht, tsc, tscinvbit, tscinv, bmi1, bmi2, adx, sha, fma

Memory: 4k page, system-wide physical 8140M (221M free)
TotalPageFile size 22357M (AvailPageFile size 4M)
current process WorkingSet (physical memory assigned to process): 446M, peak: 446M
current process commit charge ("private bytes"): 500M, peak: 503M

vm_info: OpenJDK 64-Bit Server VM (11.0.12+7-b1504.28-7817840) for windows-amd64 JRE (11.0.12+7-b1504.28-7817840), built on Oct 13 2021 22:12:33 by "builder" with MS VC++ 14.0 (VS2015)

END.
